------210.83.232.226 REQUEST_URI:/admin.php/Public/login------
[ 2013-04-26T17:02:55+08:00 ] INFO: Tag[ route_check ] --START--
[ 2013-04-26T17:02:55+08:00 ] INFO: Run CheckRoute Behavior [ RunTime:0.005003s ]
[ 2013-04-26T17:02:55+08:00 ] INFO: Tag[ route_check ] --END-- [ RunTime:0.005291s ]
[ 2013-04-26T17:02:55+08:00 ] NOTIC: [8] Undefined index: HTTP_X_REQUESTED_WITH App.class.php 第 50 行.
[ 2013-04-26T17:02:55+08:00 ] INFO: Tag[ app_begin ] --START--
[ 2013-04-26T17:02:55+08:00 ] INFO: Run ReadHtmlCache Behavior [ RunTime:0.000198s ]
[ 2013-04-26T17:02:55+08:00 ] INFO: Tag[ app_begin ] --END-- [ RunTime:0.000259s ]
[ 2013-04-26T17:02:55+08:00 ] INFO: Tag[ view_template ] --START--
[ 2013-04-26T17:02:55+08:00 ] INFO: Run LocationTemplate Behavior [ RunTime:0.029896s ]
[ 2013-04-26T17:02:55+08:00 ] INFO: Tag[ view_template ] --END-- [ RunTime:0.030101s ]
[ 2013-04-26T17:02:55+08:00 ] INFO: Tag[ view_parse ] --START--
[ 2013-04-26T17:02:55+08:00 ] NOTIC: [8] Undefined index: returnUrl 2b417217782e698cd002917ec4f28601.php 第 51 行.
[ 2013-04-26T17:02:55+08:00 ] INFO: Run ParseTemplate Behavior [ RunTime:0.724791s ]
[ 2013-04-26T17:02:55+08:00 ] INFO: Tag[ view_parse ] --END-- [ RunTime:0.724868s ]
[ 2013-04-26T17:02:55+08:00 ] INFO: Tag[ view_filter ] --START--
[ 2013-04-26T17:02:55+08:00 ] INFO: Run ContentReplace Behavior [ RunTime:0.000293s ]
[ 2013-04-26T17:02:55+08:00 ] INFO: Run TokenBuild Behavior [ RunTime:0.000362s ]
[ 2013-04-26T17:02:55+08:00 ] INFO: Run WriteHtmlCache Behavior [ RunTime:0.000091s ]
[ 2013-04-26T17:02:55+08:00 ] INFO: Run ShowRuntime Behavior [ RunTime:0.000251s ]
[ 2013-04-26T17:02:55+08:00 ] INFO: Tag[ view_filter ] --END-- [ RunTime:0.001152s ]
[ 2013-04-26T17:02:55+08:00 ] INFO: Tag[ view_end ] --START--
[ 2013-04-26T17:02:55+08:00 ] INFO: Run ShowPageTrace Behavior [ RunTime:0.000262s ]
[ 2013-04-26T17:02:55+08:00 ] INFO: Tag[ view_end ] --END-- [ RunTime:0.000321s ]

------210.83.232.226 REQUEST_URI:/admin.php/public/verify/?0.19728449871763587------
[ 2013-04-26T17:06:00+08:00 ] INFO: Tag[ route_check ] --START--
[ 2013-04-26T17:06:00+08:00 ] INFO: Run CheckRoute Behavior [ RunTime:0.001773s ]
[ 2013-04-26T17:06:00+08:00 ] INFO: Tag[ route_check ] --END-- [ RunTime:0.001968s ]
[ 2013-04-26T17:06:00+08:00 ] NOTIC: [8] Undefined index: HTTP_X_REQUESTED_WITH App.class.php 第 50 行.
[ 2013-04-26T17:06:00+08:00 ] INFO: Tag[ app_begin ] --START--
[ 2013-04-26T17:06:00+08:00 ] INFO: Run ReadHtmlCache Behavior [ RunTime:0.074446s ]
[ 2013-04-26T17:06:00+08:00 ] INFO: Tag[ app_begin ] --END-- [ RunTime:0.074530s ]

------210.83.232.226 REQUEST_URI:/admin.php/Public/login------
[ 2013-04-26T17:06:03+08:00 ] INFO: Tag[ route_check ] --START--
[ 2013-04-26T17:06:03+08:00 ] INFO: Run CheckRoute Behavior [ RunTime:0.000225s ]
[ 2013-04-26T17:06:03+08:00 ] INFO: Tag[ route_check ] --END-- [ RunTime:0.000461s ]
[ 2013-04-26T17:06:03+08:00 ] NOTIC: [8] Undefined index: HTTP_X_REQUESTED_WITH App.class.php 第 50 行.
[ 2013-04-26T17:06:03+08:00 ] INFO: Tag[ app_begin ] --START--
[ 2013-04-26T17:06:03+08:00 ] INFO: Run ReadHtmlCache Behavior [ RunTime:0.001190s ]
[ 2013-04-26T17:06:03+08:00 ] INFO: Tag[ app_begin ] --END-- [ RunTime:0.001265s ]
[ 2013-04-26T17:06:03+08:00 ] INFO: Tag[ view_template ] --START--
[ 2013-04-26T17:06:03+08:00 ] INFO: Run LocationTemplate Behavior [ RunTime:0.042416s ]
[ 2013-04-26T17:06:03+08:00 ] INFO: Tag[ view_template ] --END-- [ RunTime:0.042573s ]
[ 2013-04-26T17:06:03+08:00 ] INFO: Tag[ view_parse ] --START--
[ 2013-04-26T17:06:03+08:00 ] NOTIC: [8] Undefined index: returnUrl 2b417217782e698cd002917ec4f28601.php 第 51 行.
[ 2013-04-26T17:06:03+08:00 ] INFO: Run ParseTemplate Behavior [ RunTime:0.288365s ]
[ 2013-04-26T17:06:03+08:00 ] INFO: Tag[ view_parse ] --END-- [ RunTime:0.288507s ]
[ 2013-04-26T17:06:03+08:00 ] INFO: Tag[ view_filter ] --START--
[ 2013-04-26T17:06:03+08:00 ] INFO: Run ContentReplace Behavior [ RunTime:0.030054s ]
[ 2013-04-26T17:06:03+08:00 ] INFO: Run TokenBuild Behavior [ RunTime:0.271526s ]
[ 2013-04-26T17:06:03+08:00 ] INFO: Run WriteHtmlCache Behavior [ RunTime:0.051982s ]
[ 2013-04-26T17:06:04+08:00 ] INFO: Run ShowRuntime Behavior [ RunTime:0.330188s ]
[ 2013-04-26T17:06:04+08:00 ] INFO: Tag[ view_filter ] --END-- [ RunTime:0.684152s ]
[ 2013-04-26T17:06:04+08:00 ] INFO: Tag[ view_end ] --START--
[ 2013-04-26T17:06:04+08:00 ] INFO: Run ShowPageTrace Behavior [ RunTime:0.027761s ]
[ 2013-04-26T17:06:04+08:00 ] INFO: Tag[ view_end ] --END-- [ RunTime:0.027849s ]

------210.83.232.226 REQUEST_URI:/admin.php/public/verify/------
[ 2013-04-26T17:06:05+08:00 ] INFO: Tag[ route_check ] --START--
[ 2013-04-26T17:06:05+08:00 ] INFO: Run CheckRoute Behavior [ RunTime:0.000238s ]
[ 2013-04-26T17:06:05+08:00 ] INFO: Tag[ route_check ] --END-- [ RunTime:0.000456s ]
[ 2013-04-26T17:06:05+08:00 ] NOTIC: [8] Undefined index: HTTP_X_REQUESTED_WITH App.class.php 第 50 行.
[ 2013-04-26T17:06:05+08:00 ] INFO: Tag[ app_begin ] --START--
[ 2013-04-26T17:06:05+08:00 ] INFO: Run ReadHtmlCache Behavior [ RunTime:0.000141s ]
[ 2013-04-26T17:06:05+08:00 ] INFO: Tag[ app_begin ] --END-- [ RunTime:0.000195s ]

------218.17.160.143 REQUEST_URI:/admin.php/index/index------
[ 2013-04-26T17:07:22+08:00 ] INFO: Tag[ route_check ] --START--
[ 2013-04-26T17:07:22+08:00 ] INFO: Run CheckRoute Behavior [ RunTime:0.000112s ]
[ 2013-04-26T17:07:22+08:00 ] INFO: Tag[ route_check ] --END-- [ RunTime:0.000306s ]
[ 2013-04-26T17:07:22+08:00 ] NOTIC: [8] Undefined index: HTTP_X_REQUESTED_WITH App.class.php 第 50 行.
[ 2013-04-26T17:07:22+08:00 ] INFO: Tag[ app_begin ] --START--
[ 2013-04-26T17:07:22+08:00 ] INFO: Run ReadHtmlCache Behavior [ RunTime:0.000108s ]
[ 2013-04-26T17:07:22+08:00 ] INFO: Tag[ app_begin ] --END-- [ RunTime:0.000157s ]
[ 2013-04-26T17:07:22+08:00 ] SQL: SHOW COLUMNS FROM `ch_node` [ RunTime:0.000914s ]
[ 2013-04-26T17:07:23+08:00 ] SQL: SELECT `id` FROM `ch_node` LIMIT 1   [ RunTime:0.344684s ]
[ 2013-04-26T17:07:23+08:00 ] NOTIC: [8] Undefined index: _type Model.class.php 第 690 行.
[ 2013-04-26T17:07:23+08:00 ] NOTIC: [8] Undefined index: _type Model.class.php 第 690 行.
[ 2013-04-26T17:07:23+08:00 ] NOTIC: [8] Undefined index: _type Model.class.php 第 690 行.
[ 2013-04-26T17:07:23+08:00 ] SQL: SELECT `id`,`name`,`group_id`,`title` FROM `ch_node` WHERE ( `level` = 2 ) AND ( `status` = 1 ) AND ( `pid` = '1' ) ORDER BY group_id desc,sort asc  [ RunTime:0.127671s ]
[ 2013-04-26T17:07:23+08:00 ] NOTIC: [8] Undefined index: _ACCESS_LIST IndexAction.class.php 第 17 行.
[ 2013-04-26T17:07:23+08:00 ] INFO: Tag[ view_template ] --START--
[ 2013-04-26T17:07:23+08:00 ] INFO: Run LocationTemplate Behavior [ RunTime:0.534586s ]
[ 2013-04-26T17:07:23+08:00 ] INFO: Tag[ view_template ] --END-- [ RunTime:0.534725s ]
[ 2013-04-26T17:07:23+08:00 ] INFO: Tag[ view_parse ] --START--
[ 2013-04-26T17:07:24+08:00 ] INFO: Run ParseTemplate Behavior [ RunTime:0.617058s ]
[ 2013-04-26T17:07:24+08:00 ] INFO: Tag[ view_parse ] --END-- [ RunTime:0.617148s ]
[ 2013-04-26T17:07:24+08:00 ] INFO: Tag[ view_filter ] --START--
[ 2013-04-26T17:07:24+08:00 ] INFO: Run ContentReplace Behavior [ RunTime:0.000211s ]
[ 2013-04-26T17:07:24+08:00 ] INFO: Run TokenBuild Behavior [ RunTime:0.000151s ]
[ 2013-04-26T17:07:24+08:00 ] INFO: Run WriteHtmlCache Behavior [ RunTime:0.000100s ]
[ 2013-04-26T17:07:24+08:00 ] INFO: Run ShowRuntime Behavior [ RunTime:0.000138s ]
[ 2013-04-26T17:07:24+08:00 ] INFO: Tag[ view_filter ] --END-- [ RunTime:0.000739s ]
[ 2013-04-26T17:07:24+08:00 ] INFO: Tag[ view_end ] --START--
[ 2013-04-26T17:07:24+08:00 ] INFO: Run ShowPageTrace Behavior [ RunTime:0.000101s ]
[ 2013-04-26T17:07:24+08:00 ] INFO: Tag[ view_end ] --END-- [ RunTime:0.000164s ]

------218.17.160.143 REQUEST_URI:/admin.php/Article/index/?_=1366967300599------
[ 2013-04-26T17:08:08+08:00 ] INFO: Tag[ route_check ] --START--
[ 2013-04-26T17:08:08+08:00 ] INFO: Run CheckRoute Behavior [ RunTime:0.000208s ]
[ 2013-04-26T17:08:08+08:00 ] INFO: Tag[ route_check ] --END-- [ RunTime:0.000416s ]
[ 2013-04-26T17:08:08+08:00 ] INFO: Tag[ app_begin ] --START--
[ 2013-04-26T17:08:08+08:00 ] INFO: Run ReadHtmlCache Behavior [ RunTime:0.000154s ]
[ 2013-04-26T17:08:08+08:00 ] INFO: Tag[ app_begin ] --END-- [ RunTime:0.000213s ]
[ 2013-04-26T17:08:08+08:00 ] SQL: SHOW COLUMNS FROM `ch_article` [ RunTime:0.000952s ]
[ 2013-04-26T17:08:08+08:00 ] SQL: SHOW COLUMNS FROM `ch_common` [ RunTime:0.062124s ]
[ 2013-04-26T17:08:08+08:00 ] NOTIC: [8] Undefined index: tid CommonAction.class.php 第 94 行.
[ 2013-04-26T17:08:08+08:00 ] SQL: SHOW COLUMNS FROM `ch_article` [ RunTime:0.003055s ]
[ 2013-04-26T17:08:08+08:00 ] SQL: SELECT COUNT(*) AS tp_count FROM `ch_article` LIMIT 1   [ RunTime:0.000292s ]
[ 2013-04-26T17:08:11+08:00 ] SQL: SELECT * FROM `ch_article` ORDER BY id desc LIMIT 0,20   [ RunTime:1.419394s ]
[ 2013-04-26T17:08:11+08:00 ] NOTIC: [8] Undefined index: pageNum CommonAction.class.php 第 168 行.
[ 2013-04-26T17:08:11+08:00 ] INFO: Tag[ view_template ] --START--
[ 2013-04-26T17:08:11+08:00 ] INFO: Run LocationTemplate Behavior [ RunTime:0.115348s ]
[ 2013-04-26T17:08:11+08:00 ] INFO: Tag[ view_template ] --END-- [ RunTime:0.115638s ]
[ 2013-04-26T17:08:11+08:00 ] INFO: Tag[ view_parse ] --START--
[ 2013-04-26T17:08:11+08:00 ] NOTIC: [8] Undefined index: categoryName 4cf132cdb6642034410dbfb2ab3160bc.php 第 11 行.
[ 2013-04-26T17:08:11+08:00 ] NOTIC: [8] Undefined index: tid 4cf132cdb6642034410dbfb2ab3160bc.php 第 13 行.
[ 2013-04-26T17:08:11+08:00 ] NOTIC: [8] Undefined index: keytype 4cf132cdb6642034410dbfb2ab3160bc.php 第 19 行.
[ 2013-04-26T17:08:11+08:00 ] NOTIC: [8] Undefined index: keyword 4cf132cdb6642034410dbfb2ab3160bc.php 第 24 行.
[ 2013-04-26T17:08:11+08:00 ] SQL: SHOW COLUMNS FROM `ch_category` [ RunTime:0.001210s ]
[ 2013-04-26T17:08:12+08:00 ] SQL: SELECT `id`,`title` FROM `ch_category`  [ RunTime:0.070253s ]
[ 2013-04-26T17:08:12+08:00 ] NOTIC: [8] Undefined variable: str common.php 第 370 行.
[ 2013-04-26T17:08:12+08:00 ] NOTIC: [8] Undefined variable: str common.php 第 370 行.
[ 2013-04-26T17:08:12+08:00 ] NOTIC: [8] Use of undefined constant __PUBLIC__ - assumed '__PUBLIC__' common.php 第 120 行.
[ 2013-04-26T17:08:13+08:00 ] SQL: SHOW COLUMNS FROM `ch_category` [ RunTime:0.073940s ]
[ 2013-04-26T17:08:13+08:00 ] NOTIC: [8] Undefined variable: str common.php 第 370 行.
[ 2013-04-26T17:08:13+08:00 ] NOTIC: [8] Undefined variable: str common.php 第 370 行.
[ 2013-04-26T17:08:13+08:00 ] NOTIC: [8] Use of undefined constant __PUBLIC__ - assumed '__PUBLIC__' common.php 第 120 行.
[ 2013-04-26T17:08:13+08:00 ] SQL: SHOW COLUMNS FROM `ch_category` [ RunTime:0.000874s ]
[ 2013-04-26T17:08:13+08:00 ] NOTIC: [8] Undefined variable: str common.php 第 370 行.
[ 2013-04-26T17:08:13+08:00 ] NOTIC: [8] Undefined variable: str common.php 第 370 行.
[ 2013-04-26T17:08:13+08:00 ] NOTIC: [8] Use of undefined constant __PUBLIC__ - assumed '__PUBLIC__' common.php 第 120 行.
[ 2013-04-26T17:08:13+08:00 ] SQL: SHOW COLUMNS FROM `ch_category` [ RunTime:0.000914s ]
[ 2013-04-26T17:08:13+08:00 ] NOTIC: [8] Undefined variable: str common.php 第 370 行.
[ 2013-04-26T17:08:13+08:00 ] NOTIC: [8] Undefined variable: str common.php 第 370 行.
[ 2013-04-26T17:08:13+08:00 ] NOTIC: [8] Use of undefined constant __PUBLIC__ - assumed '__PUBLIC__' common.php 第 120 行.
[ 2013-04-26T17:08:13+08:00 ] SQL: SHOW COLUMNS FROM `ch_category` [ RunTime:0.001001s ]
[ 2013-04-26T17:08:13+08:00 ] NOTIC: [8] Undefined variable: str common.php 第 370 行.
[ 2013-04-26T17:08:13+08:00 ] NOTIC: [8] Undefined variable: str common.php 第 370 行.
[ 2013-04-26T17:08:13+08:00 ] NOTIC: [8] Use of undefined constant __PUBLIC__ - assumed '__PUBLIC__' common.php 第 120 行.
[ 2013-04-26T17:08:13+08:00 ] SQL: SHOW COLUMNS FROM `ch_category` [ RunTime:0.000826s ]
[ 2013-04-26T17:08:13+08:00 ] NOTIC: [8] Undefined variable: str common.php 第 370 行.
[ 2013-04-26T17:08:13+08:00 ] NOTIC: [8] Undefined variable: str common.php 第 370 行.
[ 2013-04-26T17:08:13+08:00 ] NOTIC: [8] Use of undefined constant __PUBLIC__ - assumed '__PUBLIC__' common.php 第 120 行.
[ 2013-04-26T17:08:13+08:00 ] SQL: SHOW COLUMNS FROM `ch_category` [ RunTime:0.000799s ]
[ 2013-04-26T17:08:13+08:00 ] NOTIC: [8] Undefined variable: str common.php 第 370 行.
[ 2013-04-26T17:08:13+08:00 ] NOTIC: [8] Undefined variable: str common.php 第 370 行.
[ 2013-04-26T17:08:13+08:00 ] NOTIC: [8] Use of undefined constant __PUBLIC__ - assumed '__PUBLIC__' common.php 第 120 行.
[ 2013-04-26T17:08:13+08:00 ] SQL: SHOW COLUMNS FROM `ch_category` [ RunTime:0.000791s ]
[ 2013-04-26T17:08:13+08:00 ] NOTIC: [8] Undefined variable: str common.php 第 370 行.
[ 2013-04-26T17:08:13+08:00 ] NOTIC: [8] Undefined variable: str common.php 第 370 行.
[ 2013-04-26T17:08:13+08:00 ] NOTIC: [8] Use of undefined constant __PUBLIC__ - assumed '__PUBLIC__' common.php 第 120 行.
[ 2013-04-26T17:08:13+08:00 ] SQL: SHOW COLUMNS FROM `ch_category` [ RunTime:0.000888s ]
[ 2013-04-26T17:08:13+08:00 ] NOTIC: [8] Undefined variable: str common.php 第 370 行.
[ 2013-04-26T17:08:13+08:00 ] NOTIC: [8] Undefined variable: str common.php 第 370 行.
[ 2013-04-26T17:08:13+08:00 ] NOTIC: [8] Use of undefined constant __PUBLIC__ - assumed '__PUBLIC__' common.php 第 120 行.
[ 2013-04-26T17:08:13+08:00 ] SQL: SHOW COLUMNS FROM `ch_category` [ RunTime:0.000763s ]
[ 2013-04-26T17:08:13+08:00 ] NOTIC: [8] Undefined variable: str common.php 第 370 行.
[ 2013-04-26T17:08:13+08:00 ] NOTIC: [8] Undefined variable: str common.php 第 370 行.
[ 2013-04-26T17:08:13+08:00 ] NOTIC: [8] Use of undefined constant __PUBLIC__ - assumed '__PUBLIC__' common.php 第 120 行.
[ 2013-04-26T17:08:13+08:00 ] SQL: SHOW COLUMNS FROM `ch_category` [ RunTime:0.000802s ]
[ 2013-04-26T17:08:13+08:00 ] NOTIC: [8] Undefined variable: str common.php 第 370 行.
[ 2013-04-26T17:08:13+08:00 ] NOTIC: [8] Undefined variable: str common.php 第 370 行.
[ 2013-04-26T17:08:13+08:00 ] NOTIC: [8] Use of undefined constant __PUBLIC__ - assumed '__PUBLIC__' common.php 第 120 行.
[ 2013-04-26T17:08:13+08:00 ] SQL: SHOW COLUMNS FROM `ch_category` [ RunTime:0.000886s ]
[ 2013-04-26T17:08:13+08:00 ] NOTIC: [8] Undefined variable: str common.php 第 370 行.
[ 2013-04-26T17:08:13+08:00 ] NOTIC: [8] Undefined variable: str common.php 第 370 行.
[ 2013-04-26T17:08:13+08:00 ] NOTIC: [8] Use of undefined constant __PUBLIC__ - assumed '__PUBLIC__' common.php 第 120 行.
[ 2013-04-26T17:08:13+08:00 ] SQL: SHOW COLUMNS FROM `ch_category` [ RunTime:0.000808s ]
[ 2013-04-26T17:08:13+08:00 ] NOTIC: [8] Undefined variable: str common.php 第 370 行.
[ 2013-04-26T17:08:13+08:00 ] NOTIC: [8] Undefined variable: str common.php 第 370 行.
[ 2013-04-26T17:08:13+08:00 ] NOTIC: [8] Use of undefined constant __PUBLIC__ - assumed '__PUBLIC__' common.php 第 120 行.
[ 2013-04-26T17:08:13+08:00 ] SQL: SHOW COLUMNS FROM `ch_category` [ RunTime:0.006385s ]
[ 2013-04-26T17:08:13+08:00 ] NOTIC: [8] Undefined variable: str common.php 第 370 行.
[ 2013-04-26T17:08:13+08:00 ] NOTIC: [8] Undefined variable: str common.php 第 370 行.
[ 2013-04-26T17:08:13+08:00 ] NOTIC: [8] Use of undefined constant __PUBLIC__ - assumed '__PUBLIC__' common.php 第 120 行.
[ 2013-04-26T17:08:13+08:00 ] SQL: SHOW COLUMNS FROM `ch_category` [ RunTime:0.002503s ]
[ 2013-04-26T17:08:13+08:00 ] NOTIC: [8] Undefined variable: str common.php 第 370 行.
[ 2013-04-26T17:08:13+08:00 ] NOTIC: [8] Undefined variable: str common.php 第 370 行.
[ 2013-04-26T17:08:13+08:00 ] NOTIC: [8] Use of undefined constant __PUBLIC__ - assumed '__PUBLIC__' common.php 第 120 行.
[ 2013-04-26T17:08:13+08:00 ] SQL: SHOW COLUMNS FROM `ch_category` [ RunTime:0.001017s ]
[ 2013-04-26T17:08:13+08:00 ] NOTIC: [8] Undefined variable: str common.php 第 370 行.
[ 2013-04-26T17:08:13+08:00 ] NOTIC: [8] Undefined variable: str common.php 第 370 行.
[ 2013-04-26T17:08:13+08:00 ] NOTIC: [8] Use of undefined constant __PUBLIC__ - assumed '__PUBLIC__' common.php 第 120 行.
[ 2013-04-26T17:08:13+08:00 ] SQL: SHOW COLUMNS FROM `ch_category` [ RunTime:0.002083s ]
[ 2013-04-26T17:08:13+08:00 ] NOTIC: [8] Undefined variable: str common.php 第 370 行.
[ 2013-04-26T17:08:13+08:00 ] NOTIC: [8] Undefined variable: str common.php 第 370 行.
[ 2013-04-26T17:08:13+08:00 ] NOTIC: [8] Use of undefined constant __PUBLIC__ - assumed '__PUBLIC__' common.php 第 120 行.
[ 2013-04-26T17:08:13+08:00 ] SQL: SHOW COLUMNS FROM `ch_category` [ RunTime:0.003985s ]
[ 2013-04-26T17:08:13+08:00 ] NOTIC: [8] Undefined variable: str common.php 第 370 行.
[ 2013-04-26T17:08:13+08:00 ] NOTIC: [8] Undefined variable: str common.php 第 370 行.
[ 2013-04-26T17:08:13+08:00 ] NOTIC: [8] Use of undefined constant __PUBLIC__ - assumed '__PUBLIC__' common.php 第 120 行.
[ 2013-04-26T17:08:13+08:00 ] SQL: SHOW COLUMNS FROM `ch_category` [ RunTime:0.001588s ]
[ 2013-04-26T17:08:13+08:00 ] NOTIC: [8] Undefined variable: str common.php 第 370 行.
[ 2013-04-26T17:08:13+08:00 ] NOTIC: [8] Undefined variable: str common.php 第 370 行.
[ 2013-04-26T17:08:13+08:00 ] NOTIC: [8] Use of undefined constant __PUBLIC__ - assumed '__PUBLIC__' common.php 第 120 行.
[ 2013-04-26T17:08:13+08:00 ] SQL: SHOW COLUMNS FROM `ch_category` [ RunTime:0.000825s ]
[ 2013-04-26T17:08:13+08:00 ] NOTIC: [8] Undefined variable: str common.php 第 370 行.
[ 2013-04-26T17:08:13+08:00 ] NOTIC: [8] Undefined variable: str common.php 第 370 行.
[ 2013-04-26T17:08:13+08:00 ] NOTIC: [8] Use of undefined constant __PUBLIC__ - assumed '__PUBLIC__' common.php 第 120 行.
[ 2013-04-26T17:08:13+08:00 ] INFO: Run ParseTemplate Behavior [ RunTime:1.590324s ]
[ 2013-04-26T17:08:13+08:00 ] INFO: Tag[ view_parse ] --END-- [ RunTime:1.590564s ]
[ 2013-04-26T17:08:13+08:00 ] INFO: Tag[ view_filter ] --START--
[ 2013-04-26T17:08:13+08:00 ] INFO: Run ContentReplace Behavior [ RunTime:0.000462s ]
[ 2013-04-26T17:08:13+08:00 ] INFO: Run TokenBuild Behavior [ RunTime:0.000269s ]
[ 2013-04-26T17:08:13+08:00 ] INFO: Run WriteHtmlCache Behavior [ RunTime:0.000116s ]
[ 2013-04-26T17:08:13+08:00 ] INFO: Run ShowRuntime Behavior [ RunTime:0.000257s ]
[ 2013-04-26T17:08:13+08:00 ] INFO: Tag[ view_filter ] --END-- [ RunTime:0.001481s ]
[ 2013-04-26T17:08:13+08:00 ] INFO: Tag[ view_end ] --START--
[ 2013-04-26T17:08:13+08:00 ] INFO: Run ShowPageTrace Behavior [ RunTime:0.000130s ]
[ 2013-04-26T17:08:13+08:00 ] INFO: Tag[ view_end ] --END-- [ RunTime:0.000202s ]

------218.17.160.143 REQUEST_URI:/admin.php/Article/index/?pageNum=1&categoryName=&tid=&keytype=title&keyword=&__hash__=fcb9b77bbec7bcf33f91a367800b2278_470bb45e114214c71d5deb76971654c3&_=1366967346805------
[ 2013-04-26T17:08:54+08:00 ] INFO: Tag[ route_check ] --START--
[ 2013-04-26T17:08:54+08:00 ] INFO: Run CheckRoute Behavior [ RunTime:0.000113s ]
[ 2013-04-26T17:08:54+08:00 ] INFO: Tag[ route_check ] --END-- [ RunTime:0.000247s ]
[ 2013-04-26T17:08:54+08:00 ] INFO: Tag[ app_begin ] --START--
[ 2013-04-26T17:08:54+08:00 ] INFO: Run ReadHtmlCache Behavior [ RunTime:0.000102s ]
[ 2013-04-26T17:08:54+08:00 ] INFO: Tag[ app_begin ] --END-- [ RunTime:0.000152s ]
[ 2013-04-26T17:08:54+08:00 ] SQL: SHOW COLUMNS FROM `ch_article` [ RunTime:0.000975s ]
[ 2013-04-26T17:08:54+08:00 ] SQL: SHOW COLUMNS FROM `ch_common` [ RunTime:0.000525s ]
[ 2013-04-26T17:08:54+08:00 ] SQL: SHOW COLUMNS FROM `ch_article` [ RunTime:0.001026s ]
[ 2013-04-26T17:08:54+08:00 ] SQL: SELECT COUNT(*) AS tp_count FROM `ch_article` LIMIT 1   [ RunTime:0.000189s ]
[ 2013-04-26T17:08:54+08:00 ] SQL: SELECT * FROM `ch_article` ORDER BY id desc LIMIT 0,20   [ RunTime:0.000580s ]
[ 2013-04-26T17:08:54+08:00 ] INFO: Tag[ view_template ] --START--
[ 2013-04-26T17:08:54+08:00 ] INFO: Run LocationTemplate Behavior [ RunTime:0.000129s ]
[ 2013-04-26T17:08:54+08:00 ] INFO: Tag[ view_template ] --END-- [ RunTime:0.000192s ]
[ 2013-04-26T17:08:54+08:00 ] INFO: Tag[ view_parse ] --START--
[ 2013-04-26T17:08:54+08:00 ] SQL: SHOW COLUMNS FROM `ch_category` [ RunTime:0.000876s ]
[ 2013-04-26T17:08:54+08:00 ] NOTIC: [8] Undefined variable: str common.php 第 370 行.
[ 2013-04-26T17:08:54+08:00 ] NOTIC: [8] Undefined variable: str common.php 第 370 行.
[ 2013-04-26T17:08:54+08:00 ] NOTIC: [8] Use of undefined constant __PUBLIC__ - assumed '__PUBLIC__' common.php 第 133 行.
[ 2013-04-26T17:08:54+08:00 ] SQL: SHOW COLUMNS FROM `ch_category` [ RunTime:0.000844s ]
[ 2013-04-26T17:08:54+08:00 ] NOTIC: [8] Undefined variable: str common.php 第 370 行.
[ 2013-04-26T17:08:54+08:00 ] NOTIC: [8] Undefined variable: str common.php 第 370 行.
[ 2013-04-26T17:08:54+08:00 ] NOTIC: [8] Use of undefined constant __PUBLIC__ - assumed '__PUBLIC__' common.php 第 120 行.
[ 2013-04-26T17:08:54+08:00 ] SQL: SHOW COLUMNS FROM `ch_category` [ RunTime:0.000844s ]
[ 2013-04-26T17:08:54+08:00 ] NOTIC: [8] Undefined variable: str common.php 第 370 行.
[ 2013-04-26T17:08:54+08:00 ] NOTIC: [8] Undefined variable: str common.php 第 370 行.
[ 2013-04-26T17:08:54+08:00 ] NOTIC: [8] Use of undefined constant __PUBLIC__ - assumed '__PUBLIC__' common.php 第 120 行.
[ 2013-04-26T17:08:54+08:00 ] SQL: SHOW COLUMNS FROM `ch_category` [ RunTime:0.000806s ]
[ 2013-04-26T17:08:54+08:00 ] NOTIC: [8] Undefined variable: str common.php 第 370 行.
[ 2013-04-26T17:08:54+08:00 ] NOTIC: [8] Undefined variable: str common.php 第 370 行.
[ 2013-04-26T17:08:54+08:00 ] NOTIC: [8] Use of undefined constant __PUBLIC__ - assumed '__PUBLIC__' common.php 第 120 行.
[ 2013-04-26T17:08:54+08:00 ] SQL: SHOW COLUMNS FROM `ch_category` [ RunTime:0.000736s ]
[ 2013-04-26T17:08:54+08:00 ] NOTIC: [8] Undefined variable: str common.php 第 370 行.
[ 2013-04-26T17:08:54+08:00 ] NOTIC: [8] Undefined variable: str common.php 第 370 行.
[ 2013-04-26T17:08:54+08:00 ] NOTIC: [8] Use of undefined constant __PUBLIC__ - assumed '__PUBLIC__' common.php 第 120 行.
[ 2013-04-26T17:08:54+08:00 ] SQL: SHOW COLUMNS FROM `ch_category` [ RunTime:0.000775s ]
[ 2013-04-26T17:08:54+08:00 ] NOTIC: [8] Undefined variable: str common.php 第 370 行.
[ 2013-04-26T17:08:54+08:00 ] NOTIC: [8] Undefined variable: str common.php 第 370 行.
[ 2013-04-26T17:08:54+08:00 ] NOTIC: [8] Use of undefined constant __PUBLIC__ - assumed '__PUBLIC__' common.php 第 120 行.
[ 2013-04-26T17:08:54+08:00 ] SQL: SHOW COLUMNS FROM `ch_category` [ RunTime:0.000721s ]
[ 2013-04-26T17:08:54+08:00 ] NOTIC: [8] Undefined variable: str common.php 第 370 行.
[ 2013-04-26T17:08:54+08:00 ] NOTIC: [8] Undefined variable: str common.php 第 370 行.
[ 2013-04-26T17:08:54+08:00 ] NOTIC: [8] Use of undefined constant __PUBLIC__ - assumed '__PUBLIC__' common.php 第 120 行.
[ 2013-04-26T17:08:54+08:00 ] SQL: SHOW COLUMNS FROM `ch_category` [ RunTime:0.001076s ]
[ 2013-04-26T17:08:54+08:00 ] NOTIC: [8] Undefined variable: str common.php 第 370 行.
[ 2013-04-26T17:08:54+08:00 ] NOTIC: [8] Undefined variable: str common.php 第 370 行.
[ 2013-04-26T17:08:54+08:00 ] NOTIC: [8] Use of undefined constant __PUBLIC__ - assumed '__PUBLIC__' common.php 第 120 行.
[ 2013-04-26T17:08:54+08:00 ] SQL: SHOW COLUMNS FROM `ch_category` [ RunTime:0.000790s ]
[ 2013-04-26T17:08:54+08:00 ] NOTIC: [8] Undefined variable: str common.php 第 370 行.
[ 2013-04-26T17:08:54+08:00 ] NOTIC: [8] Undefined variable: str common.php 第 370 行.
[ 2013-04-26T17:08:54+08:00 ] NOTIC: [8] Use of undefined constant __PUBLIC__ - assumed '__PUBLIC__' common.php 第 120 行.
[ 2013-04-26T17:08:54+08:00 ] SQL: SHOW COLUMNS FROM `ch_category` [ RunTime:0.000790s ]
[ 2013-04-26T17:08:54+08:00 ] NOTIC: [8] Undefined variable: str common.php 第 370 行.
[ 2013-04-26T17:08:54+08:00 ] NOTIC: [8] Undefined variable: str common.php 第 370 行.
[ 2013-04-26T17:08:54+08:00 ] NOTIC: [8] Use of undefined constant __PUBLIC__ - assumed '__PUBLIC__' common.php 第 120 行.
[ 2013-04-26T17:08:54+08:00 ] SQL: SHOW COLUMNS FROM `ch_category` [ RunTime:0.004268s ]
[ 2013-04-26T17:08:54+08:00 ] NOTIC: [8] Undefined variable: str common.php 第 370 行.
[ 2013-04-26T17:08:54+08:00 ] NOTIC: [8] Undefined variable: str common.php 第 370 行.
[ 2013-04-26T17:08:54+08:00 ] NOTIC: [8] Use of undefined constant __PUBLIC__ - assumed '__PUBLIC__' common.php 第 120 行.
[ 2013-04-26T17:08:54+08:00 ] SQL: SHOW COLUMNS FROM `ch_category` [ RunTime:0.000861s ]
[ 2013-04-26T17:08:54+08:00 ] NOTIC: [8] Undefined variable: str common.php 第 370 行.
[ 2013-04-26T17:08:54+08:00 ] NOTIC: [8] Undefined variable: str common.php 第 370 行.
[ 2013-04-26T17:08:54+08:00 ] NOTIC: [8] Use of undefined constant __PUBLIC__ - assumed '__PUBLIC__' common.php 第 120 行.
[ 2013-04-26T17:08:54+08:00 ] SQL: SHOW COLUMNS FROM `ch_category` [ RunTime:0.003033s ]
[ 2013-04-26T17:08:54+08:00 ] NOTIC: [8] Undefined variable: str common.php 第 370 行.
[ 2013-04-26T17:08:54+08:00 ] NOTIC: [8] Undefined variable: str common.php 第 370 行.
[ 2013-04-26T17:08:54+08:00 ] NOTIC: [8] Use of undefined constant __PUBLIC__ - assumed '__PUBLIC__' common.php 第 120 行.
[ 2013-04-26T17:08:54+08:00 ] SQL: SHOW COLUMNS FROM `ch_category` [ RunTime:0.000967s ]
[ 2013-04-26T17:08:54+08:00 ] NOTIC: [8] Undefined variable: str common.php 第 370 行.
[ 2013-04-26T17:08:54+08:00 ] NOTIC: [8] Undefined variable: str common.php 第 370 行.
[ 2013-04-26T17:08:54+08:00 ] NOTIC: [8] Use of undefined constant __PUBLIC__ - assumed '__PUBLIC__' common.php 第 120 行.
[ 2013-04-26T17:08:54+08:00 ] SQL: SHOW COLUMNS FROM `ch_category` [ RunTime:0.003557s ]
[ 2013-04-26T17:08:54+08:00 ] NOTIC: [8] Undefined variable: str common.php 第 370 行.
[ 2013-04-26T17:08:54+08:00 ] NOTIC: [8] Undefined variable: str common.php 第 370 行.
[ 2013-04-26T17:08:54+08:00 ] NOTIC: [8] Use of undefined constant __PUBLIC__ - assumed '__PUBLIC__' common.php 第 120 行.
[ 2013-04-26T17:08:54+08:00 ] SQL: SHOW COLUMNS FROM `ch_category` [ RunTime:0.001370s ]
[ 2013-04-26T17:08:54+08:00 ] NOTIC: [8] Undefined variable: str common.php 第 370 行.
[ 2013-04-26T17:08:54+08:00 ] NOTIC: [8] Undefined variable: str common.php 第 370 行.
[ 2013-04-26T17:08:54+08:00 ] NOTIC: [8] Use of undefined constant __PUBLIC__ - assumed '__PUBLIC__' common.php 第 120 行.
[ 2013-04-26T17:08:54+08:00 ] SQL: SHOW COLUMNS FROM `ch_category` [ RunTime:0.000749s ]
[ 2013-04-26T17:08:54+08:00 ] NOTIC: [8] Undefined variable: str common.php 第 370 行.
[ 2013-04-26T17:08:54+08:00 ] NOTIC: [8] Undefined variable: str common.php 第 370 行.
[ 2013-04-26T17:08:54+08:00 ] NOTIC: [8] Use of undefined constant __PUBLIC__ - assumed '__PUBLIC__' common.php 第 120 行.
[ 2013-04-26T17:08:54+08:00 ] SQL: SHOW COLUMNS FROM `ch_category` [ RunTime:0.000779s ]
[ 2013-04-26T17:08:54+08:00 ] NOTIC: [8] Undefined variable: str common.php 第 370 行.
[ 2013-04-26T17:08:54+08:00 ] NOTIC: [8] Undefined variable: str common.php 第 370 行.
[ 2013-04-26T17:08:54+08:00 ] NOTIC: [8] Use of undefined constant __PUBLIC__ - assumed '__PUBLIC__' common.php 第 120 行.
[ 2013-04-26T17:08:54+08:00 ] SQL: SHOW COLUMNS FROM `ch_category` [ RunTime:0.000992s ]
[ 2013-04-26T17:08:54+08:00 ] NOTIC: [8] Undefined variable: str common.php 第 370 行.
[ 2013-04-26T17:08:54+08:00 ] NOTIC: [8] Undefined variable: str common.php 第 370 行.
[ 2013-04-26T17:08:54+08:00 ] NOTIC: [8] Use of undefined constant __PUBLIC__ - assumed '__PUBLIC__' common.php 第 120 行.
[ 2013-04-26T17:08:54+08:00 ] SQL: SHOW COLUMNS FROM `ch_category` [ RunTime:0.000762s ]
[ 2013-04-26T17:08:54+08:00 ] NOTIC: [8] Undefined variable: str common.php 第 370 行.
[ 2013-04-26T17:08:54+08:00 ] NOTIC: [8] Undefined variable: str common.php 第 370 行.
[ 2013-04-26T17:08:54+08:00 ] NOTIC: [8] Use of undefined constant __PUBLIC__ - assumed '__PUBLIC__' common.php 第 120 行.
[ 2013-04-26T17:08:54+08:00 ] INFO: Run ParseTemplate Behavior [ RunTime:0.049569s ]
[ 2013-04-26T17:08:54+08:00 ] INFO: Tag[ view_parse ] --END-- [ RunTime:0.049625s ]
[ 2013-04-26T17:08:54+08:00 ] INFO: Tag[ view_filter ] --START--
[ 2013-04-26T17:08:54+08:00 ] INFO: Run ContentReplace Behavior [ RunTime:0.000477s ]
[ 2013-04-26T17:08:54+08:00 ] INFO: Run TokenBuild Behavior [ RunTime:0.000307s ]
[ 2013-04-26T17:08:54+08:00 ] INFO: Run WriteHtmlCache Behavior [ RunTime:0.000089s ]
[ 2013-04-26T17:08:54+08:00 ] INFO: Run ShowRuntime Behavior [ RunTime:0.000320s ]
[ 2013-04-26T17:08:54+08:00 ] INFO: Tag[ view_filter ] --END-- [ RunTime:0.001356s ]
[ 2013-04-26T17:08:54+08:00 ] INFO: Tag[ view_end ] --START--
[ 2013-04-26T17:08:54+08:00 ] INFO: Run ShowPageTrace Behavior [ RunTime:0.000126s ]
[ 2013-04-26T17:08:54+08:00 ] INFO: Tag[ view_end ] --END-- [ RunTime:0.000187s ]

------218.17.160.143 REQUEST_URI:/admin.php/Article/index/?pageNum=1&categoryName=&tid=&keytype=title&keyword=&__hash__=81747fdec8d409a288512d338734d38a_57e4313398a92bf6001423228dc0168d&_=1366967393125------
[ 2013-04-26T17:09:40+08:00 ] INFO: Tag[ route_check ] --START--
[ 2013-04-26T17:09:40+08:00 ] INFO: Run CheckRoute Behavior [ RunTime:0.000107s ]
[ 2013-04-26T17:09:40+08:00 ] INFO: Tag[ route_check ] --END-- [ RunTime:0.000237s ]
[ 2013-04-26T17:09:40+08:00 ] INFO: Tag[ app_begin ] --START--
[ 2013-04-26T17:09:40+08:00 ] INFO: Run ReadHtmlCache Behavior [ RunTime:0.000100s ]
[ 2013-04-26T17:09:40+08:00 ] INFO: Tag[ app_begin ] --END-- [ RunTime:0.000152s ]
[ 2013-04-26T17:09:40+08:00 ] SQL: SHOW COLUMNS FROM `ch_article` [ RunTime:0.009612s ]
[ 2013-04-26T17:09:40+08:00 ] SQL: SHOW COLUMNS FROM `ch_common` [ RunTime:0.000458s ]
[ 2013-04-26T17:09:40+08:00 ] SQL: SHOW COLUMNS FROM `ch_article` [ RunTime:0.000779s ]
[ 2013-04-26T17:09:40+08:00 ] SQL: SELECT COUNT(*) AS tp_count FROM `ch_article` LIMIT 1   [ RunTime:0.000200s ]
[ 2013-04-26T17:09:40+08:00 ] SQL: SELECT * FROM `ch_article` ORDER BY id desc LIMIT 0,20   [ RunTime:0.000405s ]
[ 2013-04-26T17:09:40+08:00 ] INFO: Tag[ view_template ] --START--
[ 2013-04-26T17:09:40+08:00 ] INFO: Run LocationTemplate Behavior [ RunTime:0.000091s ]
[ 2013-04-26T17:09:40+08:00 ] INFO: Tag[ view_template ] --END-- [ RunTime:0.000149s ]
[ 2013-04-26T17:09:40+08:00 ] INFO: Tag[ view_parse ] --START--
[ 2013-04-26T17:09:40+08:00 ] SQL: SHOW COLUMNS FROM `ch_category` [ RunTime:0.000844s ]
[ 2013-04-26T17:09:40+08:00 ] NOTIC: [8] Undefined variable: str common.php 第 370 行.
[ 2013-04-26T17:09:40+08:00 ] NOTIC: [8] Undefined variable: str common.php 第 370 行.
[ 2013-04-26T17:09:40+08:00 ] NOTIC: [8] Use of undefined constant __PUBLIC__ - assumed '__PUBLIC__' common.php 第 133 行.
[ 2013-04-26T17:09:40+08:00 ] SQL: SHOW COLUMNS FROM `ch_category` [ RunTime:0.000777s ]
[ 2013-04-26T17:09:40+08:00 ] NOTIC: [8] Undefined variable: str common.php 第 370 行.
[ 2013-04-26T17:09:40+08:00 ] NOTIC: [8] Undefined variable: str common.php 第 370 行.
[ 2013-04-26T17:09:40+08:00 ] NOTIC: [8] Use of undefined constant __PUBLIC__ - assumed '__PUBLIC__' common.php 第 133 行.
[ 2013-04-26T17:09:40+08:00 ] SQL: SHOW COLUMNS FROM `ch_category` [ RunTime:0.000903s ]
[ 2013-04-26T17:09:40+08:00 ] NOTIC: [8] Undefined variable: str common.php 第 370 行.
[ 2013-04-26T17:09:40+08:00 ] NOTIC: [8] Undefined variable: str common.php 第 370 行.
[ 2013-04-26T17:09:40+08:00 ] NOTIC: [8] Use of undefined constant __PUBLIC__ - assumed '__PUBLIC__' common.php 第 120 行.
[ 2013-04-26T17:09:40+08:00 ] SQL: SHOW COLUMNS FROM `ch_category` [ RunTime:0.000670s ]
[ 2013-04-26T17:09:40+08:00 ] NOTIC: [8] Undefined variable: str common.php 第 370 行.
[ 2013-04-26T17:09:40+08:00 ] NOTIC: [8] Undefined variable: str common.php 第 370 行.
[ 2013-04-26T17:09:40+08:00 ] NOTIC: [8] Use of undefined constant __PUBLIC__ - assumed '__PUBLIC__' common.php 第 120 行.
[ 2013-04-26T17:09:40+08:00 ] SQL: SHOW COLUMNS FROM `ch_category` [ RunTime:0.000724s ]
[ 2013-04-26T17:09:40+08:00 ] NOTIC: [8] Undefined variable: str common.php 第 370 行.
[ 2013-04-26T17:09:40+08:00 ] NOTIC: [8] Undefined variable: str common.php 第 370 行.
[ 2013-04-26T17:09:40+08:00 ] NOTIC: [8] Use of undefined constant __PUBLIC__ - assumed '__PUBLIC__' common.php 第 120 行.
[ 2013-04-26T17:09:40+08:00 ] SQL: SHOW COLUMNS FROM `ch_category` [ RunTime:0.000651s ]
[ 2013-04-26T17:09:40+08:00 ] NOTIC: [8] Undefined variable: str common.php 第 370 行.
[ 2013-04-26T17:09:40+08:00 ] NOTIC: [8] Undefined variable: str common.php 第 370 行.
[ 2013-04-26T17:09:40+08:00 ] NOTIC: [8] Use of undefined constant __PUBLIC__ - assumed '__PUBLIC__' common.php 第 120 行.
[ 2013-04-26T17:09:40+08:00 ] SQL: SHOW COLUMNS FROM `ch_category` [ RunTime:0.000651s ]
[ 2013-04-26T17:09:40+08:00 ] NOTIC: [8] Undefined variable: str common.php 第 370 行.
[ 2013-04-26T17:09:40+08:00 ] NOTIC: [8] Undefined variable: str common.php 第 370 行.
[ 2013-04-26T17:09:40+08:00 ] NOTIC: [8] Use of undefined constant __PUBLIC__ - assumed '__PUBLIC__' common.php 第 120 行.
[ 2013-04-26T17:09:40+08:00 ] SQL: SHOW COLUMNS FROM `ch_category` [ RunTime:0.000731s ]
[ 2013-04-26T17:09:40+08:00 ] NOTIC: [8] Undefined variable: str common.php 第 370 行.
[ 2013-04-26T17:09:40+08:00 ] NOTIC: [8] Undefined variable: str common.php 第 370 行.
[ 2013-04-26T17:09:40+08:00 ] NOTIC: [8] Use of undefined constant __PUBLIC__ - assumed '__PUBLIC__' common.php 第 120 行.
[ 2013-04-26T17:09:40+08:00 ] SQL: SHOW COLUMNS FROM `ch_category` [ RunTime:0.000714s ]
[ 2013-04-26T17:09:40+08:00 ] NOTIC: [8] Undefined variable: str common.php 第 370 行.
[ 2013-04-26T17:09:40+08:00 ] NOTIC: [8] Undefined variable: str common.php 第 370 行.
[ 2013-04-26T17:09:40+08:00 ] NOTIC: [8] Use of undefined constant __PUBLIC__ - assumed '__PUBLIC__' common.php 第 120 行.
[ 2013-04-26T17:09:40+08:00 ] SQL: SHOW COLUMNS FROM `ch_category` [ RunTime:0.000727s ]
[ 2013-04-26T17:09:40+08:00 ] NOTIC: [8] Undefined variable: str common.php 第 370 行.
[ 2013-04-26T17:09:40+08:00 ] NOTIC: [8] Undefined variable: str common.php 第 370 行.
[ 2013-04-26T17:09:40+08:00 ] NOTIC: [8] Use of undefined constant __PUBLIC__ - assumed '__PUBLIC__' common.php 第 120 行.
[ 2013-04-26T17:09:40+08:00 ] SQL: SHOW COLUMNS FROM `ch_category` [ RunTime:0.000744s ]
[ 2013-04-26T17:09:40+08:00 ] NOTIC: [8] Undefined variable: str common.php 第 370 行.
[ 2013-04-26T17:09:40+08:00 ] NOTIC: [8] Undefined variable: str common.php 第 370 行.
[ 2013-04-26T17:09:40+08:00 ] NOTIC: [8] Use of undefined constant __PUBLIC__ - assumed '__PUBLIC__' common.php 第 120 行.
[ 2013-04-26T17:09:40+08:00 ] SQL: SHOW COLUMNS FROM `ch_category` [ RunTime:0.001437s ]
[ 2013-04-26T17:09:40+08:00 ] NOTIC: [8] Undefined variable: str common.php 第 370 行.
[ 2013-04-26T17:09:40+08:00 ] NOTIC: [8] Undefined variable: str common.php 第 370 行.
[ 2013-04-26T17:09:40+08:00 ] NOTIC: [8] Use of undefined constant __PUBLIC__ - assumed '__PUBLIC__' common.php 第 120 行.
[ 2013-04-26T17:09:40+08:00 ] SQL: SHOW COLUMNS FROM `ch_category` [ RunTime:0.009851s ]
[ 2013-04-26T17:09:40+08:00 ] NOTIC: [8] Undefined variable: str common.php 第 370 行.
[ 2013-04-26T17:09:40+08:00 ] NOTIC: [8] Undefined variable: str common.php 第 370 行.
[ 2013-04-26T17:09:40+08:00 ] NOTIC: [8] Use of undefined constant __PUBLIC__ - assumed '__PUBLIC__' common.php 第 120 行.
[ 2013-04-26T17:09:40+08:00 ] SQL: SHOW COLUMNS FROM `ch_category` [ RunTime:0.001112s ]
[ 2013-04-26T17:09:40+08:00 ] NOTIC: [8] Undefined variable: str common.php 第 370 行.
[ 2013-04-26T17:09:40+08:00 ] NOTIC: [8] Undefined variable: str common.php 第 370 行.
[ 2013-04-26T17:09:40+08:00 ] NOTIC: [8] Use of undefined constant __PUBLIC__ - assumed '__PUBLIC__' common.php 第 120 行.
[ 2013-04-26T17:09:40+08:00 ] SQL: SHOW COLUMNS FROM `ch_category` [ RunTime:0.060074s ]
[ 2013-04-26T17:09:40+08:00 ] NOTIC: [8] Undefined variable: str common.php 第 370 行.
[ 2013-04-26T17:09:40+08:00 ] NOTIC: [8] Undefined variable: str common.php 第 370 行.
[ 2013-04-26T17:09:40+08:00 ] NOTIC: [8] Use of undefined constant __PUBLIC__ - assumed '__PUBLIC__' common.php 第 120 行.
[ 2013-04-26T17:09:40+08:00 ] SQL: SHOW COLUMNS FROM `ch_category` [ RunTime:0.003461s ]
[ 2013-04-26T17:09:40+08:00 ] NOTIC: [8] Undefined variable: str common.php 第 370 行.
[ 2013-04-26T17:09:40+08:00 ] NOTIC: [8] Undefined variable: str common.php 第 370 行.
[ 2013-04-26T17:09:40+08:00 ] NOTIC: [8] Use of undefined constant __PUBLIC__ - assumed '__PUBLIC__' common.php 第 120 行.
[ 2013-04-26T17:09:40+08:00 ] SQL: SHOW COLUMNS FROM `ch_category` [ RunTime:0.003586s ]
[ 2013-04-26T17:09:40+08:00 ] NOTIC: [8] Undefined variable: str common.php 第 370 行.
[ 2013-04-26T17:09:40+08:00 ] NOTIC: [8] Undefined variable: str common.php 第 370 行.
[ 2013-04-26T17:09:40+08:00 ] NOTIC: [8] Use of undefined constant __PUBLIC__ - assumed '__PUBLIC__' common.php 第 120 行.
[ 2013-04-26T17:09:40+08:00 ] SQL: SHOW COLUMNS FROM `ch_category` [ RunTime:0.001051s ]
[ 2013-04-26T17:09:40+08:00 ] NOTIC: [8] Undefined variable: str common.php 第 370 行.
[ 2013-04-26T17:09:40+08:00 ] NOTIC: [8] Undefined variable: str common.php 第 370 行.
[ 2013-04-26T17:09:40+08:00 ] NOTIC: [8] Use of undefined constant __PUBLIC__ - assumed '__PUBLIC__' common.php 第 120 行.
[ 2013-04-26T17:09:40+08:00 ] SQL: SHOW COLUMNS FROM `ch_category` [ RunTime:0.134089s ]
[ 2013-04-26T17:09:40+08:00 ] NOTIC: [8] Undefined variable: str common.php 第 370 行.
[ 2013-04-26T17:09:40+08:00 ] NOTIC: [8] Undefined variable: str common.php 第 370 行.
[ 2013-04-26T17:09:40+08:00 ] NOTIC: [8] Use of undefined constant __PUBLIC__ - assumed '__PUBLIC__' common.php 第 120 行.
[ 2013-04-26T17:09:40+08:00 ] SQL: SHOW COLUMNS FROM `ch_category` [ RunTime:0.000800s ]
[ 2013-04-26T17:09:40+08:00 ] NOTIC: [8] Undefined variable: str common.php 第 370 行.
[ 2013-04-26T17:09:40+08:00 ] NOTIC: [8] Undefined variable: str common.php 第 370 行.
[ 2013-04-26T17:09:40+08:00 ] NOTIC: [8] Use of undefined constant __PUBLIC__ - assumed '__PUBLIC__' common.php 第 120 行.
[ 2013-04-26T17:09:40+08:00 ] INFO: Run ParseTemplate Behavior [ RunTime:0.250157s ]
[ 2013-04-26T17:09:40+08:00 ] INFO: Tag[ view_parse ] --END-- [ RunTime:0.250227s ]
[ 2013-04-26T17:09:40+08:00 ] INFO: Tag[ view_filter ] --START--
[ 2013-04-26T17:09:40+08:00 ] INFO: Run ContentReplace Behavior [ RunTime:0.000396s ]
[ 2013-04-26T17:09:40+08:00 ] INFO: Run TokenBuild Behavior [ RunTime:0.000266s ]
[ 2013-04-26T17:09:40+08:00 ] INFO: Run WriteHtmlCache Behavior [ RunTime:0.000072s ]
[ 2013-04-26T17:09:40+08:00 ] INFO: Run ShowRuntime Behavior [ RunTime:0.000216s ]
[ 2013-04-26T17:09:40+08:00 ] INFO: Tag[ view_filter ] --END-- [ RunTime:0.001099s ]
[ 2013-04-26T17:09:40+08:00 ] INFO: Tag[ view_end ] --START--
[ 2013-04-26T17:09:40+08:00 ] INFO: Run ShowPageTrace Behavior [ RunTime:0.000145s ]
[ 2013-04-26T17:09:40+08:00 ] INFO: Tag[ view_end ] --END-- [ RunTime:0.000210s ]

------218.17.160.143 REQUEST_URI:/admin.php/Category/index/?_=1366967395662------
[ 2013-04-26T17:09:42+08:00 ] INFO: Tag[ route_check ] --START--
[ 2013-04-26T17:09:42+08:00 ] INFO: Run CheckRoute Behavior [ RunTime:0.000112s ]
[ 2013-04-26T17:09:42+08:00 ] INFO: Tag[ route_check ] --END-- [ RunTime:0.000253s ]
[ 2013-04-26T17:09:42+08:00 ] INFO: Tag[ app_begin ] --START--
[ 2013-04-26T17:09:42+08:00 ] INFO: Run ReadHtmlCache Behavior [ RunTime:0.000151s ]
[ 2013-04-26T17:09:42+08:00 ] INFO: Tag[ app_begin ] --END-- [ RunTime:0.000206s ]
[ 2013-04-26T17:09:43+08:00 ] SQL: SHOW COLUMNS FROM `ch_category` [ RunTime:0.004616s ]
[ 2013-04-26T17:09:43+08:00 ] SQL: SHOW COLUMNS FROM `ch_category` [ RunTime:0.001324s ]
[ 2013-04-26T17:09:43+08:00 ] SQL: SHOW COLUMNS FROM `ch_common` [ RunTime:0.001290s ]
[ 2013-04-26T17:09:43+08:00 ] NOTIC: [8] Undefined index: tid CommonAction.class.php 第 94 行.
[ 2013-04-26T17:09:43+08:00 ] SQL: SHOW COLUMNS FROM `ch_category` [ RunTime:0.000686s ]
[ 2013-04-26T17:09:43+08:00 ] SQL: SELECT COUNT(*) AS tp_count FROM `ch_category` LIMIT 1   [ RunTime:0.000246s ]
[ 2013-04-26T17:09:43+08:00 ] SQL: SELECT * FROM `ch_category` ORDER BY id desc LIMIT 0,20   [ RunTime:0.000267s ]
[ 2013-04-26T17:09:43+08:00 ] NOTIC: [8] Undefined index: pageNum CommonAction.class.php 第 168 行.
[ 2013-04-26T17:09:43+08:00 ] INFO: Tag[ view_template ] --START--
[ 2013-04-26T17:09:43+08:00 ] INFO: Run LocationTemplate Behavior [ RunTime:0.036929s ]
[ 2013-04-26T17:09:43+08:00 ] INFO: Tag[ view_template ] --END-- [ RunTime:0.037076s ]
[ 2013-04-26T17:09:43+08:00 ] INFO: Tag[ view_parse ] --START--
[ 2013-04-26T17:09:43+08:00 ] NOTIC: [8] Undefined index: title 9996a6abb28cf0eb83aa0908ee35a7c1.php 第 9 行.
[ 2013-04-26T17:09:43+08:00 ] NOTIC: [8] Undefined index: module 9996a6abb28cf0eb83aa0908ee35a7c1.php 第 15 行.
[ 2013-04-26T17:09:43+08:00 ] NOTIC: [8] Undefined index: module 9996a6abb28cf0eb83aa0908ee35a7c1.php 第 15 行.
[ 2013-04-26T17:09:43+08:00 ] NOTIC: [8] Undefined index: module 9996a6abb28cf0eb83aa0908ee35a7c1.php 第 15 行.
[ 2013-04-26T17:09:43+08:00 ] NOTIC: [8] Undefined index: module 9996a6abb28cf0eb83aa0908ee35a7c1.php 第 15 行.
[ 2013-04-26T17:09:43+08:00 ] NOTIC: [8] Undefined index: module 9996a6abb28cf0eb83aa0908ee35a7c1.php 第 15 行.
[ 2013-04-26T17:09:43+08:00 ] SQL: SHOW COLUMNS FROM `ch_category` [ RunTime:0.001866s ]
[ 2013-04-26T17:09:43+08:00 ] NOTIC: [8] Use of undefined constant __PUBLIC__ - assumed '__PUBLIC__' common.php 第 133 行.
[ 2013-04-26T17:09:43+08:00 ] SQL: SHOW COLUMNS FROM `ch_category` [ RunTime:0.004024s ]
[ 2013-04-26T17:09:43+08:00 ] NOTIC: [8] Use of undefined constant __PUBLIC__ - assumed '__PUBLIC__' common.php 第 133 行.
[ 2013-04-26T17:09:43+08:00 ] SQL: SHOW COLUMNS FROM `ch_category` [ RunTime:0.001627s ]
[ 2013-04-26T17:09:43+08:00 ] NOTIC: [8] Use of undefined constant __PUBLIC__ - assumed '__PUBLIC__' common.php 第 133 行.
[ 2013-04-26T17:09:43+08:00 ] SQL: SHOW COLUMNS FROM `ch_category` [ RunTime:0.000794s ]
[ 2013-04-26T17:09:43+08:00 ] NOTIC: [8] Use of undefined constant __PUBLIC__ - assumed '__PUBLIC__' common.php 第 133 行.
[ 2013-04-26T17:09:43+08:00 ] SQL: SHOW COLUMNS FROM `ch_category` [ RunTime:0.000733s ]
[ 2013-04-26T17:09:43+08:00 ] NOTIC: [8] Use of undefined constant __PUBLIC__ - assumed '__PUBLIC__' common.php 第 133 行.
[ 2013-04-26T17:09:43+08:00 ] SQL: SHOW COLUMNS FROM `ch_category` [ RunTime:0.000734s ]
[ 2013-04-26T17:09:43+08:00 ] NOTIC: [8] Use of undefined constant __PUBLIC__ - assumed '__PUBLIC__' common.php 第 133 行.
[ 2013-04-26T17:09:43+08:00 ] SQL: SHOW COLUMNS FROM `ch_category` [ RunTime:0.017711s ]
[ 2013-04-26T17:09:43+08:00 ] NOTIC: [8] Use of undefined constant __PUBLIC__ - assumed '__PUBLIC__' common.php 第 133 行.
[ 2013-04-26T17:09:43+08:00 ] SQL: SHOW COLUMNS FROM `ch_category` [ RunTime:0.004896s ]
[ 2013-04-26T17:09:43+08:00 ] NOTIC: [8] Use of undefined constant __PUBLIC__ - assumed '__PUBLIC__' common.php 第 133 行.
[ 2013-04-26T17:09:43+08:00 ] SQL: SHOW COLUMNS FROM `ch_category` [ RunTime:0.000811s ]
[ 2013-04-26T17:09:43+08:00 ] NOTIC: [8] Use of undefined constant __PUBLIC__ - assumed '__PUBLIC__' common.php 第 133 行.
[ 2013-04-26T17:09:43+08:00 ] SQL: SHOW COLUMNS FROM `ch_category` [ RunTime:0.004213s ]
[ 2013-04-26T17:09:43+08:00 ] NOTIC: [8] Use of undefined constant __PUBLIC__ - assumed '__PUBLIC__' common.php 第 133 行.
[ 2013-04-26T17:09:43+08:00 ] INFO: Run ParseTemplate Behavior [ RunTime:0.403200s ]
[ 2013-04-26T17:09:43+08:00 ] INFO: Tag[ view_parse ] --END-- [ RunTime:0.403266s ]
[ 2013-04-26T17:09:43+08:00 ] INFO: Tag[ view_filter ] --START--
[ 2013-04-26T17:09:43+08:00 ] INFO: Run ContentReplace Behavior [ RunTime:0.000325s ]
[ 2013-04-26T17:09:43+08:00 ] INFO: Run TokenBuild Behavior [ RunTime:0.000195s ]
[ 2013-04-26T17:09:43+08:00 ] INFO: Run WriteHtmlCache Behavior [ RunTime:0.000066s ]
[ 2013-04-26T17:09:43+08:00 ] INFO: Run ShowRuntime Behavior [ RunTime:0.000199s ]
[ 2013-04-26T17:09:43+08:00 ] INFO: Tag[ view_filter ] --END-- [ RunTime:0.001175s ]
[ 2013-04-26T17:09:43+08:00 ] INFO: Tag[ view_end ] --START--
[ 2013-04-26T17:09:43+08:00 ] INFO: Run ShowPageTrace Behavior [ RunTime:0.000127s ]
[ 2013-04-26T17:09:43+08:00 ] INFO: Tag[ view_end ] --END-- [ RunTime:0.000192s ]

------218.17.160.143 REQUEST_URI:/admin.php/Category/index/?title=&module=&__hash__=91976b136da326f29209cc2c9522ec8d_85caa615a3ee92966aa96a40c2b1c384&_=1366967410860------
[ 2013-04-26T17:09:58+08:00 ] INFO: Tag[ route_check ] --START--
[ 2013-04-26T17:09:58+08:00 ] INFO: Run CheckRoute Behavior [ RunTime:0.000121s ]
[ 2013-04-26T17:09:58+08:00 ] INFO: Tag[ route_check ] --END-- [ RunTime:0.000259s ]
[ 2013-04-26T17:09:58+08:00 ] INFO: Tag[ app_begin ] --START--
[ 2013-04-26T17:09:58+08:00 ] INFO: Run ReadHtmlCache Behavior [ RunTime:0.000204s ]
[ 2013-04-26T17:09:58+08:00 ] INFO: Tag[ app_begin ] --END-- [ RunTime:0.000257s ]
[ 2013-04-26T17:09:58+08:00 ] SQL: SHOW COLUMNS FROM `ch_category` [ RunTime:0.000700s ]
[ 2013-04-26T17:09:58+08:00 ] SQL: SHOW COLUMNS FROM `ch_category` [ RunTime:0.004004s ]
[ 2013-04-26T17:09:58+08:00 ] SQL: SHOW COLUMNS FROM `ch_common` [ RunTime:0.005057s ]
[ 2013-04-26T17:09:58+08:00 ] NOTIC: [8] Undefined index: tid CommonAction.class.php 第 94 行.
[ 2013-04-26T17:09:58+08:00 ] SQL: SHOW COLUMNS FROM `ch_category` [ RunTime:0.000821s ]
[ 2013-04-26T17:09:58+08:00 ] SQL: SELECT COUNT(*) AS tp_count FROM `ch_category` LIMIT 1   [ RunTime:0.000227s ]
[ 2013-04-26T17:09:58+08:00 ] SQL: SELECT * FROM `ch_category` ORDER BY id desc LIMIT 0,20   [ RunTime:0.000306s ]
[ 2013-04-26T17:09:58+08:00 ] NOTIC: [8] Undefined index: pageNum CommonAction.class.php 第 168 行.
[ 2013-04-26T17:09:58+08:00 ] INFO: Tag[ view_template ] --START--
[ 2013-04-26T17:09:58+08:00 ] INFO: Run LocationTemplate Behavior [ RunTime:0.000149s ]
[ 2013-04-26T17:09:58+08:00 ] INFO: Tag[ view_template ] --END-- [ RunTime:0.000211s ]
[ 2013-04-26T17:09:58+08:00 ] INFO: Tag[ view_parse ] --START--
[ 2013-04-26T17:09:58+08:00 ] SQL: SHOW COLUMNS FROM `ch_category` [ RunTime:0.000933s ]
[ 2013-04-26T17:09:58+08:00 ] NOTIC: [8] Use of undefined constant __PUBLIC__ - assumed '__PUBLIC__' common.php 第 120 行.
[ 2013-04-26T17:09:58+08:00 ] SQL: SHOW COLUMNS FROM `ch_category` [ RunTime:0.000885s ]
[ 2013-04-26T17:09:58+08:00 ] NOTIC: [8] Use of undefined constant __PUBLIC__ - assumed '__PUBLIC__' common.php 第 133 行.
[ 2013-04-26T17:09:58+08:00 ] SQL: SHOW COLUMNS FROM `ch_category` [ RunTime:0.000750s ]
[ 2013-04-26T17:09:58+08:00 ] NOTIC: [8] Use of undefined constant __PUBLIC__ - assumed '__PUBLIC__' common.php 第 133 行.
[ 2013-04-26T17:09:58+08:00 ] SQL: SHOW COLUMNS FROM `ch_category` [ RunTime:0.000821s ]
[ 2013-04-26T17:09:58+08:00 ] NOTIC: [8] Use of undefined constant __PUBLIC__ - assumed '__PUBLIC__' common.php 第 133 行.
[ 2013-04-26T17:09:58+08:00 ] SQL: SHOW COLUMNS FROM `ch_category` [ RunTime:0.000894s ]
[ 2013-04-26T17:09:58+08:00 ] NOTIC: [8] Use of undefined constant __PUBLIC__ - assumed '__PUBLIC__' common.php 第 133 行.
[ 2013-04-26T17:09:58+08:00 ] SQL: SHOW COLUMNS FROM `ch_category` [ RunTime:0.000924s ]
[ 2013-04-26T17:09:58+08:00 ] NOTIC: [8] Use of undefined constant __PUBLIC__ - assumed '__PUBLIC__' common.php 第 133 行.
[ 2013-04-26T17:09:58+08:00 ] SQL: SHOW COLUMNS FROM `ch_category` [ RunTime:0.002607s ]
[ 2013-04-26T17:09:58+08:00 ] NOTIC: [8] Use of undefined constant __PUBLIC__ - assumed '__PUBLIC__' common.php 第 133 行.
[ 2013-04-26T17:09:58+08:00 ] SQL: SHOW COLUMNS FROM `ch_category` [ RunTime:0.003901s ]
[ 2013-04-26T17:09:58+08:00 ] NOTIC: [8] Use of undefined constant __PUBLIC__ - assumed '__PUBLIC__' common.php 第 133 行.
[ 2013-04-26T17:09:58+08:00 ] SQL: SHOW COLUMNS FROM `ch_category` [ RunTime:0.001206s ]
[ 2013-04-26T17:09:58+08:00 ] NOTIC: [8] Use of undefined constant __PUBLIC__ - assumed '__PUBLIC__' common.php 第 133 行.
[ 2013-04-26T17:09:58+08:00 ] SQL: SHOW COLUMNS FROM `ch_category` [ RunTime:0.295135s ]
[ 2013-04-26T17:09:58+08:00 ] NOTIC: [8] Use of undefined constant __PUBLIC__ - assumed '__PUBLIC__' common.php 第 133 行.
[ 2013-04-26T17:09:58+08:00 ] INFO: Run ParseTemplate Behavior [ RunTime:0.325723s ]
[ 2013-04-26T17:09:58+08:00 ] INFO: Tag[ view_parse ] --END-- [ RunTime:0.325783s ]
[ 2013-04-26T17:09:58+08:00 ] INFO: Tag[ view_filter ] --START--
[ 2013-04-26T17:09:58+08:00 ] INFO: Run ContentReplace Behavior [ RunTime:0.000257s ]
[ 2013-04-26T17:09:58+08:00 ] INFO: Run TokenBuild Behavior [ RunTime:0.000200s ]
[ 2013-04-26T17:09:58+08:00 ] INFO: Run WriteHtmlCache Behavior [ RunTime:0.000086s ]
[ 2013-04-26T17:09:58+08:00 ] INFO: Run ShowRuntime Behavior [ RunTime:0.000346s ]
[ 2013-04-26T17:09:58+08:00 ] INFO: Tag[ view_filter ] --END-- [ RunTime:0.001053s ]
[ 2013-04-26T17:09:58+08:00 ] INFO: Tag[ view_end ] --START--
[ 2013-04-26T17:09:58+08:00 ] INFO: Run ShowPageTrace Behavior [ RunTime:0.000129s ]
[ 2013-04-26T17:09:58+08:00 ] INFO: Tag[ view_end ] --END-- [ RunTime:0.000190s ]

------218.17.160.143 REQUEST_URI:/admin.php/Category/index/?title=&module=&__hash__=56ef4f7916683175de577d3dd54cec26_5b5decd3cbcbbdeaeb1afc354780de16&_=1366967413801------
[ 2013-04-26T17:10:01+08:00 ] INFO: Tag[ route_check ] --START--
[ 2013-04-26T17:10:01+08:00 ] INFO: Run CheckRoute Behavior [ RunTime:0.000145s ]
[ 2013-04-26T17:10:01+08:00 ] INFO: Tag[ route_check ] --END-- [ RunTime:0.000283s ]
[ 2013-04-26T17:10:01+08:00 ] INFO: Tag[ app_begin ] --START--
[ 2013-04-26T17:10:01+08:00 ] INFO: Run ReadHtmlCache Behavior [ RunTime:0.000103s ]
[ 2013-04-26T17:10:01+08:00 ] INFO: Tag[ app_begin ] --END-- [ RunTime:0.000155s ]
[ 2013-04-26T17:10:01+08:00 ] SQL: SHOW COLUMNS FROM `ch_category` [ RunTime:0.001616s ]
[ 2013-04-26T17:10:01+08:00 ] SQL: SHOW COLUMNS FROM `ch_category` [ RunTime:0.001896s ]
[ 2013-04-26T17:10:01+08:00 ] SQL: SHOW COLUMNS FROM `ch_common` [ RunTime:0.001455s ]
[ 2013-04-26T17:10:01+08:00 ] NOTIC: [8] Undefined index: tid CommonAction.class.php 第 94 行.
[ 2013-04-26T17:10:01+08:00 ] SQL: SHOW COLUMNS FROM `ch_category` [ RunTime:0.001151s ]
[ 2013-04-26T17:10:01+08:00 ] SQL: SELECT COUNT(*) AS tp_count FROM `ch_category` LIMIT 1   [ RunTime:0.001003s ]
[ 2013-04-26T17:10:01+08:00 ] SQL: SELECT * FROM `ch_category` ORDER BY id desc LIMIT 0,20   [ RunTime:0.001063s ]
[ 2013-04-26T17:10:01+08:00 ] NOTIC: [8] Undefined index: pageNum CommonAction.class.php 第 168 行.
[ 2013-04-26T17:10:01+08:00 ] INFO: Tag[ view_template ] --START--
[ 2013-04-26T17:10:01+08:00 ] INFO: Run LocationTemplate Behavior [ RunTime:0.000115s ]
[ 2013-04-26T17:10:01+08:00 ] INFO: Tag[ view_template ] --END-- [ RunTime:0.000178s ]
[ 2013-04-26T17:10:01+08:00 ] INFO: Tag[ view_parse ] --START--
[ 2013-04-26T17:10:01+08:00 ] SQL: SHOW COLUMNS FROM `ch_category` [ RunTime:0.000974s ]
[ 2013-04-26T17:10:01+08:00 ] NOTIC: [8] Use of undefined constant __PUBLIC__ - assumed '__PUBLIC__' common.php 第 133 行.
[ 2013-04-26T17:10:01+08:00 ] SQL: SHOW COLUMNS FROM `ch_category` [ RunTime:0.000924s ]
[ 2013-04-26T17:10:01+08:00 ] NOTIC: [8] Use of undefined constant __PUBLIC__ - assumed '__PUBLIC__' common.php 第 133 行.
[ 2013-04-26T17:10:01+08:00 ] SQL: SHOW COLUMNS FROM `ch_category` [ RunTime:0.000850s ]
[ 2013-04-26T17:10:01+08:00 ] NOTIC: [8] Use of undefined constant __PUBLIC__ - assumed '__PUBLIC__' common.php 第 133 行.
[ 2013-04-26T17:10:01+08:00 ] SQL: SHOW COLUMNS FROM `ch_category` [ RunTime:0.000944s ]
[ 2013-04-26T17:10:01+08:00 ] NOTIC: [8] Use of undefined constant __PUBLIC__ - assumed '__PUBLIC__' common.php 第 133 行.
[ 2013-04-26T17:10:01+08:00 ] SQL: SHOW COLUMNS FROM `ch_category` [ RunTime:0.000927s ]
[ 2013-04-26T17:10:01+08:00 ] NOTIC: [8] Use of undefined constant __PUBLIC__ - assumed '__PUBLIC__' common.php 第 133 行.
[ 2013-04-26T17:10:01+08:00 ] SQL: SHOW COLUMNS FROM `ch_category` [ RunTime:0.001003s ]
[ 2013-04-26T17:10:01+08:00 ] NOTIC: [8] Use of undefined constant __PUBLIC__ - assumed '__PUBLIC__' common.php 第 133 行.
[ 2013-04-26T17:10:01+08:00 ] SQL: SHOW COLUMNS FROM `ch_category` [ RunTime:0.000906s ]
[ 2013-04-26T17:10:01+08:00 ] NOTIC: [8] Use of undefined constant __PUBLIC__ - assumed '__PUBLIC__' common.php 第 133 行.
[ 2013-04-26T17:10:01+08:00 ] SQL: SHOW COLUMNS FROM `ch_category` [ RunTime:0.000984s ]
[ 2013-04-26T17:10:01+08:00 ] NOTIC: [8] Use of undefined constant __PUBLIC__ - assumed '__PUBLIC__' common.php 第 133 行.
[ 2013-04-26T17:10:01+08:00 ] SQL: SHOW COLUMNS FROM `ch_category` [ RunTime:0.000892s ]
[ 2013-04-26T17:10:01+08:00 ] NOTIC: [8] Use of undefined constant __PUBLIC__ - assumed '__PUBLIC__' common.php 第 133 行.
[ 2013-04-26T17:10:01+08:00 ] SQL: SHOW COLUMNS FROM `ch_category` [ RunTime:0.000778s ]
[ 2013-04-26T17:10:01+08:00 ] NOTIC: [8] Use of undefined constant __PUBLIC__ - assumed '__PUBLIC__' common.php 第 133 行.
[ 2013-04-26T17:10:01+08:00 ] INFO: Run ParseTemplate Behavior [ RunTime:0.022943s ]
[ 2013-04-26T17:10:01+08:00 ] INFO: Tag[ view_parse ] --END-- [ RunTime:0.023002s ]
[ 2013-04-26T17:10:01+08:00 ] INFO: Tag[ view_filter ] --START--
[ 2013-04-26T17:10:01+08:00 ] INFO: Run ContentReplace Behavior [ RunTime:0.000292s ]
[ 2013-04-26T17:10:01+08:00 ] INFO: Run TokenBuild Behavior [ RunTime:0.000255s ]
[ 2013-04-26T17:10:01+08:00 ] INFO: Run WriteHtmlCache Behavior [ RunTime:0.000073s ]
[ 2013-04-26T17:10:01+08:00 ] INFO: Run ShowRuntime Behavior [ RunTime:0.000244s ]
[ 2013-04-26T17:10:01+08:00 ] INFO: Tag[ view_filter ] --END-- [ RunTime:0.001102s ]
[ 2013-04-26T17:10:01+08:00 ] INFO: Tag[ view_end ] --START--
[ 2013-04-26T17:10:01+08:00 ] INFO: Run ShowPageTrace Behavior [ RunTime:0.000172s ]
[ 2013-04-26T17:10:01+08:00 ] INFO: Tag[ view_end ] --END-- [ RunTime:0.000235s ]

------218.17.160.143 REQUEST_URI:/admin.php/Photo/index/?_=1366967419583------
[ 2013-04-26T17:10:06+08:00 ] INFO: Tag[ route_check ] --START--
[ 2013-04-26T17:10:06+08:00 ] INFO: Run CheckRoute Behavior [ RunTime:0.000123s ]
[ 2013-04-26T17:10:06+08:00 ] INFO: Tag[ route_check ] --END-- [ RunTime:0.000316s ]
[ 2013-04-26T17:10:06+08:00 ] INFO: Tag[ app_begin ] --START--
[ 2013-04-26T17:10:06+08:00 ] INFO: Run ReadHtmlCache Behavior [ RunTime:0.000102s ]
[ 2013-04-26T17:10:06+08:00 ] INFO: Tag[ app_begin ] --END-- [ RunTime:0.000153s ]
[ 2013-04-26T17:10:07+08:00 ] SQL: SHOW COLUMNS FROM `ch_photo` [ RunTime:0.000735s ]
[ 2013-04-26T17:10:07+08:00 ] SQL: SHOW COLUMNS FROM `ch_common` [ RunTime:0.000430s ]
[ 2013-04-26T17:10:07+08:00 ] NOTIC: [8] Undefined index: tid CommonAction.class.php 第 94 行.
[ 2013-04-26T17:10:07+08:00 ] SQL: SHOW COLUMNS FROM `ch_photo` [ RunTime:0.000704s ]
[ 2013-04-26T17:10:07+08:00 ] SQL: SELECT COUNT(*) AS tp_count FROM `ch_photo` LIMIT 1   [ RunTime:0.003071s ]
[ 2013-04-26T17:10:08+08:00 ] SQL: SELECT * FROM `ch_photo` ORDER BY id desc LIMIT 0,20   [ RunTime:0.102803s ]
[ 2013-04-26T17:10:08+08:00 ] NOTIC: [8] Undefined index: pageNum CommonAction.class.php 第 168 行.
[ 2013-04-26T17:10:08+08:00 ] INFO: Tag[ view_template ] --START--
[ 2013-04-26T17:10:08+08:00 ] INFO: Run LocationTemplate Behavior [ RunTime:0.061479s ]
[ 2013-04-26T17:10:08+08:00 ] INFO: Tag[ view_template ] --END-- [ RunTime:0.061700s ]
[ 2013-04-26T17:10:08+08:00 ] INFO: Tag[ view_parse ] --START--
[ 2013-04-26T17:10:08+08:00 ] NOTIC: [8] Undefined index: title 35cd45e12b94a2846ef6b7de6a4a1046.php 第 3 行.
[ 2013-04-26T17:10:08+08:00 ] NOTIC: [8] Undefined index: title 35cd45e12b94a2846ef6b7de6a4a1046.php 第 15 行.
[ 2013-04-26T17:10:08+08:00 ] SQL: SHOW COLUMNS FROM `ch_category` [ RunTime:0.030621s ]
[ 2013-04-26T17:10:08+08:00 ] NOTIC: [8] Undefined variable: str common.php 第 370 行.
[ 2013-04-26T17:10:08+08:00 ] NOTIC: [8] Undefined variable: str common.php 第 370 行.
[ 2013-04-26T17:10:08+08:00 ] NOTIC: [8] Use of undefined constant __PUBLIC__ - assumed '__PUBLIC__' common.php 第 133 行.
[ 2013-04-26T17:10:08+08:00 ] SQL: SHOW COLUMNS FROM `ch_category` [ RunTime:0.000796s ]
[ 2013-04-26T17:10:08+08:00 ] NOTIC: [8] Undefined variable: str common.php 第 370 行.
[ 2013-04-26T17:10:08+08:00 ] NOTIC: [8] Undefined variable: str common.php 第 370 行.
[ 2013-04-26T17:10:08+08:00 ] NOTIC: [8] Use of undefined constant __PUBLIC__ - assumed '__PUBLIC__' common.php 第 133 行.
[ 2013-04-26T17:10:08+08:00 ] SQL: SHOW COLUMNS FROM `ch_category` [ RunTime:0.003446s ]
[ 2013-04-26T17:10:08+08:00 ] NOTIC: [8] Undefined variable: str common.php 第 370 行.
[ 2013-04-26T17:10:08+08:00 ] NOTIC: [8] Undefined variable: str common.php 第 370 行.
[ 2013-04-26T17:10:08+08:00 ] NOTIC: [8] Use of undefined constant __PUBLIC__ - assumed '__PUBLIC__' common.php 第 133 行.
[ 2013-04-26T17:10:08+08:00 ] INFO: Run ParseTemplate Behavior [ RunTime:0.094556s ]
[ 2013-04-26T17:10:08+08:00 ] INFO: Tag[ view_parse ] --END-- [ RunTime:0.094624s ]
[ 2013-04-26T17:10:08+08:00 ] INFO: Tag[ view_filter ] --START--
[ 2013-04-26T17:10:08+08:00 ] INFO: Run ContentReplace Behavior [ RunTime:0.000213s ]
[ 2013-04-26T17:10:08+08:00 ] INFO: Run TokenBuild Behavior [ RunTime:0.000160s ]
[ 2013-04-26T17:10:08+08:00 ] INFO: Run WriteHtmlCache Behavior [ RunTime:0.000064s ]
[ 2013-04-26T17:10:08+08:00 ] INFO: Run ShowRuntime Behavior [ RunTime:0.000252s ]
[ 2013-04-26T17:10:08+08:00 ] INFO: Tag[ view_filter ] --END-- [ RunTime:0.000829s ]
[ 2013-04-26T17:10:08+08:00 ] INFO: Tag[ view_end ] --START--
[ 2013-04-26T17:10:08+08:00 ] INFO: Run ShowPageTrace Behavior [ RunTime:0.000082s ]
[ 2013-04-26T17:10:08+08:00 ] INFO: Tag[ view_end ] --END-- [ RunTime:0.000131s ]

------218.17.160.143 REQUEST_URI:/admin.php/Video/index/?_=1366967426061------
[ 2013-04-26T17:10:13+08:00 ] INFO: Tag[ route_check ] --START--
[ 2013-04-26T17:10:13+08:00 ] INFO: Run CheckRoute Behavior [ RunTime:0.000212s ]
[ 2013-04-26T17:10:13+08:00 ] INFO: Tag[ route_check ] --END-- [ RunTime:0.000387s ]
[ 2013-04-26T17:10:13+08:00 ] INFO: Tag[ app_begin ] --START--
[ 2013-04-26T17:10:13+08:00 ] INFO: Run ReadHtmlCache Behavior [ RunTime:0.000126s ]
[ 2013-04-26T17:10:13+08:00 ] INFO: Tag[ app_begin ] --END-- [ RunTime:0.000190s ]
[ 2013-04-26T17:10:13+08:00 ] SQL: SHOW COLUMNS FROM `ch_video` [ RunTime:0.086406s ]
[ 2013-04-26T17:10:13+08:00 ] SQL: SHOW COLUMNS FROM `ch_common` [ RunTime:0.000949s ]
[ 2013-04-26T17:10:13+08:00 ] NOTIC: [8] Undefined index: tid CommonAction.class.php 第 94 行.
[ 2013-04-26T17:10:13+08:00 ] SQL: SHOW COLUMNS FROM `ch_video` [ RunTime:0.001029s ]
[ 2013-04-26T17:10:13+08:00 ] SQL: SELECT COUNT(*) AS tp_count FROM `ch_video` LIMIT 1   [ RunTime:0.000330s ]
[ 2013-04-26T17:10:13+08:00 ] SQL: SELECT * FROM `ch_video` ORDER BY id desc LIMIT 0,20   [ RunTime:0.140285s ]
[ 2013-04-26T17:10:13+08:00 ] NOTIC: [8] Undefined index: pageNum CommonAction.class.php 第 168 行.
[ 2013-04-26T17:10:13+08:00 ] INFO: Tag[ view_template ] --START--
[ 2013-04-26T17:10:14+08:00 ] INFO: Run LocationTemplate Behavior [ RunTime:0.195545s ]
[ 2013-04-26T17:10:14+08:00 ] INFO: Tag[ view_template ] --END-- [ RunTime:0.195816s ]
[ 2013-04-26T17:10:14+08:00 ] INFO: Tag[ view_parse ] --START--
[ 2013-04-26T17:10:14+08:00 ] NOTIC: [8] Undefined index: title 10eee49b436a03f9282a9bbbdb8ecbd0.php 第 10 行.
[ 2013-04-26T17:10:14+08:00 ] SQL: SHOW COLUMNS FROM `ch_category` [ RunTime:0.001082s ]
[ 2013-04-26T17:10:14+08:00 ] NOTIC: [8] Undefined variable: str common.php 第 372 行.
[ 2013-04-26T17:10:14+08:00 ] NOTIC: [8] Undefined index: template 10eee49b436a03f9282a9bbbdb8ecbd0.php 第 58 行.
[ 2013-04-26T17:10:14+08:00 ] NOTIC: [8] Use of undefined constant __PUBLIC__ - assumed '__PUBLIC__' common.php 第 133 行.
[ 2013-04-26T17:10:14+08:00 ] INFO: Run ParseTemplate Behavior [ RunTime:0.180169s ]
[ 2013-04-26T17:10:14+08:00 ] INFO: Tag[ view_parse ] --END-- [ RunTime:0.180244s ]
[ 2013-04-26T17:10:14+08:00 ] INFO: Tag[ view_filter ] --START--
[ 2013-04-26T17:10:14+08:00 ] INFO: Run ContentReplace Behavior [ RunTime:0.000195s ]
[ 2013-04-26T17:10:14+08:00 ] INFO: Run TokenBuild Behavior [ RunTime:0.000202s ]
[ 2013-04-26T17:10:14+08:00 ] INFO: Run WriteHtmlCache Behavior [ RunTime:0.000088s ]
[ 2013-04-26T17:10:14+08:00 ] INFO: Run ShowRuntime Behavior [ RunTime:0.000234s ]
[ 2013-04-26T17:10:14+08:00 ] INFO: Tag[ view_filter ] --END-- [ RunTime:0.000950s ]
[ 2013-04-26T17:10:14+08:00 ] INFO: Tag[ view_end ] --START--
[ 2013-04-26T17:10:14+08:00 ] INFO: Run ShowPageTrace Behavior [ RunTime:0.000103s ]
[ 2013-04-26T17:10:14+08:00 ] INFO: Tag[ view_end ] --END-- [ RunTime:0.000155s ]

------218.17.160.143 REQUEST_URI:/admin.php/Music/index/?_=1366967428148------
[ 2013-04-26T17:10:15+08:00 ] INFO: Tag[ route_check ] --START--
[ 2013-04-26T17:10:15+08:00 ] INFO: Run CheckRoute Behavior [ RunTime:0.000360s ]
[ 2013-04-26T17:10:15+08:00 ] INFO: Tag[ route_check ] --END-- [ RunTime:0.000545s ]
[ 2013-04-26T17:10:15+08:00 ] INFO: Tag[ app_begin ] --START--
[ 2013-04-26T17:10:15+08:00 ] INFO: Run ReadHtmlCache Behavior [ RunTime:0.000160s ]
[ 2013-04-26T17:10:15+08:00 ] INFO: Tag[ app_begin ] --END-- [ RunTime:0.000234s ]
[ 2013-04-26T17:10:15+08:00 ] SQL: SHOW COLUMNS FROM `ch_music` [ RunTime:0.000949s ]
[ 2013-04-26T17:10:15+08:00 ] SQL: SHOW COLUMNS FROM `ch_common` [ RunTime:0.001034s ]
[ 2013-04-26T17:10:15+08:00 ] NOTIC: [8] Undefined index: tid CommonAction.class.php 第 94 行.
[ 2013-04-26T17:10:15+08:00 ] SQL: SHOW COLUMNS FROM `ch_music` [ RunTime:0.000853s ]
[ 2013-04-26T17:10:15+08:00 ] SQL: SELECT COUNT(*) AS tp_count FROM `ch_music` LIMIT 1   [ RunTime:0.000203s ]
[ 2013-04-26T17:10:15+08:00 ] SQL: SELECT * FROM `ch_music` ORDER BY id desc LIMIT 0,20   [ RunTime:0.106940s ]
[ 2013-04-26T17:10:15+08:00 ] NOTIC: [8] Undefined index: pageNum CommonAction.class.php 第 168 行.
[ 2013-04-26T17:10:15+08:00 ] INFO: Tag[ view_template ] --START--
[ 2013-04-26T17:10:16+08:00 ] INFO: Run LocationTemplate Behavior [ RunTime:0.404524s ]
[ 2013-04-26T17:10:16+08:00 ] INFO: Tag[ view_template ] --END-- [ RunTime:0.404645s ]
[ 2013-04-26T17:10:16+08:00 ] INFO: Tag[ view_parse ] --START--
[ 2013-04-26T17:10:16+08:00 ] NOTIC: [8] Undefined index: title 506ebb54ab2e9841e2be9e219da173a3.php 第 10 行.
[ 2013-04-26T17:10:16+08:00 ] SQL: SHOW COLUMNS FROM `ch_category` [ RunTime:0.001009s ]
[ 2013-04-26T17:10:16+08:00 ] NOTIC: [8] Undefined variable: str common.php 第 372 行.
[ 2013-04-26T17:10:16+08:00 ] NOTIC: [8] Use of undefined constant __PUBLIC__ - assumed '__PUBLIC__' common.php 第 133 行.
[ 2013-04-26T17:10:16+08:00 ] SQL: SHOW COLUMNS FROM `ch_category` [ RunTime:0.000960s ]
[ 2013-04-26T17:10:16+08:00 ] NOTIC: [8] Undefined variable: str common.php 第 372 行.
[ 2013-04-26T17:10:16+08:00 ] NOTIC: [8] Use of undefined constant __PUBLIC__ - assumed '__PUBLIC__' common.php 第 133 行.
[ 2013-04-26T17:10:16+08:00 ] INFO: Run ParseTemplate Behavior [ RunTime:0.679468s ]
[ 2013-04-26T17:10:16+08:00 ] INFO: Tag[ view_parse ] --END-- [ RunTime:0.679533s ]
[ 2013-04-26T17:10:16+08:00 ] INFO: Tag[ view_filter ] --START--
[ 2013-04-26T17:10:16+08:00 ] INFO: Run ContentReplace Behavior [ RunTime:0.000209s ]
[ 2013-04-26T17:10:16+08:00 ] INFO: Run TokenBuild Behavior [ RunTime:0.000187s ]
[ 2013-04-26T17:10:16+08:00 ] INFO: Run WriteHtmlCache Behavior [ RunTime:0.000087s ]
[ 2013-04-26T17:10:16+08:00 ] INFO: Run ShowRuntime Behavior [ RunTime:0.000316s ]
[ 2013-04-26T17:10:16+08:00 ] INFO: Tag[ view_filter ] --END-- [ RunTime:0.000967s ]
[ 2013-04-26T17:10:16+08:00 ] INFO: Tag[ view_end ] --START--
[ 2013-04-26T17:10:16+08:00 ] INFO: Run ShowPageTrace Behavior [ RunTime:0.000103s ]
[ 2013-04-26T17:10:16+08:00 ] INFO: Tag[ view_end ] --END-- [ RunTime:0.000186s ]

------218.17.160.143 REQUEST_URI:/admin.php/Message/index/?_=1366967430729------
[ 2013-04-26T17:10:17+08:00 ] INFO: Tag[ route_check ] --START--
[ 2013-04-26T17:10:17+08:00 ] INFO: Run CheckRoute Behavior [ RunTime:0.000134s ]
[ 2013-04-26T17:10:17+08:00 ] INFO: Tag[ route_check ] --END-- [ RunTime:0.000297s ]
[ 2013-04-26T17:10:17+08:00 ] INFO: Tag[ app_begin ] --START--
[ 2013-04-26T17:10:17+08:00 ] INFO: Run ReadHtmlCache Behavior [ RunTime:0.000127s ]
[ 2013-04-26T17:10:17+08:00 ] INFO: Tag[ app_begin ] --END-- [ RunTime:0.000180s ]
[ 2013-04-26T17:10:18+08:00 ] SQL: SHOW COLUMNS FROM `ch_message` [ RunTime:0.000724s ]
[ 2013-04-26T17:10:18+08:00 ] SQL: SHOW COLUMNS FROM `ch_common` [ RunTime:0.000342s ]
[ 2013-04-26T17:10:18+08:00 ] NOTIC: [8] Undefined index: tid CommonAction.class.php 第 94 行.
[ 2013-04-26T17:10:18+08:00 ] SQL: SHOW COLUMNS FROM `ch_message` [ RunTime:0.000598s ]
[ 2013-04-26T17:10:18+08:00 ] SQL: SELECT COUNT(*) AS tp_count FROM `ch_message` LIMIT 1   [ RunTime:0.000821s ]
[ 2013-04-26T17:10:18+08:00 ] SQL: SELECT * FROM `ch_message` ORDER BY id desc LIMIT 0,20   [ RunTime:0.000410s ]
[ 2013-04-26T17:10:18+08:00 ] NOTIC: [8] Undefined index: pageNum CommonAction.class.php 第 168 行.
[ 2013-04-26T17:10:18+08:00 ] INFO: Tag[ view_template ] --START--
[ 2013-04-26T17:10:18+08:00 ] INFO: Run LocationTemplate Behavior [ RunTime:0.003475s ]
[ 2013-04-26T17:10:18+08:00 ] INFO: Tag[ view_template ] --END-- [ RunTime:0.003584s ]
[ 2013-04-26T17:10:18+08:00 ] INFO: Tag[ view_parse ] --START--
[ 2013-04-26T17:10:18+08:00 ] NOTIC: [8] Undefined index: content 6940148c4264bf53a32a24eb27c558a3.php 第 10 行.
[ 2013-04-26T17:10:18+08:00 ] NOTIC: [8] Undefined index: pid 6940148c4264bf53a32a24eb27c558a3.php 第 14 行.
[ 2013-04-26T17:10:18+08:00 ] NOTIC: [8] Undefined index: aid 6940148c4264bf53a32a24eb27c558a3.php 第 18 行.
[ 2013-04-26T17:10:18+08:00 ] NOTIC: [8] Use of undefined constant __PUBLIC__ - assumed '__PUBLIC__' common.php 第 133 行.
[ 2013-04-26T17:10:18+08:00 ] NOTIC: [8] Use of undefined constant __PUBLIC__ - assumed '__PUBLIC__' common.php 第 133 行.
[ 2013-04-26T17:10:18+08:00 ] INFO: Run ParseTemplate Behavior [ RunTime:0.131062s ]
[ 2013-04-26T17:10:18+08:00 ] INFO: Tag[ view_parse ] --END-- [ RunTime:0.131135s ]
[ 2013-04-26T17:10:18+08:00 ] INFO: Tag[ view_filter ] --START--
[ 2013-04-26T17:10:18+08:00 ] INFO: Run ContentReplace Behavior [ RunTime:0.000217s ]
[ 2013-04-26T17:10:18+08:00 ] INFO: Run TokenBuild Behavior [ RunTime:0.000168s ]
[ 2013-04-26T17:10:18+08:00 ] INFO: Run WriteHtmlCache Behavior [ RunTime:0.000070s ]
[ 2013-04-26T17:10:18+08:00 ] INFO: Run ShowRuntime Behavior [ RunTime:0.000198s ]
[ 2013-04-26T17:10:18+08:00 ] INFO: Tag[ view_filter ] --END-- [ RunTime:0.000801s ]
[ 2013-04-26T17:10:18+08:00 ] INFO: Tag[ view_end ] --START--
[ 2013-04-26T17:10:18+08:00 ] INFO: Run ShowPageTrace Behavior [ RunTime:0.000080s ]
[ 2013-04-26T17:10:18+08:00 ] INFO: Tag[ view_end ] --END-- [ RunTime:0.000140s ]

------218.17.160.143 REQUEST_URI:/admin.php/index/index------
[ 2013-04-26T17:10:27+08:00 ] INFO: Tag[ route_check ] --START--
[ 2013-04-26T17:10:27+08:00 ] INFO: Run CheckRoute Behavior [ RunTime:0.000121s ]
[ 2013-04-26T17:10:27+08:00 ] INFO: Tag[ route_check ] --END-- [ RunTime:0.000251s ]
[ 2013-04-26T17:10:27+08:00 ] NOTIC: [8] Undefined index: HTTP_X_REQUESTED_WITH App.class.php 第 50 行.
[ 2013-04-26T17:10:27+08:00 ] INFO: Tag[ app_begin ] --START--
[ 2013-04-26T17:10:27+08:00 ] INFO: Run ReadHtmlCache Behavior [ RunTime:0.000261s ]
[ 2013-04-26T17:10:27+08:00 ] INFO: Tag[ app_begin ] --END-- [ RunTime:0.000314s ]
[ 2013-04-26T17:10:27+08:00 ] SQL: SHOW COLUMNS FROM `ch_node` [ RunTime:0.001560s ]
[ 2013-04-26T17:10:27+08:00 ] SQL: SELECT `id` FROM `ch_node` LIMIT 1   [ RunTime:0.000092s ]
[ 2013-04-26T17:10:27+08:00 ] NOTIC: [8] Undefined index: _type Model.class.php 第 690 行.
[ 2013-04-26T17:10:27+08:00 ] NOTIC: [8] Undefined index: _type Model.class.php 第 690 行.
[ 2013-04-26T17:10:27+08:00 ] NOTIC: [8] Undefined index: _type Model.class.php 第 690 行.
[ 2013-04-26T17:10:27+08:00 ] SQL: SELECT `id`,`name`,`group_id`,`title` FROM `ch_node` WHERE ( `level` = 2 ) AND ( `status` = 1 ) AND ( `pid` = '1' ) ORDER BY group_id desc,sort asc  [ RunTime:0.000086s ]
[ 2013-04-26T17:10:27+08:00 ] NOTIC: [8] Undefined index: _ACCESS_LIST IndexAction.class.php 第 17 行.
[ 2013-04-26T17:10:27+08:00 ] INFO: Tag[ view_template ] --START--
[ 2013-04-26T17:10:27+08:00 ] INFO: Run LocationTemplate Behavior [ RunTime:0.000123s ]
[ 2013-04-26T17:10:27+08:00 ] INFO: Tag[ view_template ] --END-- [ RunTime:0.000179s ]
[ 2013-04-26T17:10:27+08:00 ] INFO: Tag[ view_parse ] --START--
[ 2013-04-26T17:10:27+08:00 ] INFO: Run ParseTemplate Behavior [ RunTime:0.529390s ]
[ 2013-04-26T17:10:27+08:00 ] INFO: Tag[ view_parse ] --END-- [ RunTime:0.529469s ]
[ 2013-04-26T17:10:27+08:00 ] INFO: Tag[ view_filter ] --START--
[ 2013-04-26T17:10:27+08:00 ] INFO: Run ContentReplace Behavior [ RunTime:0.000242s ]
[ 2013-04-26T17:10:27+08:00 ] INFO: Run TokenBuild Behavior [ RunTime:0.000149s ]
[ 2013-04-26T17:10:27+08:00 ] INFO: Run WriteHtmlCache Behavior [ RunTime:0.000082s ]
[ 2013-04-26T17:10:27+08:00 ] INFO: Run ShowRuntime Behavior [ RunTime:0.000130s ]
[ 2013-04-26T17:10:27+08:00 ] INFO: Tag[ view_filter ] --END-- [ RunTime:0.000747s ]
[ 2013-04-26T17:10:27+08:00 ] INFO: Tag[ view_end ] --START--
[ 2013-04-26T17:10:27+08:00 ] INFO: Run ShowPageTrace Behavior [ RunTime:0.000090s ]
[ 2013-04-26T17:10:27+08:00 ] INFO: Tag[ view_end ] --END-- [ RunTime:0.000150s ]

------218.17.160.143 REQUEST_URI:/admin.php/index/index------
[ 2013-04-26T17:10:36+08:00 ] INFO: Tag[ route_check ] --START--
[ 2013-04-26T17:10:36+08:00 ] INFO: Run CheckRoute Behavior [ RunTime:0.000108s ]
[ 2013-04-26T17:10:36+08:00 ] INFO: Tag[ route_check ] --END-- [ RunTime:0.000235s ]
[ 2013-04-26T17:10:36+08:00 ] NOTIC: [8] Undefined index: HTTP_X_REQUESTED_WITH App.class.php 第 50 行.
[ 2013-04-26T17:10:36+08:00 ] INFO: Tag[ app_begin ] --START--
[ 2013-04-26T17:10:36+08:00 ] INFO: Run ReadHtmlCache Behavior [ RunTime:0.000098s ]
[ 2013-04-26T17:10:36+08:00 ] INFO: Tag[ app_begin ] --END-- [ RunTime:0.000147s ]
[ 2013-04-26T17:10:36+08:00 ] SQL: SHOW COLUMNS FROM `ch_node` [ RunTime:0.000789s ]
[ 2013-04-26T17:10:36+08:00 ] SQL: SELECT `id` FROM `ch_node` LIMIT 1   [ RunTime:0.000076s ]
[ 2013-04-26T17:10:36+08:00 ] NOTIC: [8] Undefined index: _type Model.class.php 第 690 行.
[ 2013-04-26T17:10:36+08:00 ] NOTIC: [8] Undefined index: _type Model.class.php 第 690 行.
[ 2013-04-26T17:10:36+08:00 ] NOTIC: [8] Undefined index: _type Model.class.php 第 690 行.
[ 2013-04-26T17:10:36+08:00 ] SQL: SELECT `id`,`name`,`group_id`,`title` FROM `ch_node` WHERE ( `level` = 2 ) AND ( `status` = 1 ) AND ( `pid` = '1' ) ORDER BY group_id desc,sort asc  [ RunTime:0.000082s ]
[ 2013-04-26T17:10:36+08:00 ] NOTIC: [8] Undefined index: _ACCESS_LIST IndexAction.class.php 第 17 行.
[ 2013-04-26T17:10:36+08:00 ] INFO: Tag[ view_template ] --START--
[ 2013-04-26T17:10:36+08:00 ] INFO: Run LocationTemplate Behavior [ RunTime:0.000110s ]
[ 2013-04-26T17:10:36+08:00 ] INFO: Tag[ view_template ] --END-- [ RunTime:0.000163s ]
[ 2013-04-26T17:10:36+08:00 ] INFO: Tag[ view_parse ] --START--
[ 2013-04-26T17:10:36+08:00 ] INFO: Run ParseTemplate Behavior [ RunTime:0.011020s ]
[ 2013-04-26T17:10:36+08:00 ] INFO: Tag[ view_parse ] --END-- [ RunTime:0.011092s ]
[ 2013-04-26T17:10:36+08:00 ] INFO: Tag[ view_filter ] --START--
[ 2013-04-26T17:10:36+08:00 ] INFO: Run ContentReplace Behavior [ RunTime:0.000209s ]
[ 2013-04-26T17:10:36+08:00 ] INFO: Run TokenBuild Behavior [ RunTime:0.000470s ]
[ 2013-04-26T17:10:36+08:00 ] INFO: Run WriteHtmlCache Behavior [ RunTime:0.000089s ]
[ 2013-04-26T17:10:36+08:00 ] INFO: Run ShowRuntime Behavior [ RunTime:0.000149s ]
[ 2013-04-26T17:10:36+08:00 ] INFO: Tag[ view_filter ] --END-- [ RunTime:0.001086s ]
[ 2013-04-26T17:10:36+08:00 ] INFO: Tag[ view_end ] --START--
[ 2013-04-26T17:10:36+08:00 ] INFO: Run ShowPageTrace Behavior [ RunTime:0.000086s ]
[ 2013-04-26T17:10:36+08:00 ] INFO: Tag[ view_end ] --END-- [ RunTime:0.000144s ]

------218.17.160.143 REQUEST_URI:/admin.php/index/index------
[ 2013-04-26T17:10:45+08:00 ] INFO: Tag[ route_check ] --START--
[ 2013-04-26T17:10:45+08:00 ] INFO: Run CheckRoute Behavior [ RunTime:0.000143s ]
[ 2013-04-26T17:10:45+08:00 ] INFO: Tag[ route_check ] --END-- [ RunTime:0.000312s ]
[ 2013-04-26T17:10:45+08:00 ] NOTIC: [8] Undefined index: HTTP_X_REQUESTED_WITH App.class.php 第 50 行.
[ 2013-04-26T17:10:45+08:00 ] INFO: Tag[ app_begin ] --START--
[ 2013-04-26T17:10:45+08:00 ] INFO: Run ReadHtmlCache Behavior [ RunTime:0.000102s ]
[ 2013-04-26T17:10:45+08:00 ] INFO: Tag[ app_begin ] --END-- [ RunTime:0.000153s ]
[ 2013-04-26T17:10:45+08:00 ] SQL: SHOW COLUMNS FROM `ch_node` [ RunTime:0.000749s ]
[ 2013-04-26T17:10:45+08:00 ] SQL: SELECT `id` FROM `ch_node` LIMIT 1   [ RunTime:0.000286s ]
[ 2013-04-26T17:10:45+08:00 ] NOTIC: [8] Undefined index: _type Model.class.php 第 690 行.
[ 2013-04-26T17:10:45+08:00 ] NOTIC: [8] Undefined index: _type Model.class.php 第 690 行.
[ 2013-04-26T17:10:45+08:00 ] NOTIC: [8] Undefined index: _type Model.class.php 第 690 行.
[ 2013-04-26T17:10:45+08:00 ] SQL: SELECT `id`,`name`,`group_id`,`title` FROM `ch_node` WHERE ( `level` = 2 ) AND ( `status` = 1 ) AND ( `pid` = '1' ) ORDER BY group_id desc,sort asc  [ RunTime:0.000085s ]
[ 2013-04-26T17:10:45+08:00 ] NOTIC: [8] Undefined index: _ACCESS_LIST IndexAction.class.php 第 17 行.
[ 2013-04-26T17:10:45+08:00 ] INFO: Tag[ view_template ] --START--
[ 2013-04-26T17:10:45+08:00 ] INFO: Run LocationTemplate Behavior [ RunTime:0.000117s ]
[ 2013-04-26T17:10:45+08:00 ] INFO: Tag[ view_template ] --END-- [ RunTime:0.000174s ]
[ 2013-04-26T17:10:45+08:00 ] INFO: Tag[ view_parse ] --START--
[ 2013-04-26T17:10:45+08:00 ] INFO: Run ParseTemplate Behavior [ RunTime:0.011338s ]
[ 2013-04-26T17:10:45+08:00 ] INFO: Tag[ view_parse ] --END-- [ RunTime:0.011414s ]
[ 2013-04-26T17:10:45+08:00 ] INFO: Tag[ view_filter ] --START--
[ 2013-04-26T17:10:45+08:00 ] INFO: Run ContentReplace Behavior [ RunTime:0.000258s ]
[ 2013-04-26T17:10:45+08:00 ] INFO: Run TokenBuild Behavior [ RunTime:0.000165s ]
[ 2013-04-26T17:10:45+08:00 ] INFO: Run WriteHtmlCache Behavior [ RunTime:0.000065s ]
[ 2013-04-26T17:10:45+08:00 ] INFO: Run ShowRuntime Behavior [ RunTime:0.000128s ]
[ 2013-04-26T17:10:45+08:00 ] INFO: Tag[ view_filter ] --END-- [ RunTime:0.000783s ]
[ 2013-04-26T17:10:45+08:00 ] INFO: Tag[ view_end ] --START--
[ 2013-04-26T17:10:45+08:00 ] INFO: Run ShowPageTrace Behavior [ RunTime:0.000092s ]
[ 2013-04-26T17:10:45+08:00 ] INFO: Tag[ view_end ] --END-- [ RunTime:0.000151s ]

------218.17.160.143 REQUEST_URI:/admin.php/index/index------
[ 2013-04-26T17:37:28+08:00 ] INFO: Tag[ route_check ] --START--
[ 2013-04-26T17:37:28+08:00 ] INFO: Run CheckRoute Behavior [ RunTime:0.015654s ]
[ 2013-04-26T17:37:28+08:00 ] INFO: Tag[ route_check ] --END-- [ RunTime:0.070277s ]
[ 2013-04-26T17:37:28+08:00 ] NOTIC: [8] Undefined index: HTTP_X_REQUESTED_WITH App.class.php 第 50 行.
[ 2013-04-26T17:37:28+08:00 ] INFO: Tag[ app_begin ] --START--
[ 2013-04-26T17:37:28+08:00 ] INFO: Run ReadHtmlCache Behavior [ RunTime:0.000399s ]
[ 2013-04-26T17:37:28+08:00 ] INFO: Tag[ app_begin ] --END-- [ RunTime:0.000469s ]
[ 2013-04-26T17:37:29+08:00 ] SQL: SHOW COLUMNS FROM `ch_node` [ RunTime:0.312995s ]
[ 2013-04-26T17:37:30+08:00 ] SQL: SELECT `id` FROM `ch_node` LIMIT 1   [ RunTime:0.000125s ]
[ 2013-04-26T17:37:30+08:00 ] NOTIC: [8] Undefined index: _type Model.class.php 第 690 行.
[ 2013-04-26T17:37:30+08:00 ] NOTIC: [8] Undefined index: _type Model.class.php 第 690 行.
[ 2013-04-26T17:37:30+08:00 ] NOTIC: [8] Undefined index: _type Model.class.php 第 690 行.
[ 2013-04-26T17:37:30+08:00 ] SQL: SELECT `id`,`name`,`group_id`,`title` FROM `ch_node` WHERE ( `level` = 2 ) AND ( `status` = 1 ) AND ( `pid` = '1' ) ORDER BY group_id desc,sort asc  [ RunTime:0.000158s ]
[ 2013-04-26T17:37:30+08:00 ] NOTIC: [8] Undefined index: _ACCESS_LIST IndexAction.class.php 第 17 行.
[ 2013-04-26T17:37:30+08:00 ] INFO: Tag[ view_template ] --START--
[ 2013-04-26T17:37:30+08:00 ] INFO: Run LocationTemplate Behavior [ RunTime:0.000588s ]
[ 2013-04-26T17:37:30+08:00 ] INFO: Tag[ view_template ] --END-- [ RunTime:0.000663s ]
[ 2013-04-26T17:37:30+08:00 ] INFO: Tag[ view_parse ] --START--
[ 2013-04-26T17:37:31+08:00 ] INFO: Run ParseTemplate Behavior [ RunTime:0.909376s ]
[ 2013-04-26T17:37:31+08:00 ] INFO: Tag[ view_parse ] --END-- [ RunTime:0.909481s ]
[ 2013-04-26T17:37:31+08:00 ] INFO: Tag[ view_filter ] --START--
[ 2013-04-26T17:37:31+08:00 ] INFO: Run ContentReplace Behavior [ RunTime:0.000352s ]
[ 2013-04-26T17:37:31+08:00 ] INFO: Run TokenBuild Behavior [ RunTime:0.000182s ]
[ 2013-04-26T17:37:31+08:00 ] INFO: Run WriteHtmlCache Behavior [ RunTime:0.000112s ]
[ 2013-04-26T17:37:31+08:00 ] INFO: Run ShowRuntime Behavior [ RunTime:0.000152s ]
[ 2013-04-26T17:37:31+08:00 ] INFO: Tag[ view_filter ] --END-- [ RunTime:0.000950s ]
[ 2013-04-26T17:37:31+08:00 ] INFO: Tag[ view_end ] --START--
[ 2013-04-26T17:37:31+08:00 ] INFO: Run ShowPageTrace Behavior [ RunTime:0.000143s ]
[ 2013-04-26T17:37:31+08:00 ] INFO: Tag[ view_end ] --END-- [ RunTime:0.000213s ]

------218.17.160.143 REQUEST_URI:/admin.php/index/index------
[ 2013-04-26T17:37:29+08:00 ] INFO: Tag[ route_check ] --START--
[ 2013-04-26T17:37:29+08:00 ] INFO: Run CheckRoute Behavior [ RunTime:0.000363s ]
[ 2013-04-26T17:37:29+08:00 ] INFO: Tag[ route_check ] --END-- [ RunTime:0.000545s ]
[ 2013-04-26T17:37:29+08:00 ] NOTIC: [8] Undefined index: HTTP_X_REQUESTED_WITH App.class.php 第 50 行.
[ 2013-04-26T17:37:29+08:00 ] INFO: Tag[ app_begin ] --START--
[ 2013-04-26T17:37:29+08:00 ] INFO: Run ReadHtmlCache Behavior [ RunTime:0.000177s ]
[ 2013-04-26T17:37:29+08:00 ] INFO: Tag[ app_begin ] --END-- [ RunTime:0.000235s ]
[ 2013-04-26T17:37:31+08:00 ] SQL: SHOW COLUMNS FROM `ch_node` [ RunTime:0.000803s ]
[ 2013-04-26T17:37:31+08:00 ] SQL: SELECT `id` FROM `ch_node` LIMIT 1   [ RunTime:0.000075s ]
[ 2013-04-26T17:37:31+08:00 ] NOTIC: [8] Undefined index: _type Model.class.php 第 690 行.
[ 2013-04-26T17:37:31+08:00 ] NOTIC: [8] Undefined index: _type Model.class.php 第 690 行.
[ 2013-04-26T17:37:31+08:00 ] NOTIC: [8] Undefined index: _type Model.class.php 第 690 行.
[ 2013-04-26T17:37:31+08:00 ] SQL: SELECT `id`,`name`,`group_id`,`title` FROM `ch_node` WHERE ( `level` = 2 ) AND ( `status` = 1 ) AND ( `pid` = '1' ) ORDER BY group_id desc,sort asc  [ RunTime:0.000086s ]
[ 2013-04-26T17:37:31+08:00 ] NOTIC: [8] Undefined index: _ACCESS_LIST IndexAction.class.php 第 17 行.
[ 2013-04-26T17:37:31+08:00 ] INFO: Tag[ view_template ] --START--
[ 2013-04-26T17:37:31+08:00 ] INFO: Run LocationTemplate Behavior [ RunTime:0.000143s ]
[ 2013-04-26T17:37:31+08:00 ] INFO: Tag[ view_template ] --END-- [ RunTime:0.000202s ]
[ 2013-04-26T17:37:31+08:00 ] INFO: Tag[ view_parse ] --START--
[ 2013-04-26T17:37:31+08:00 ] INFO: Run ParseTemplate Behavior [ RunTime:0.120525s ]
[ 2013-04-26T17:37:31+08:00 ] INFO: Tag[ view_parse ] --END-- [ RunTime:0.120630s ]
[ 2013-04-26T17:37:31+08:00 ] INFO: Tag[ view_filter ] --START--
[ 2013-04-26T17:37:31+08:00 ] INFO: Run ContentReplace Behavior [ RunTime:0.000241s ]
[ 2013-04-26T17:37:31+08:00 ] INFO: Run TokenBuild Behavior [ RunTime:0.000169s ]
[ 2013-04-26T17:37:31+08:00 ] INFO: Run WriteHtmlCache Behavior [ RunTime:0.000083s ]
[ 2013-04-26T17:37:31+08:00 ] INFO: Run ShowRuntime Behavior [ RunTime:0.000140s ]
[ 2013-04-26T17:37:31+08:00 ] INFO: Tag[ view_filter ] --END-- [ RunTime:0.000780s ]
[ 2013-04-26T17:37:31+08:00 ] INFO: Tag[ view_end ] --START--
[ 2013-04-26T17:37:31+08:00 ] INFO: Run ShowPageTrace Behavior [ RunTime:0.000123s ]
[ 2013-04-26T17:37:31+08:00 ] INFO: Tag[ view_end ] --END-- [ RunTime:0.000189s ]

------218.17.160.143 REQUEST_URI:/admin.php/Article/index/?_=1366969772283------
[ 2013-04-26T17:49:27+08:00 ] INFO: Tag[ route_check ] --START--
[ 2013-04-26T17:49:28+08:00 ] INFO: Run CheckRoute Behavior [ RunTime:0.000279s ]
[ 2013-04-26T17:49:28+08:00 ] INFO: Tag[ route_check ] --END-- [ RunTime:1.162650s ]
[ 2013-04-26T17:49:28+08:00 ] INFO: Tag[ app_begin ] --START--
[ 2013-04-26T17:49:28+08:00 ] INFO: Run ReadHtmlCache Behavior [ RunTime:0.000179s ]
[ 2013-04-26T17:49:28+08:00 ] INFO: Tag[ app_begin ] --END-- [ RunTime:0.000273s ]
[ 2013-04-26T17:49:30+08:00 ] SQL: SHOW COLUMNS FROM `ch_article` [ RunTime:0.698881s ]
[ 2013-04-26T17:49:30+08:00 ] SQL: SHOW COLUMNS FROM `ch_common` [ RunTime:0.048294s ]
[ 2013-04-26T17:49:30+08:00 ] NOTIC: [8] Undefined index: tid CommonAction.class.php 第 94 行.
[ 2013-04-26T17:49:31+08:00 ] SQL: SHOW COLUMNS FROM `ch_article` [ RunTime:0.001010s ]
[ 2013-04-26T17:49:31+08:00 ] SQL: SELECT COUNT(*) AS tp_count FROM `ch_article` LIMIT 1   [ RunTime:0.000127s ]
[ 2013-04-26T17:49:31+08:00 ] SQL: SELECT * FROM `ch_article` ORDER BY id desc LIMIT 0,20   [ RunTime:0.000318s ]
[ 2013-04-26T17:49:32+08:00 ] NOTIC: [8] Undefined index: pageNum CommonAction.class.php 第 168 行.
[ 2013-04-26T17:49:32+08:00 ] INFO: Tag[ view_template ] --START--
[ 2013-04-26T17:49:33+08:00 ] INFO: Run LocationTemplate Behavior [ RunTime:0.909517s ]
[ 2013-04-26T17:49:33+08:00 ] INFO: Tag[ view_template ] --END-- [ RunTime:0.909645s ]
[ 2013-04-26T17:49:33+08:00 ] INFO: Tag[ view_parse ] --START--
[ 2013-04-26T17:49:34+08:00 ] NOTIC: [8] Undefined index: categoryName 4cf132cdb6642034410dbfb2ab3160bc.php 第 11 行.
[ 2013-04-26T17:49:34+08:00 ] NOTIC: [8] Undefined index: tid 4cf132cdb6642034410dbfb2ab3160bc.php 第 13 行.
[ 2013-04-26T17:49:34+08:00 ] NOTIC: [8] Undefined index: keytype 4cf132cdb6642034410dbfb2ab3160bc.php 第 19 行.
[ 2013-04-26T17:49:34+08:00 ] NOTIC: [8] Undefined index: keyword 4cf132cdb6642034410dbfb2ab3160bc.php 第 24 行.
[ 2013-04-26T17:49:34+08:00 ] SQL: SHOW COLUMNS FROM `ch_category` [ RunTime:0.001001s ]
[ 2013-04-26T17:49:34+08:00 ] NOTIC: [8] Undefined variable: str common.php 第 370 行.
[ 2013-04-26T17:49:34+08:00 ] NOTIC: [8] Undefined variable: str common.php 第 370 行.
[ 2013-04-26T17:49:34+08:00 ] NOTIC: [8] Use of undefined constant __PUBLIC__ - assumed '__PUBLIC__' common.php 第 133 行.
[ 2013-04-26T17:49:34+08:00 ] SQL: SHOW COLUMNS FROM `ch_category` [ RunTime:0.001032s ]
[ 2013-04-26T17:49:34+08:00 ] NOTIC: [8] Undefined variable: str common.php 第 370 行.
[ 2013-04-26T17:49:34+08:00 ] NOTIC: [8] Undefined variable: str common.php 第 370 行.
[ 2013-04-26T17:49:34+08:00 ] NOTIC: [8] Use of undefined constant __PUBLIC__ - assumed '__PUBLIC__' common.php 第 133 行.
[ 2013-04-26T17:49:34+08:00 ] SQL: SHOW COLUMNS FROM `ch_category` [ RunTime:0.000913s ]
[ 2013-04-26T17:49:34+08:00 ] NOTIC: [8] Undefined variable: str common.php 第 370 行.
[ 2013-04-26T17:49:34+08:00 ] NOTIC: [8] Undefined variable: str common.php 第 370 行.
[ 2013-04-26T17:49:34+08:00 ] NOTIC: [8] Use of undefined constant __PUBLIC__ - assumed '__PUBLIC__' common.php 第 120 行.
[ 2013-04-26T17:49:34+08:00 ] SQL: SHOW COLUMNS FROM `ch_category` [ RunTime:0.003633s ]
[ 2013-04-26T17:49:34+08:00 ] NOTIC: [8] Undefined variable: str common.php 第 370 行.
[ 2013-04-26T17:49:34+08:00 ] NOTIC: [8] Undefined variable: str common.php 第 370 行.
[ 2013-04-26T17:49:34+08:00 ] NOTIC: [8] Use of undefined constant __PUBLIC__ - assumed '__PUBLIC__' common.php 第 120 行.
[ 2013-04-26T17:49:34+08:00 ] SQL: SHOW COLUMNS FROM `ch_category` [ RunTime:0.002651s ]
[ 2013-04-26T17:49:34+08:00 ] NOTIC: [8] Undefined variable: str common.php 第 370 行.
[ 2013-04-26T17:49:34+08:00 ] NOTIC: [8] Undefined variable: str common.php 第 370 行.
[ 2013-04-26T17:49:34+08:00 ] NOTIC: [8] Use of undefined constant __PUBLIC__ - assumed '__PUBLIC__' common.php 第 120 行.
[ 2013-04-26T17:49:34+08:00 ] SQL: SHOW COLUMNS FROM `ch_category` [ RunTime:0.001357s ]
[ 2013-04-26T17:49:34+08:00 ] NOTIC: [8] Undefined variable: str common.php 第 370 行.
[ 2013-04-26T17:49:34+08:00 ] NOTIC: [8] Undefined variable: str common.php 第 370 行.
[ 2013-04-26T17:49:34+08:00 ] NOTIC: [8] Use of undefined constant __PUBLIC__ - assumed '__PUBLIC__' common.php 第 120 行.
[ 2013-04-26T17:49:34+08:00 ] SQL: SHOW COLUMNS FROM `ch_category` [ RunTime:0.000633s ]
[ 2013-04-26T17:49:34+08:00 ] NOTIC: [8] Undefined variable: str common.php 第 370 行.
[ 2013-04-26T17:49:34+08:00 ] NOTIC: [8] Undefined variable: str common.php 第 370 行.
[ 2013-04-26T17:49:34+08:00 ] NOTIC: [8] Use of undefined constant __PUBLIC__ - assumed '__PUBLIC__' common.php 第 120 行.
[ 2013-04-26T17:49:34+08:00 ] SQL: SHOW COLUMNS FROM `ch_category` [ RunTime:0.000707s ]
[ 2013-04-26T17:49:34+08:00 ] NOTIC: [8] Undefined variable: str common.php 第 370 行.
[ 2013-04-26T17:49:34+08:00 ] NOTIC: [8] Undefined variable: str common.php 第 370 行.
[ 2013-04-26T17:49:34+08:00 ] NOTIC: [8] Use of undefined constant __PUBLIC__ - assumed '__PUBLIC__' common.php 第 120 行.
[ 2013-04-26T17:49:34+08:00 ] SQL: SHOW COLUMNS FROM `ch_category` [ RunTime:0.069626s ]
[ 2013-04-26T17:49:34+08:00 ] NOTIC: [8] Undefined variable: str common.php 第 370 行.
[ 2013-04-26T17:49:34+08:00 ] NOTIC: [8] Undefined variable: str common.php 第 370 行.
[ 2013-04-26T17:49:34+08:00 ] NOTIC: [8] Use of undefined constant __PUBLIC__ - assumed '__PUBLIC__' common.php 第 120 行.
[ 2013-04-26T17:49:34+08:00 ] SQL: SHOW COLUMNS FROM `ch_category` [ RunTime:0.001965s ]
[ 2013-04-26T17:49:34+08:00 ] NOTIC: [8] Undefined variable: str common.php 第 370 行.
[ 2013-04-26T17:49:34+08:00 ] NOTIC: [8] Undefined variable: str common.php 第 370 行.
[ 2013-04-26T17:49:34+08:00 ] NOTIC: [8] Use of undefined constant __PUBLIC__ - assumed '__PUBLIC__' common.php 第 120 行.
[ 2013-04-26T17:49:34+08:00 ] SQL: SHOW COLUMNS FROM `ch_category` [ RunTime:0.001746s ]
[ 2013-04-26T17:49:34+08:00 ] NOTIC: [8] Undefined variable: str common.php 第 370 行.
[ 2013-04-26T17:49:34+08:00 ] NOTIC: [8] Undefined variable: str common.php 第 370 行.
[ 2013-04-26T17:49:34+08:00 ] NOTIC: [8] Use of undefined constant __PUBLIC__ - assumed '__PUBLIC__' common.php 第 120 行.
[ 2013-04-26T17:49:34+08:00 ] SQL: SHOW COLUMNS FROM `ch_category` [ RunTime:0.001060s ]
[ 2013-04-26T17:49:34+08:00 ] NOTIC: [8] Undefined variable: str common.php 第 370 行.
[ 2013-04-26T17:49:34+08:00 ] NOTIC: [8] Undefined variable: str common.php 第 370 行.
[ 2013-04-26T17:49:34+08:00 ] NOTIC: [8] Use of undefined constant __PUBLIC__ - assumed '__PUBLIC__' common.php 第 120 行.
[ 2013-04-26T17:49:34+08:00 ] SQL: SHOW COLUMNS FROM `ch_category` [ RunTime:0.001177s ]
[ 2013-04-26T17:49:34+08:00 ] NOTIC: [8] Undefined variable: str common.php 第 370 行.
[ 2013-04-26T17:49:34+08:00 ] NOTIC: [8] Undefined variable: str common.php 第 370 行.
[ 2013-04-26T17:49:34+08:00 ] NOTIC: [8] Use of undefined constant __PUBLIC__ - assumed '__PUBLIC__' common.php 第 120 行.
[ 2013-04-26T17:49:34+08:00 ] SQL: SHOW COLUMNS FROM `ch_category` [ RunTime:0.001615s ]
[ 2013-04-26T17:49:34+08:00 ] NOTIC: [8] Undefined variable: str common.php 第 370 行.
[ 2013-04-26T17:49:34+08:00 ] NOTIC: [8] Undefined variable: str common.php 第 370 行.
[ 2013-04-26T17:49:34+08:00 ] NOTIC: [8] Use of undefined constant __PUBLIC__ - assumed '__PUBLIC__' common.php 第 120 行.
[ 2013-04-26T17:49:34+08:00 ] SQL: SHOW COLUMNS FROM `ch_category` [ RunTime:0.001653s ]
[ 2013-04-26T17:49:34+08:00 ] NOTIC: [8] Undefined variable: str common.php 第 370 行.
[ 2013-04-26T17:49:34+08:00 ] NOTIC: [8] Undefined variable: str common.php 第 370 行.
[ 2013-04-26T17:49:34+08:00 ] NOTIC: [8] Use of undefined constant __PUBLIC__ - assumed '__PUBLIC__' common.php 第 120 行.
[ 2013-04-26T17:49:35+08:00 ] SQL: SHOW COLUMNS FROM `ch_category` [ RunTime:0.206699s ]
[ 2013-04-26T17:49:35+08:00 ] NOTIC: [8] Undefined variable: str common.php 第 370 行.
[ 2013-04-26T17:49:35+08:00 ] NOTIC: [8] Undefined variable: str common.php 第 370 行.
[ 2013-04-26T17:49:35+08:00 ] NOTIC: [8] Use of undefined constant __PUBLIC__ - assumed '__PUBLIC__' common.php 第 120 行.
[ 2013-04-26T17:49:35+08:00 ] SQL: SHOW COLUMNS FROM `ch_category` [ RunTime:0.000730s ]
[ 2013-04-26T17:49:35+08:00 ] NOTIC: [8] Undefined variable: str common.php 第 370 行.
[ 2013-04-26T17:49:35+08:00 ] NOTIC: [8] Undefined variable: str common.php 第 370 行.
[ 2013-04-26T17:49:35+08:00 ] NOTIC: [8] Use of undefined constant __PUBLIC__ - assumed '__PUBLIC__' common.php 第 120 行.
[ 2013-04-26T17:49:35+08:00 ] SQL: SHOW COLUMNS FROM `ch_category` [ RunTime:0.000721s ]
[ 2013-04-26T17:49:35+08:00 ] NOTIC: [8] Undefined variable: str common.php 第 370 行.
[ 2013-04-26T17:49:35+08:00 ] NOTIC: [8] Undefined variable: str common.php 第 370 行.
[ 2013-04-26T17:49:35+08:00 ] NOTIC: [8] Use of undefined constant __PUBLIC__ - assumed '__PUBLIC__' common.php 第 120 行.
[ 2013-04-26T17:49:35+08:00 ] SQL: SHOW COLUMNS FROM `ch_category` [ RunTime:0.000697s ]
[ 2013-04-26T17:49:35+08:00 ] NOTIC: [8] Undefined variable: str common.php 第 370 行.
[ 2013-04-26T17:49:35+08:00 ] NOTIC: [8] Undefined variable: str common.php 第 370 行.
[ 2013-04-26T17:49:35+08:00 ] NOTIC: [8] Use of undefined constant __PUBLIC__ - assumed '__PUBLIC__' common.php 第 120 行.
[ 2013-04-26T17:49:35+08:00 ] SQL: SHOW COLUMNS FROM `ch_category` [ RunTime:0.000777s ]
[ 2013-04-26T17:49:35+08:00 ] NOTIC: [8] Undefined variable: str common.php 第 370 行.
[ 2013-04-26T17:49:35+08:00 ] NOTIC: [8] Undefined variable: str common.php 第 370 行.
[ 2013-04-26T17:49:35+08:00 ] NOTIC: [8] Use of undefined constant __PUBLIC__ - assumed '__PUBLIC__' common.php 第 120 行.
[ 2013-04-26T17:49:35+08:00 ] INFO: Run ParseTemplate Behavior [ RunTime:2.159424s ]
[ 2013-04-26T17:49:35+08:00 ] INFO: Tag[ view_parse ] --END-- [ RunTime:2.159504s ]
[ 2013-04-26T17:49:35+08:00 ] INFO: Tag[ view_filter ] --START--
[ 2013-04-26T17:49:35+08:00 ] INFO: Run ContentReplace Behavior [ RunTime:0.000402s ]
[ 2013-04-26T17:49:35+08:00 ] INFO: Run TokenBuild Behavior [ RunTime:0.082331s ]
[ 2013-04-26T17:49:35+08:00 ] INFO: Run WriteHtmlCache Behavior [ RunTime:0.000162s ]
[ 2013-04-26T17:49:35+08:00 ] INFO: Run ShowRuntime Behavior [ RunTime:0.258231s ]
[ 2013-04-26T17:49:35+08:00 ] INFO: Tag[ view_filter ] --END-- [ RunTime:0.341404s ]
[ 2013-04-26T17:49:35+08:00 ] INFO: Tag[ view_end ] --START--
[ 2013-04-26T17:49:35+08:00 ] INFO: Run ShowPageTrace Behavior [ RunTime:0.000171s ]
[ 2013-04-26T17:49:35+08:00 ] INFO: Tag[ view_end ] --END-- [ RunTime:0.000358s ]

