------210.83.232.226 REQUEST_URI:/admin.php/Public/login------
[ 2013-04-27T09:43:58+08:00 ] INFO: Tag[ route_check ] --START--
[ 2013-04-27T09:43:58+08:00 ] INFO: Run CheckRoute Behavior [ RunTime:0.000594s ]
[ 2013-04-27T09:43:58+08:00 ] INFO: Tag[ route_check ] --END-- [ RunTime:0.000849s ]
[ 2013-04-27T09:43:58+08:00 ] NOTIC: [8] Undefined index: HTTP_X_REQUESTED_WITH App.class.php 第 50 行.
[ 2013-04-27T09:43:58+08:00 ] INFO: Tag[ app_begin ] --START--
[ 2013-04-27T09:43:58+08:00 ] INFO: Run ReadHtmlCache Behavior [ RunTime:0.001972s ]
[ 2013-04-27T09:43:58+08:00 ] INFO: Tag[ app_begin ] --END-- [ RunTime:0.002052s ]
[ 2013-04-27T09:43:58+08:00 ] INFO: Tag[ view_template ] --START--
[ 2013-04-27T09:43:58+08:00 ] INFO: Run LocationTemplate Behavior [ RunTime:0.232883s ]
[ 2013-04-27T09:43:58+08:00 ] INFO: Tag[ view_template ] --END-- [ RunTime:0.233070s ]
[ 2013-04-27T09:43:58+08:00 ] INFO: Tag[ view_parse ] --START--
[ 2013-04-27T09:43:58+08:00 ] NOTIC: [8] Undefined index: returnUrl 2b417217782e698cd002917ec4f28601.php 第 51 行.
[ 2013-04-27T09:43:58+08:00 ] INFO: Run ParseTemplate Behavior [ RunTime:0.099379s ]
[ 2013-04-27T09:43:58+08:00 ] INFO: Tag[ view_parse ] --END-- [ RunTime:0.099449s ]
[ 2013-04-27T09:43:58+08:00 ] INFO: Tag[ view_filter ] --START--
[ 2013-04-27T09:43:58+08:00 ] INFO: Run ContentReplace Behavior [ RunTime:0.019516s ]
[ 2013-04-27T09:43:58+08:00 ] INFO: Run TokenBuild Behavior [ RunTime:0.003047s ]
[ 2013-04-27T09:43:58+08:00 ] INFO: Run WriteHtmlCache Behavior [ RunTime:0.002886s ]
[ 2013-04-27T09:43:58+08:00 ] INFO: Run ShowRuntime Behavior [ RunTime:0.000604s ]
[ 2013-04-27T09:43:58+08:00 ] INFO: Tag[ view_filter ] --END-- [ RunTime:0.046203s ]
[ 2013-04-27T09:43:58+08:00 ] INFO: Tag[ view_end ] --START--
[ 2013-04-27T09:43:58+08:00 ] INFO: Run ShowPageTrace Behavior [ RunTime:0.000114s ]
[ 2013-04-27T09:43:58+08:00 ] INFO: Tag[ view_end ] --END-- [ RunTime:0.000168s ]

------210.83.232.226 REQUEST_URI:/admin.php/public/verify/------
[ 2013-04-27T09:44:00+08:00 ] INFO: Tag[ route_check ] --START--
[ 2013-04-27T09:44:00+08:00 ] INFO: Run CheckRoute Behavior [ RunTime:0.000223s ]
[ 2013-04-27T09:44:00+08:00 ] INFO: Tag[ route_check ] --END-- [ RunTime:0.000531s ]
[ 2013-04-27T09:44:00+08:00 ] NOTIC: [8] Undefined index: HTTP_X_REQUESTED_WITH App.class.php 第 50 行.
[ 2013-04-27T09:44:00+08:00 ] INFO: Tag[ app_begin ] --START--
[ 2013-04-27T09:44:00+08:00 ] INFO: Run ReadHtmlCache Behavior [ RunTime:0.000157s ]
[ 2013-04-27T09:44:00+08:00 ] INFO: Tag[ app_begin ] --END-- [ RunTime:0.000233s ]

------210.83.232.226 REQUEST_URI:/admin.php/index/index------
[ 2013-04-27T09:44:40+08:00 ] INFO: Tag[ route_check ] --START--
[ 2013-04-27T09:44:40+08:00 ] INFO: Run CheckRoute Behavior [ RunTime:0.000220s ]
[ 2013-04-27T09:44:40+08:00 ] INFO: Tag[ route_check ] --END-- [ RunTime:0.000419s ]
[ 2013-04-27T09:44:40+08:00 ] NOTIC: [8] Undefined index: HTTP_X_REQUESTED_WITH App.class.php 第 50 行.
[ 2013-04-27T09:44:40+08:00 ] INFO: Tag[ app_begin ] --START--
[ 2013-04-27T09:44:40+08:00 ] INFO: Run ReadHtmlCache Behavior [ RunTime:0.000149s ]
[ 2013-04-27T09:44:40+08:00 ] INFO: Tag[ app_begin ] --END-- [ RunTime:0.000205s ]
[ 2013-04-27T09:44:40+08:00 ] SQL: SHOW COLUMNS FROM `ch_node` [ RunTime:0.000853s ]
[ 2013-04-27T09:44:40+08:00 ] SQL: SELECT `id` FROM `ch_node` LIMIT 1   [ RunTime:0.000245s ]
[ 2013-04-27T09:44:40+08:00 ] NOTIC: [8] Undefined index: _type Model.class.php 第 690 行.
[ 2013-04-27T09:44:40+08:00 ] NOTIC: [8] Undefined index: _type Model.class.php 第 690 行.
[ 2013-04-27T09:44:40+08:00 ] NOTIC: [8] Undefined index: _type Model.class.php 第 690 行.
[ 2013-04-27T09:44:41+08:00 ] SQL: SELECT `id`,`name`,`group_id`,`title` FROM `ch_node` WHERE ( `level` = 2 ) AND ( `status` = 1 ) AND ( `pid` = '1' ) ORDER BY group_id desc,sort asc  [ RunTime:0.034554s ]
[ 2013-04-27T09:44:41+08:00 ] NOTIC: [8] Undefined index: _ACCESS_LIST IndexAction.class.php 第 17 行.
[ 2013-04-27T09:44:41+08:00 ] INFO: Tag[ view_template ] --START--
[ 2013-04-27T09:44:41+08:00 ] INFO: Run LocationTemplate Behavior [ RunTime:0.000164s ]
[ 2013-04-27T09:44:41+08:00 ] INFO: Tag[ view_template ] --END-- [ RunTime:0.000224s ]
[ 2013-04-27T09:44:41+08:00 ] INFO: Tag[ view_parse ] --START--
[ 2013-04-27T09:44:41+08:00 ] INFO: Run ParseTemplate Behavior [ RunTime:0.327164s ]
[ 2013-04-27T09:44:41+08:00 ] INFO: Tag[ view_parse ] --END-- [ RunTime:0.327276s ]
[ 2013-04-27T09:44:41+08:00 ] INFO: Tag[ view_filter ] --START--
[ 2013-04-27T09:44:41+08:00 ] INFO: Run ContentReplace Behavior [ RunTime:0.000254s ]
[ 2013-04-27T09:44:41+08:00 ] INFO: Run TokenBuild Behavior [ RunTime:0.000172s ]
[ 2013-04-27T09:44:41+08:00 ] INFO: Run WriteHtmlCache Behavior [ RunTime:0.000086s ]
[ 2013-04-27T09:44:41+08:00 ] INFO: Run ShowRuntime Behavior [ RunTime:0.000236s ]
[ 2013-04-27T09:44:41+08:00 ] INFO: Tag[ view_filter ] --END-- [ RunTime:0.000897s ]
[ 2013-04-27T09:44:41+08:00 ] INFO: Tag[ view_end ] --START--
[ 2013-04-27T09:44:41+08:00 ] INFO: Run ShowPageTrace Behavior [ RunTime:0.000415s ]
[ 2013-04-27T09:44:41+08:00 ] INFO: Tag[ view_end ] --END-- [ RunTime:0.000480s ]

------210.83.232.226 REQUEST_URI:/admin.php/Article/index/?_=1367027102961------
[ 2013-04-27T09:44:50+08:00 ] INFO: Tag[ route_check ] --START--
[ 2013-04-27T09:44:50+08:00 ] INFO: Run CheckRoute Behavior [ RunTime:0.000209s ]
[ 2013-04-27T09:44:50+08:00 ] INFO: Tag[ route_check ] --END-- [ RunTime:0.000397s ]
[ 2013-04-27T09:44:50+08:00 ] INFO: Tag[ app_begin ] --START--
[ 2013-04-27T09:44:50+08:00 ] INFO: Run ReadHtmlCache Behavior [ RunTime:0.000122s ]
[ 2013-04-27T09:44:50+08:00 ] INFO: Tag[ app_begin ] --END-- [ RunTime:0.000176s ]
[ 2013-04-27T09:44:51+08:00 ] SQL: SHOW COLUMNS FROM `ch_article` [ RunTime:0.003570s ]
[ 2013-04-27T09:44:51+08:00 ] SQL: SHOW COLUMNS FROM `ch_common` [ RunTime:0.076573s ]
[ 2013-04-27T09:44:51+08:00 ] NOTIC: [8] Undefined index: tid CommonAction.class.php 第 94 行.
[ 2013-04-27T09:44:51+08:00 ] SQL: SHOW COLUMNS FROM `ch_article` [ RunTime:0.141880s ]
[ 2013-04-27T09:44:51+08:00 ] SQL: SELECT COUNT(*) AS tp_count FROM `ch_article` LIMIT 1   [ RunTime:0.033748s ]
[ 2013-04-27T09:44:51+08:00 ] SQL: SELECT * FROM `ch_article` ORDER BY id desc LIMIT 0,20   [ RunTime:0.007064s ]
[ 2013-04-27T09:44:51+08:00 ] NOTIC: [8] Undefined index: pageNum CommonAction.class.php 第 168 行.
[ 2013-04-27T09:44:51+08:00 ] INFO: Tag[ view_template ] --START--
[ 2013-04-27T09:44:51+08:00 ] INFO: Run LocationTemplate Behavior [ RunTime:0.000180s ]
[ 2013-04-27T09:44:51+08:00 ] INFO: Tag[ view_template ] --END-- [ RunTime:0.000282s ]
[ 2013-04-27T09:44:51+08:00 ] INFO: Tag[ view_parse ] --START--
[ 2013-04-27T09:44:51+08:00 ] NOTIC: [8] Undefined index: categoryName 4cf132cdb6642034410dbfb2ab3160bc.php 第 11 行.
[ 2013-04-27T09:44:51+08:00 ] NOTIC: [8] Undefined index: tid 4cf132cdb6642034410dbfb2ab3160bc.php 第 13 行.
[ 2013-04-27T09:44:51+08:00 ] NOTIC: [8] Undefined index: keytype 4cf132cdb6642034410dbfb2ab3160bc.php 第 19 行.
[ 2013-04-27T09:44:51+08:00 ] NOTIC: [8] Undefined index: keyword 4cf132cdb6642034410dbfb2ab3160bc.php 第 24 行.
[ 2013-04-27T09:44:51+08:00 ] SQL: SHOW COLUMNS FROM `ch_category` [ RunTime:0.013564s ]
[ 2013-04-27T09:44:51+08:00 ] SQL: SELECT `id`,`title` FROM `ch_category`  [ RunTime:0.021057s ]
[ 2013-04-27T09:44:51+08:00 ] NOTIC: [8] Undefined variable: str common.php 第 370 行.
[ 2013-04-27T09:44:51+08:00 ] NOTIC: [8] Undefined variable: str common.php 第 370 行.
[ 2013-04-27T09:44:51+08:00 ] NOTIC: [8] Use of undefined constant __PUBLIC__ - assumed '__PUBLIC__' common.php 第 120 行.
[ 2013-04-27T09:44:51+08:00 ] SQL: SHOW COLUMNS FROM `ch_category` [ RunTime:0.000954s ]
[ 2013-04-27T09:44:51+08:00 ] NOTIC: [8] Undefined variable: str common.php 第 370 行.
[ 2013-04-27T09:44:51+08:00 ] NOTIC: [8] Undefined variable: str common.php 第 370 行.
[ 2013-04-27T09:44:51+08:00 ] NOTIC: [8] Use of undefined constant __PUBLIC__ - assumed '__PUBLIC__' common.php 第 120 行.
[ 2013-04-27T09:44:51+08:00 ] SQL: SHOW COLUMNS FROM `ch_category` [ RunTime:0.000655s ]
[ 2013-04-27T09:44:51+08:00 ] NOTIC: [8] Undefined variable: str common.php 第 370 行.
[ 2013-04-27T09:44:51+08:00 ] NOTIC: [8] Undefined variable: str common.php 第 370 行.
[ 2013-04-27T09:44:51+08:00 ] NOTIC: [8] Use of undefined constant __PUBLIC__ - assumed '__PUBLIC__' common.php 第 120 行.
[ 2013-04-27T09:44:51+08:00 ] SQL: SHOW COLUMNS FROM `ch_category` [ RunTime:0.000740s ]
[ 2013-04-27T09:44:51+08:00 ] NOTIC: [8] Undefined variable: str common.php 第 370 行.
[ 2013-04-27T09:44:51+08:00 ] NOTIC: [8] Undefined variable: str common.php 第 370 行.
[ 2013-04-27T09:44:51+08:00 ] NOTIC: [8] Use of undefined constant __PUBLIC__ - assumed '__PUBLIC__' common.php 第 120 行.
[ 2013-04-27T09:44:52+08:00 ] SQL: SHOW COLUMNS FROM `ch_category` [ RunTime:0.057650s ]
[ 2013-04-27T09:44:52+08:00 ] NOTIC: [8] Undefined variable: str common.php 第 370 行.
[ 2013-04-27T09:44:52+08:00 ] NOTIC: [8] Undefined variable: str common.php 第 370 行.
[ 2013-04-27T09:44:52+08:00 ] NOTIC: [8] Use of undefined constant __PUBLIC__ - assumed '__PUBLIC__' common.php 第 120 行.
[ 2013-04-27T09:44:52+08:00 ] SQL: SHOW COLUMNS FROM `ch_category` [ RunTime:0.007459s ]
[ 2013-04-27T09:44:52+08:00 ] NOTIC: [8] Undefined variable: str common.php 第 370 行.
[ 2013-04-27T09:44:52+08:00 ] NOTIC: [8] Undefined variable: str common.php 第 370 行.
[ 2013-04-27T09:44:52+08:00 ] NOTIC: [8] Use of undefined constant __PUBLIC__ - assumed '__PUBLIC__' common.php 第 120 行.
[ 2013-04-27T09:44:52+08:00 ] SQL: SHOW COLUMNS FROM `ch_category` [ RunTime:0.006568s ]
[ 2013-04-27T09:44:52+08:00 ] NOTIC: [8] Undefined variable: str common.php 第 370 行.
[ 2013-04-27T09:44:52+08:00 ] NOTIC: [8] Undefined variable: str common.php 第 370 行.
[ 2013-04-27T09:44:52+08:00 ] NOTIC: [8] Use of undefined constant __PUBLIC__ - assumed '__PUBLIC__' common.php 第 120 行.
[ 2013-04-27T09:44:52+08:00 ] SQL: SHOW COLUMNS FROM `ch_category` [ RunTime:0.001193s ]
[ 2013-04-27T09:44:52+08:00 ] NOTIC: [8] Undefined variable: str common.php 第 370 行.
[ 2013-04-27T09:44:52+08:00 ] NOTIC: [8] Undefined variable: str common.php 第 370 行.
[ 2013-04-27T09:44:52+08:00 ] NOTIC: [8] Use of undefined constant __PUBLIC__ - assumed '__PUBLIC__' common.php 第 120 行.
[ 2013-04-27T09:44:52+08:00 ] SQL: SHOW COLUMNS FROM `ch_category` [ RunTime:0.005737s ]
[ 2013-04-27T09:44:52+08:00 ] NOTIC: [8] Undefined variable: str common.php 第 370 行.
[ 2013-04-27T09:44:52+08:00 ] NOTIC: [8] Undefined variable: str common.php 第 370 行.
[ 2013-04-27T09:44:52+08:00 ] NOTIC: [8] Use of undefined constant __PUBLIC__ - assumed '__PUBLIC__' common.php 第 120 行.
[ 2013-04-27T09:44:52+08:00 ] SQL: SHOW COLUMNS FROM `ch_category` [ RunTime:0.001251s ]
[ 2013-04-27T09:44:52+08:00 ] NOTIC: [8] Undefined variable: str common.php 第 370 行.
[ 2013-04-27T09:44:52+08:00 ] NOTIC: [8] Undefined variable: str common.php 第 370 行.
[ 2013-04-27T09:44:52+08:00 ] NOTIC: [8] Use of undefined constant __PUBLIC__ - assumed '__PUBLIC__' common.php 第 120 行.
[ 2013-04-27T09:44:52+08:00 ] SQL: SHOW COLUMNS FROM `ch_category` [ RunTime:0.000872s ]
[ 2013-04-27T09:44:52+08:00 ] NOTIC: [8] Undefined variable: str common.php 第 370 行.
[ 2013-04-27T09:44:52+08:00 ] NOTIC: [8] Undefined variable: str common.php 第 370 行.
[ 2013-04-27T09:44:52+08:00 ] NOTIC: [8] Use of undefined constant __PUBLIC__ - assumed '__PUBLIC__' common.php 第 120 行.
[ 2013-04-27T09:44:52+08:00 ] SQL: SHOW COLUMNS FROM `ch_category` [ RunTime:0.001164s ]
[ 2013-04-27T09:44:52+08:00 ] NOTIC: [8] Undefined variable: str common.php 第 370 行.
[ 2013-04-27T09:44:52+08:00 ] NOTIC: [8] Undefined variable: str common.php 第 370 行.
[ 2013-04-27T09:44:52+08:00 ] NOTIC: [8] Use of undefined constant __PUBLIC__ - assumed '__PUBLIC__' common.php 第 120 行.
[ 2013-04-27T09:44:52+08:00 ] SQL: SHOW COLUMNS FROM `ch_category` [ RunTime:0.001170s ]
[ 2013-04-27T09:44:52+08:00 ] NOTIC: [8] Undefined variable: str common.php 第 370 行.
[ 2013-04-27T09:44:52+08:00 ] NOTIC: [8] Undefined variable: str common.php 第 370 行.
[ 2013-04-27T09:44:52+08:00 ] NOTIC: [8] Use of undefined constant __PUBLIC__ - assumed '__PUBLIC__' common.php 第 120 行.
[ 2013-04-27T09:44:52+08:00 ] SQL: SHOW COLUMNS FROM `ch_category` [ RunTime:0.001134s ]
[ 2013-04-27T09:44:52+08:00 ] NOTIC: [8] Undefined variable: str common.php 第 370 行.
[ 2013-04-27T09:44:52+08:00 ] NOTIC: [8] Undefined variable: str common.php 第 370 行.
[ 2013-04-27T09:44:52+08:00 ] NOTIC: [8] Use of undefined constant __PUBLIC__ - assumed '__PUBLIC__' common.php 第 120 行.
[ 2013-04-27T09:44:52+08:00 ] SQL: SHOW COLUMNS FROM `ch_category` [ RunTime:0.001308s ]
[ 2013-04-27T09:44:52+08:00 ] NOTIC: [8] Undefined variable: str common.php 第 370 行.
[ 2013-04-27T09:44:52+08:00 ] NOTIC: [8] Undefined variable: str common.php 第 370 行.
[ 2013-04-27T09:44:52+08:00 ] NOTIC: [8] Use of undefined constant __PUBLIC__ - assumed '__PUBLIC__' common.php 第 120 行.
[ 2013-04-27T09:44:52+08:00 ] SQL: SHOW COLUMNS FROM `ch_category` [ RunTime:0.111505s ]
[ 2013-04-27T09:44:52+08:00 ] NOTIC: [8] Undefined variable: str common.php 第 370 行.
[ 2013-04-27T09:44:52+08:00 ] NOTIC: [8] Undefined variable: str common.php 第 370 行.
[ 2013-04-27T09:44:52+08:00 ] NOTIC: [8] Use of undefined constant __PUBLIC__ - assumed '__PUBLIC__' common.php 第 120 行.
[ 2013-04-27T09:44:52+08:00 ] SQL: SHOW COLUMNS FROM `ch_category` [ RunTime:0.001245s ]
[ 2013-04-27T09:44:52+08:00 ] NOTIC: [8] Undefined variable: str common.php 第 370 行.
[ 2013-04-27T09:44:52+08:00 ] NOTIC: [8] Undefined variable: str common.php 第 370 行.
[ 2013-04-27T09:44:52+08:00 ] NOTIC: [8] Use of undefined constant __PUBLIC__ - assumed '__PUBLIC__' common.php 第 120 行.
[ 2013-04-27T09:44:52+08:00 ] SQL: SHOW COLUMNS FROM `ch_category` [ RunTime:0.002249s ]
[ 2013-04-27T09:44:52+08:00 ] NOTIC: [8] Undefined variable: str common.php 第 370 行.
[ 2013-04-27T09:44:52+08:00 ] NOTIC: [8] Undefined variable: str common.php 第 370 行.
[ 2013-04-27T09:44:52+08:00 ] NOTIC: [8] Use of undefined constant __PUBLIC__ - assumed '__PUBLIC__' common.php 第 120 行.
[ 2013-04-27T09:44:52+08:00 ] SQL: SHOW COLUMNS FROM `ch_category` [ RunTime:0.004939s ]
[ 2013-04-27T09:44:52+08:00 ] NOTIC: [8] Undefined variable: str common.php 第 370 行.
[ 2013-04-27T09:44:52+08:00 ] NOTIC: [8] Undefined variable: str common.php 第 370 行.
[ 2013-04-27T09:44:52+08:00 ] NOTIC: [8] Use of undefined constant __PUBLIC__ - assumed '__PUBLIC__' common.php 第 120 行.
[ 2013-04-27T09:44:52+08:00 ] SQL: SHOW COLUMNS FROM `ch_category` [ RunTime:0.001505s ]
[ 2013-04-27T09:44:52+08:00 ] NOTIC: [8] Undefined variable: str common.php 第 370 行.
[ 2013-04-27T09:44:52+08:00 ] NOTIC: [8] Undefined variable: str common.php 第 370 行.
[ 2013-04-27T09:44:52+08:00 ] NOTIC: [8] Use of undefined constant __PUBLIC__ - assumed '__PUBLIC__' common.php 第 120 行.
[ 2013-04-27T09:44:52+08:00 ] INFO: Run ParseTemplate Behavior [ RunTime:0.544097s ]
[ 2013-04-27T09:44:52+08:00 ] INFO: Tag[ view_parse ] --END-- [ RunTime:0.544169s ]
[ 2013-04-27T09:44:52+08:00 ] INFO: Tag[ view_filter ] --START--
[ 2013-04-27T09:44:52+08:00 ] INFO: Run ContentReplace Behavior [ RunTime:0.000460s ]
[ 2013-04-27T09:44:52+08:00 ] INFO: Run TokenBuild Behavior [ RunTime:0.000296s ]
[ 2013-04-27T09:44:52+08:00 ] INFO: Run WriteHtmlCache Behavior [ RunTime:0.000103s ]
[ 2013-04-27T09:44:52+08:00 ] INFO: Run ShowRuntime Behavior [ RunTime:0.000268s ]
[ 2013-04-27T09:44:52+08:00 ] INFO: Tag[ view_filter ] --END-- [ RunTime:0.001302s ]
[ 2013-04-27T09:44:52+08:00 ] INFO: Tag[ view_end ] --START--
[ 2013-04-27T09:44:52+08:00 ] INFO: Run ShowPageTrace Behavior [ RunTime:0.000137s ]
[ 2013-04-27T09:44:52+08:00 ] INFO: Tag[ view_end ] --END-- [ RunTime:0.000203s ]

------210.83.232.226 REQUEST_URI:/admin.php/Article/index/?_=1367027285742------
[ 2013-04-27T09:47:53+08:00 ] INFO: Tag[ route_check ] --START--
[ 2013-04-27T09:47:53+08:00 ] INFO: Run CheckRoute Behavior [ RunTime:0.000215s ]
[ 2013-04-27T09:47:53+08:00 ] INFO: Tag[ route_check ] --END-- [ RunTime:0.000436s ]
[ 2013-04-27T09:47:53+08:00 ] INFO: Tag[ app_begin ] --START--
[ 2013-04-27T09:47:53+08:00 ] INFO: Run ReadHtmlCache Behavior [ RunTime:0.000250s ]
[ 2013-04-27T09:47:53+08:00 ] INFO: Tag[ app_begin ] --END-- [ RunTime:0.000322s ]
[ 2013-04-27T09:47:53+08:00 ] SQL: SHOW COLUMNS FROM `ch_article` [ RunTime:0.001853s ]
[ 2013-04-27T09:47:53+08:00 ] SQL: SHOW COLUMNS FROM `ch_common` [ RunTime:0.000758s ]
[ 2013-04-27T09:47:53+08:00 ] NOTIC: [8] Undefined index: tid CommonAction.class.php 第 94 行.
[ 2013-04-27T09:47:53+08:00 ] SQL: SHOW COLUMNS FROM `ch_article` [ RunTime:0.001626s ]
[ 2013-04-27T09:47:53+08:00 ] SQL: SELECT COUNT(*) AS tp_count FROM `ch_article` LIMIT 1   [ RunTime:0.000270s ]
[ 2013-04-27T09:47:53+08:00 ] SQL: SELECT * FROM `ch_article` ORDER BY id desc LIMIT 0,20   [ RunTime:0.000676s ]
[ 2013-04-27T09:47:53+08:00 ] NOTIC: [8] Undefined index: pageNum CommonAction.class.php 第 168 行.
[ 2013-04-27T09:47:53+08:00 ] INFO: Tag[ view_template ] --START--
[ 2013-04-27T09:47:53+08:00 ] INFO: Run LocationTemplate Behavior [ RunTime:0.000259s ]
[ 2013-04-27T09:47:53+08:00 ] INFO: Tag[ view_template ] --END-- [ RunTime:0.000330s ]
[ 2013-04-27T09:47:53+08:00 ] INFO: Tag[ view_parse ] --START--
[ 2013-04-27T09:47:53+08:00 ] NOTIC: [8] Undefined index: categoryName 4cf132cdb6642034410dbfb2ab3160bc.php 第 11 行.
[ 2013-04-27T09:47:53+08:00 ] NOTIC: [8] Undefined index: tid 4cf132cdb6642034410dbfb2ab3160bc.php 第 13 行.
[ 2013-04-27T09:47:53+08:00 ] NOTIC: [8] Undefined index: keytype 4cf132cdb6642034410dbfb2ab3160bc.php 第 19 行.
[ 2013-04-27T09:47:53+08:00 ] NOTIC: [8] Undefined index: keyword 4cf132cdb6642034410dbfb2ab3160bc.php 第 24 行.
[ 2013-04-27T09:47:53+08:00 ] SQL: SHOW COLUMNS FROM `ch_category` [ RunTime:0.001175s ]
[ 2013-04-27T09:47:53+08:00 ] NOTIC: [8] Undefined variable: str common.php 第 372 行.
[ 2013-04-27T09:47:53+08:00 ] NOTIC: [8] Use of undefined constant __PUBLIC__ - assumed '__PUBLIC__' common.php 第 133 行.
[ 2013-04-27T09:47:53+08:00 ] SQL: SHOW COLUMNS FROM `ch_category` [ RunTime:0.000955s ]
[ 2013-04-27T09:47:53+08:00 ] NOTIC: [8] Undefined variable: str common.php 第 372 行.
[ 2013-04-27T09:47:53+08:00 ] NOTIC: [8] Use of undefined constant __PUBLIC__ - assumed '__PUBLIC__' common.php 第 133 行.
[ 2013-04-27T09:47:53+08:00 ] SQL: SHOW COLUMNS FROM `ch_category` [ RunTime:0.000749s ]
[ 2013-04-27T09:47:53+08:00 ] NOTIC: [8] Undefined variable: str common.php 第 372 行.
[ 2013-04-27T09:47:53+08:00 ] NOTIC: [8] Use of undefined constant __PUBLIC__ - assumed '__PUBLIC__' common.php 第 133 行.
[ 2013-04-27T09:47:53+08:00 ] SQL: SHOW COLUMNS FROM `ch_category` [ RunTime:0.004466s ]
[ 2013-04-27T09:47:53+08:00 ] NOTIC: [8] Undefined variable: str common.php 第 372 行.
[ 2013-04-27T09:47:53+08:00 ] NOTIC: [8] Use of undefined constant __PUBLIC__ - assumed '__PUBLIC__' common.php 第 133 行.
[ 2013-04-27T09:47:53+08:00 ] SQL: SHOW COLUMNS FROM `ch_category` [ RunTime:0.000928s ]
[ 2013-04-27T09:47:53+08:00 ] NOTIC: [8] Undefined variable: str common.php 第 372 行.
[ 2013-04-27T09:47:53+08:00 ] NOTIC: [8] Use of undefined constant __PUBLIC__ - assumed '__PUBLIC__' common.php 第 133 行.
[ 2013-04-27T09:47:53+08:00 ] SQL: SHOW COLUMNS FROM `ch_category` [ RunTime:0.000739s ]
[ 2013-04-27T09:47:53+08:00 ] NOTIC: [8] Undefined variable: str common.php 第 372 行.
[ 2013-04-27T09:47:53+08:00 ] NOTIC: [8] Use of undefined constant __PUBLIC__ - assumed '__PUBLIC__' common.php 第 133 行.
[ 2013-04-27T09:47:53+08:00 ] SQL: SHOW COLUMNS FROM `ch_category` [ RunTime:0.000807s ]
[ 2013-04-27T09:47:53+08:00 ] NOTIC: [8] Undefined variable: str common.php 第 372 行.
[ 2013-04-27T09:47:53+08:00 ] NOTIC: [8] Use of undefined constant __PUBLIC__ - assumed '__PUBLIC__' common.php 第 133 行.
[ 2013-04-27T09:47:53+08:00 ] SQL: SHOW COLUMNS FROM `ch_category` [ RunTime:0.000951s ]
[ 2013-04-27T09:47:53+08:00 ] NOTIC: [8] Undefined variable: str common.php 第 372 行.
[ 2013-04-27T09:47:53+08:00 ] NOTIC: [8] Use of undefined constant __PUBLIC__ - assumed '__PUBLIC__' common.php 第 133 行.
[ 2013-04-27T09:47:53+08:00 ] SQL: SHOW COLUMNS FROM `ch_category` [ RunTime:0.000908s ]
[ 2013-04-27T09:47:53+08:00 ] NOTIC: [8] Undefined variable: str common.php 第 372 行.
[ 2013-04-27T09:47:53+08:00 ] NOTIC: [8] Use of undefined constant __PUBLIC__ - assumed '__PUBLIC__' common.php 第 133 行.
[ 2013-04-27T09:47:53+08:00 ] SQL: SHOW COLUMNS FROM `ch_category` [ RunTime:0.002471s ]
[ 2013-04-27T09:47:53+08:00 ] NOTIC: [8] Undefined variable: str common.php 第 372 行.
[ 2013-04-27T09:47:53+08:00 ] NOTIC: [8] Use of undefined constant __PUBLIC__ - assumed '__PUBLIC__' common.php 第 133 行.
[ 2013-04-27T09:47:53+08:00 ] SQL: SHOW COLUMNS FROM `ch_category` [ RunTime:0.004539s ]
[ 2013-04-27T09:47:53+08:00 ] NOTIC: [8] Undefined variable: str common.php 第 372 行.
[ 2013-04-27T09:47:53+08:00 ] NOTIC: [8] Use of undefined constant __PUBLIC__ - assumed '__PUBLIC__' common.php 第 133 行.
[ 2013-04-27T09:47:53+08:00 ] SQL: SHOW COLUMNS FROM `ch_category` [ RunTime:0.004949s ]
[ 2013-04-27T09:47:53+08:00 ] NOTIC: [8] Undefined variable: str common.php 第 372 行.
[ 2013-04-27T09:47:53+08:00 ] NOTIC: [8] Use of undefined constant __PUBLIC__ - assumed '__PUBLIC__' common.php 第 133 行.
[ 2013-04-27T09:47:53+08:00 ] SQL: SHOW COLUMNS FROM `ch_category` [ RunTime:0.001103s ]
[ 2013-04-27T09:47:53+08:00 ] NOTIC: [8] Undefined variable: str common.php 第 372 行.
[ 2013-04-27T09:47:53+08:00 ] NOTIC: [8] Use of undefined constant __PUBLIC__ - assumed '__PUBLIC__' common.php 第 133 行.
[ 2013-04-27T09:47:53+08:00 ] SQL: SHOW COLUMNS FROM `ch_category` [ RunTime:0.001193s ]
[ 2013-04-27T09:47:53+08:00 ] NOTIC: [8] Undefined variable: str common.php 第 372 行.
[ 2013-04-27T09:47:53+08:00 ] NOTIC: [8] Use of undefined constant __PUBLIC__ - assumed '__PUBLIC__' common.php 第 133 行.
[ 2013-04-27T09:47:53+08:00 ] SQL: SHOW COLUMNS FROM `ch_category` [ RunTime:0.000805s ]
[ 2013-04-27T09:47:53+08:00 ] NOTIC: [8] Undefined variable: str common.php 第 372 行.
[ 2013-04-27T09:47:53+08:00 ] NOTIC: [8] Use of undefined constant __PUBLIC__ - assumed '__PUBLIC__' common.php 第 133 行.
[ 2013-04-27T09:47:53+08:00 ] SQL: SHOW COLUMNS FROM `ch_category` [ RunTime:0.001903s ]
[ 2013-04-27T09:47:53+08:00 ] NOTIC: [8] Undefined variable: str common.php 第 372 行.
[ 2013-04-27T09:47:53+08:00 ] NOTIC: [8] Use of undefined constant __PUBLIC__ - assumed '__PUBLIC__' common.php 第 133 行.
[ 2013-04-27T09:47:53+08:00 ] SQL: SHOW COLUMNS FROM `ch_category` [ RunTime:0.001341s ]
[ 2013-04-27T09:47:53+08:00 ] NOTIC: [8] Undefined variable: str common.php 第 372 行.
[ 2013-04-27T09:47:53+08:00 ] NOTIC: [8] Use of undefined constant __PUBLIC__ - assumed '__PUBLIC__' common.php 第 133 行.
[ 2013-04-27T09:47:53+08:00 ] SQL: SHOW COLUMNS FROM `ch_category` [ RunTime:0.001732s ]
[ 2013-04-27T09:47:53+08:00 ] NOTIC: [8] Undefined variable: str common.php 第 372 行.
[ 2013-04-27T09:47:53+08:00 ] NOTIC: [8] Use of undefined constant __PUBLIC__ - assumed '__PUBLIC__' common.php 第 133 行.
[ 2013-04-27T09:47:53+08:00 ] SQL: SHOW COLUMNS FROM `ch_category` [ RunTime:0.001539s ]
[ 2013-04-27T09:47:53+08:00 ] NOTIC: [8] Undefined variable: str common.php 第 372 行.
[ 2013-04-27T09:47:53+08:00 ] NOTIC: [8] Use of undefined constant __PUBLIC__ - assumed '__PUBLIC__' common.php 第 133 行.
[ 2013-04-27T09:47:53+08:00 ] SQL: SHOW COLUMNS FROM `ch_category` [ RunTime:0.001367s ]
[ 2013-04-27T09:47:53+08:00 ] NOTIC: [8] Undefined variable: str common.php 第 372 行.
[ 2013-04-27T09:47:53+08:00 ] NOTIC: [8] Use of undefined constant __PUBLIC__ - assumed '__PUBLIC__' common.php 第 133 行.
[ 2013-04-27T09:47:53+08:00 ] INFO: Run ParseTemplate Behavior [ RunTime:0.066402s ]
[ 2013-04-27T09:47:53+08:00 ] INFO: Tag[ view_parse ] --END-- [ RunTime:0.066463s ]
[ 2013-04-27T09:47:53+08:00 ] INFO: Tag[ view_filter ] --START--
[ 2013-04-27T09:47:53+08:00 ] INFO: Run ContentReplace Behavior [ RunTime:0.000462s ]
[ 2013-04-27T09:47:53+08:00 ] INFO: Run TokenBuild Behavior [ RunTime:0.000329s ]
[ 2013-04-27T09:47:53+08:00 ] INFO: Run WriteHtmlCache Behavior [ RunTime:0.000094s ]
[ 2013-04-27T09:47:53+08:00 ] INFO: Run ShowRuntime Behavior [ RunTime:0.000250s ]
[ 2013-04-27T09:47:53+08:00 ] INFO: Tag[ view_filter ] --END-- [ RunTime:0.001287s ]
[ 2013-04-27T09:47:53+08:00 ] INFO: Tag[ view_end ] --START--
[ 2013-04-27T09:47:53+08:00 ] INFO: Run ShowPageTrace Behavior [ RunTime:0.000132s ]
[ 2013-04-27T09:47:53+08:00 ] INFO: Tag[ view_end ] --END-- [ RunTime:0.000202s ]

------210.83.232.226 REQUEST_URI:/admin.php/article/edit/id/14015?_=1367027292652------
[ 2013-04-27T09:48:00+08:00 ] INFO: Tag[ route_check ] --START--
[ 2013-04-27T09:48:00+08:00 ] INFO: Run CheckRoute Behavior [ RunTime:0.000249s ]
[ 2013-04-27T09:48:00+08:00 ] INFO: Tag[ route_check ] --END-- [ RunTime:0.000472s ]
[ 2013-04-27T09:48:00+08:00 ] INFO: Tag[ app_begin ] --START--
[ 2013-04-27T09:48:00+08:00 ] INFO: Run ReadHtmlCache Behavior [ RunTime:0.000148s ]
[ 2013-04-27T09:48:00+08:00 ] INFO: Tag[ app_begin ] --END-- [ RunTime:0.000207s ]
[ 2013-04-27T09:48:00+08:00 ] SQL: SHOW COLUMNS FROM `ch_article` [ RunTime:0.000928s ]
[ 2013-04-27T09:48:00+08:00 ] NOTIC: [8] Undefined index: _type Model.class.php 第 690 行.
[ 2013-04-27T09:48:00+08:00 ] SQL: SELECT * FROM `ch_article` WHERE ( `id` = '14015' ) LIMIT 1   [ RunTime:0.000291s ]
[ 2013-04-27T09:48:00+08:00 ] INFO: Tag[ view_template ] --START--
[ 2013-04-27T09:48:00+08:00 ] INFO: Run LocationTemplate Behavior [ RunTime:0.000167s ]
[ 2013-04-27T09:48:00+08:00 ] INFO: Tag[ view_template ] --END-- [ RunTime:0.000284s ]
[ 2013-04-27T09:48:00+08:00 ] INFO: Tag[ view_parse ] --START--
[ 2013-04-27T09:48:00+08:00 ] SQL: SHOW COLUMNS FROM `ch_category` [ RunTime:0.001049s ]
[ 2013-04-27T09:48:00+08:00 ] NOTIC: [8] Undefined variable: str common.php 第 372 行.
[ 2013-04-27T09:48:00+08:00 ] INFO: Run ParseTemplate Behavior [ RunTime:0.500878s ]
[ 2013-04-27T09:48:00+08:00 ] INFO: Tag[ view_parse ] --END-- [ RunTime:0.500938s ]
[ 2013-04-27T09:48:00+08:00 ] INFO: Tag[ view_filter ] --START--
[ 2013-04-27T09:48:00+08:00 ] INFO: Run ContentReplace Behavior [ RunTime:0.000199s ]
[ 2013-04-27T09:48:00+08:00 ] INFO: Run TokenBuild Behavior [ RunTime:0.000288s ]
[ 2013-04-27T09:48:00+08:00 ] INFO: Run WriteHtmlCache Behavior [ RunTime:0.000094s ]
[ 2013-04-27T09:48:00+08:00 ] INFO: Run ShowRuntime Behavior [ RunTime:0.000234s ]
[ 2013-04-27T09:48:00+08:00 ] INFO: Tag[ view_filter ] --END-- [ RunTime:0.001090s ]
[ 2013-04-27T09:48:00+08:00 ] INFO: Tag[ view_end ] --START--
[ 2013-04-27T09:48:00+08:00 ] INFO: Run ShowPageTrace Behavior [ RunTime:0.000118s ]
[ 2013-04-27T09:48:00+08:00 ] INFO: Tag[ view_end ] --END-- [ RunTime:0.000184s ]

------210.83.232.226 REQUEST_URI:/admin.php/Article/index/?_=1367027303344------
[ 2013-04-27T09:48:10+08:00 ] INFO: Tag[ route_check ] --START--
[ 2013-04-27T09:48:10+08:00 ] INFO: Run CheckRoute Behavior [ RunTime:0.000206s ]
[ 2013-04-27T09:48:10+08:00 ] INFO: Tag[ route_check ] --END-- [ RunTime:0.000416s ]
[ 2013-04-27T09:48:10+08:00 ] INFO: Tag[ app_begin ] --START--
[ 2013-04-27T09:48:10+08:00 ] INFO: Run ReadHtmlCache Behavior [ RunTime:0.000125s ]
[ 2013-04-27T09:48:10+08:00 ] INFO: Tag[ app_begin ] --END-- [ RunTime:0.005511s ]
[ 2013-04-27T09:48:10+08:00 ] SQL: SHOW COLUMNS FROM `ch_article` [ RunTime:0.000959s ]
[ 2013-04-27T09:48:10+08:00 ] SQL: SHOW COLUMNS FROM `ch_common` [ RunTime:0.000450s ]
[ 2013-04-27T09:48:10+08:00 ] NOTIC: [8] Undefined index: tid CommonAction.class.php 第 94 行.
[ 2013-04-27T09:48:10+08:00 ] SQL: SHOW COLUMNS FROM `ch_article` [ RunTime:0.000822s ]
[ 2013-04-27T09:48:10+08:00 ] SQL: SELECT COUNT(*) AS tp_count FROM `ch_article` LIMIT 1   [ RunTime:0.000131s ]
[ 2013-04-27T09:48:10+08:00 ] SQL: SELECT * FROM `ch_article` ORDER BY id desc LIMIT 0,20   [ RunTime:0.000313s ]
[ 2013-04-27T09:48:10+08:00 ] NOTIC: [8] Undefined index: pageNum CommonAction.class.php 第 168 行.
[ 2013-04-27T09:48:10+08:00 ] INFO: Tag[ view_template ] --START--
[ 2013-04-27T09:48:10+08:00 ] INFO: Run LocationTemplate Behavior [ RunTime:0.000134s ]
[ 2013-04-27T09:48:10+08:00 ] INFO: Tag[ view_template ] --END-- [ RunTime:0.000253s ]
[ 2013-04-27T09:48:10+08:00 ] INFO: Tag[ view_parse ] --START--
[ 2013-04-27T09:48:11+08:00 ] NOTIC: [8] Undefined index: categoryName 4cf132cdb6642034410dbfb2ab3160bc.php 第 11 行.
[ 2013-04-27T09:48:11+08:00 ] NOTIC: [8] Undefined index: tid 4cf132cdb6642034410dbfb2ab3160bc.php 第 13 行.
[ 2013-04-27T09:48:11+08:00 ] NOTIC: [8] Undefined index: keytype 4cf132cdb6642034410dbfb2ab3160bc.php 第 19 行.
[ 2013-04-27T09:48:11+08:00 ] NOTIC: [8] Undefined index: keyword 4cf132cdb6642034410dbfb2ab3160bc.php 第 24 行.
[ 2013-04-27T09:48:11+08:00 ] SQL: SHOW COLUMNS FROM `ch_category` [ RunTime:0.009891s ]
[ 2013-04-27T09:48:11+08:00 ] NOTIC: [8] Undefined variable: str common.php 第 372 行.
[ 2013-04-27T09:48:11+08:00 ] NOTIC: [8] Use of undefined constant __PUBLIC__ - assumed '__PUBLIC__' common.php 第 133 行.
[ 2013-04-27T09:48:11+08:00 ] SQL: SHOW COLUMNS FROM `ch_category` [ RunTime:0.000881s ]
[ 2013-04-27T09:48:11+08:00 ] NOTIC: [8] Undefined variable: str common.php 第 372 行.
[ 2013-04-27T09:48:11+08:00 ] NOTIC: [8] Use of undefined constant __PUBLIC__ - assumed '__PUBLIC__' common.php 第 133 行.
[ 2013-04-27T09:48:11+08:00 ] SQL: SHOW COLUMNS FROM `ch_category` [ RunTime:0.001937s ]
[ 2013-04-27T09:48:11+08:00 ] NOTIC: [8] Undefined variable: str common.php 第 372 行.
[ 2013-04-27T09:48:11+08:00 ] NOTIC: [8] Use of undefined constant __PUBLIC__ - assumed '__PUBLIC__' common.php 第 133 行.
[ 2013-04-27T09:48:11+08:00 ] SQL: SHOW COLUMNS FROM `ch_category` [ RunTime:0.000796s ]
[ 2013-04-27T09:48:11+08:00 ] NOTIC: [8] Undefined variable: str common.php 第 372 行.
[ 2013-04-27T09:48:11+08:00 ] NOTIC: [8] Use of undefined constant __PUBLIC__ - assumed '__PUBLIC__' common.php 第 133 行.
[ 2013-04-27T09:48:11+08:00 ] SQL: SHOW COLUMNS FROM `ch_category` [ RunTime:0.000834s ]
[ 2013-04-27T09:48:11+08:00 ] NOTIC: [8] Undefined variable: str common.php 第 372 行.
[ 2013-04-27T09:48:11+08:00 ] NOTIC: [8] Use of undefined constant __PUBLIC__ - assumed '__PUBLIC__' common.php 第 133 行.
[ 2013-04-27T09:48:11+08:00 ] SQL: SHOW COLUMNS FROM `ch_category` [ RunTime:0.000785s ]
[ 2013-04-27T09:48:11+08:00 ] NOTIC: [8] Undefined variable: str common.php 第 372 行.
[ 2013-04-27T09:48:11+08:00 ] NOTIC: [8] Use of undefined constant __PUBLIC__ - assumed '__PUBLIC__' common.php 第 133 行.
[ 2013-04-27T09:48:11+08:00 ] SQL: SHOW COLUMNS FROM `ch_category` [ RunTime:0.000970s ]
[ 2013-04-27T09:48:11+08:00 ] NOTIC: [8] Undefined variable: str common.php 第 372 行.
[ 2013-04-27T09:48:11+08:00 ] NOTIC: [8] Use of undefined constant __PUBLIC__ - assumed '__PUBLIC__' common.php 第 133 行.
[ 2013-04-27T09:48:11+08:00 ] SQL: SHOW COLUMNS FROM `ch_category` [ RunTime:0.000804s ]
[ 2013-04-27T09:48:11+08:00 ] NOTIC: [8] Undefined variable: str common.php 第 372 行.
[ 2013-04-27T09:48:11+08:00 ] NOTIC: [8] Use of undefined constant __PUBLIC__ - assumed '__PUBLIC__' common.php 第 133 行.
[ 2013-04-27T09:48:11+08:00 ] SQL: SHOW COLUMNS FROM `ch_category` [ RunTime:0.001036s ]
[ 2013-04-27T09:48:11+08:00 ] NOTIC: [8] Undefined variable: str common.php 第 372 行.
[ 2013-04-27T09:48:11+08:00 ] NOTIC: [8] Use of undefined constant __PUBLIC__ - assumed '__PUBLIC__' common.php 第 133 行.
[ 2013-04-27T09:48:11+08:00 ] SQL: SHOW COLUMNS FROM `ch_category` [ RunTime:0.003271s ]
[ 2013-04-27T09:48:11+08:00 ] NOTIC: [8] Undefined variable: str common.php 第 372 行.
[ 2013-04-27T09:48:11+08:00 ] NOTIC: [8] Use of undefined constant __PUBLIC__ - assumed '__PUBLIC__' common.php 第 133 行.
[ 2013-04-27T09:48:11+08:00 ] SQL: SHOW COLUMNS FROM `ch_category` [ RunTime:0.001163s ]
[ 2013-04-27T09:48:11+08:00 ] NOTIC: [8] Undefined variable: str common.php 第 372 行.
[ 2013-04-27T09:48:11+08:00 ] NOTIC: [8] Use of undefined constant __PUBLIC__ - assumed '__PUBLIC__' common.php 第 133 行.
[ 2013-04-27T09:48:11+08:00 ] SQL: SHOW COLUMNS FROM `ch_category` [ RunTime:0.005085s ]
[ 2013-04-27T09:48:11+08:00 ] NOTIC: [8] Undefined variable: str common.php 第 372 行.
[ 2013-04-27T09:48:11+08:00 ] NOTIC: [8] Use of undefined constant __PUBLIC__ - assumed '__PUBLIC__' common.php 第 133 行.
[ 2013-04-27T09:48:11+08:00 ] SQL: SHOW COLUMNS FROM `ch_category` [ RunTime:0.000864s ]
[ 2013-04-27T09:48:11+08:00 ] NOTIC: [8] Undefined variable: str common.php 第 372 行.
[ 2013-04-27T09:48:11+08:00 ] NOTIC: [8] Use of undefined constant __PUBLIC__ - assumed '__PUBLIC__' common.php 第 133 行.
[ 2013-04-27T09:48:11+08:00 ] SQL: SHOW COLUMNS FROM `ch_category` [ RunTime:0.000773s ]
[ 2013-04-27T09:48:11+08:00 ] NOTIC: [8] Undefined variable: str common.php 第 372 行.
[ 2013-04-27T09:48:11+08:00 ] NOTIC: [8] Use of undefined constant __PUBLIC__ - assumed '__PUBLIC__' common.php 第 133 行.
[ 2013-04-27T09:48:11+08:00 ] SQL: SHOW COLUMNS FROM `ch_category` [ RunTime:0.000881s ]
[ 2013-04-27T09:48:11+08:00 ] NOTIC: [8] Undefined variable: str common.php 第 372 行.
[ 2013-04-27T09:48:11+08:00 ] NOTIC: [8] Use of undefined constant __PUBLIC__ - assumed '__PUBLIC__' common.php 第 133 行.
[ 2013-04-27T09:48:11+08:00 ] SQL: SHOW COLUMNS FROM `ch_category` [ RunTime:0.000731s ]
[ 2013-04-27T09:48:11+08:00 ] NOTIC: [8] Undefined variable: str common.php 第 372 行.
[ 2013-04-27T09:48:11+08:00 ] NOTIC: [8] Use of undefined constant __PUBLIC__ - assumed '__PUBLIC__' common.php 第 133 行.
[ 2013-04-27T09:48:11+08:00 ] SQL: SHOW COLUMNS FROM `ch_category` [ RunTime:0.002482s ]
[ 2013-04-27T09:48:11+08:00 ] NOTIC: [8] Undefined variable: str common.php 第 372 行.
[ 2013-04-27T09:48:11+08:00 ] NOTIC: [8] Use of undefined constant __PUBLIC__ - assumed '__PUBLIC__' common.php 第 133 行.
[ 2013-04-27T09:48:11+08:00 ] SQL: SHOW COLUMNS FROM `ch_category` [ RunTime:0.001297s ]
[ 2013-04-27T09:48:11+08:00 ] NOTIC: [8] Undefined variable: str common.php 第 372 行.
[ 2013-04-27T09:48:11+08:00 ] NOTIC: [8] Use of undefined constant __PUBLIC__ - assumed '__PUBLIC__' common.php 第 133 行.
[ 2013-04-27T09:48:11+08:00 ] SQL: SHOW COLUMNS FROM `ch_category` [ RunTime:0.000776s ]
[ 2013-04-27T09:48:11+08:00 ] NOTIC: [8] Undefined variable: str common.php 第 372 行.
[ 2013-04-27T09:48:11+08:00 ] NOTIC: [8] Use of undefined constant __PUBLIC__ - assumed '__PUBLIC__' common.php 第 133 行.
[ 2013-04-27T09:48:11+08:00 ] SQL: SHOW COLUMNS FROM `ch_category` [ RunTime:0.000823s ]
[ 2013-04-27T09:48:11+08:00 ] NOTIC: [8] Undefined variable: str common.php 第 372 行.
[ 2013-04-27T09:48:11+08:00 ] NOTIC: [8] Use of undefined constant __PUBLIC__ - assumed '__PUBLIC__' common.php 第 133 行.
[ 2013-04-27T09:48:11+08:00 ] INFO: Run ParseTemplate Behavior [ RunTime:0.183808s ]
[ 2013-04-27T09:48:11+08:00 ] INFO: Tag[ view_parse ] --END-- [ RunTime:0.183872s ]
[ 2013-04-27T09:48:11+08:00 ] INFO: Tag[ view_filter ] --START--
[ 2013-04-27T09:48:11+08:00 ] INFO: Run ContentReplace Behavior [ RunTime:0.000437s ]
[ 2013-04-27T09:48:11+08:00 ] INFO: Run TokenBuild Behavior [ RunTime:0.000273s ]
[ 2013-04-27T09:48:11+08:00 ] INFO: Run WriteHtmlCache Behavior [ RunTime:0.000095s ]
[ 2013-04-27T09:48:11+08:00 ] INFO: Run ShowRuntime Behavior [ RunTime:0.000250s ]
[ 2013-04-27T09:48:11+08:00 ] INFO: Tag[ view_filter ] --END-- [ RunTime:0.001218s ]
[ 2013-04-27T09:48:11+08:00 ] INFO: Tag[ view_end ] --START--
[ 2013-04-27T09:48:11+08:00 ] INFO: Run ShowPageTrace Behavior [ RunTime:0.000194s ]
[ 2013-04-27T09:48:11+08:00 ] INFO: Tag[ view_end ] --END-- [ RunTime:0.000285s ]

------210.83.232.226 REQUEST_URI:/admin.php/System/index/?_=1367028100420------
[ 2013-04-27T10:01:43+08:00 ] INFO: Tag[ route_check ] --START--
[ 2013-04-27T10:01:43+08:00 ] INFO: Run CheckRoute Behavior [ RunTime:0.345262s ]
[ 2013-04-27T10:01:43+08:00 ] INFO: Tag[ route_check ] --END-- [ RunTime:0.459920s ]
[ 2013-04-27T10:01:44+08:00 ] INFO: Tag[ app_begin ] --START--
[ 2013-04-27T10:01:44+08:00 ] INFO: Run ReadHtmlCache Behavior [ RunTime:0.016458s ]
[ 2013-04-27T10:01:44+08:00 ] INFO: Tag[ app_begin ] --END-- [ RunTime:0.016600s ]
[ 2013-04-27T10:01:49+08:00 ] SQL: SHOW COLUMNS FROM `ch_system` [ RunTime:0.548748s ]
[ 2013-04-27T10:01:50+08:00 ] NOTIC: [2] Invalid argument supplied for foreach() common.php 第 68 行.
[ 2013-04-27T10:01:51+08:00 ] SQL: SHOW COLUMNS FROM `ch_common` [ RunTime:1.048348s ]
[ 2013-04-27T10:01:51+08:00 ] NOTIC: [8] Undefined index: tid CommonAction.class.php 第 94 行.
[ 2013-04-27T10:01:51+08:00 ] SQL: SHOW COLUMNS FROM `ch_system` [ RunTime:0.253667s ]
[ 2013-04-27T10:01:51+08:00 ] SQL: SELECT COUNT(*) AS tp_count FROM `ch_system` LIMIT 1   [ RunTime:0.000315s ]
[ 2013-04-27T10:01:51+08:00 ] NOTIC: [8] Undefined variable: listRows CommonAction.class.php 第 167 行.
[ 2013-04-27T10:01:51+08:00 ] NOTIC: [8] Undefined index: pageNum CommonAction.class.php 第 168 行.
[ 2013-04-27T10:01:52+08:00 ] INFO: Tag[ view_template ] --START--
[ 2013-04-27T10:01:52+08:00 ] INFO: Run LocationTemplate Behavior [ RunTime:0.000180s ]
[ 2013-04-27T10:01:52+08:00 ] INFO: Tag[ view_template ] --END-- [ RunTime:0.000293s ]
[ 2013-04-27T10:01:52+08:00 ] INFO: Tag[ view_parse ] --START--
[ 2013-04-27T10:01:53+08:00 ] INFO: Run ParseTemplate Behavior [ RunTime:1.753006s ]
[ 2013-04-27T10:01:53+08:00 ] INFO: Tag[ view_parse ] --END-- [ RunTime:1.753111s ]
[ 2013-04-27T10:01:53+08:00 ] INFO: Tag[ view_filter ] --START--
[ 2013-04-27T10:01:53+08:00 ] INFO: Run ContentReplace Behavior [ RunTime:0.000317s ]
[ 2013-04-27T10:01:53+08:00 ] INFO: Run TokenBuild Behavior [ RunTime:0.000157s ]
[ 2013-04-27T10:01:53+08:00 ] INFO: Run WriteHtmlCache Behavior [ RunTime:0.000088s ]
[ 2013-04-27T10:01:53+08:00 ] INFO: Run ShowRuntime Behavior [ RunTime:0.041534s ]
[ 2013-04-27T10:01:53+08:00 ] INFO: Tag[ view_filter ] --END-- [ RunTime:0.042277s ]
[ 2013-04-27T10:01:53+08:00 ] INFO: Tag[ view_end ] --START--
[ 2013-04-27T10:01:53+08:00 ] INFO: Run ShowPageTrace Behavior [ RunTime:0.000169s ]
[ 2013-04-27T10:01:53+08:00 ] INFO: Tag[ view_end ] --END-- [ RunTime:0.000305s ]

------210.83.232.226 REQUEST_URI:/admin.php/Public/login------
[ 2013-04-27T16:07:39+08:00 ] INFO: Tag[ route_check ] --START--
[ 2013-04-27T16:07:39+08:00 ] INFO: Run CheckRoute Behavior [ RunTime:0.000274s ]
[ 2013-04-27T16:07:39+08:00 ] INFO: Tag[ route_check ] --END-- [ RunTime:0.000654s ]
[ 2013-04-27T16:07:39+08:00 ] NOTIC: [8] Undefined index: HTTP_X_REQUESTED_WITH App.class.php 第 50 行.
[ 2013-04-27T16:07:39+08:00 ] INFO: Tag[ app_begin ] --START--
[ 2013-04-27T16:07:39+08:00 ] INFO: Run ReadHtmlCache Behavior [ RunTime:0.000356s ]
[ 2013-04-27T16:07:39+08:00 ] INFO: Tag[ app_begin ] --END-- [ RunTime:0.000417s ]
[ 2013-04-27T16:07:39+08:00 ] INFO: Tag[ view_template ] --START--
[ 2013-04-27T16:07:39+08:00 ] INFO: Run LocationTemplate Behavior [ RunTime:0.097265s ]
[ 2013-04-27T16:07:39+08:00 ] INFO: Tag[ view_template ] --END-- [ RunTime:0.106258s ]
[ 2013-04-27T16:07:39+08:00 ] INFO: Tag[ view_parse ] --START--
[ 2013-04-27T16:07:39+08:00 ] NOTIC: [8] Undefined index: returnUrl 2b417217782e698cd002917ec4f28601.php 第 51 行.
[ 2013-04-27T16:07:39+08:00 ] INFO: Run ParseTemplate Behavior [ RunTime:0.026317s ]
[ 2013-04-27T16:07:39+08:00 ] INFO: Tag[ view_parse ] --END-- [ RunTime:0.026410s ]
[ 2013-04-27T16:07:39+08:00 ] INFO: Tag[ view_filter ] --START--
[ 2013-04-27T16:07:39+08:00 ] INFO: Run ContentReplace Behavior [ RunTime:0.000309s ]
[ 2013-04-27T16:07:39+08:00 ] INFO: Run TokenBuild Behavior [ RunTime:0.000498s ]
[ 2013-04-27T16:07:39+08:00 ] INFO: Run WriteHtmlCache Behavior [ RunTime:0.000101s ]
[ 2013-04-27T16:07:39+08:00 ] INFO: Run ShowRuntime Behavior [ RunTime:0.000253s ]
[ 2013-04-27T16:07:39+08:00 ] INFO: Tag[ view_filter ] --END-- [ RunTime:0.001529s ]
[ 2013-04-27T16:07:39+08:00 ] INFO: Tag[ view_end ] --START--
[ 2013-04-27T16:07:39+08:00 ] INFO: Run ShowPageTrace Behavior [ RunTime:0.000122s ]
[ 2013-04-27T16:07:39+08:00 ] INFO: Tag[ view_end ] --END-- [ RunTime:0.000182s ]

------210.83.232.226 REQUEST_URI:/admin.php/public/verify/------
[ 2013-04-27T16:07:41+08:00 ] INFO: Tag[ route_check ] --START--
[ 2013-04-27T16:07:41+08:00 ] INFO: Run CheckRoute Behavior [ RunTime:0.006659s ]
[ 2013-04-27T16:07:41+08:00 ] INFO: Tag[ route_check ] --END-- [ RunTime:0.012141s ]
[ 2013-04-27T16:07:41+08:00 ] NOTIC: [8] Undefined index: HTTP_X_REQUESTED_WITH App.class.php 第 50 行.
[ 2013-04-27T16:07:41+08:00 ] INFO: Tag[ app_begin ] --START--
[ 2013-04-27T16:07:41+08:00 ] INFO: Run ReadHtmlCache Behavior [ RunTime:0.000209s ]
[ 2013-04-27T16:07:41+08:00 ] INFO: Tag[ app_begin ] --END-- [ RunTime:0.000345s ]

