[ 2013-03-27T22:16:32+08:00 ] ERR: (ThinkException) Access denied for user 'root'@'localhost' (using password: YES)
------127.0.0.1 REQUEST_URI:/------
[ 2013-03-27T22:16:47+08:00 ] NOTIC: [8] Undefined index: HTTP_X_REQUESTED_WITH App.class.php 第 50 行.
[ 2013-03-27T22:16:47+08:00 ] INFO: Tag[ app_begin ] --START--
[ 2013-03-27T22:16:47+08:00 ] INFO: Run ReadHtmlCache Behavior [ RunTime:0.000495s ]
[ 2013-03-27T22:16:47+08:00 ] INFO: Tag[ app_begin ] --END-- [ RunTime:0.000577s ]
[ 2013-03-27T22:16:47+08:00 ] SQL: SHOW COLUMNS FROM `ch_category` [ RunTime:0.001267s ]
[ 2013-03-27T22:16:47+08:00 ] SQL: SELECT * FROM `ch_category` WHERE pid=0 AND status=1 ORDER BY sort DESC  [ RunTime:0.000519s ]
[ 2013-03-27T22:16:47+08:00 ] SQL: SHOW COLUMNS FROM `ch_category` [ RunTime:0.001212s ]
[ 2013-03-27T22:16:47+08:00 ] SQL: SELECT * FROM `ch_category` WHERE pid=1 AND status=1  [ RunTime:0.000439s ]
[ 2013-03-27T22:16:47+08:00 ] SQL: SHOW COLUMNS FROM `ch_category` [ RunTime:0.001083s ]
[ 2013-03-27T22:16:47+08:00 ] SQL: SELECT * FROM `ch_category` WHERE pid=4 AND status=1  [ RunTime:0.000410s ]
[ 2013-03-27T22:16:47+08:00 ] SQL: SHOW COLUMNS FROM `ch_category` [ RunTime:0.001094s ]
[ 2013-03-27T22:16:47+08:00 ] SQL: SELECT * FROM `ch_category` WHERE pid=7 AND status=1  [ RunTime:0.000431s ]
[ 2013-03-27T22:16:47+08:00 ] SQL: SHOW COLUMNS FROM `ch_category` [ RunTime:0.001082s ]
[ 2013-03-27T22:16:47+08:00 ] SQL: SELECT * FROM `ch_category` WHERE pid=10 AND status=1  [ RunTime:0.000444s ]
[ 2013-03-27T22:16:47+08:00 ] SQL: SHOW COLUMNS FROM `ch_category` [ RunTime:0.001138s ]
[ 2013-03-27T22:16:47+08:00 ] SQL: SELECT * FROM `ch_category` WHERE pid=14 AND status=1  [ RunTime:0.000459s ]
[ 2013-03-27T22:16:47+08:00 ] SQL: SHOW COLUMNS FROM `ch_category` [ RunTime:0.001111s ]
[ 2013-03-27T22:16:47+08:00 ] SQL: SELECT * FROM `ch_category` WHERE pid=51 AND status=1  [ RunTime:0.000412s ]
[ 2013-03-27T22:16:47+08:00 ] NOTIC: [2] Invalid argument supplied for foreach() CommonAction.class.php 第 14 行.
[ 2013-03-27T22:16:47+08:00 ] SQL: SHOW COLUMNS FROM `ch_article` [ RunTime:0.001199s ]
[ 2013-03-27T22:16:47+08:00 ] SQL: SELECT * FROM `ch_article` WHERE status=1 ORDER BY apv DESC LIMIT 8   [ RunTime:0.000546s ]
[ 2013-03-27T22:16:47+08:00 ] SQL: SHOW COLUMNS FROM `ch_article` [ RunTime:0.001044s ]
[ 2013-03-27T22:16:47+08:00 ] SQL: SELECT * FROM `ch_article` WHERE status=1 ORDER BY add_time DESC LIMIT 8   [ RunTime:0.000398s ]
[ 2013-03-27T22:16:47+08:00 ] SQL: SHOW COLUMNS FROM `ch_message` [ RunTime:0.000865s ]
[ 2013-03-27T22:16:47+08:00 ] SQL: SELECT * FROM `ch_message` WHERE status=1 AND pid=0 AND aid=0 ORDER BY add_time DESC LIMIT 5   [ RunTime:0.000368s ]
[ 2013-03-27T22:16:47+08:00 ] NOTIC: [2] Invalid argument supplied for foreach() CommonAction.class.php 第 40 行.
[ 2013-03-27T22:16:47+08:00 ] SQL: SHOW COLUMNS FROM `ch_message` [ RunTime:0.000900s ]
[ 2013-03-27T22:16:47+08:00 ] SQL: SELECT * FROM `ch_message` WHERE status=1 AND pid=0 AND aid!=0 ORDER BY add_time DESC LIMIT 5   [ RunTime:0.000428s ]
[ 2013-03-27T22:16:47+08:00 ] SQL: SHOW COLUMNS FROM `ch_link` [ RunTime:0.000748s ]
[ 2013-03-27T22:16:47+08:00 ] SQL: SELECT * FROM `ch_link` WHERE status=1 ORDER BY sort DESC LIMIT 8   [ RunTime:0.000318s ]
[ 2013-03-27T22:16:47+08:00 ] SQL: SHOW COLUMNS FROM `ch_diary` [ RunTime:0.000710s ]
[ 2013-03-27T22:16:47+08:00 ] SQL: SELECT * FROM `ch_diary` WHERE status=1 ORDER BY add_time DESC LIMIT 5   [ RunTime:0.000349s ]
[ 2013-03-27T22:16:47+08:00 ] SQL: SHOW COLUMNS FROM `ch_article` [ RunTime:0.000938s ]
[ 2013-03-27T22:16:47+08:00 ] SQL: SELECT * FROM `ch_article` WHERE status=1 ORDER BY sort DESC LIMIT 8   [ RunTime:0.000395s ]
[ 2013-03-27T22:16:47+08:00 ] SQL: SHOW COLUMNS FROM `ch_photo` [ RunTime:0.000954s ]
[ 2013-03-27T22:16:47+08:00 ] SQL: SELECT * FROM `ch_photo` WHERE status=1  [ RunTime:0.000409s ]
[ 2013-03-27T22:16:47+08:00 ] SQL: SHOW COLUMNS FROM `ch_photo` [ RunTime:0.000869s ]
[ 2013-03-27T22:16:47+08:00 ] SQL: SELECT `id`,`img`,`title` FROM `ch_photo` WHERE status=1 and img!='' ORDER BY id desc LIMIT 10   [ RunTime:0.000356s ]
[ 2013-03-27T22:16:47+08:00 ] SQL: SHOW COLUMNS FROM `ch_video` [ RunTime:0.000973s ]
[ 2013-03-27T22:16:47+08:00 ] NOTIC: [8] Undefined index: _type Model.class.php 第 690 行.
[ 2013-03-27T22:16:47+08:00 ] SQL: SELECT * FROM `ch_video` WHERE ( `id` = 1 ) LIMIT 1   [ RunTime:0.000424s ]
[ 2013-03-27T22:16:47+08:00 ] INFO: Tag[ view_template ] --START--
[ 2013-03-27T22:16:47+08:00 ] INFO: Run LocationTemplate Behavior [ RunTime:0.000371s ]
[ 2013-03-27T22:16:47+08:00 ] INFO: Tag[ view_template ] --END-- [ RunTime:0.000436s ]
[ 2013-03-27T22:16:47+08:00 ] INFO: Tag[ view_parse ] --START--
[ 2013-03-27T22:16:47+08:00 ] NOTIC: [8] Undefined index: link 7e4848229090366086cc7eeb3bfc0798.php 第 57 行.
[ 2013-03-27T22:16:47+08:00 ] NOTIC: [8] Undefined index: intro 7e4848229090366086cc7eeb3bfc0798.php 第 58 行.
[ 2013-03-27T22:16:47+08:00 ] NOTIC: [8] Undefined index: link 7e4848229090366086cc7eeb3bfc0798.php 第 57 行.
[ 2013-03-27T22:16:47+08:00 ] NOTIC: [8] Undefined index: intro 7e4848229090366086cc7eeb3bfc0798.php 第 58 行.
[ 2013-03-27T22:16:47+08:00 ] NOTIC: [8] Undefined index: link 7e4848229090366086cc7eeb3bfc0798.php 第 57 行.
[ 2013-03-27T22:16:47+08:00 ] NOTIC: [8] Undefined index: intro 7e4848229090366086cc7eeb3bfc0798.php 第 58 行.
[ 2013-03-27T22:16:47+08:00 ] NOTIC: [8] Undefined index: id common.php 第 65 行.
[ 2013-03-27T22:16:47+08:00 ] SQL: SHOW COLUMNS FROM `ch_category` [ RunTime:0.001003s ]
[ 2013-03-27T22:16:47+08:00 ] NOTIC: [8] Undefined index: id common.php 第 65 行.
[ 2013-03-27T22:16:47+08:00 ] NOTIC: [8] Undefined index: _type Model.class.php 第 690 行.
[ 2013-03-27T22:16:47+08:00 ] NOTIC: [8] Use of undefined constant MAGIC_QUOTES_GPC - assumed 'MAGIC_QUOTES_GPC' DbMysql.class.php 第 407 行.
[ 2013-03-27T22:16:47+08:00 ] SQL: SELECT `title` FROM `ch_category` WHERE ( `id` = '2' ) LIMIT 1   [ RunTime:0.000310s ]
[ 2013-03-27T22:16:47+08:00 ] NOTIC: [8] Undefined index: id common.php 第 65 行.
[ 2013-03-27T22:16:47+08:00 ] SQL: SHOW COLUMNS FROM `ch_category` [ RunTime:0.000853s ]
[ 2013-03-27T22:16:47+08:00 ] NOTIC: [8] Undefined index: id common.php 第 65 行.
[ 2013-03-27T22:16:47+08:00 ] NOTIC: [8] Undefined index: _type Model.class.php 第 690 行.
[ 2013-03-27T22:16:47+08:00 ] NOTIC: [8] Use of undefined constant MAGIC_QUOTES_GPC - assumed 'MAGIC_QUOTES_GPC' DbMysql.class.php 第 407 行.
[ 2013-03-27T22:16:47+08:00 ] SQL: SELECT `title` FROM `ch_category` WHERE ( `id` = '3' ) LIMIT 1   [ RunTime:0.000288s ]
[ 2013-03-27T22:16:47+08:00 ] NOTIC: [8] Undefined index: id common.php 第 65 行.
[ 2013-03-27T22:16:47+08:00 ] SQL: SHOW COLUMNS FROM `ch_category` [ RunTime:0.000956s ]
[ 2013-03-27T22:16:47+08:00 ] NOTIC: [8] Undefined index: id common.php 第 65 行.
[ 2013-03-27T22:16:47+08:00 ] NOTIC: [8] Undefined index: _type Model.class.php 第 690 行.
[ 2013-03-27T22:16:47+08:00 ] NOTIC: [8] Use of undefined constant MAGIC_QUOTES_GPC - assumed 'MAGIC_QUOTES_GPC' DbMysql.class.php 第 407 行.
[ 2013-03-27T22:16:47+08:00 ] SQL: SELECT `title` FROM `ch_category` WHERE ( `id` = '2' ) LIMIT 1   [ RunTime:0.000139s ]
[ 2013-03-27T22:16:47+08:00 ] NOTIC: [8] Undefined index: id common.php 第 65 行.
[ 2013-03-27T22:16:47+08:00 ] SQL: SHOW COLUMNS FROM `ch_category` [ RunTime:0.001010s ]
[ 2013-03-27T22:16:47+08:00 ] NOTIC: [8] Undefined index: id common.php 第 65 行.
[ 2013-03-27T22:16:47+08:00 ] NOTIC: [8] Undefined index: _type Model.class.php 第 690 行.
[ 2013-03-27T22:16:47+08:00 ] NOTIC: [8] Use of undefined constant MAGIC_QUOTES_GPC - assumed 'MAGIC_QUOTES_GPC' DbMysql.class.php 第 407 行.
[ 2013-03-27T22:16:47+08:00 ] SQL: SELECT `title` FROM `ch_category` WHERE ( `id` = '5' ) LIMIT 1   [ RunTime:0.000310s ]
[ 2013-03-27T22:16:47+08:00 ] NOTIC: [8] Undefined index: id common.php 第 65 行.
[ 2013-03-27T22:16:47+08:00 ] SQL: SHOW COLUMNS FROM `ch_category` [ RunTime:0.000896s ]
[ 2013-03-27T22:16:47+08:00 ] NOTIC: [8] Undefined index: id common.php 第 65 行.
[ 2013-03-27T22:16:47+08:00 ] NOTIC: [8] Undefined index: _type Model.class.php 第 690 行.
[ 2013-03-27T22:16:47+08:00 ] NOTIC: [8] Use of undefined constant MAGIC_QUOTES_GPC - assumed 'MAGIC_QUOTES_GPC' DbMysql.class.php 第 407 行.
[ 2013-03-27T22:16:47+08:00 ] SQL: SELECT `title` FROM `ch_category` WHERE ( `id` = '2' ) LIMIT 1   [ RunTime:0.000123s ]
[ 2013-03-27T22:16:47+08:00 ] NOTIC: [8] Undefined index: id common.php 第 65 行.
[ 2013-03-27T22:16:47+08:00 ] SQL: SHOW COLUMNS FROM `ch_category` [ RunTime:0.000870s ]
[ 2013-03-27T22:16:47+08:00 ] NOTIC: [8] Undefined index: id common.php 第 65 行.
[ 2013-03-27T22:16:47+08:00 ] NOTIC: [8] Undefined index: _type Model.class.php 第 690 行.
[ 2013-03-27T22:16:47+08:00 ] NOTIC: [8] Use of undefined constant MAGIC_QUOTES_GPC - assumed 'MAGIC_QUOTES_GPC' DbMysql.class.php 第 407 行.
[ 2013-03-27T22:16:47+08:00 ] SQL: SELECT `title` FROM `ch_category` WHERE ( `id` = '2' ) LIMIT 1   [ RunTime:0.000116s ]
[ 2013-03-27T22:16:47+08:00 ] NOTIC: [8] Undefined index: id common.php 第 65 行.
[ 2013-03-27T22:16:47+08:00 ] SQL: SHOW COLUMNS FROM `ch_category` [ RunTime:0.000833s ]
[ 2013-03-27T22:16:47+08:00 ] NOTIC: [8] Undefined index: id common.php 第 65 行.
[ 2013-03-27T22:16:47+08:00 ] NOTIC: [8] Undefined index: _type Model.class.php 第 690 行.
[ 2013-03-27T22:16:47+08:00 ] NOTIC: [8] Use of undefined constant MAGIC_QUOTES_GPC - assumed 'MAGIC_QUOTES_GPC' DbMysql.class.php 第 407 行.
[ 2013-03-27T22:16:47+08:00 ] SQL: SELECT `title` FROM `ch_category` WHERE ( `id` = '2' ) LIMIT 1   [ RunTime:0.000115s ]
[ 2013-03-27T22:16:47+08:00 ] NOTIC: [8] Undefined index: id common.php 第 65 行.
[ 2013-03-27T22:16:47+08:00 ] SQL: SHOW COLUMNS FROM `ch_category` [ RunTime:0.000894s ]
[ 2013-03-27T22:16:47+08:00 ] NOTIC: [8] Undefined index: id common.php 第 65 行.
[ 2013-03-27T22:16:47+08:00 ] NOTIC: [8] Undefined index: _type Model.class.php 第 690 行.
[ 2013-03-27T22:16:47+08:00 ] NOTIC: [8] Use of undefined constant MAGIC_QUOTES_GPC - assumed 'MAGIC_QUOTES_GPC' DbMysql.class.php 第 407 行.
[ 2013-03-27T22:16:47+08:00 ] SQL: SELECT `title` FROM `ch_category` WHERE ( `id` = '2' ) LIMIT 1   [ RunTime:0.000102s ]
[ 2013-03-27T22:16:47+08:00 ] NOTIC: [8] Undefined variable: keyword 7e4848229090366086cc7eeb3bfc0798.php 第 171 行.
[ 2013-03-27T22:16:47+08:00 ] SQL: SHOW COLUMNS FROM `ch_article` [ RunTime:0.000974s ]
[ 2013-03-27T22:16:47+08:00 ] NOTIC: [8] Undefined index: _type Model.class.php 第 690 行.
[ 2013-03-27T22:16:47+08:00 ] NOTIC: [8] Use of undefined constant MAGIC_QUOTES_GPC - assumed 'MAGIC_QUOTES_GPC' DbMysql.class.php 第 407 行.
[ 2013-03-27T22:16:47+08:00 ] SQL: SELECT `title` FROM `ch_article` WHERE ( `id` = '1' ) LIMIT 1   [ RunTime:0.000294s ]
[ 2013-03-27T22:16:47+08:00 ] SQL: SHOW COLUMNS FROM `ch_article` [ RunTime:0.001056s ]
[ 2013-03-27T22:16:47+08:00 ] NOTIC: [8] Undefined index: _type Model.class.php 第 690 行.
[ 2013-03-27T22:16:47+08:00 ] NOTIC: [8] Use of undefined constant MAGIC_QUOTES_GPC - assumed 'MAGIC_QUOTES_GPC' DbMysql.class.php 第 407 行.
[ 2013-03-27T22:16:47+08:00 ] SQL: SELECT `title` FROM `ch_article` WHERE ( `id` = '1' ) LIMIT 1   [ RunTime:0.000122s ]
[ 2013-03-27T22:16:47+08:00 ] INFO: Run ParseTemplate Behavior [ RunTime:0.041763s ]
[ 2013-03-27T22:16:47+08:00 ] INFO: Tag[ view_parse ] --END-- [ RunTime:0.041806s ]
[ 2013-03-27T22:16:47+08:00 ] INFO: Tag[ view_filter ] --START--
[ 2013-03-27T22:16:47+08:00 ] INFO: Run ContentReplace Behavior [ RunTime:0.000467s ]
[ 2013-03-27T22:16:47+08:00 ] INFO: Run TokenBuild Behavior [ RunTime:0.000444s ]
[ 2013-03-27T22:16:47+08:00 ] INFO: Run WriteHtmlCache Behavior [ RunTime:0.000171s ]
[ 2013-03-27T22:16:47+08:00 ] INFO: Run ShowRuntime Behavior [ RunTime:0.000380s ]
[ 2013-03-27T22:16:47+08:00 ] INFO: Tag[ view_filter ] --END-- [ RunTime:0.001602s ]
[ 2013-03-27T22:16:47+08:00 ] INFO: Tag[ view_end ] --START--
[ 2013-03-27T22:16:47+08:00 ] INFO: Run ShowPageTrace Behavior [ RunTime:0.000416s ]
[ 2013-03-27T22:16:47+08:00 ] INFO: Tag[ view_end ] --END-- [ RunTime:0.000482s ]

------127.0.0.1 REQUEST_URI:/------

[ 2013-03-27T22:19:10+08:00 ] ERR: (ThinkException) 模板不存在[./Home/Tpl/article/index.html]
------127.0.0.1 REQUEST_URI:/Article/index/id/51------
[ 2013-03-27T22:19:10+08:00 ] INFO: Tag[ route_check ] --START--
[ 2013-03-27T22:19:10+08:00 ] INFO: Run CheckRoute Behavior [ RunTime:0.000961s ]
[ 2013-03-27T22:19:10+08:00 ] INFO: Tag[ route_check ] --END-- [ RunTime:0.001076s ]
[ 2013-03-27T22:19:10+08:00 ] NOTIC: [8] Undefined index: HTTP_X_REQUESTED_WITH App.class.php 第 50 行.
[ 2013-03-27T22:19:10+08:00 ] INFO: Tag[ app_begin ] --START--
[ 2013-03-27T22:19:10+08:00 ] INFO: Run ReadHtmlCache Behavior [ RunTime:0.000586s ]
[ 2013-03-27T22:19:10+08:00 ] INFO: Tag[ app_begin ] --END-- [ RunTime:0.000656s ]
[ 2013-03-27T22:19:10+08:00 ] SQL: SHOW COLUMNS FROM `ch_category` [ RunTime:0.000899s ]
[ 2013-03-27T22:19:10+08:00 ] SQL: SELECT * FROM `ch_category` WHERE pid=0 AND status=1 ORDER BY sort DESC  [ RunTime:0.000158s ]
[ 2013-03-27T22:19:10+08:00 ] SQL: SHOW COLUMNS FROM `ch_category` [ RunTime:0.000918s ]
[ 2013-03-27T22:19:10+08:00 ] SQL: SELECT * FROM `ch_category` WHERE pid=1 AND status=1  [ RunTime:0.000159s ]
[ 2013-03-27T22:19:10+08:00 ] SQL: SHOW COLUMNS FROM `ch_category` [ RunTime:0.001072s ]
[ 2013-03-27T22:19:10+08:00 ] SQL: SELECT * FROM `ch_category` WHERE pid=4 AND status=1  [ RunTime:0.000146s ]
[ 2013-03-27T22:19:10+08:00 ] SQL: SHOW COLUMNS FROM `ch_category` [ RunTime:0.000912s ]
[ 2013-03-27T22:19:10+08:00 ] SQL: SELECT * FROM `ch_category` WHERE pid=7 AND status=1  [ RunTime:0.000128s ]
[ 2013-03-27T22:19:10+08:00 ] SQL: SHOW COLUMNS FROM `ch_category` [ RunTime:0.000853s ]
[ 2013-03-27T22:19:10+08:00 ] SQL: SELECT * FROM `ch_category` WHERE pid=10 AND status=1  [ RunTime:0.000126s ]
[ 2013-03-27T22:19:10+08:00 ] SQL: SHOW COLUMNS FROM `ch_category` [ RunTime:0.000848s ]
[ 2013-03-27T22:19:10+08:00 ] SQL: SELECT * FROM `ch_category` WHERE pid=14 AND status=1  [ RunTime:0.000122s ]
[ 2013-03-27T22:19:10+08:00 ] SQL: SHOW COLUMNS FROM `ch_category` [ RunTime:0.000876s ]
[ 2013-03-27T22:19:10+08:00 ] SQL: SELECT * FROM `ch_category` WHERE pid=51 AND status=1  [ RunTime:0.000125s ]
[ 2013-03-27T22:19:10+08:00 ] NOTIC: [2] Invalid argument supplied for foreach() CommonAction.class.php 第 14 行.
[ 2013-03-27T22:19:10+08:00 ] SQL: SHOW COLUMNS FROM `ch_article` [ RunTime:0.000952s ]
[ 2013-03-27T22:19:10+08:00 ] SQL: SELECT * FROM `ch_article` WHERE status=1 ORDER BY apv DESC LIMIT 8   [ RunTime:0.000148s ]
[ 2013-03-27T22:19:10+08:00 ] SQL: SHOW COLUMNS FROM `ch_article` [ RunTime:0.000955s ]
[ 2013-03-27T22:19:10+08:00 ] SQL: SELECT * FROM `ch_article` WHERE status=1 ORDER BY add_time DESC LIMIT 8   [ RunTime:0.000124s ]
[ 2013-03-27T22:19:10+08:00 ] SQL: SHOW COLUMNS FROM `ch_message` [ RunTime:0.000922s ]
[ 2013-03-27T22:19:10+08:00 ] SQL: SELECT * FROM `ch_message` WHERE status=1 AND pid=0 AND aid=0 ORDER BY add_time DESC LIMIT 5   [ RunTime:0.000143s ]
[ 2013-03-27T22:19:10+08:00 ] NOTIC: [2] Invalid argument supplied for foreach() CommonAction.class.php 第 40 行.
[ 2013-03-27T22:19:10+08:00 ] SQL: SHOW COLUMNS FROM `ch_message` [ RunTime:0.000878s ]
[ 2013-03-27T22:19:10+08:00 ] SQL: SELECT * FROM `ch_message` WHERE status=1 AND pid=0 AND aid!=0 ORDER BY add_time DESC LIMIT 5   [ RunTime:0.000134s ]
[ 2013-03-27T22:19:10+08:00 ] SQL: SHOW COLUMNS FROM `ch_link` [ RunTime:0.000857s ]
[ 2013-03-27T22:19:10+08:00 ] SQL: SELECT * FROM `ch_link` WHERE status=1 ORDER BY sort DESC LIMIT 8   [ RunTime:0.000132s ]
[ 2013-03-27T22:19:10+08:00 ] SQL: SHOW COLUMNS FROM `ch_category` [ RunTime:0.001018s ]
[ 2013-03-27T22:19:10+08:00 ] NOTIC: [8] Undefined index: _type Model.class.php 第 690 行.
[ 2013-03-27T22:19:10+08:00 ] NOTIC: [8] Use of undefined constant MAGIC_QUOTES_GPC - assumed 'MAGIC_QUOTES_GPC' DbMysql.class.php 第 407 行.
[ 2013-03-27T22:19:10+08:00 ] SQL: SELECT * FROM `ch_category` WHERE ( `id` = '51' ) LIMIT 1   [ RunTime:0.000378s ]
[ 2013-03-27T22:19:10+08:00 ] SQL: SHOW COLUMNS FROM `ch_common` [ RunTime:0.000681s ]
[ 2013-03-27T22:19:10+08:00 ] SQL: SHOW COLUMNS FROM `ch_category` [ RunTime:0.001178s ]
[ 2013-03-27T22:19:10+08:00 ] SQL: SELECT `id`,`pid` FROM `ch_category` WHERE id in (51)  [ RunTime:0.000350s ]
[ 2013-03-27T22:19:10+08:00 ] NOTIC: [8] Undefined index: _string CommonModel.class.php 第 24 行.
[ 2013-03-27T22:19:10+08:00 ] SQL: SHOW COLUMNS FROM `ch_category` [ RunTime:0.001023s ]
[ 2013-03-27T22:19:10+08:00 ] SQL: SELECT `id` FROM `ch_category` WHERE status=1 AND pid=51  [ RunTime:0.000343s ]
[ 2013-03-27T22:19:10+08:00 ] SQL: SHOW COLUMNS FROM `ch_article` [ RunTime:0.001183s ]
[ 2013-03-27T22:19:10+08:00 ] SQL: SELECT COUNT(*) AS tp_count FROM `ch_article` WHERE ( (find_in_set(51, tid)) ) AND ( `status` = 1 ) LIMIT 1   [ RunTime:0.000510s ]
[ 2013-03-27T22:19:10+08:00 ] SQL: SELECT * FROM `ch_article` WHERE ( (find_in_set(51, tid)) ) AND ( `status` = 1 ) ORDER BY sort DESC,add_time DESC LIMIT 0,8   [ RunTime:0.000586s ]
[ 2013-03-27T22:19:10+08:00 ] SQL: SHOW COLUMNS FROM `ch_common` [ RunTime:0.000732s ]
[ 2013-03-27T22:19:10+08:00 ] SQL: SHOW COLUMNS FROM `ch_category` [ RunTime:0.001306s ]
[ 2013-03-27T22:19:10+08:00 ] NOTIC: [8] Undefined index: _type Model.class.php 第 690 行.
[ 2013-03-27T22:19:10+08:00 ] NOTIC: [8] Use of undefined constant MAGIC_QUOTES_GPC - assumed 'MAGIC_QUOTES_GPC' DbMysql.class.php 第 407 行.
[ 2013-03-27T22:19:10+08:00 ] SQL: SELECT * FROM `ch_category` WHERE ( `id` = '51' ) LIMIT 1   [ RunTime:0.000146s ]
[ 2013-03-27T22:19:10+08:00 ] NOTIC: [8] Undefined variable: t CommonAction.class.php 第 94 行.
[ 2013-03-27T22:19:10+08:00 ] INFO: Tag[ view_template ] --START--
[ 2013-03-27T22:19:10+08:00 ] NOTIC: [8] Undefined index: class ThinkException.class.php 第 79 行.
[ 2013-03-27T22:19:10+08:00 ] NOTIC: [8] Undefined index: type ThinkException.class.php 第 79 行.
[ 2013-03-27T22:19:10+08:00 ] NOTIC: [8] Undefined index: class ThinkException.class.php 第 79 行.
[ 2013-03-27T22:19:10+08:00 ] NOTIC: [8] Undefined index: type ThinkException.class.php 第 79 行.
[ 2013-03-27T22:19:10+08:00 ] NOTIC: [8] Array to string conversion ThinkException.class.php 第 80 行.
[ 2013-03-27T22:19:10+08:00 ] NOTIC: [8] Undefined index: file ThinkException.class.php 第 78 行.
[ 2013-03-27T22:19:10+08:00 ] NOTIC: [8] Undefined index: line ThinkException.class.php 第 78 行.
[ 2013-03-27T22:19:10+08:00 ] NOTIC: [4096] Object of class ArticleAction could not be converted to string ThinkException.class.php 第 80 行.
[ 2013-03-27T22:19:10+08:00 ] NOTIC: [8] Array to string conversion ThinkException.class.php 第 80 行.
[ 2013-03-27T22:19:10+08:00 ] NOTIC: [8] Undefined index: class ThinkException.class.php 第 79 行.
[ 2013-03-27T22:19:10+08:00 ] NOTIC: [8] Undefined index: type ThinkException.class.php 第 79 行.
[ 2013-03-27T22:19:10+08:00 ] NOTIC: [8] Undefined index: class ThinkException.class.php 第 79 行.
[ 2013-03-27T22:19:10+08:00 ] NOTIC: [8] Undefined index: type ThinkException.class.php 第 79 行.

[ 2013-03-27T22:19:16+08:00 ] ERR: (ThinkException) 模板不存在[./Home/Tpl/music/index.html]
------127.0.0.1 REQUEST_URI:/Music/index/id/14------
[ 2013-03-27T22:19:16+08:00 ] INFO: Tag[ route_check ] --START--
[ 2013-03-27T22:19:16+08:00 ] INFO: Run CheckRoute Behavior [ RunTime:0.000531s ]
[ 2013-03-27T22:19:16+08:00 ] INFO: Tag[ route_check ] --END-- [ RunTime:0.000607s ]
[ 2013-03-27T22:19:16+08:00 ] NOTIC: [8] Undefined index: HTTP_X_REQUESTED_WITH App.class.php 第 50 行.
[ 2013-03-27T22:19:16+08:00 ] INFO: Tag[ app_begin ] --START--
[ 2013-03-27T22:19:16+08:00 ] INFO: Run ReadHtmlCache Behavior [ RunTime:0.000347s ]
[ 2013-03-27T22:19:16+08:00 ] INFO: Tag[ app_begin ] --END-- [ RunTime:0.000391s ]
[ 2013-03-27T22:19:16+08:00 ] SQL: SHOW COLUMNS FROM `ch_category` [ RunTime:0.000862s ]
[ 2013-03-27T22:19:16+08:00 ] SQL: SELECT * FROM `ch_category` WHERE pid=0 AND status=1 ORDER BY sort DESC  [ RunTime:0.000150s ]
[ 2013-03-27T22:19:16+08:00 ] SQL: SHOW COLUMNS FROM `ch_category` [ RunTime:0.000891s ]
[ 2013-03-27T22:19:16+08:00 ] SQL: SELECT * FROM `ch_category` WHERE pid=1 AND status=1  [ RunTime:0.000150s ]
[ 2013-03-27T22:19:16+08:00 ] SQL: SHOW COLUMNS FROM `ch_category` [ RunTime:0.000848s ]
[ 2013-03-27T22:19:16+08:00 ] SQL: SELECT * FROM `ch_category` WHERE pid=4 AND status=1  [ RunTime:0.000131s ]
[ 2013-03-27T22:19:16+08:00 ] SQL: SHOW COLUMNS FROM `ch_category` [ RunTime:0.000830s ]
[ 2013-03-27T22:19:16+08:00 ] SQL: SELECT * FROM `ch_category` WHERE pid=7 AND status=1  [ RunTime:0.000130s ]
[ 2013-03-27T22:19:16+08:00 ] SQL: SHOW COLUMNS FROM `ch_category` [ RunTime:0.000853s ]
[ 2013-03-27T22:19:16+08:00 ] SQL: SELECT * FROM `ch_category` WHERE pid=10 AND status=1  [ RunTime:0.000133s ]
[ 2013-03-27T22:19:16+08:00 ] SQL: SHOW COLUMNS FROM `ch_category` [ RunTime:0.000845s ]
[ 2013-03-27T22:19:16+08:00 ] SQL: SELECT * FROM `ch_category` WHERE pid=14 AND status=1  [ RunTime:0.000128s ]
[ 2013-03-27T22:19:16+08:00 ] SQL: SHOW COLUMNS FROM `ch_category` [ RunTime:0.000924s ]
[ 2013-03-27T22:19:16+08:00 ] SQL: SELECT * FROM `ch_category` WHERE pid=51 AND status=1  [ RunTime:0.000162s ]
[ 2013-03-27T22:19:16+08:00 ] NOTIC: [2] Invalid argument supplied for foreach() CommonAction.class.php 第 14 行.
[ 2013-03-27T22:19:16+08:00 ] SQL: SHOW COLUMNS FROM `ch_article` [ RunTime:0.001042s ]
[ 2013-03-27T22:19:16+08:00 ] SQL: SELECT * FROM `ch_article` WHERE status=1 ORDER BY apv DESC LIMIT 8   [ RunTime:0.000175s ]
[ 2013-03-27T22:19:16+08:00 ] SQL: SHOW COLUMNS FROM `ch_article` [ RunTime:0.000940s ]
[ 2013-03-27T22:19:16+08:00 ] SQL: SELECT * FROM `ch_article` WHERE status=1 ORDER BY add_time DESC LIMIT 8   [ RunTime:0.000132s ]
[ 2013-03-27T22:19:16+08:00 ] SQL: SHOW COLUMNS FROM `ch_message` [ RunTime:0.000850s ]
[ 2013-03-27T22:19:16+08:00 ] SQL: SELECT * FROM `ch_message` WHERE status=1 AND pid=0 AND aid=0 ORDER BY add_time DESC LIMIT 5   [ RunTime:0.000122s ]
[ 2013-03-27T22:19:16+08:00 ] NOTIC: [2] Invalid argument supplied for foreach() CommonAction.class.php 第 40 行.
[ 2013-03-27T22:19:16+08:00 ] SQL: SHOW COLUMNS FROM `ch_message` [ RunTime:0.000827s ]
[ 2013-03-27T22:19:16+08:00 ] SQL: SELECT * FROM `ch_message` WHERE status=1 AND pid=0 AND aid!=0 ORDER BY add_time DESC LIMIT 5   [ RunTime:0.000182s ]
[ 2013-03-27T22:19:16+08:00 ] SQL: SHOW COLUMNS FROM `ch_link` [ RunTime:0.000736s ]
[ 2013-03-27T22:19:16+08:00 ] SQL: SELECT * FROM `ch_link` WHERE status=1 ORDER BY sort DESC LIMIT 8   [ RunTime:0.000118s ]
[ 2013-03-27T22:19:16+08:00 ] SQL: SHOW COLUMNS FROM `ch_category` [ RunTime:0.001257s ]
[ 2013-03-27T22:19:16+08:00 ] NOTIC: [8] Undefined index: _type Model.class.php 第 690 行.
[ 2013-03-27T22:19:16+08:00 ] NOTIC: [8] Use of undefined constant MAGIC_QUOTES_GPC - assumed 'MAGIC_QUOTES_GPC' DbMysql.class.php 第 407 行.
[ 2013-03-27T22:19:16+08:00 ] SQL: SELECT * FROM `ch_category` WHERE ( `id` = '14' ) LIMIT 1   [ RunTime:0.000381s ]
[ 2013-03-27T22:19:16+08:00 ] SQL: SHOW COLUMNS FROM `ch_common` [ RunTime:0.000641s ]
[ 2013-03-27T22:19:16+08:00 ] SQL: SHOW COLUMNS FROM `ch_category` [ RunTime:0.001068s ]
[ 2013-03-27T22:19:16+08:00 ] SQL: SELECT `id`,`pid` FROM `ch_category` WHERE id in (14)  [ RunTime:0.000325s ]
[ 2013-03-27T22:19:16+08:00 ] NOTIC: [8] Undefined index: _string CommonModel.class.php 第 24 行.
[ 2013-03-27T22:19:16+08:00 ] SQL: SHOW COLUMNS FROM `ch_category` [ RunTime:0.001054s ]
[ 2013-03-27T22:19:16+08:00 ] SQL: SELECT `id` FROM `ch_category` WHERE status=1 AND pid=14  [ RunTime:0.000335s ]
[ 2013-03-27T22:19:16+08:00 ] SQL: SHOW COLUMNS FROM `ch_music` [ RunTime:0.000928s ]
[ 2013-03-27T22:19:16+08:00 ] SQL: SELECT * FROM `ch_music` WHERE ( (find_in_set(14, tid) or find_in_set(13, tid)) ) ORDER BY sort DESC  [ RunTime:0.000411s ]
[ 2013-03-27T22:19:16+08:00 ] SQL: SHOW COLUMNS FROM `ch_category` [ RunTime:0.001114s ]
[ 2013-03-27T22:19:16+08:00 ] SQL: SELECT * FROM `ch_category` WHERE status=1 AND pid!=0 AND module="Music" ORDER BY sort DESC  [ RunTime:0.000521s ]
[ 2013-03-27T22:19:16+08:00 ] SQL: SHOW COLUMNS FROM `ch_common` [ RunTime:0.000728s ]
[ 2013-03-27T22:19:16+08:00 ] SQL: SHOW COLUMNS FROM `ch_category` [ RunTime:0.001026s ]
[ 2013-03-27T22:19:16+08:00 ] NOTIC: [8] Undefined index: _type Model.class.php 第 690 行.
[ 2013-03-27T22:19:16+08:00 ] NOTIC: [8] Use of undefined constant MAGIC_QUOTES_GPC - assumed 'MAGIC_QUOTES_GPC' DbMysql.class.php 第 407 行.
[ 2013-03-27T22:19:16+08:00 ] SQL: SELECT * FROM `ch_category` WHERE ( `id` = '14' ) LIMIT 1   [ RunTime:0.000126s ]
[ 2013-03-27T22:19:16+08:00 ] NOTIC: [8] Undefined variable: t CommonAction.class.php 第 94 行.
[ 2013-03-27T22:19:16+08:00 ] INFO: Tag[ view_template ] --START--
[ 2013-03-27T22:19:16+08:00 ] NOTIC: [8] Undefined index: class ThinkException.class.php 第 79 行.
[ 2013-03-27T22:19:16+08:00 ] NOTIC: [8] Undefined index: type ThinkException.class.php 第 79 行.
[ 2013-03-27T22:19:16+08:00 ] NOTIC: [8] Undefined index: class ThinkException.class.php 第 79 行.
[ 2013-03-27T22:19:16+08:00 ] NOTIC: [8] Undefined index: type ThinkException.class.php 第 79 行.
[ 2013-03-27T22:19:16+08:00 ] NOTIC: [8] Array to string conversion ThinkException.class.php 第 80 行.
[ 2013-03-27T22:19:16+08:00 ] NOTIC: [8] Undefined index: file ThinkException.class.php 第 78 行.
[ 2013-03-27T22:19:16+08:00 ] NOTIC: [8] Undefined index: line ThinkException.class.php 第 78 行.
[ 2013-03-27T22:19:16+08:00 ] NOTIC: [4096] Object of class MusicAction could not be converted to string ThinkException.class.php 第 80 行.
[ 2013-03-27T22:19:16+08:00 ] NOTIC: [8] Array to string conversion ThinkException.class.php 第 80 行.
[ 2013-03-27T22:19:16+08:00 ] NOTIC: [8] Undefined index: class ThinkException.class.php 第 79 行.
[ 2013-03-27T22:19:16+08:00 ] NOTIC: [8] Undefined index: type ThinkException.class.php 第 79 行.
[ 2013-03-27T22:19:16+08:00 ] NOTIC: [8] Undefined index: class ThinkException.class.php 第 79 行.
[ 2013-03-27T22:19:16+08:00 ] NOTIC: [8] Undefined index: type ThinkException.class.php 第 79 行.

[ 2013-03-27T22:19:18+08:00 ] ERR: (ThinkException) 模板不存在[./Home/Tpl/article/index.html]
------127.0.0.1 REQUEST_URI:/Article/index/id/4------
[ 2013-03-27T22:19:18+08:00 ] INFO: Tag[ route_check ] --START--
[ 2013-03-27T22:19:18+08:00 ] INFO: Run CheckRoute Behavior [ RunTime:0.000534s ]
[ 2013-03-27T22:19:18+08:00 ] INFO: Tag[ route_check ] --END-- [ RunTime:0.000609s ]
[ 2013-03-27T22:19:18+08:00 ] NOTIC: [8] Undefined index: HTTP_X_REQUESTED_WITH App.class.php 第 50 行.
[ 2013-03-27T22:19:18+08:00 ] INFO: Tag[ app_begin ] --START--
[ 2013-03-27T22:19:18+08:00 ] INFO: Run ReadHtmlCache Behavior [ RunTime:0.000384s ]
[ 2013-03-27T22:19:18+08:00 ] INFO: Tag[ app_begin ] --END-- [ RunTime:0.000428s ]
[ 2013-03-27T22:19:18+08:00 ] SQL: SHOW COLUMNS FROM `ch_category` [ RunTime:0.000872s ]
[ 2013-03-27T22:19:18+08:00 ] SQL: SELECT * FROM `ch_category` WHERE pid=0 AND status=1 ORDER BY sort DESC  [ RunTime:0.000157s ]
[ 2013-03-27T22:19:18+08:00 ] SQL: SHOW COLUMNS FROM `ch_category` [ RunTime:0.000857s ]
[ 2013-03-27T22:19:18+08:00 ] SQL: SELECT * FROM `ch_category` WHERE pid=1 AND status=1  [ RunTime:0.000144s ]
[ 2013-03-27T22:19:18+08:00 ] SQL: SHOW COLUMNS FROM `ch_category` [ RunTime:0.000840s ]
[ 2013-03-27T22:19:18+08:00 ] SQL: SELECT * FROM `ch_category` WHERE pid=4 AND status=1  [ RunTime:0.000129s ]
[ 2013-03-27T22:19:18+08:00 ] SQL: SHOW COLUMNS FROM `ch_category` [ RunTime:0.000838s ]
[ 2013-03-27T22:19:18+08:00 ] SQL: SELECT * FROM `ch_category` WHERE pid=7 AND status=1  [ RunTime:0.000125s ]
[ 2013-03-27T22:19:18+08:00 ] SQL: SHOW COLUMNS FROM `ch_category` [ RunTime:0.000837s ]
[ 2013-03-27T22:19:18+08:00 ] SQL: SELECT * FROM `ch_category` WHERE pid=10 AND status=1  [ RunTime:0.000152s ]
[ 2013-03-27T22:19:18+08:00 ] SQL: SHOW COLUMNS FROM `ch_category` [ RunTime:0.001110s ]
[ 2013-03-27T22:19:18+08:00 ] SQL: SELECT * FROM `ch_category` WHERE pid=14 AND status=1  [ RunTime:0.000143s ]
[ 2013-03-27T22:19:18+08:00 ] SQL: SHOW COLUMNS FROM `ch_category` [ RunTime:0.000875s ]
[ 2013-03-27T22:19:18+08:00 ] SQL: SELECT * FROM `ch_category` WHERE pid=51 AND status=1  [ RunTime:0.000117s ]
[ 2013-03-27T22:19:18+08:00 ] NOTIC: [2] Invalid argument supplied for foreach() CommonAction.class.php 第 14 行.
[ 2013-03-27T22:19:18+08:00 ] SQL: SHOW COLUMNS FROM `ch_article` [ RunTime:0.000922s ]
[ 2013-03-27T22:19:18+08:00 ] SQL: SELECT * FROM `ch_article` WHERE status=1 ORDER BY apv DESC LIMIT 8   [ RunTime:0.000141s ]
[ 2013-03-27T22:19:18+08:00 ] SQL: SHOW COLUMNS FROM `ch_article` [ RunTime:0.000967s ]
[ 2013-03-27T22:19:18+08:00 ] SQL: SELECT * FROM `ch_article` WHERE status=1 ORDER BY add_time DESC LIMIT 8   [ RunTime:0.000129s ]
[ 2013-03-27T22:19:18+08:00 ] SQL: SHOW COLUMNS FROM `ch_message` [ RunTime:0.001040s ]
[ 2013-03-27T22:19:18+08:00 ] SQL: SELECT * FROM `ch_message` WHERE status=1 AND pid=0 AND aid=0 ORDER BY add_time DESC LIMIT 5   [ RunTime:0.000112s ]
[ 2013-03-27T22:19:18+08:00 ] NOTIC: [2] Invalid argument supplied for foreach() CommonAction.class.php 第 40 行.
[ 2013-03-27T22:19:18+08:00 ] SQL: SHOW COLUMNS FROM `ch_message` [ RunTime:0.000866s ]
[ 2013-03-27T22:19:18+08:00 ] SQL: SELECT * FROM `ch_message` WHERE status=1 AND pid=0 AND aid!=0 ORDER BY add_time DESC LIMIT 5   [ RunTime:0.000115s ]
[ 2013-03-27T22:19:18+08:00 ] SQL: SHOW COLUMNS FROM `ch_link` [ RunTime:0.000688s ]
[ 2013-03-27T22:19:18+08:00 ] SQL: SELECT * FROM `ch_link` WHERE status=1 ORDER BY sort DESC LIMIT 8   [ RunTime:0.000143s ]
[ 2013-03-27T22:19:18+08:00 ] SQL: SHOW COLUMNS FROM `ch_category` [ RunTime:0.001023s ]
[ 2013-03-27T22:19:18+08:00 ] NOTIC: [8] Undefined index: _type Model.class.php 第 690 行.
[ 2013-03-27T22:19:18+08:00 ] NOTIC: [8] Use of undefined constant MAGIC_QUOTES_GPC - assumed 'MAGIC_QUOTES_GPC' DbMysql.class.php 第 407 行.
[ 2013-03-27T22:19:18+08:00 ] SQL: SELECT * FROM `ch_category` WHERE ( `id` = '4' ) LIMIT 1   [ RunTime:0.000355s ]
[ 2013-03-27T22:19:18+08:00 ] SQL: SHOW COLUMNS FROM `ch_common` [ RunTime:0.000546s ]
[ 2013-03-27T22:19:18+08:00 ] SQL: SHOW COLUMNS FROM `ch_category` [ RunTime:0.000810s ]
[ 2013-03-27T22:19:18+08:00 ] SQL: SELECT `id`,`pid` FROM `ch_category` WHERE id in (4)  [ RunTime:0.000282s ]
[ 2013-03-27T22:19:18+08:00 ] NOTIC: [8] Undefined index: _string CommonModel.class.php 第 24 行.
[ 2013-03-27T22:19:18+08:00 ] SQL: SHOW COLUMNS FROM `ch_category` [ RunTime:0.000823s ]
[ 2013-03-27T22:19:18+08:00 ] SQL: SELECT `id` FROM `ch_category` WHERE status=1 AND pid=4  [ RunTime:0.000327s ]
[ 2013-03-27T22:19:18+08:00 ] SQL: SHOW COLUMNS FROM `ch_article` [ RunTime:0.001155s ]
[ 2013-03-27T22:19:18+08:00 ] SQL: SELECT COUNT(*) AS tp_count FROM `ch_article` WHERE ( (find_in_set(4, tid) or find_in_set(5, tid) or find_in_set(6, tid)) ) AND ( `status` = 1 ) LIMIT 1   [ RunTime:0.000399s ]
[ 2013-03-27T22:19:18+08:00 ] SQL: SELECT * FROM `ch_article` WHERE ( (find_in_set(4, tid) or find_in_set(5, tid) or find_in_set(6, tid)) ) AND ( `status` = 1 ) ORDER BY sort DESC,add_time DESC LIMIT 0,8   [ RunTime:0.000417s ]
[ 2013-03-27T22:19:18+08:00 ] SQL: SHOW COLUMNS FROM `ch_common` [ RunTime:0.000619s ]
[ 2013-03-27T22:19:18+08:00 ] SQL: SHOW COLUMNS FROM `ch_category` [ RunTime:0.001151s ]
[ 2013-03-27T22:19:18+08:00 ] NOTIC: [8] Undefined index: _type Model.class.php 第 690 行.
[ 2013-03-27T22:19:18+08:00 ] NOTIC: [8] Use of undefined constant MAGIC_QUOTES_GPC - assumed 'MAGIC_QUOTES_GPC' DbMysql.class.php 第 407 行.
[ 2013-03-27T22:19:18+08:00 ] SQL: SELECT * FROM `ch_category` WHERE ( `id` = '4' ) LIMIT 1   [ RunTime:0.000172s ]
[ 2013-03-27T22:19:18+08:00 ] NOTIC: [8] Undefined variable: t CommonAction.class.php 第 94 行.
[ 2013-03-27T22:19:18+08:00 ] INFO: Tag[ view_template ] --START--
[ 2013-03-27T22:19:18+08:00 ] NOTIC: [8] Undefined index: class ThinkException.class.php 第 79 行.
[ 2013-03-27T22:19:18+08:00 ] NOTIC: [8] Undefined index: type ThinkException.class.php 第 79 行.
[ 2013-03-27T22:19:18+08:00 ] NOTIC: [8] Undefined index: class ThinkException.class.php 第 79 行.
[ 2013-03-27T22:19:18+08:00 ] NOTIC: [8] Undefined index: type ThinkException.class.php 第 79 行.
[ 2013-03-27T22:19:18+08:00 ] NOTIC: [8] Array to string conversion ThinkException.class.php 第 80 行.
[ 2013-03-27T22:19:18+08:00 ] NOTIC: [8] Undefined index: file ThinkException.class.php 第 78 行.
[ 2013-03-27T22:19:18+08:00 ] NOTIC: [8] Undefined index: line ThinkException.class.php 第 78 行.
[ 2013-03-27T22:19:18+08:00 ] NOTIC: [4096] Object of class ArticleAction could not be converted to string ThinkException.class.php 第 80 行.
[ 2013-03-27T22:19:18+08:00 ] NOTIC: [8] Array to string conversion ThinkException.class.php 第 80 行.
[ 2013-03-27T22:19:18+08:00 ] NOTIC: [8] Undefined index: class ThinkException.class.php 第 79 行.
[ 2013-03-27T22:19:18+08:00 ] NOTIC: [8] Undefined index: type ThinkException.class.php 第 79 行.
[ 2013-03-27T22:19:18+08:00 ] NOTIC: [8] Undefined index: class ThinkException.class.php 第 79 行.
[ 2013-03-27T22:19:18+08:00 ] NOTIC: [8] Undefined index: type ThinkException.class.php 第 79 行.

[ 2013-03-27T22:19:20+08:00 ] ERR: (ThinkException) 模板不存在[./Home/Tpl/article/index.html]
------127.0.0.1 REQUEST_URI:/Article/index/id/1------
[ 2013-03-27T22:19:20+08:00 ] INFO: Tag[ route_check ] --START--
[ 2013-03-27T22:19:20+08:00 ] INFO: Run CheckRoute Behavior [ RunTime:0.000626s ]
[ 2013-03-27T22:19:20+08:00 ] INFO: Tag[ route_check ] --END-- [ RunTime:0.000717s ]
[ 2013-03-27T22:19:20+08:00 ] NOTIC: [8] Undefined index: HTTP_X_REQUESTED_WITH App.class.php 第 50 行.
[ 2013-03-27T22:19:20+08:00 ] INFO: Tag[ app_begin ] --START--
[ 2013-03-27T22:19:20+08:00 ] INFO: Run ReadHtmlCache Behavior [ RunTime:0.000362s ]
[ 2013-03-27T22:19:20+08:00 ] INFO: Tag[ app_begin ] --END-- [ RunTime:0.000406s ]
[ 2013-03-27T22:19:20+08:00 ] SQL: SHOW COLUMNS FROM `ch_category` [ RunTime:0.000861s ]
[ 2013-03-27T22:19:20+08:00 ] SQL: SELECT * FROM `ch_category` WHERE pid=0 AND status=1 ORDER BY sort DESC  [ RunTime:0.000154s ]
[ 2013-03-27T22:19:20+08:00 ] SQL: SHOW COLUMNS FROM `ch_category` [ RunTime:0.000880s ]
[ 2013-03-27T22:19:20+08:00 ] SQL: SELECT * FROM `ch_category` WHERE pid=1 AND status=1  [ RunTime:0.000150s ]
[ 2013-03-27T22:19:20+08:00 ] SQL: SHOW COLUMNS FROM `ch_category` [ RunTime:0.000936s ]
[ 2013-03-27T22:19:20+08:00 ] SQL: SELECT * FROM `ch_category` WHERE pid=4 AND status=1  [ RunTime:0.000130s ]
[ 2013-03-27T22:19:20+08:00 ] SQL: SHOW COLUMNS FROM `ch_category` [ RunTime:0.000861s ]
[ 2013-03-27T22:19:20+08:00 ] SQL: SELECT * FROM `ch_category` WHERE pid=7 AND status=1  [ RunTime:0.000164s ]
[ 2013-03-27T22:19:20+08:00 ] SQL: SHOW COLUMNS FROM `ch_category` [ RunTime:0.001084s ]
[ 2013-03-27T22:19:20+08:00 ] SQL: SELECT * FROM `ch_category` WHERE pid=10 AND status=1  [ RunTime:0.000155s ]
[ 2013-03-27T22:19:20+08:00 ] SQL: SHOW COLUMNS FROM `ch_category` [ RunTime:0.001006s ]
[ 2013-03-27T22:19:20+08:00 ] SQL: SELECT * FROM `ch_category` WHERE pid=14 AND status=1  [ RunTime:0.000118s ]
[ 2013-03-27T22:19:20+08:00 ] SQL: SHOW COLUMNS FROM `ch_category` [ RunTime:0.000857s ]
[ 2013-03-27T22:19:20+08:00 ] SQL: SELECT * FROM `ch_category` WHERE pid=51 AND status=1  [ RunTime:0.000182s ]
[ 2013-03-27T22:19:20+08:00 ] NOTIC: [2] Invalid argument supplied for foreach() CommonAction.class.php 第 14 行.
[ 2013-03-27T22:19:20+08:00 ] SQL: SHOW COLUMNS FROM `ch_article` [ RunTime:0.000949s ]
[ 2013-03-27T22:19:20+08:00 ] SQL: SELECT * FROM `ch_article` WHERE status=1 ORDER BY apv DESC LIMIT 8   [ RunTime:0.000152s ]
[ 2013-03-27T22:19:20+08:00 ] SQL: SHOW COLUMNS FROM `ch_article` [ RunTime:0.000942s ]
[ 2013-03-27T22:19:20+08:00 ] SQL: SELECT * FROM `ch_article` WHERE status=1 ORDER BY add_time DESC LIMIT 8   [ RunTime:0.000126s ]
[ 2013-03-27T22:19:20+08:00 ] SQL: SHOW COLUMNS FROM `ch_message` [ RunTime:0.000889s ]
[ 2013-03-27T22:19:20+08:00 ] SQL: SELECT * FROM `ch_message` WHERE status=1 AND pid=0 AND aid=0 ORDER BY add_time DESC LIMIT 5   [ RunTime:0.000114s ]
[ 2013-03-27T22:19:20+08:00 ] NOTIC: [2] Invalid argument supplied for foreach() CommonAction.class.php 第 40 行.
[ 2013-03-27T22:19:20+08:00 ] SQL: SHOW COLUMNS FROM `ch_message` [ RunTime:0.000817s ]
[ 2013-03-27T22:19:20+08:00 ] SQL: SELECT * FROM `ch_message` WHERE status=1 AND pid=0 AND aid!=0 ORDER BY add_time DESC LIMIT 5   [ RunTime:0.000101s ]
[ 2013-03-27T22:19:20+08:00 ] SQL: SHOW COLUMNS FROM `ch_link` [ RunTime:0.000683s ]
[ 2013-03-27T22:19:20+08:00 ] SQL: SELECT * FROM `ch_link` WHERE status=1 ORDER BY sort DESC LIMIT 8   [ RunTime:0.000108s ]
[ 2013-03-27T22:19:20+08:00 ] SQL: SHOW COLUMNS FROM `ch_category` [ RunTime:0.000944s ]
[ 2013-03-27T22:19:20+08:00 ] NOTIC: [8] Undefined index: _type Model.class.php 第 690 行.
[ 2013-03-27T22:19:20+08:00 ] NOTIC: [8] Use of undefined constant MAGIC_QUOTES_GPC - assumed 'MAGIC_QUOTES_GPC' DbMysql.class.php 第 407 行.
[ 2013-03-27T22:19:20+08:00 ] SQL: SELECT * FROM `ch_category` WHERE ( `id` = '1' ) LIMIT 1   [ RunTime:0.000350s ]
[ 2013-03-27T22:19:20+08:00 ] SQL: SHOW COLUMNS FROM `ch_common` [ RunTime:0.000555s ]
[ 2013-03-27T22:19:20+08:00 ] SQL: SHOW COLUMNS FROM `ch_category` [ RunTime:0.000798s ]
[ 2013-03-27T22:19:20+08:00 ] SQL: SELECT `id`,`pid` FROM `ch_category` WHERE id in (1)  [ RunTime:0.000337s ]
[ 2013-03-27T22:19:20+08:00 ] NOTIC: [8] Undefined index: _string CommonModel.class.php 第 24 行.
[ 2013-03-27T22:19:20+08:00 ] SQL: SHOW COLUMNS FROM `ch_category` [ RunTime:0.001005s ]
[ 2013-03-27T22:19:20+08:00 ] SQL: SELECT `id` FROM `ch_category` WHERE status=1 AND pid=1  [ RunTime:0.000322s ]
[ 2013-03-27T22:19:20+08:00 ] SQL: SHOW COLUMNS FROM `ch_article` [ RunTime:0.001158s ]
[ 2013-03-27T22:19:20+08:00 ] SQL: SELECT COUNT(*) AS tp_count FROM `ch_article` WHERE ( (find_in_set(1, tid) or find_in_set(2, tid) or find_in_set(3, tid)) ) AND ( `status` = 1 ) LIMIT 1   [ RunTime:0.000402s ]
[ 2013-03-27T22:19:20+08:00 ] SQL: SELECT * FROM `ch_article` WHERE ( (find_in_set(1, tid) or find_in_set(2, tid) or find_in_set(3, tid)) ) AND ( `status` = 1 ) ORDER BY sort DESC,add_time DESC LIMIT 0,8   [ RunTime:0.000480s ]
[ 2013-03-27T22:19:20+08:00 ] SQL: SHOW COLUMNS FROM `ch_common` [ RunTime:0.000775s ]
[ 2013-03-27T22:19:20+08:00 ] SQL: SHOW COLUMNS FROM `ch_category` [ RunTime:0.001184s ]
[ 2013-03-27T22:19:20+08:00 ] NOTIC: [8] Undefined index: _type Model.class.php 第 690 行.
[ 2013-03-27T22:19:20+08:00 ] NOTIC: [8] Use of undefined constant MAGIC_QUOTES_GPC - assumed 'MAGIC_QUOTES_GPC' DbMysql.class.php 第 407 行.
[ 2013-03-27T22:19:20+08:00 ] SQL: SELECT * FROM `ch_category` WHERE ( `id` = '1' ) LIMIT 1   [ RunTime:0.000144s ]
[ 2013-03-27T22:19:20+08:00 ] NOTIC: [8] Undefined variable: t CommonAction.class.php 第 94 行.
[ 2013-03-27T22:19:20+08:00 ] INFO: Tag[ view_template ] --START--
[ 2013-03-27T22:19:20+08:00 ] NOTIC: [8] Undefined index: class ThinkException.class.php 第 79 行.
[ 2013-03-27T22:19:20+08:00 ] NOTIC: [8] Undefined index: type ThinkException.class.php 第 79 行.
[ 2013-03-27T22:19:20+08:00 ] NOTIC: [8] Undefined index: class ThinkException.class.php 第 79 行.
[ 2013-03-27T22:19:20+08:00 ] NOTIC: [8] Undefined index: type ThinkException.class.php 第 79 行.
[ 2013-03-27T22:19:20+08:00 ] NOTIC: [8] Array to string conversion ThinkException.class.php 第 80 行.
[ 2013-03-27T22:19:20+08:00 ] NOTIC: [8] Undefined index: file ThinkException.class.php 第 78 行.
[ 2013-03-27T22:19:20+08:00 ] NOTIC: [8] Undefined index: line ThinkException.class.php 第 78 行.
[ 2013-03-27T22:19:20+08:00 ] NOTIC: [4096] Object of class ArticleAction could not be converted to string ThinkException.class.php 第 80 行.
[ 2013-03-27T22:19:20+08:00 ] NOTIC: [8] Array to string conversion ThinkException.class.php 第 80 行.
[ 2013-03-27T22:19:20+08:00 ] NOTIC: [8] Undefined index: class ThinkException.class.php 第 79 行.
[ 2013-03-27T22:19:20+08:00 ] NOTIC: [8] Undefined index: type ThinkException.class.php 第 79 行.
[ 2013-03-27T22:19:20+08:00 ] NOTIC: [8] Undefined index: class ThinkException.class.php 第 79 行.
[ 2013-03-27T22:19:20+08:00 ] NOTIC: [8] Undefined index: type ThinkException.class.php 第 79 行.

[ 2013-03-27T22:19:22+08:00 ] ERR: (ThinkException) 模板不存在[./Home/Tpl/photo/index.html]
------127.0.0.1 REQUEST_URI:/Photo/index/id/7------
[ 2013-03-27T22:19:22+08:00 ] INFO: Tag[ route_check ] --START--
[ 2013-03-27T22:19:22+08:00 ] INFO: Run CheckRoute Behavior [ RunTime:0.000911s ]
[ 2013-03-27T22:19:22+08:00 ] INFO: Tag[ route_check ] --END-- [ RunTime:0.001022s ]
[ 2013-03-27T22:19:22+08:00 ] NOTIC: [8] Undefined index: HTTP_X_REQUESTED_WITH App.class.php 第 50 行.
[ 2013-03-27T22:19:22+08:00 ] INFO: Tag[ app_begin ] --START--
[ 2013-03-27T22:19:22+08:00 ] INFO: Run ReadHtmlCache Behavior [ RunTime:0.000576s ]
[ 2013-03-27T22:19:22+08:00 ] INFO: Tag[ app_begin ] --END-- [ RunTime:0.000647s ]
[ 2013-03-27T22:19:22+08:00 ] SQL: SHOW COLUMNS FROM `ch_category` [ RunTime:0.000913s ]
[ 2013-03-27T22:19:22+08:00 ] SQL: SELECT * FROM `ch_category` WHERE pid=0 AND status=1 ORDER BY sort DESC  [ RunTime:0.000210s ]
[ 2013-03-27T22:19:22+08:00 ] SQL: SHOW COLUMNS FROM `ch_category` [ RunTime:0.001083s ]
[ 2013-03-27T22:19:22+08:00 ] SQL: SELECT * FROM `ch_category` WHERE pid=1 AND status=1  [ RunTime:0.000146s ]
[ 2013-03-27T22:19:22+08:00 ] SQL: SHOW COLUMNS FROM `ch_category` [ RunTime:0.000857s ]
[ 2013-03-27T22:19:22+08:00 ] SQL: SELECT * FROM `ch_category` WHERE pid=4 AND status=1  [ RunTime:0.000119s ]
[ 2013-03-27T22:19:22+08:00 ] SQL: SHOW COLUMNS FROM `ch_category` [ RunTime:0.000889s ]
[ 2013-03-27T22:19:22+08:00 ] SQL: SELECT * FROM `ch_category` WHERE pid=7 AND status=1  [ RunTime:0.000129s ]
[ 2013-03-27T22:19:22+08:00 ] SQL: SHOW COLUMNS FROM `ch_category` [ RunTime:0.000838s ]
[ 2013-03-27T22:19:22+08:00 ] SQL: SELECT * FROM `ch_category` WHERE pid=10 AND status=1  [ RunTime:0.000131s ]
[ 2013-03-27T22:19:22+08:00 ] SQL: SHOW COLUMNS FROM `ch_category` [ RunTime:0.000840s ]
[ 2013-03-27T22:19:22+08:00 ] SQL: SELECT * FROM `ch_category` WHERE pid=14 AND status=1  [ RunTime:0.000125s ]
[ 2013-03-27T22:19:22+08:00 ] SQL: SHOW COLUMNS FROM `ch_category` [ RunTime:0.000900s ]
[ 2013-03-27T22:19:22+08:00 ] SQL: SELECT * FROM `ch_category` WHERE pid=51 AND status=1  [ RunTime:0.000127s ]
[ 2013-03-27T22:19:22+08:00 ] NOTIC: [2] Invalid argument supplied for foreach() CommonAction.class.php 第 14 行.
[ 2013-03-27T22:19:22+08:00 ] SQL: SHOW COLUMNS FROM `ch_article` [ RunTime:0.000955s ]
[ 2013-03-27T22:19:22+08:00 ] SQL: SELECT * FROM `ch_article` WHERE status=1 ORDER BY apv DESC LIMIT 8   [ RunTime:0.000140s ]
[ 2013-03-27T22:19:22+08:00 ] SQL: SHOW COLUMNS FROM `ch_article` [ RunTime:0.001136s ]
[ 2013-03-27T22:19:22+08:00 ] SQL: SELECT * FROM `ch_article` WHERE status=1 ORDER BY add_time DESC LIMIT 8   [ RunTime:0.000179s ]
[ 2013-03-27T22:19:22+08:00 ] SQL: SHOW COLUMNS FROM `ch_message` [ RunTime:0.000981s ]
[ 2013-03-27T22:19:22+08:00 ] SQL: SELECT * FROM `ch_message` WHERE status=1 AND pid=0 AND aid=0 ORDER BY add_time DESC LIMIT 5   [ RunTime:0.000147s ]
[ 2013-03-27T22:19:22+08:00 ] NOTIC: [2] Invalid argument supplied for foreach() CommonAction.class.php 第 40 行.
[ 2013-03-27T22:19:22+08:00 ] SQL: SHOW COLUMNS FROM `ch_message` [ RunTime:0.000849s ]
[ 2013-03-27T22:19:22+08:00 ] SQL: SELECT * FROM `ch_message` WHERE status=1 AND pid=0 AND aid!=0 ORDER BY add_time DESC LIMIT 5   [ RunTime:0.000095s ]
[ 2013-03-27T22:19:22+08:00 ] SQL: SHOW COLUMNS FROM `ch_link` [ RunTime:0.000732s ]
[ 2013-03-27T22:19:22+08:00 ] SQL: SELECT * FROM `ch_link` WHERE status=1 ORDER BY sort DESC LIMIT 8   [ RunTime:0.000111s ]
[ 2013-03-27T22:19:22+08:00 ] SQL: SHOW COLUMNS FROM `ch_category` [ RunTime:0.000826s ]
[ 2013-03-27T22:19:22+08:00 ] NOTIC: [8] Undefined index: _type Model.class.php 第 690 行.
[ 2013-03-27T22:19:22+08:00 ] NOTIC: [8] Use of undefined constant MAGIC_QUOTES_GPC - assumed 'MAGIC_QUOTES_GPC' DbMysql.class.php 第 407 行.
[ 2013-03-27T22:19:22+08:00 ] SQL: SELECT * FROM `ch_category` WHERE ( `id` = '7' ) LIMIT 1   [ RunTime:0.000327s ]
[ 2013-03-27T22:19:22+08:00 ] SQL: SHOW COLUMNS FROM `ch_common` [ RunTime:0.000529s ]
[ 2013-03-27T22:19:22+08:00 ] SQL: SHOW COLUMNS FROM `ch_category` [ RunTime:0.000850s ]
[ 2013-03-27T22:19:22+08:00 ] SQL: SELECT `id`,`pid` FROM `ch_category` WHERE id in (7)  [ RunTime:0.000280s ]
[ 2013-03-27T22:19:22+08:00 ] NOTIC: [8] Undefined index: _string CommonModel.class.php 第 24 行.
[ 2013-03-27T22:19:22+08:00 ] SQL: SHOW COLUMNS FROM `ch_category` [ RunTime:0.000829s ]
[ 2013-03-27T22:19:22+08:00 ] SQL: SELECT `id` FROM `ch_category` WHERE status=1 AND pid=7  [ RunTime:0.000292s ]
[ 2013-03-27T22:19:22+08:00 ] SQL: SHOW COLUMNS FROM `ch_photo` [ RunTime:0.000957s ]
[ 2013-03-27T22:19:22+08:00 ] SQL: SELECT COUNT(*) AS tp_count FROM `ch_photo` WHERE ( (find_in_set(7, tid) or find_in_set(8, tid) or find_in_set(9, tid)) ) AND ( `status` = 1 ) LIMIT 1   [ RunTime:0.000370s ]
[ 2013-03-27T22:19:22+08:00 ] SQL: SELECT * FROM `ch_photo` WHERE ( (find_in_set(7, tid) or find_in_set(8, tid) or find_in_set(9, tid)) ) AND ( `status` = 1 ) ORDER BY sort DESC,add_time DESC LIMIT 0,20   [ RunTime:0.000349s ]
[ 2013-03-27T22:19:22+08:00 ] NOTIC: [8] Undefined index: rewrite CommonAction.class.php 第 72 行.
[ 2013-03-27T22:19:22+08:00 ] NOTIC: [8] Undefined index: rewrite CommonAction.class.php 第 72 行.
[ 2013-03-27T22:19:22+08:00 ] NOTIC: [8] Undefined index: rewrite CommonAction.class.php 第 72 行.
[ 2013-03-27T22:19:22+08:00 ] SQL: SHOW COLUMNS FROM `ch_category` [ RunTime:0.000853s ]
[ 2013-03-27T22:19:22+08:00 ] SQL: SELECT * FROM `ch_category` WHERE status=1 AND pid!=0 AND module="Photo" ORDER BY sort DESC  [ RunTime:0.000346s ]
[ 2013-03-27T22:19:22+08:00 ] SQL: SHOW COLUMNS FROM `ch_common` [ RunTime:0.000662s ]
[ 2013-03-27T22:19:22+08:00 ] SQL: SHOW COLUMNS FROM `ch_category` [ RunTime:0.000983s ]
[ 2013-03-27T22:19:22+08:00 ] NOTIC: [8] Undefined index: _type Model.class.php 第 690 行.
[ 2013-03-27T22:19:22+08:00 ] NOTIC: [8] Use of undefined constant MAGIC_QUOTES_GPC - assumed 'MAGIC_QUOTES_GPC' DbMysql.class.php 第 407 行.
[ 2013-03-27T22:19:22+08:00 ] SQL: SELECT * FROM `ch_category` WHERE ( `id` = '7' ) LIMIT 1   [ RunTime:0.000164s ]
[ 2013-03-27T22:19:22+08:00 ] NOTIC: [8] Undefined variable: t CommonAction.class.php 第 94 行.
[ 2013-03-27T22:19:22+08:00 ] INFO: Tag[ view_template ] --START--
[ 2013-03-27T22:19:22+08:00 ] NOTIC: [8] Undefined index: class ThinkException.class.php 第 79 行.
[ 2013-03-27T22:19:22+08:00 ] NOTIC: [8] Undefined index: type ThinkException.class.php 第 79 行.
[ 2013-03-27T22:19:22+08:00 ] NOTIC: [8] Undefined index: class ThinkException.class.php 第 79 行.
[ 2013-03-27T22:19:22+08:00 ] NOTIC: [8] Undefined index: type ThinkException.class.php 第 79 行.
[ 2013-03-27T22:19:22+08:00 ] NOTIC: [8] Array to string conversion ThinkException.class.php 第 80 行.
[ 2013-03-27T22:19:22+08:00 ] NOTIC: [8] Undefined index: file ThinkException.class.php 第 78 行.
[ 2013-03-27T22:19:22+08:00 ] NOTIC: [8] Undefined index: line ThinkException.class.php 第 78 行.
[ 2013-03-27T22:19:22+08:00 ] NOTIC: [4096] Object of class PhotoAction could not be converted to string ThinkException.class.php 第 80 行.
[ 2013-03-27T22:19:22+08:00 ] NOTIC: [8] Array to string conversion ThinkException.class.php 第 80 行.
[ 2013-03-27T22:19:22+08:00 ] NOTIC: [8] Undefined index: class ThinkException.class.php 第 79 行.
[ 2013-03-27T22:19:22+08:00 ] NOTIC: [8] Undefined index: type ThinkException.class.php 第 79 行.
[ 2013-03-27T22:19:22+08:00 ] NOTIC: [8] Undefined index: class ThinkException.class.php 第 79 行.
[ 2013-03-27T22:19:22+08:00 ] NOTIC: [8] Undefined index: type ThinkException.class.php 第 79 行.

------127.0.0.1 REQUEST_URI:/------
[ 2013-03-27T22:19:56+08:00 ] NOTIC: [8] Undefined index: HTTP_X_REQUESTED_WITH App.class.php 第 50 行.
[ 2013-03-27T22:19:56+08:00 ] INFO: Tag[ app_begin ] --START--
[ 2013-03-27T22:19:56+08:00 ] INFO: Run ReadHtmlCache Behavior [ RunTime:0.000357s ]
[ 2013-03-27T22:19:56+08:00 ] INFO: Tag[ app_begin ] --END-- [ RunTime:0.000410s ]
[ 2013-03-27T22:19:56+08:00 ] SQL: SHOW COLUMNS FROM `ch_category` [ RunTime:0.000860s ]
[ 2013-03-27T22:19:56+08:00 ] SQL: SELECT * FROM `ch_category` WHERE pid=0 AND status=1 ORDER BY sort DESC  [ RunTime:0.000148s ]
[ 2013-03-27T22:19:56+08:00 ] SQL: SHOW COLUMNS FROM `ch_category` [ RunTime:0.000876s ]
[ 2013-03-27T22:19:56+08:00 ] SQL: SELECT * FROM `ch_category` WHERE pid=1 AND status=1  [ RunTime:0.000149s ]
[ 2013-03-27T22:19:56+08:00 ] SQL: SHOW COLUMNS FROM `ch_category` [ RunTime:0.000848s ]
[ 2013-03-27T22:19:56+08:00 ] SQL: SELECT * FROM `ch_category` WHERE pid=4 AND status=1  [ RunTime:0.000132s ]
[ 2013-03-27T22:19:56+08:00 ] SQL: SHOW COLUMNS FROM `ch_category` [ RunTime:0.000839s ]
[ 2013-03-27T22:19:56+08:00 ] SQL: SELECT * FROM `ch_category` WHERE pid=7 AND status=1  [ RunTime:0.000132s ]
[ 2013-03-27T22:19:56+08:00 ] SQL: SHOW COLUMNS FROM `ch_category` [ RunTime:0.000847s ]
[ 2013-03-27T22:19:56+08:00 ] SQL: SELECT * FROM `ch_category` WHERE pid=10 AND status=1  [ RunTime:0.000131s ]
[ 2013-03-27T22:19:56+08:00 ] SQL: SHOW COLUMNS FROM `ch_category` [ RunTime:0.000854s ]
[ 2013-03-27T22:19:56+08:00 ] SQL: SELECT * FROM `ch_category` WHERE pid=14 AND status=1  [ RunTime:0.000126s ]
[ 2013-03-27T22:19:56+08:00 ] SQL: SHOW COLUMNS FROM `ch_category` [ RunTime:0.001301s ]
[ 2013-03-27T22:19:56+08:00 ] SQL: SELECT * FROM `ch_category` WHERE pid=51 AND status=1  [ RunTime:0.000163s ]
[ 2013-03-27T22:19:56+08:00 ] NOTIC: [2] Invalid argument supplied for foreach() CommonAction.class.php 第 14 行.
[ 2013-03-27T22:19:56+08:00 ] SQL: SHOW COLUMNS FROM `ch_article` [ RunTime:0.000998s ]
[ 2013-03-27T22:19:56+08:00 ] SQL: SELECT * FROM `ch_article` WHERE status=1 ORDER BY apv DESC LIMIT 8   [ RunTime:0.000145s ]
[ 2013-03-27T22:19:56+08:00 ] SQL: SHOW COLUMNS FROM `ch_article` [ RunTime:0.000976s ]
[ 2013-03-27T22:19:56+08:00 ] SQL: SELECT * FROM `ch_article` WHERE status=1 ORDER BY add_time DESC LIMIT 8   [ RunTime:0.000138s ]
[ 2013-03-27T22:19:56+08:00 ] SQL: SHOW COLUMNS FROM `ch_message` [ RunTime:0.000853s ]
[ 2013-03-27T22:19:56+08:00 ] SQL: SELECT * FROM `ch_message` WHERE status=1 AND pid=0 AND aid=0 ORDER BY add_time DESC LIMIT 5   [ RunTime:0.000119s ]
[ 2013-03-27T22:19:56+08:00 ] NOTIC: [2] Invalid argument supplied for foreach() CommonAction.class.php 第 40 行.
[ 2013-03-27T22:19:56+08:00 ] SQL: SHOW COLUMNS FROM `ch_message` [ RunTime:0.000837s ]
[ 2013-03-27T22:19:56+08:00 ] SQL: SELECT * FROM `ch_message` WHERE status=1 AND pid=0 AND aid!=0 ORDER BY add_time DESC LIMIT 5   [ RunTime:0.000131s ]
[ 2013-03-27T22:19:56+08:00 ] SQL: SHOW COLUMNS FROM `ch_link` [ RunTime:0.000732s ]
[ 2013-03-27T22:19:56+08:00 ] SQL: SELECT * FROM `ch_link` WHERE status=1 ORDER BY sort DESC LIMIT 8   [ RunTime:0.000115s ]
[ 2013-03-27T22:19:56+08:00 ] SQL: SHOW COLUMNS FROM `ch_diary` [ RunTime:0.000713s ]
[ 2013-03-27T22:19:56+08:00 ] SQL: SELECT * FROM `ch_diary` WHERE status=1 ORDER BY add_time DESC LIMIT 5   [ RunTime:0.000099s ]
[ 2013-03-27T22:19:56+08:00 ] SQL: SHOW COLUMNS FROM `ch_article` [ RunTime:0.000955s ]
[ 2013-03-27T22:19:56+08:00 ] SQL: SELECT * FROM `ch_article` WHERE status=1 ORDER BY sort DESC LIMIT 8   [ RunTime:0.000144s ]
[ 2013-03-27T22:19:56+08:00 ] SQL: SHOW COLUMNS FROM `ch_photo` [ RunTime:0.001056s ]
[ 2013-03-27T22:19:56+08:00 ] SQL: SELECT * FROM `ch_photo` WHERE status=1  [ RunTime:0.000134s ]
[ 2013-03-27T22:19:56+08:00 ] SQL: SHOW COLUMNS FROM `ch_video` [ RunTime:0.001065s ]
[ 2013-03-27T22:19:56+08:00 ] NOTIC: [8] Undefined index: _type Model.class.php 第 690 行.
[ 2013-03-27T22:19:56+08:00 ] SQL: SELECT * FROM `ch_video` WHERE ( `id` = 1 ) LIMIT 1   [ RunTime:0.000135s ]
[ 2013-03-27T22:19:56+08:00 ] INFO: Tag[ view_template ] --START--
[ 2013-03-27T22:19:56+08:00 ] INFO: Run LocationTemplate Behavior [ RunTime:0.000326s ]
[ 2013-03-27T22:19:56+08:00 ] INFO: Tag[ view_template ] --END-- [ RunTime:0.000386s ]
[ 2013-03-27T22:19:56+08:00 ] INFO: Tag[ view_parse ] --START--
[ 2013-03-27T22:19:56+08:00 ] NOTIC: [8] Undefined index: link 7e4848229090366086cc7eeb3bfc0798.php 第 57 行.
[ 2013-03-27T22:19:56+08:00 ] NOTIC: [8] Undefined index: intro 7e4848229090366086cc7eeb3bfc0798.php 第 58 行.
[ 2013-03-27T22:19:56+08:00 ] NOTIC: [8] Undefined index: link 7e4848229090366086cc7eeb3bfc0798.php 第 57 行.
[ 2013-03-27T22:19:56+08:00 ] NOTIC: [8] Undefined index: intro 7e4848229090366086cc7eeb3bfc0798.php 第 58 行.
[ 2013-03-27T22:19:56+08:00 ] NOTIC: [8] Undefined index: link 7e4848229090366086cc7eeb3bfc0798.php 第 57 行.
[ 2013-03-27T22:19:56+08:00 ] NOTIC: [8] Undefined index: intro 7e4848229090366086cc7eeb3bfc0798.php 第 58 行.
[ 2013-03-27T22:19:56+08:00 ] NOTIC: [8] Undefined index: id common.php 第 65 行.
[ 2013-03-27T22:19:56+08:00 ] SQL: SHOW COLUMNS FROM `ch_category` [ RunTime:0.000930s ]
[ 2013-03-27T22:19:56+08:00 ] NOTIC: [8] Undefined index: id common.php 第 65 行.
[ 2013-03-27T22:19:56+08:00 ] NOTIC: [8] Undefined index: _type Model.class.php 第 690 行.
[ 2013-03-27T22:19:56+08:00 ] NOTIC: [8] Use of undefined constant MAGIC_QUOTES_GPC - assumed 'MAGIC_QUOTES_GPC' DbMysql.class.php 第 407 行.
[ 2013-03-27T22:19:56+08:00 ] SQL: SELECT `title` FROM `ch_category` WHERE ( `id` = '2' ) LIMIT 1   [ RunTime:0.000111s ]
[ 2013-03-27T22:19:56+08:00 ] NOTIC: [8] Undefined index: id common.php 第 65 行.
[ 2013-03-27T22:19:56+08:00 ] SQL: SHOW COLUMNS FROM `ch_category` [ RunTime:0.001077s ]
[ 2013-03-27T22:19:56+08:00 ] NOTIC: [8] Undefined index: id common.php 第 65 行.
[ 2013-03-27T22:19:56+08:00 ] NOTIC: [8] Undefined index: _type Model.class.php 第 690 行.
[ 2013-03-27T22:19:56+08:00 ] NOTIC: [8] Use of undefined constant MAGIC_QUOTES_GPC - assumed 'MAGIC_QUOTES_GPC' DbMysql.class.php 第 407 行.
[ 2013-03-27T22:19:56+08:00 ] SQL: SELECT `title` FROM `ch_category` WHERE ( `id` = '3' ) LIMIT 1   [ RunTime:0.000154s ]
[ 2013-03-27T22:19:56+08:00 ] NOTIC: [8] Undefined index: id common.php 第 65 行.
[ 2013-03-27T22:19:56+08:00 ] SQL: SHOW COLUMNS FROM `ch_category` [ RunTime:0.000872s ]
[ 2013-03-27T22:19:56+08:00 ] NOTIC: [8] Undefined index: id common.php 第 65 行.
[ 2013-03-27T22:19:56+08:00 ] NOTIC: [8] Undefined index: _type Model.class.php 第 690 行.
[ 2013-03-27T22:19:56+08:00 ] NOTIC: [8] Use of undefined constant MAGIC_QUOTES_GPC - assumed 'MAGIC_QUOTES_GPC' DbMysql.class.php 第 407 行.
[ 2013-03-27T22:19:56+08:00 ] SQL: SELECT `title` FROM `ch_category` WHERE ( `id` = '2' ) LIMIT 1   [ RunTime:0.000116s ]
[ 2013-03-27T22:19:56+08:00 ] NOTIC: [8] Undefined index: id common.php 第 65 行.
[ 2013-03-27T22:19:56+08:00 ] SQL: SHOW COLUMNS FROM `ch_category` [ RunTime:0.000844s ]
[ 2013-03-27T22:19:56+08:00 ] NOTIC: [8] Undefined index: id common.php 第 65 行.
[ 2013-03-27T22:19:56+08:00 ] NOTIC: [8] Undefined index: _type Model.class.php 第 690 行.
[ 2013-03-27T22:19:56+08:00 ] NOTIC: [8] Use of undefined constant MAGIC_QUOTES_GPC - assumed 'MAGIC_QUOTES_GPC' DbMysql.class.php 第 407 行.
[ 2013-03-27T22:19:56+08:00 ] SQL: SELECT `title` FROM `ch_category` WHERE ( `id` = '5' ) LIMIT 1   [ RunTime:0.000111s ]
[ 2013-03-27T22:19:56+08:00 ] NOTIC: [8] Undefined index: id common.php 第 65 行.
[ 2013-03-27T22:19:56+08:00 ] SQL: SHOW COLUMNS FROM `ch_category` [ RunTime:0.000973s ]
[ 2013-03-27T22:19:56+08:00 ] NOTIC: [8] Undefined index: id common.php 第 65 行.
[ 2013-03-27T22:19:56+08:00 ] NOTIC: [8] Undefined index: _type Model.class.php 第 690 行.
[ 2013-03-27T22:19:56+08:00 ] NOTIC: [8] Use of undefined constant MAGIC_QUOTES_GPC - assumed 'MAGIC_QUOTES_GPC' DbMysql.class.php 第 407 行.
[ 2013-03-27T22:19:56+08:00 ] SQL: SELECT `title` FROM `ch_category` WHERE ( `id` = '2' ) LIMIT 1   [ RunTime:0.000140s ]
[ 2013-03-27T22:19:56+08:00 ] NOTIC: [8] Undefined index: id common.php 第 65 行.
[ 2013-03-27T22:19:56+08:00 ] SQL: SHOW COLUMNS FROM `ch_category` [ RunTime:0.000866s ]
[ 2013-03-27T22:19:56+08:00 ] NOTIC: [8] Undefined index: id common.php 第 65 行.
[ 2013-03-27T22:19:56+08:00 ] NOTIC: [8] Undefined index: _type Model.class.php 第 690 行.
[ 2013-03-27T22:19:56+08:00 ] NOTIC: [8] Use of undefined constant MAGIC_QUOTES_GPC - assumed 'MAGIC_QUOTES_GPC' DbMysql.class.php 第 407 行.
[ 2013-03-27T22:19:56+08:00 ] SQL: SELECT `title` FROM `ch_category` WHERE ( `id` = '2' ) LIMIT 1   [ RunTime:0.000114s ]
[ 2013-03-27T22:19:56+08:00 ] NOTIC: [8] Undefined index: id common.php 第 65 行.
[ 2013-03-27T22:19:56+08:00 ] SQL: SHOW COLUMNS FROM `ch_category` [ RunTime:0.000839s ]
[ 2013-03-27T22:19:56+08:00 ] NOTIC: [8] Undefined index: id common.php 第 65 行.
[ 2013-03-27T22:19:56+08:00 ] NOTIC: [8] Undefined index: _type Model.class.php 第 690 行.
[ 2013-03-27T22:19:56+08:00 ] NOTIC: [8] Use of undefined constant MAGIC_QUOTES_GPC - assumed 'MAGIC_QUOTES_GPC' DbMysql.class.php 第 407 行.
[ 2013-03-27T22:19:56+08:00 ] SQL: SELECT `title` FROM `ch_category` WHERE ( `id` = '2' ) LIMIT 1   [ RunTime:0.000104s ]
[ 2013-03-27T22:19:56+08:00 ] NOTIC: [8] Undefined index: id common.php 第 65 行.
[ 2013-03-27T22:19:56+08:00 ] SQL: SHOW COLUMNS FROM `ch_category` [ RunTime:0.000850s ]
[ 2013-03-27T22:19:56+08:00 ] NOTIC: [8] Undefined index: id common.php 第 65 行.
[ 2013-03-27T22:19:56+08:00 ] NOTIC: [8] Undefined index: _type Model.class.php 第 690 行.
[ 2013-03-27T22:19:56+08:00 ] NOTIC: [8] Use of undefined constant MAGIC_QUOTES_GPC - assumed 'MAGIC_QUOTES_GPC' DbMysql.class.php 第 407 行.
[ 2013-03-27T22:19:56+08:00 ] SQL: SELECT `title` FROM `ch_category` WHERE ( `id` = '2' ) LIMIT 1   [ RunTime:0.000122s ]
[ 2013-03-27T22:19:56+08:00 ] NOTIC: [8] Undefined variable: keyword 7e4848229090366086cc7eeb3bfc0798.php 第 171 行.
[ 2013-03-27T22:19:56+08:00 ] SQL: SHOW COLUMNS FROM `ch_article` [ RunTime:0.001003s ]
[ 2013-03-27T22:19:56+08:00 ] NOTIC: [8] Undefined index: _type Model.class.php 第 690 行.
[ 2013-03-27T22:19:56+08:00 ] NOTIC: [8] Use of undefined constant MAGIC_QUOTES_GPC - assumed 'MAGIC_QUOTES_GPC' DbMysql.class.php 第 407 行.
[ 2013-03-27T22:19:56+08:00 ] SQL: SELECT `title` FROM `ch_article` WHERE ( `id` = '1' ) LIMIT 1   [ RunTime:0.000118s ]
[ 2013-03-27T22:19:56+08:00 ] SQL: SHOW COLUMNS FROM `ch_article` [ RunTime:0.001052s ]
[ 2013-03-27T22:19:56+08:00 ] NOTIC: [8] Undefined index: _type Model.class.php 第 690 行.
[ 2013-03-27T22:19:56+08:00 ] NOTIC: [8] Use of undefined constant MAGIC_QUOTES_GPC - assumed 'MAGIC_QUOTES_GPC' DbMysql.class.php 第 407 行.
[ 2013-03-27T22:19:56+08:00 ] SQL: SELECT `title` FROM `ch_article` WHERE ( `id` = '1' ) LIMIT 1   [ RunTime:0.000114s ]
[ 2013-03-27T22:19:56+08:00 ] INFO: Run ParseTemplate Behavior [ RunTime:0.042638s ]
[ 2013-03-27T22:19:56+08:00 ] INFO: Tag[ view_parse ] --END-- [ RunTime:0.042694s ]
[ 2013-03-27T22:19:56+08:00 ] INFO: Tag[ view_filter ] --START--
[ 2013-03-27T22:19:56+08:00 ] INFO: Run ContentReplace Behavior [ RunTime:0.000521s ]
[ 2013-03-27T22:19:56+08:00 ] INFO: Run TokenBuild Behavior [ RunTime:0.000534s ]
[ 2013-03-27T22:19:56+08:00 ] INFO: Run WriteHtmlCache Behavior [ RunTime:0.000246s ]
[ 2013-03-27T22:19:56+08:00 ] INFO: Run ShowRuntime Behavior [ RunTime:0.000428s ]
[ 2013-03-27T22:19:56+08:00 ] INFO: Tag[ view_filter ] --END-- [ RunTime:0.001918s ]
[ 2013-03-27T22:19:56+08:00 ] INFO: Tag[ view_end ] --START--
[ 2013-03-27T22:19:56+08:00 ] INFO: Run ShowPageTrace Behavior [ RunTime:0.000422s ]
[ 2013-03-27T22:19:56+08:00 ] INFO: Tag[ view_end ] --END-- [ RunTime:0.000492s ]

------127.0.0.1 REQUEST_URI:/------

[ 2013-03-27T22:19:58+08:00 ] ERR: (ThinkException) 模板不存在[./Home/Tpl/article/index.html]
------127.0.0.1 REQUEST_URI:/Article/index/id/1------
[ 2013-03-27T22:19:58+08:00 ] INFO: Tag[ route_check ] --START--
[ 2013-03-27T22:19:58+08:00 ] INFO: Run CheckRoute Behavior [ RunTime:0.000556s ]
[ 2013-03-27T22:19:58+08:00 ] INFO: Tag[ route_check ] --END-- [ RunTime:0.000634s ]
[ 2013-03-27T22:19:58+08:00 ] NOTIC: [8] Undefined index: HTTP_X_REQUESTED_WITH App.class.php 第 50 行.
[ 2013-03-27T22:19:58+08:00 ] INFO: Tag[ app_begin ] --START--
[ 2013-03-27T22:19:58+08:00 ] INFO: Run ReadHtmlCache Behavior [ RunTime:0.000349s ]
[ 2013-03-27T22:19:58+08:00 ] INFO: Tag[ app_begin ] --END-- [ RunTime:0.000392s ]
[ 2013-03-27T22:19:58+08:00 ] SQL: SHOW COLUMNS FROM `ch_category` [ RunTime:0.000852s ]
[ 2013-03-27T22:19:58+08:00 ] SQL: SELECT * FROM `ch_category` WHERE pid=0 AND status=1 ORDER BY sort DESC  [ RunTime:0.000179s ]
[ 2013-03-27T22:19:58+08:00 ] SQL: SHOW COLUMNS FROM `ch_category` [ RunTime:0.001263s ]
[ 2013-03-27T22:19:58+08:00 ] SQL: SELECT * FROM `ch_category` WHERE pid=1 AND status=1  [ RunTime:0.000189s ]
[ 2013-03-27T22:19:58+08:00 ] SQL: SHOW COLUMNS FROM `ch_category` [ RunTime:0.001095s ]
[ 2013-03-27T22:19:58+08:00 ] SQL: SELECT * FROM `ch_category` WHERE pid=4 AND status=1  [ RunTime:0.000161s ]
[ 2013-03-27T22:19:58+08:00 ] SQL: SHOW COLUMNS FROM `ch_category` [ RunTime:0.001243s ]
[ 2013-03-27T22:19:58+08:00 ] SQL: SELECT * FROM `ch_category` WHERE pid=7 AND status=1  [ RunTime:0.000156s ]
[ 2013-03-27T22:19:58+08:00 ] SQL: SHOW COLUMNS FROM `ch_category` [ RunTime:0.001124s ]
[ 2013-03-27T22:19:58+08:00 ] SQL: SELECT * FROM `ch_category` WHERE pid=10 AND status=1  [ RunTime:0.000155s ]
[ 2013-03-27T22:19:58+08:00 ] SQL: SHOW COLUMNS FROM `ch_category` [ RunTime:0.000955s ]
[ 2013-03-27T22:19:58+08:00 ] SQL: SELECT * FROM `ch_category` WHERE pid=14 AND status=1  [ RunTime:0.000127s ]
[ 2013-03-27T22:19:58+08:00 ] SQL: SHOW COLUMNS FROM `ch_category` [ RunTime:0.001037s ]
[ 2013-03-27T22:19:58+08:00 ] SQL: SELECT * FROM `ch_category` WHERE pid=51 AND status=1  [ RunTime:0.000135s ]
[ 2013-03-27T22:19:58+08:00 ] NOTIC: [2] Invalid argument supplied for foreach() CommonAction.class.php 第 14 行.
[ 2013-03-27T22:19:58+08:00 ] SQL: SHOW COLUMNS FROM `ch_article` [ RunTime:0.001293s ]
[ 2013-03-27T22:19:58+08:00 ] SQL: SELECT * FROM `ch_article` WHERE status=1 ORDER BY apv DESC LIMIT 8   [ RunTime:0.000173s ]
[ 2013-03-27T22:19:58+08:00 ] SQL: SHOW COLUMNS FROM `ch_article` [ RunTime:0.000975s ]
[ 2013-03-27T22:19:58+08:00 ] SQL: SELECT * FROM `ch_article` WHERE status=1 ORDER BY add_time DESC LIMIT 8   [ RunTime:0.000127s ]
[ 2013-03-27T22:19:58+08:00 ] SQL: SHOW COLUMNS FROM `ch_message` [ RunTime:0.000816s ]
[ 2013-03-27T22:19:58+08:00 ] SQL: SELECT * FROM `ch_message` WHERE status=1 AND pid=0 AND aid=0 ORDER BY add_time DESC LIMIT 5   [ RunTime:0.000106s ]
[ 2013-03-27T22:19:58+08:00 ] NOTIC: [2] Invalid argument supplied for foreach() CommonAction.class.php 第 40 行.
[ 2013-03-27T22:19:58+08:00 ] SQL: SHOW COLUMNS FROM `ch_message` [ RunTime:0.000827s ]
[ 2013-03-27T22:19:58+08:00 ] SQL: SELECT * FROM `ch_message` WHERE status=1 AND pid=0 AND aid!=0 ORDER BY add_time DESC LIMIT 5   [ RunTime:0.000115s ]
[ 2013-03-27T22:19:58+08:00 ] SQL: SHOW COLUMNS FROM `ch_link` [ RunTime:0.000858s ]
[ 2013-03-27T22:19:58+08:00 ] SQL: SELECT * FROM `ch_link` WHERE status=1 ORDER BY sort DESC LIMIT 8   [ RunTime:0.000122s ]
[ 2013-03-27T22:19:58+08:00 ] SQL: SHOW COLUMNS FROM `ch_category` [ RunTime:0.000990s ]
[ 2013-03-27T22:19:58+08:00 ] NOTIC: [8] Undefined index: _type Model.class.php 第 690 行.
[ 2013-03-27T22:19:58+08:00 ] NOTIC: [8] Use of undefined constant MAGIC_QUOTES_GPC - assumed 'MAGIC_QUOTES_GPC' DbMysql.class.php 第 407 行.
[ 2013-03-27T22:19:58+08:00 ] SQL: SELECT * FROM `ch_category` WHERE ( `id` = '1' ) LIMIT 1   [ RunTime:0.000147s ]
[ 2013-03-27T22:19:58+08:00 ] SQL: SHOW COLUMNS FROM `ch_common` [ RunTime:0.000725s ]
[ 2013-03-27T22:19:58+08:00 ] SQL: SHOW COLUMNS FROM `ch_category` [ RunTime:0.001063s ]
[ 2013-03-27T22:19:58+08:00 ] SQL: SELECT `id`,`pid` FROM `ch_category` WHERE id in (1)  [ RunTime:0.000127s ]
[ 2013-03-27T22:19:58+08:00 ] NOTIC: [8] Undefined index: _string CommonModel.class.php 第 24 行.
[ 2013-03-27T22:19:58+08:00 ] SQL: SHOW COLUMNS FROM `ch_category` [ RunTime:0.001011s ]
[ 2013-03-27T22:19:58+08:00 ] SQL: SELECT `id` FROM `ch_category` WHERE status=1 AND pid=1  [ RunTime:0.000122s ]
[ 2013-03-27T22:19:58+08:00 ] SQL: SHOW COLUMNS FROM `ch_article` [ RunTime:0.001150s ]
[ 2013-03-27T22:19:58+08:00 ] SQL: SELECT COUNT(*) AS tp_count FROM `ch_article` WHERE ( (find_in_set(1, tid) or find_in_set(2, tid) or find_in_set(3, tid)) ) AND ( `status` = 1 ) LIMIT 1   [ RunTime:0.000120s ]
[ 2013-03-27T22:19:58+08:00 ] SQL: SELECT * FROM `ch_article` WHERE ( (find_in_set(1, tid) or find_in_set(2, tid) or find_in_set(3, tid)) ) AND ( `status` = 1 ) ORDER BY sort DESC,add_time DESC LIMIT 0,8   [ RunTime:0.000142s ]
[ 2013-03-27T22:19:58+08:00 ] SQL: SHOW COLUMNS FROM `ch_common` [ RunTime:0.000619s ]
[ 2013-03-27T22:19:58+08:00 ] SQL: SHOW COLUMNS FROM `ch_category` [ RunTime:0.000974s ]
[ 2013-03-27T22:19:58+08:00 ] NOTIC: [8] Undefined index: _type Model.class.php 第 690 行.
[ 2013-03-27T22:19:58+08:00 ] NOTIC: [8] Use of undefined constant MAGIC_QUOTES_GPC - assumed 'MAGIC_QUOTES_GPC' DbMysql.class.php 第 407 行.
[ 2013-03-27T22:19:58+08:00 ] SQL: SELECT * FROM `ch_category` WHERE ( `id` = '1' ) LIMIT 1   [ RunTime:0.000170s ]
[ 2013-03-27T22:19:58+08:00 ] NOTIC: [8] Undefined variable: t CommonAction.class.php 第 94 行.
[ 2013-03-27T22:19:58+08:00 ] INFO: Tag[ view_template ] --START--
[ 2013-03-27T22:19:58+08:00 ] NOTIC: [8] Undefined index: class ThinkException.class.php 第 79 行.
[ 2013-03-27T22:19:58+08:00 ] NOTIC: [8] Undefined index: type ThinkException.class.php 第 79 行.
[ 2013-03-27T22:19:58+08:00 ] NOTIC: [8] Undefined index: class ThinkException.class.php 第 79 行.
[ 2013-03-27T22:19:58+08:00 ] NOTIC: [8] Undefined index: type ThinkException.class.php 第 79 行.
[ 2013-03-27T22:19:58+08:00 ] NOTIC: [8] Array to string conversion ThinkException.class.php 第 80 行.
[ 2013-03-27T22:19:58+08:00 ] NOTIC: [8] Undefined index: file ThinkException.class.php 第 78 行.
[ 2013-03-27T22:19:58+08:00 ] NOTIC: [8] Undefined index: line ThinkException.class.php 第 78 行.
[ 2013-03-27T22:19:58+08:00 ] NOTIC: [4096] Object of class ArticleAction could not be converted to string ThinkException.class.php 第 80 行.
[ 2013-03-27T22:19:58+08:00 ] NOTIC: [8] Array to string conversion ThinkException.class.php 第 80 行.
[ 2013-03-27T22:19:58+08:00 ] NOTIC: [8] Undefined index: class ThinkException.class.php 第 79 行.
[ 2013-03-27T22:19:58+08:00 ] NOTIC: [8] Undefined index: type ThinkException.class.php 第 79 行.
[ 2013-03-27T22:19:58+08:00 ] NOTIC: [8] Undefined index: class ThinkException.class.php 第 79 行.
[ 2013-03-27T22:19:58+08:00 ] NOTIC: [8] Undefined index: type ThinkException.class.php 第 79 行.

