------210.83.232.226 REQUEST_URI:/index.php------
[ 2013-04-25T12:18:58+08:00 ] NOTIC: [8] Undefined index: HTTP_X_REQUESTED_WITH App.class.php 第 50 行.
[ 2013-04-25T12:18:58+08:00 ] INFO: Tag[ app_begin ] --START--
[ 2013-04-25T12:18:58+08:00 ] INFO: Run ReadHtmlCache Behavior [ RunTime:0.086967s ]
[ 2013-04-25T12:18:58+08:00 ] INFO: Tag[ app_begin ] --END-- [ RunTime:0.087193s ]
[ 2013-04-25T12:18:59+08:00 ] SQL: SHOW COLUMNS FROM `ch_category` [ RunTime:0.034112s ]
[ 2013-04-25T12:18:59+08:00 ] SQL: SELECT * FROM `ch_category` WHERE pid=0 AND status=1 ORDER BY sort DESC  [ RunTime:0.085780s ]
[ 2013-04-25T12:18:59+08:00 ] SQL: SHOW COLUMNS FROM `ch_category` [ RunTime:0.000997s ]
[ 2013-04-25T12:18:59+08:00 ] SQL: SELECT * FROM `ch_category` WHERE pid=1 AND status=1  [ RunTime:0.000343s ]
[ 2013-04-25T12:18:59+08:00 ] NOTIC: [2] Invalid argument supplied for foreach() CommonAction.class.php 第 14 行.
[ 2013-04-25T12:18:59+08:00 ] SQL: SHOW COLUMNS FROM `ch_category` [ RunTime:0.000875s ]
[ 2013-04-25T12:18:59+08:00 ] SQL: SELECT * FROM `ch_category` WHERE pid=2 AND status=1  [ RunTime:0.000404s ]
[ 2013-04-25T12:18:59+08:00 ] NOTIC: [2] Invalid argument supplied for foreach() CommonAction.class.php 第 14 行.
[ 2013-04-25T12:18:59+08:00 ] SQL: SHOW COLUMNS FROM `ch_category` [ RunTime:0.000813s ]
[ 2013-04-25T12:18:59+08:00 ] SQL: SELECT * FROM `ch_category` WHERE pid=3 AND status=1  [ RunTime:0.001105s ]
[ 2013-04-25T12:18:59+08:00 ] NOTIC: [2] Invalid argument supplied for foreach() CommonAction.class.php 第 14 行.
[ 2013-04-25T12:18:59+08:00 ] SQL: SHOW COLUMNS FROM `ch_category` [ RunTime:0.000889s ]
[ 2013-04-25T12:18:59+08:00 ] SQL: SELECT * FROM `ch_category` WHERE pid=4 AND status=1  [ RunTime:0.000986s ]
[ 2013-04-25T12:18:59+08:00 ] NOTIC: [2] Invalid argument supplied for foreach() CommonAction.class.php 第 14 行.
[ 2013-04-25T12:18:59+08:00 ] SQL: SHOW COLUMNS FROM `ch_category` [ RunTime:0.000799s ]
[ 2013-04-25T12:18:59+08:00 ] SQL: SELECT * FROM `ch_category` WHERE pid=5 AND status=1  [ RunTime:0.000264s ]
[ 2013-04-25T12:18:59+08:00 ] NOTIC: [2] Invalid argument supplied for foreach() CommonAction.class.php 第 14 行.
[ 2013-04-25T12:18:59+08:00 ] SQL: SHOW COLUMNS FROM `ch_article` [ RunTime:0.004967s ]
[ 2013-04-25T12:19:08+08:00 ] SQL: SELECT * FROM `ch_article` WHERE status=1 ORDER BY apv DESC LIMIT 8   [ RunTime:9.515416s ]
[ 2013-04-25T12:19:08+08:00 ] SQL: SHOW COLUMNS FROM `ch_article` [ RunTime:0.002213s ]
[ 2013-04-25T12:19:09+08:00 ] SQL: SELECT * FROM `ch_article` WHERE status=1 ORDER BY add_time DESC LIMIT 8   [ RunTime:0.026183s ]
[ 2013-04-25T12:19:09+08:00 ] SQL: SHOW COLUMNS FROM `ch_message` [ RunTime:0.001264s ]
[ 2013-04-25T12:19:09+08:00 ] SQL: SELECT * FROM `ch_message` WHERE status=1 AND pid=0 AND aid=0 ORDER BY add_time DESC LIMIT 5   [ RunTime:0.114541s ]
[ 2013-04-25T12:19:09+08:00 ] NOTIC: [2] Invalid argument supplied for foreach() CommonAction.class.php 第 40 行.
[ 2013-04-25T12:19:09+08:00 ] SQL: SHOW COLUMNS FROM `ch_message` [ RunTime:0.000899s ]
[ 2013-04-25T12:19:09+08:00 ] SQL: SELECT * FROM `ch_message` WHERE status=1 AND pid=0 AND aid!=0 ORDER BY add_time DESC LIMIT 5   [ RunTime:0.084903s ]
[ 2013-04-25T12:19:09+08:00 ] SQL: SHOW COLUMNS FROM `ch_link` [ RunTime:0.000945s ]
[ 2013-04-25T12:19:09+08:00 ] SQL: SELECT * FROM `ch_link` WHERE status=1 ORDER BY sort DESC LIMIT 8   [ RunTime:0.056367s ]
[ 2013-04-25T12:19:09+08:00 ] SQL: SHOW COLUMNS FROM `ch_diary` [ RunTime:0.001014s ]
[ 2013-04-25T12:19:09+08:00 ] SQL: SELECT * FROM `ch_diary` WHERE status=1 ORDER BY add_time DESC LIMIT 5   [ RunTime:0.036669s ]
[ 2013-04-25T12:19:09+08:00 ] SQL: SHOW COLUMNS FROM `ch_article` [ RunTime:0.001089s ]
[ 2013-04-25T12:19:09+08:00 ] SQL: SELECT * FROM `ch_article` WHERE status=1 ORDER BY sort DESC LIMIT 8   [ RunTime:0.022069s ]
[ 2013-04-25T12:19:09+08:00 ] NOTIC: [2] Invalid argument supplied for foreach() IndexAction.class.php 第 15 行.
[ 2013-04-25T12:19:09+08:00 ] SQL: SHOW COLUMNS FROM `ch_photo` [ RunTime:0.002026s ]
[ 2013-04-25T12:19:09+08:00 ] SQL: SELECT * FROM `ch_photo` WHERE status=1  [ RunTime:0.061631s ]
[ 2013-04-25T12:19:09+08:00 ] SQL: SHOW COLUMNS FROM `ch_photo` [ RunTime:0.001186s ]
[ 2013-04-25T12:19:09+08:00 ] SQL: SELECT `id`,`img`,`title` FROM `ch_photo` WHERE status=1 and img!='' ORDER BY id desc LIMIT 10   [ RunTime:0.000378s ]
[ 2013-04-25T12:19:09+08:00 ] SQL: SHOW COLUMNS FROM `ch_video` [ RunTime:0.001111s ]
[ 2013-04-25T12:19:09+08:00 ] NOTIC: [8] Undefined index: _type Model.class.php 第 690 行.
[ 2013-04-25T12:19:09+08:00 ] SQL: SELECT * FROM `ch_video` WHERE ( `id` = 1 ) LIMIT 1   [ RunTime:0.056503s ]
[ 2013-04-25T12:19:09+08:00 ] INFO: Tag[ view_template ] --START--
[ 2013-04-25T12:19:09+08:00 ] INFO: Run LocationTemplate Behavior [ RunTime:0.176275s ]
[ 2013-04-25T12:19:09+08:00 ] INFO: Tag[ view_template ] --END-- [ RunTime:0.176406s ]
[ 2013-04-25T12:19:09+08:00 ] INFO: Tag[ view_parse ] --START--
[ 2013-04-25T12:19:10+08:00 ] NOTIC: [8] Undefined index: link a1bd7ed7f2b77394a93d421be485691c.php 第 57 行.
[ 2013-04-25T12:19:10+08:00 ] NOTIC: [8] Undefined index: intro a1bd7ed7f2b77394a93d421be485691c.php 第 58 行.
[ 2013-04-25T12:19:10+08:00 ] NOTIC: [8] Undefined index: link a1bd7ed7f2b77394a93d421be485691c.php 第 57 行.
[ 2013-04-25T12:19:10+08:00 ] NOTIC: [8] Undefined index: intro a1bd7ed7f2b77394a93d421be485691c.php 第 58 行.
[ 2013-04-25T12:19:10+08:00 ] NOTIC: [8] Undefined index: link a1bd7ed7f2b77394a93d421be485691c.php 第 57 行.
[ 2013-04-25T12:19:10+08:00 ] NOTIC: [8] Undefined index: intro a1bd7ed7f2b77394a93d421be485691c.php 第 58 行.
[ 2013-04-25T12:19:10+08:00 ] NOTIC: [8] Undefined variable: keyword a1bd7ed7f2b77394a93d421be485691c.php 第 171 行.
[ 2013-04-25T12:19:10+08:00 ] SQL: SHOW COLUMNS FROM `ch_article` [ RunTime:0.001269s ]
[ 2013-04-25T12:19:10+08:00 ] NOTIC: [8] Undefined index: _type Model.class.php 第 690 行.
[ 2013-04-25T12:19:10+08:00 ] SQL: SELECT `title` FROM `ch_article` WHERE ( `id` = '1' ) LIMIT 1   [ RunTime:0.015629s ]
[ 2013-04-25T12:19:10+08:00 ] SQL: SHOW COLUMNS FROM `ch_article` [ RunTime:0.001162s ]
[ 2013-04-25T12:19:10+08:00 ] NOTIC: [8] Undefined index: _type Model.class.php 第 690 行.
[ 2013-04-25T12:19:10+08:00 ] SQL: SELECT `title` FROM `ch_article` WHERE ( `id` = '1' ) LIMIT 1   [ RunTime:0.000196s ]
[ 2013-04-25T12:19:10+08:00 ] INFO: Run ParseTemplate Behavior [ RunTime:0.502521s ]
[ 2013-04-25T12:19:10+08:00 ] INFO: Tag[ view_parse ] --END-- [ RunTime:0.502601s ]
[ 2013-04-25T12:19:10+08:00 ] INFO: Tag[ view_filter ] --START--
[ 2013-04-25T12:19:10+08:00 ] INFO: Run ContentReplace Behavior [ RunTime:0.001837s ]
[ 2013-04-25T12:19:10+08:00 ] INFO: Run TokenBuild Behavior [ RunTime:0.001807s ]
[ 2013-04-25T12:19:10+08:00 ] INFO: Run WriteHtmlCache Behavior [ RunTime:0.001431s ]
[ 2013-04-25T12:19:10+08:00 ] INFO: Run ShowRuntime Behavior [ RunTime:0.001911s ]
[ 2013-04-25T12:19:10+08:00 ] INFO: Tag[ view_filter ] --END-- [ RunTime:0.007467s ]
[ 2013-04-25T12:19:10+08:00 ] INFO: Tag[ view_end ] --START--
[ 2013-04-25T12:19:10+08:00 ] INFO: Run ShowPageTrace Behavior [ RunTime:0.001981s ]
[ 2013-04-25T12:19:10+08:00 ] INFO: Tag[ view_end ] --END-- [ RunTime:0.002112s ]

------210.83.232.226 REQUEST_URI:/index.php------

------210.83.232.226 REQUEST_URI:/index.php------
[ 2013-04-25T12:19:41+08:00 ] NOTIC: [8] Undefined index: HTTP_X_REQUESTED_WITH App.class.php 第 50 行.
[ 2013-04-25T12:19:41+08:00 ] INFO: Tag[ app_begin ] --START--
[ 2013-04-25T12:19:41+08:00 ] INFO: Run ReadHtmlCache Behavior [ RunTime:0.000594s ]
[ 2013-04-25T12:19:41+08:00 ] INFO: Tag[ app_begin ] --END-- [ RunTime:0.000811s ]
[ 2013-04-25T12:19:41+08:00 ] SQL: SHOW COLUMNS FROM `ch_category` [ RunTime:0.011530s ]
[ 2013-04-25T12:19:41+08:00 ] SQL: SELECT * FROM `ch_category` WHERE pid=0 AND status=1 ORDER BY sort DESC  [ RunTime:0.000324s ]
[ 2013-04-25T12:19:41+08:00 ] SQL: SHOW COLUMNS FROM `ch_category` [ RunTime:0.006521s ]
[ 2013-04-25T12:19:41+08:00 ] SQL: SELECT * FROM `ch_category` WHERE pid=1 AND status=1  [ RunTime:0.000870s ]
[ 2013-04-25T12:19:41+08:00 ] NOTIC: [2] Invalid argument supplied for foreach() CommonAction.class.php 第 14 行.
[ 2013-04-25T12:19:41+08:00 ] SQL: SHOW COLUMNS FROM `ch_category` [ RunTime:0.005411s ]
[ 2013-04-25T12:19:41+08:00 ] SQL: SELECT * FROM `ch_category` WHERE pid=2 AND status=1  [ RunTime:0.000230s ]
[ 2013-04-25T12:19:41+08:00 ] NOTIC: [2] Invalid argument supplied for foreach() CommonAction.class.php 第 14 行.
[ 2013-04-25T12:19:41+08:00 ] SQL: SHOW COLUMNS FROM `ch_category` [ RunTime:0.000897s ]
[ 2013-04-25T12:19:41+08:00 ] SQL: SELECT * FROM `ch_category` WHERE pid=3 AND status=1  [ RunTime:0.000221s ]
[ 2013-04-25T12:19:41+08:00 ] NOTIC: [2] Invalid argument supplied for foreach() CommonAction.class.php 第 14 行.
[ 2013-04-25T12:19:41+08:00 ] SQL: SHOW COLUMNS FROM `ch_category` [ RunTime:0.001386s ]
[ 2013-04-25T12:19:41+08:00 ] SQL: SELECT * FROM `ch_category` WHERE pid=4 AND status=1  [ RunTime:0.000157s ]
[ 2013-04-25T12:19:41+08:00 ] NOTIC: [2] Invalid argument supplied for foreach() CommonAction.class.php 第 14 行.
[ 2013-04-25T12:19:41+08:00 ] SQL: SHOW COLUMNS FROM `ch_category` [ RunTime:0.001038s ]
[ 2013-04-25T12:19:41+08:00 ] SQL: SELECT * FROM `ch_category` WHERE pid=5 AND status=1  [ RunTime:0.001624s ]
[ 2013-04-25T12:19:41+08:00 ] NOTIC: [2] Invalid argument supplied for foreach() CommonAction.class.php 第 14 行.
[ 2013-04-25T12:19:41+08:00 ] SQL: SHOW COLUMNS FROM `ch_article` [ RunTime:0.001501s ]
[ 2013-04-25T12:19:41+08:00 ] SQL: SELECT * FROM `ch_article` WHERE status=1 ORDER BY apv DESC LIMIT 8   [ RunTime:0.000264s ]
[ 2013-04-25T12:19:42+08:00 ] SQL: SHOW COLUMNS FROM `ch_article` [ RunTime:0.034348s ]
[ 2013-04-25T12:19:42+08:00 ] SQL: SELECT * FROM `ch_article` WHERE status=1 ORDER BY add_time DESC LIMIT 8   [ RunTime:0.001066s ]
[ 2013-04-25T12:19:42+08:00 ] SQL: SHOW COLUMNS FROM `ch_message` [ RunTime:0.004354s ]
[ 2013-04-25T12:19:42+08:00 ] SQL: SELECT * FROM `ch_message` WHERE status=1 AND pid=0 AND aid=0 ORDER BY add_time DESC LIMIT 5   [ RunTime:0.000163s ]
[ 2013-04-25T12:19:42+08:00 ] NOTIC: [2] Invalid argument supplied for foreach() CommonAction.class.php 第 40 行.
[ 2013-04-25T12:19:42+08:00 ] SQL: SHOW COLUMNS FROM `ch_message` [ RunTime:0.001343s ]
[ 2013-04-25T12:19:42+08:00 ] SQL: SELECT * FROM `ch_message` WHERE status=1 AND pid=0 AND aid!=0 ORDER BY add_time DESC LIMIT 5   [ RunTime:0.000191s ]
[ 2013-04-25T12:19:42+08:00 ] SQL: SHOW COLUMNS FROM `ch_link` [ RunTime:0.001094s ]
[ 2013-04-25T12:19:42+08:00 ] SQL: SELECT * FROM `ch_link` WHERE status=1 ORDER BY sort DESC LIMIT 8   [ RunTime:0.000187s ]
[ 2013-04-25T12:19:42+08:00 ] SQL: SHOW COLUMNS FROM `ch_diary` [ RunTime:0.001168s ]
[ 2013-04-25T12:19:42+08:00 ] SQL: SELECT * FROM `ch_diary` WHERE status=1 ORDER BY add_time DESC LIMIT 5   [ RunTime:0.000143s ]
[ 2013-04-25T12:19:42+08:00 ] SQL: SHOW COLUMNS FROM `ch_article` [ RunTime:0.014706s ]
[ 2013-04-25T12:19:42+08:00 ] SQL: SELECT * FROM `ch_article` WHERE status=1 ORDER BY sort DESC LIMIT 8   [ RunTime:0.000235s ]
[ 2013-04-25T12:19:42+08:00 ] NOTIC: [2] Invalid argument supplied for foreach() IndexAction.class.php 第 15 行.
[ 2013-04-25T12:19:42+08:00 ] SQL: SHOW COLUMNS FROM `ch_photo` [ RunTime:0.001178s ]
[ 2013-04-25T12:19:42+08:00 ] SQL: SELECT * FROM `ch_photo` WHERE status=1  [ RunTime:0.000132s ]
[ 2013-04-25T12:19:42+08:00 ] SQL: SHOW COLUMNS FROM `ch_video` [ RunTime:0.001205s ]
[ 2013-04-25T12:19:42+08:00 ] NOTIC: [8] Undefined index: _type Model.class.php 第 690 行.
[ 2013-04-25T12:19:42+08:00 ] SQL: SELECT * FROM `ch_video` WHERE ( `id` = 1 ) LIMIT 1   [ RunTime:0.000131s ]
[ 2013-04-25T12:19:42+08:00 ] INFO: Tag[ view_template ] --START--
[ 2013-04-25T12:19:42+08:00 ] INFO: Run LocationTemplate Behavior [ RunTime:0.000238s ]
[ 2013-04-25T12:19:42+08:00 ] INFO: Tag[ view_template ] --END-- [ RunTime:0.000304s ]
[ 2013-04-25T12:19:42+08:00 ] INFO: Tag[ view_parse ] --START--
[ 2013-04-25T12:19:42+08:00 ] NOTIC: [8] Undefined index: link a1bd7ed7f2b77394a93d421be485691c.php 第 57 行.
[ 2013-04-25T12:19:42+08:00 ] NOTIC: [8] Undefined index: intro a1bd7ed7f2b77394a93d421be485691c.php 第 58 行.
[ 2013-04-25T12:19:42+08:00 ] NOTIC: [8] Undefined index: link a1bd7ed7f2b77394a93d421be485691c.php 第 57 行.
[ 2013-04-25T12:19:42+08:00 ] NOTIC: [8] Undefined index: intro a1bd7ed7f2b77394a93d421be485691c.php 第 58 行.
[ 2013-04-25T12:19:42+08:00 ] NOTIC: [8] Undefined index: link a1bd7ed7f2b77394a93d421be485691c.php 第 57 行.
[ 2013-04-25T12:19:42+08:00 ] NOTIC: [8] Undefined index: intro a1bd7ed7f2b77394a93d421be485691c.php 第 58 行.
[ 2013-04-25T12:19:42+08:00 ] NOTIC: [8] Undefined variable: keyword a1bd7ed7f2b77394a93d421be485691c.php 第 171 行.
[ 2013-04-25T12:19:42+08:00 ] SQL: SHOW COLUMNS FROM `ch_article` [ RunTime:0.014485s ]
[ 2013-04-25T12:19:42+08:00 ] NOTIC: [8] Undefined index: _type Model.class.php 第 690 行.
[ 2013-04-25T12:19:42+08:00 ] SQL: SELECT `title` FROM `ch_article` WHERE ( `id` = '1' ) LIMIT 1   [ RunTime:0.000128s ]
[ 2013-04-25T12:19:42+08:00 ] SQL: SHOW COLUMNS FROM `ch_article` [ RunTime:0.001902s ]
[ 2013-04-25T12:19:42+08:00 ] NOTIC: [8] Undefined index: _type Model.class.php 第 690 行.
[ 2013-04-25T12:19:42+08:00 ] SQL: SELECT `title` FROM `ch_article` WHERE ( `id` = '1' ) LIMIT 1   [ RunTime:0.000267s ]
[ 2013-04-25T12:19:42+08:00 ] INFO: Run ParseTemplate Behavior [ RunTime:0.085476s ]
[ 2013-04-25T12:19:42+08:00 ] INFO: Tag[ view_parse ] --END-- [ RunTime:0.085553s ]
[ 2013-04-25T12:19:42+08:00 ] INFO: Tag[ view_filter ] --START--
[ 2013-04-25T12:19:42+08:00 ] INFO: Run ContentReplace Behavior [ RunTime:0.000423s ]
[ 2013-04-25T12:19:42+08:00 ] INFO: Run TokenBuild Behavior [ RunTime:0.005598s ]
[ 2013-04-25T12:19:42+08:00 ] INFO: Run WriteHtmlCache Behavior [ RunTime:0.000304s ]
[ 2013-04-25T12:19:42+08:00 ] INFO: Run ShowRuntime Behavior [ RunTime:0.000448s ]
[ 2013-04-25T12:19:42+08:00 ] INFO: Tag[ view_filter ] --END-- [ RunTime:0.007065s ]
[ 2013-04-25T12:19:42+08:00 ] INFO: Tag[ view_end ] --START--
[ 2013-04-25T12:19:42+08:00 ] INFO: Run ShowPageTrace Behavior [ RunTime:0.000221s ]
[ 2013-04-25T12:19:42+08:00 ] INFO: Tag[ view_end ] --END-- [ RunTime:0.000299s ]

------210.83.232.226 REQUEST_URI:/index.php------

------210.83.232.226 REQUEST_URI:/index.php?Article/index/id/4------
[ 2013-04-25T14:59:28+08:00 ] NOTIC: [8] Undefined index: HTTP_X_REQUESTED_WITH App.class.php 第 50 行.
[ 2013-04-25T14:59:29+08:00 ] INFO: Tag[ app_begin ] --START--
[ 2013-04-25T14:59:29+08:00 ] INFO: Run ReadHtmlCache Behavior [ RunTime:0.121843s ]
[ 2013-04-25T14:59:29+08:00 ] INFO: Tag[ app_begin ] --END-- [ RunTime:0.122010s ]
[ 2013-04-25T14:59:31+08:00 ] SQL: SHOW COLUMNS FROM `ch_category` [ RunTime:0.170900s ]
[ 2013-04-25T14:59:31+08:00 ] SQL: SELECT * FROM `ch_category` WHERE pid=0 AND status=1 ORDER BY sort DESC  [ RunTime:0.000209s ]
[ 2013-04-25T14:59:31+08:00 ] SQL: SHOW COLUMNS FROM `ch_category` [ RunTime:0.000840s ]
[ 2013-04-25T14:59:31+08:00 ] SQL: SELECT * FROM `ch_category` WHERE pid=1 AND status=1  [ RunTime:0.000111s ]
[ 2013-04-25T14:59:31+08:00 ] NOTIC: [2] Invalid argument supplied for foreach() CommonAction.class.php 第 14 行.
[ 2013-04-25T14:59:31+08:00 ] SQL: SHOW COLUMNS FROM `ch_category` [ RunTime:0.000716s ]
[ 2013-04-25T14:59:31+08:00 ] SQL: SELECT * FROM `ch_category` WHERE pid=2 AND status=1  [ RunTime:0.000171s ]
[ 2013-04-25T14:59:31+08:00 ] NOTIC: [2] Invalid argument supplied for foreach() CommonAction.class.php 第 14 行.
[ 2013-04-25T14:59:31+08:00 ] SQL: SHOW COLUMNS FROM `ch_category` [ RunTime:0.000802s ]
[ 2013-04-25T14:59:31+08:00 ] SQL: SELECT * FROM `ch_category` WHERE pid=3 AND status=1  [ RunTime:0.000158s ]
[ 2013-04-25T14:59:31+08:00 ] NOTIC: [2] Invalid argument supplied for foreach() CommonAction.class.php 第 14 行.
[ 2013-04-25T14:59:31+08:00 ] SQL: SHOW COLUMNS FROM `ch_category` [ RunTime:0.001654s ]
[ 2013-04-25T14:59:31+08:00 ] SQL: SELECT * FROM `ch_category` WHERE pid=4 AND status=1  [ RunTime:0.000543s ]
[ 2013-04-25T14:59:31+08:00 ] NOTIC: [2] Invalid argument supplied for foreach() CommonAction.class.php 第 14 行.
[ 2013-04-25T14:59:31+08:00 ] SQL: SHOW COLUMNS FROM `ch_category` [ RunTime:0.002041s ]
[ 2013-04-25T14:59:31+08:00 ] SQL: SELECT * FROM `ch_category` WHERE pid=5 AND status=1  [ RunTime:0.000874s ]
[ 2013-04-25T14:59:31+08:00 ] NOTIC: [2] Invalid argument supplied for foreach() CommonAction.class.php 第 14 行.
[ 2013-04-25T14:59:31+08:00 ] SQL: SHOW COLUMNS FROM `ch_article` [ RunTime:0.000972s ]
[ 2013-04-25T14:59:31+08:00 ] SQL: SELECT * FROM `ch_article` WHERE status=1 ORDER BY apv DESC LIMIT 8   [ RunTime:0.000152s ]
[ 2013-04-25T14:59:31+08:00 ] SQL: SHOW COLUMNS FROM `ch_article` [ RunTime:0.001380s ]
[ 2013-04-25T14:59:31+08:00 ] SQL: SELECT * FROM `ch_article` WHERE status=1 ORDER BY add_time DESC LIMIT 8   [ RunTime:0.000270s ]
[ 2013-04-25T14:59:31+08:00 ] SQL: SHOW COLUMNS FROM `ch_message` [ RunTime:0.000911s ]
[ 2013-04-25T14:59:31+08:00 ] SQL: SELECT * FROM `ch_message` WHERE status=1 AND pid=0 AND aid=0 ORDER BY add_time DESC LIMIT 5   [ RunTime:0.000290s ]
[ 2013-04-25T14:59:31+08:00 ] NOTIC: [2] Invalid argument supplied for foreach() CommonAction.class.php 第 40 行.
[ 2013-04-25T14:59:31+08:00 ] SQL: SHOW COLUMNS FROM `ch_message` [ RunTime:0.000893s ]
[ 2013-04-25T14:59:31+08:00 ] SQL: SELECT * FROM `ch_message` WHERE status=1 AND pid=0 AND aid!=0 ORDER BY add_time DESC LIMIT 5   [ RunTime:0.000128s ]
[ 2013-04-25T14:59:31+08:00 ] SQL: SHOW COLUMNS FROM `ch_link` [ RunTime:0.000679s ]
[ 2013-04-25T14:59:31+08:00 ] SQL: SELECT * FROM `ch_link` WHERE status=1 ORDER BY sort DESC LIMIT 8   [ RunTime:0.001099s ]
[ 2013-04-25T14:59:31+08:00 ] SQL: SHOW COLUMNS FROM `ch_diary` [ RunTime:0.000937s ]
[ 2013-04-25T14:59:31+08:00 ] SQL: SELECT * FROM `ch_diary` WHERE status=1 ORDER BY add_time DESC LIMIT 5   [ RunTime:0.000181s ]
[ 2013-04-25T14:59:31+08:00 ] SQL: SHOW COLUMNS FROM `ch_article` [ RunTime:0.000972s ]
[ 2013-04-25T14:59:31+08:00 ] SQL: SELECT * FROM `ch_article` WHERE status=1 ORDER BY sort DESC LIMIT 8   [ RunTime:0.000389s ]
[ 2013-04-25T14:59:31+08:00 ] NOTIC: [2] Invalid argument supplied for foreach() IndexAction.class.php 第 15 行.
[ 2013-04-25T14:59:31+08:00 ] SQL: SHOW COLUMNS FROM `ch_photo` [ RunTime:0.000924s ]
[ 2013-04-25T14:59:31+08:00 ] SQL: SELECT * FROM `ch_photo` WHERE status=1  [ RunTime:0.000165s ]
[ 2013-04-25T14:59:31+08:00 ] SQL: SHOW COLUMNS FROM `ch_photo` [ RunTime:0.002369s ]
[ 2013-04-25T14:59:31+08:00 ] SQL: SELECT `id`,`img`,`title` FROM `ch_photo` WHERE status=1 and img!='' ORDER BY id desc LIMIT 10   [ RunTime:0.000179s ]
[ 2013-04-25T14:59:31+08:00 ] SQL: SHOW COLUMNS FROM `ch_video` [ RunTime:0.000917s ]
[ 2013-04-25T14:59:31+08:00 ] NOTIC: [8] Undefined index: _type Model.class.php 第 690 行.
[ 2013-04-25T14:59:31+08:00 ] SQL: SELECT * FROM `ch_video` WHERE ( `id` = 1 ) LIMIT 1   [ RunTime:0.000119s ]
[ 2013-04-25T14:59:31+08:00 ] INFO: Tag[ view_template ] --START--
[ 2013-04-25T14:59:31+08:00 ] INFO: Run LocationTemplate Behavior [ RunTime:0.013450s ]
[ 2013-04-25T14:59:31+08:00 ] INFO: Tag[ view_template ] --END-- [ RunTime:0.013597s ]
[ 2013-04-25T14:59:31+08:00 ] INFO: Tag[ view_parse ] --START--
[ 2013-04-25T14:59:32+08:00 ] NOTIC: [8] Undefined index: link a1bd7ed7f2b77394a93d421be485691c.php 第 57 行.
[ 2013-04-25T14:59:32+08:00 ] NOTIC: [8] Undefined index: intro a1bd7ed7f2b77394a93d421be485691c.php 第 58 行.
[ 2013-04-25T14:59:32+08:00 ] NOTIC: [8] Undefined index: link a1bd7ed7f2b77394a93d421be485691c.php 第 57 行.
[ 2013-04-25T14:59:32+08:00 ] NOTIC: [8] Undefined index: intro a1bd7ed7f2b77394a93d421be485691c.php 第 58 行.
[ 2013-04-25T14:59:32+08:00 ] NOTIC: [8] Undefined index: link a1bd7ed7f2b77394a93d421be485691c.php 第 57 行.
[ 2013-04-25T14:59:32+08:00 ] NOTIC: [8] Undefined index: intro a1bd7ed7f2b77394a93d421be485691c.php 第 58 行.
[ 2013-04-25T14:59:32+08:00 ] NOTIC: [8] Undefined variable: keyword a1bd7ed7f2b77394a93d421be485691c.php 第 171 行.
[ 2013-04-25T14:59:32+08:00 ] SQL: SHOW COLUMNS FROM `ch_article` [ RunTime:0.001165s ]
[ 2013-04-25T14:59:32+08:00 ] NOTIC: [8] Undefined index: _type Model.class.php 第 690 行.
[ 2013-04-25T14:59:32+08:00 ] SQL: SELECT `title` FROM `ch_article` WHERE ( `id` = '1' ) LIMIT 1   [ RunTime:0.000544s ]
[ 2013-04-25T14:59:32+08:00 ] SQL: SHOW COLUMNS FROM `ch_article` [ RunTime:0.001007s ]
[ 2013-04-25T14:59:32+08:00 ] NOTIC: [8] Undefined index: _type Model.class.php 第 690 行.
[ 2013-04-25T14:59:32+08:00 ] SQL: SELECT `title` FROM `ch_article` WHERE ( `id` = '1' ) LIMIT 1   [ RunTime:0.000257s ]
[ 2013-04-25T14:59:32+08:00 ] INFO: Run ParseTemplate Behavior [ RunTime:0.840094s ]
[ 2013-04-25T14:59:32+08:00 ] INFO: Tag[ view_parse ] --END-- [ RunTime:0.840163s ]
[ 2013-04-25T14:59:32+08:00 ] INFO: Tag[ view_filter ] --START--
[ 2013-04-25T14:59:32+08:00 ] INFO: Run ContentReplace Behavior [ RunTime:0.000321s ]
[ 2013-04-25T14:59:32+08:00 ] INFO: Run TokenBuild Behavior [ RunTime:0.001566s ]
[ 2013-04-25T14:59:32+08:00 ] INFO: Run WriteHtmlCache Behavior [ RunTime:0.000135s ]
[ 2013-04-25T14:59:32+08:00 ] INFO: Run ShowRuntime Behavior [ RunTime:0.002577s ]
[ 2013-04-25T14:59:32+08:00 ] INFO: Tag[ view_filter ] --END-- [ RunTime:0.004812s ]
[ 2013-04-25T14:59:32+08:00 ] INFO: Tag[ view_end ] --START--
[ 2013-04-25T14:59:32+08:00 ] INFO: Run ShowPageTrace Behavior [ RunTime:0.000194s ]
[ 2013-04-25T14:59:32+08:00 ] INFO: Tag[ view_end ] --END-- [ RunTime:0.000261s ]

------210.83.232.226 REQUEST_URI:/index.php?Article/index/id/4------

------210.83.232.226 REQUEST_URI:/index.php?/Article/index/id/4------
[ 2013-04-25T14:59:39+08:00 ] NOTIC: [8] Undefined index: HTTP_X_REQUESTED_WITH App.class.php 第 50 行.
[ 2013-04-25T14:59:39+08:00 ] INFO: Tag[ app_begin ] --START--
[ 2013-04-25T14:59:39+08:00 ] INFO: Run ReadHtmlCache Behavior [ RunTime:0.000182s ]
[ 2013-04-25T14:59:39+08:00 ] INFO: Tag[ app_begin ] --END-- [ RunTime:0.000285s ]
[ 2013-04-25T14:59:39+08:00 ] SQL: SHOW COLUMNS FROM `ch_category` [ RunTime:0.000881s ]
[ 2013-04-25T14:59:39+08:00 ] SQL: SELECT * FROM `ch_category` WHERE pid=0 AND status=1 ORDER BY sort DESC  [ RunTime:0.000086s ]
[ 2013-04-25T14:59:39+08:00 ] SQL: SHOW COLUMNS FROM `ch_category` [ RunTime:0.000683s ]
[ 2013-04-25T14:59:39+08:00 ] SQL: SELECT * FROM `ch_category` WHERE pid=1 AND status=1  [ RunTime:0.000094s ]
[ 2013-04-25T14:59:39+08:00 ] NOTIC: [2] Invalid argument supplied for foreach() CommonAction.class.php 第 14 行.
[ 2013-04-25T14:59:39+08:00 ] SQL: SHOW COLUMNS FROM `ch_category` [ RunTime:0.000677s ]
[ 2013-04-25T14:59:39+08:00 ] SQL: SELECT * FROM `ch_category` WHERE pid=2 AND status=1  [ RunTime:0.000155s ]
[ 2013-04-25T14:59:39+08:00 ] NOTIC: [2] Invalid argument supplied for foreach() CommonAction.class.php 第 14 行.
[ 2013-04-25T14:59:39+08:00 ] SQL: SHOW COLUMNS FROM `ch_category` [ RunTime:0.001198s ]
[ 2013-04-25T14:59:39+08:00 ] SQL: SELECT * FROM `ch_category` WHERE pid=3 AND status=1  [ RunTime:0.000212s ]
[ 2013-04-25T14:59:39+08:00 ] NOTIC: [2] Invalid argument supplied for foreach() CommonAction.class.php 第 14 行.
[ 2013-04-25T14:59:39+08:00 ] SQL: SHOW COLUMNS FROM `ch_category` [ RunTime:0.002020s ]
[ 2013-04-25T14:59:39+08:00 ] SQL: SELECT * FROM `ch_category` WHERE pid=4 AND status=1  [ RunTime:0.000543s ]
[ 2013-04-25T14:59:39+08:00 ] NOTIC: [2] Invalid argument supplied for foreach() CommonAction.class.php 第 14 行.
[ 2013-04-25T14:59:39+08:00 ] SQL: SHOW COLUMNS FROM `ch_category` [ RunTime:0.000776s ]
[ 2013-04-25T14:59:39+08:00 ] SQL: SELECT * FROM `ch_category` WHERE pid=5 AND status=1  [ RunTime:0.000122s ]
[ 2013-04-25T14:59:39+08:00 ] NOTIC: [2] Invalid argument supplied for foreach() CommonAction.class.php 第 14 行.
[ 2013-04-25T14:59:39+08:00 ] SQL: SHOW COLUMNS FROM `ch_article` [ RunTime:0.000680s ]
[ 2013-04-25T14:59:39+08:00 ] SQL: SELECT * FROM `ch_article` WHERE status=1 ORDER BY apv DESC LIMIT 8   [ RunTime:0.000226s ]
[ 2013-04-25T14:59:39+08:00 ] SQL: SHOW COLUMNS FROM `ch_article` [ RunTime:0.000810s ]
[ 2013-04-25T14:59:39+08:00 ] SQL: SELECT * FROM `ch_article` WHERE status=1 ORDER BY add_time DESC LIMIT 8   [ RunTime:0.000167s ]
[ 2013-04-25T14:59:39+08:00 ] SQL: SHOW COLUMNS FROM `ch_message` [ RunTime:0.000693s ]
[ 2013-04-25T14:59:39+08:00 ] SQL: SELECT * FROM `ch_message` WHERE status=1 AND pid=0 AND aid=0 ORDER BY add_time DESC LIMIT 5   [ RunTime:0.000119s ]
[ 2013-04-25T14:59:39+08:00 ] NOTIC: [2] Invalid argument supplied for foreach() CommonAction.class.php 第 40 行.
[ 2013-04-25T14:59:39+08:00 ] SQL: SHOW COLUMNS FROM `ch_message` [ RunTime:0.000567s ]
[ 2013-04-25T14:59:39+08:00 ] SQL: SELECT * FROM `ch_message` WHERE status=1 AND pid=0 AND aid!=0 ORDER BY add_time DESC LIMIT 5   [ RunTime:0.000188s ]
[ 2013-04-25T14:59:39+08:00 ] SQL: SHOW COLUMNS FROM `ch_link` [ RunTime:0.000563s ]
[ 2013-04-25T14:59:39+08:00 ] SQL: SELECT * FROM `ch_link` WHERE status=1 ORDER BY sort DESC LIMIT 8   [ RunTime:0.000188s ]
[ 2013-04-25T14:59:39+08:00 ] SQL: SHOW COLUMNS FROM `ch_diary` [ RunTime:0.000648s ]
[ 2013-04-25T14:59:39+08:00 ] SQL: SELECT * FROM `ch_diary` WHERE status=1 ORDER BY add_time DESC LIMIT 5   [ RunTime:0.000120s ]
[ 2013-04-25T14:59:39+08:00 ] SQL: SHOW COLUMNS FROM `ch_article` [ RunTime:0.216265s ]
[ 2013-04-25T14:59:39+08:00 ] SQL: SELECT * FROM `ch_article` WHERE status=1 ORDER BY sort DESC LIMIT 8   [ RunTime:0.000147s ]
[ 2013-04-25T14:59:39+08:00 ] NOTIC: [2] Invalid argument supplied for foreach() IndexAction.class.php 第 15 行.
[ 2013-04-25T14:59:39+08:00 ] SQL: SHOW COLUMNS FROM `ch_photo` [ RunTime:0.000968s ]
[ 2013-04-25T14:59:39+08:00 ] SQL: SELECT * FROM `ch_photo` WHERE status=1  [ RunTime:0.000126s ]
[ 2013-04-25T14:59:39+08:00 ] SQL: SHOW COLUMNS FROM `ch_video` [ RunTime:0.003528s ]
[ 2013-04-25T14:59:39+08:00 ] NOTIC: [8] Undefined index: _type Model.class.php 第 690 行.
[ 2013-04-25T14:59:39+08:00 ] SQL: SELECT * FROM `ch_video` WHERE ( `id` = 1 ) LIMIT 1   [ RunTime:0.002139s ]
[ 2013-04-25T14:59:39+08:00 ] INFO: Tag[ view_template ] --START--
[ 2013-04-25T14:59:39+08:00 ] INFO: Run LocationTemplate Behavior [ RunTime:0.000209s ]
[ 2013-04-25T14:59:39+08:00 ] INFO: Tag[ view_template ] --END-- [ RunTime:0.000273s ]
[ 2013-04-25T14:59:39+08:00 ] INFO: Tag[ view_parse ] --START--
[ 2013-04-25T14:59:39+08:00 ] NOTIC: [8] Undefined index: link a1bd7ed7f2b77394a93d421be485691c.php 第 57 行.
[ 2013-04-25T14:59:39+08:00 ] NOTIC: [8] Undefined index: intro a1bd7ed7f2b77394a93d421be485691c.php 第 58 行.
[ 2013-04-25T14:59:39+08:00 ] NOTIC: [8] Undefined index: link a1bd7ed7f2b77394a93d421be485691c.php 第 57 行.
[ 2013-04-25T14:59:39+08:00 ] NOTIC: [8] Undefined index: intro a1bd7ed7f2b77394a93d421be485691c.php 第 58 行.
[ 2013-04-25T14:59:39+08:00 ] NOTIC: [8] Undefined index: link a1bd7ed7f2b77394a93d421be485691c.php 第 57 行.
[ 2013-04-25T14:59:39+08:00 ] NOTIC: [8] Undefined index: intro a1bd7ed7f2b77394a93d421be485691c.php 第 58 行.
[ 2013-04-25T14:59:39+08:00 ] NOTIC: [8] Undefined variable: keyword a1bd7ed7f2b77394a93d421be485691c.php 第 171 行.
[ 2013-04-25T14:59:39+08:00 ] SQL: SHOW COLUMNS FROM `ch_article` [ RunTime:0.000870s ]
[ 2013-04-25T14:59:39+08:00 ] NOTIC: [8] Undefined index: _type Model.class.php 第 690 行.
[ 2013-04-25T14:59:39+08:00 ] SQL: SELECT `title` FROM `ch_article` WHERE ( `id` = '1' ) LIMIT 1   [ RunTime:0.000168s ]
[ 2013-04-25T14:59:39+08:00 ] SQL: SHOW COLUMNS FROM `ch_article` [ RunTime:0.000759s ]
[ 2013-04-25T14:59:39+08:00 ] NOTIC: [8] Undefined index: _type Model.class.php 第 690 行.
[ 2013-04-25T14:59:39+08:00 ] SQL: SELECT `title` FROM `ch_article` WHERE ( `id` = '1' ) LIMIT 1   [ RunTime:0.000115s ]
[ 2013-04-25T14:59:39+08:00 ] INFO: Run ParseTemplate Behavior [ RunTime:0.032851s ]
[ 2013-04-25T14:59:39+08:00 ] INFO: Tag[ view_parse ] --END-- [ RunTime:0.032913s ]
[ 2013-04-25T14:59:39+08:00 ] INFO: Tag[ view_filter ] --START--
[ 2013-04-25T14:59:39+08:00 ] INFO: Run ContentReplace Behavior [ RunTime:0.000328s ]
[ 2013-04-25T14:59:39+08:00 ] INFO: Run TokenBuild Behavior [ RunTime:0.000255s ]
[ 2013-04-25T14:59:39+08:00 ] INFO: Run WriteHtmlCache Behavior [ RunTime:0.000076s ]
[ 2013-04-25T14:59:39+08:00 ] INFO: Run ShowRuntime Behavior [ RunTime:0.000231s ]
[ 2013-04-25T14:59:39+08:00 ] INFO: Tag[ view_filter ] --END-- [ RunTime:0.001042s ]
[ 2013-04-25T14:59:39+08:00 ] INFO: Tag[ view_end ] --START--
[ 2013-04-25T14:59:39+08:00 ] INFO: Run ShowPageTrace Behavior [ RunTime:0.000112s ]
[ 2013-04-25T14:59:39+08:00 ] INFO: Tag[ view_end ] --END-- [ RunTime:0.000184s ]

------210.83.232.226 REQUEST_URI:/index.php?/Article/index/id/4------

------218.17.160.143 REQUEST_URI:/index.php?/Article/index/id/4------
[ 2013-04-25T15:29:16+08:00 ] NOTIC: [8] Undefined index: HTTP_X_REQUESTED_WITH App.class.php 第 50 行.
[ 2013-04-25T15:29:16+08:00 ] INFO: Tag[ app_begin ] --START--
[ 2013-04-25T15:29:16+08:00 ] INFO: Run ReadHtmlCache Behavior [ RunTime:0.000332s ]
[ 2013-04-25T15:29:16+08:00 ] INFO: Tag[ app_begin ] --END-- [ RunTime:0.000487s ]
[ 2013-04-25T15:29:17+08:00 ] SQL: SHOW COLUMNS FROM `ch_category` [ RunTime:0.068733s ]
[ 2013-04-25T15:29:17+08:00 ] SQL: SELECT * FROM `ch_category` WHERE pid=0 AND status=1 ORDER BY sort DESC  [ RunTime:0.000658s ]
[ 2013-04-25T15:29:17+08:00 ] SQL: SHOW COLUMNS FROM `ch_category` [ RunTime:0.000827s ]
[ 2013-04-25T15:29:17+08:00 ] SQL: SELECT * FROM `ch_category` WHERE pid=1 AND status=1  [ RunTime:0.000241s ]
[ 2013-04-25T15:29:17+08:00 ] NOTIC: [2] Invalid argument supplied for foreach() CommonAction.class.php 第 14 行.
[ 2013-04-25T15:29:17+08:00 ] SQL: SHOW COLUMNS FROM `ch_category` [ RunTime:0.001296s ]
[ 2013-04-25T15:29:17+08:00 ] SQL: SELECT * FROM `ch_category` WHERE pid=2 AND status=1  [ RunTime:0.000647s ]
[ 2013-04-25T15:29:17+08:00 ] NOTIC: [2] Invalid argument supplied for foreach() CommonAction.class.php 第 14 行.
[ 2013-04-25T15:29:17+08:00 ] SQL: SHOW COLUMNS FROM `ch_category` [ RunTime:0.000858s ]
[ 2013-04-25T15:29:17+08:00 ] SQL: SELECT * FROM `ch_category` WHERE pid=3 AND status=1  [ RunTime:0.004169s ]
[ 2013-04-25T15:29:17+08:00 ] NOTIC: [2] Invalid argument supplied for foreach() CommonAction.class.php 第 14 行.
[ 2013-04-25T15:29:17+08:00 ] SQL: SHOW COLUMNS FROM `ch_category` [ RunTime:0.002179s ]
[ 2013-04-25T15:29:17+08:00 ] SQL: SELECT * FROM `ch_category` WHERE pid=4 AND status=1  [ RunTime:0.001471s ]
[ 2013-04-25T15:29:17+08:00 ] NOTIC: [2] Invalid argument supplied for foreach() CommonAction.class.php 第 14 行.
[ 2013-04-25T15:29:17+08:00 ] SQL: SHOW COLUMNS FROM `ch_category` [ RunTime:0.007783s ]
[ 2013-04-25T15:29:17+08:00 ] SQL: SELECT * FROM `ch_category` WHERE pid=5 AND status=1  [ RunTime:0.000428s ]
[ 2013-04-25T15:29:17+08:00 ] NOTIC: [2] Invalid argument supplied for foreach() CommonAction.class.php 第 14 行.
[ 2013-04-25T15:29:17+08:00 ] SQL: SHOW COLUMNS FROM `ch_category` [ RunTime:0.007398s ]
[ 2013-04-25T15:29:17+08:00 ] SQL: SELECT * FROM `ch_category` WHERE pid=10 AND status=1  [ RunTime:0.001934s ]
[ 2013-04-25T15:29:17+08:00 ] NOTIC: [2] Invalid argument supplied for foreach() CommonAction.class.php 第 14 行.
[ 2013-04-25T15:29:17+08:00 ] SQL: SHOW COLUMNS FROM `ch_article` [ RunTime:0.015313s ]
[ 2013-04-25T15:29:17+08:00 ] SQL: SELECT * FROM `ch_article` WHERE status=1 ORDER BY apv DESC LIMIT 8   [ RunTime:0.003665s ]
[ 2013-04-25T15:29:17+08:00 ] SQL: SHOW COLUMNS FROM `ch_article` [ RunTime:0.004792s ]
[ 2013-04-25T15:29:17+08:00 ] SQL: SELECT * FROM `ch_article` WHERE status=1 ORDER BY add_time DESC LIMIT 8   [ RunTime:0.000529s ]
[ 2013-04-25T15:29:17+08:00 ] SQL: SHOW COLUMNS FROM `ch_message` [ RunTime:0.000946s ]
[ 2013-04-25T15:29:17+08:00 ] SQL: SELECT * FROM `ch_message` WHERE status=1 AND pid=0 AND aid=0 ORDER BY add_time DESC LIMIT 5   [ RunTime:0.000503s ]
[ 2013-04-25T15:29:17+08:00 ] NOTIC: [2] Invalid argument supplied for foreach() CommonAction.class.php 第 40 行.
[ 2013-04-25T15:29:17+08:00 ] SQL: SHOW COLUMNS FROM `ch_message` [ RunTime:0.000834s ]
[ 2013-04-25T15:29:17+08:00 ] SQL: SELECT * FROM `ch_message` WHERE status=1 AND pid=0 AND aid!=0 ORDER BY add_time DESC LIMIT 5   [ RunTime:0.000165s ]
[ 2013-04-25T15:29:17+08:00 ] SQL: SHOW COLUMNS FROM `ch_link` [ RunTime:0.000731s ]
[ 2013-04-25T15:29:17+08:00 ] SQL: SELECT * FROM `ch_link` WHERE status=1 ORDER BY sort DESC LIMIT 8   [ RunTime:0.000337s ]
[ 2013-04-25T15:29:17+08:00 ] SQL: SHOW COLUMNS FROM `ch_diary` [ RunTime:0.000721s ]
[ 2013-04-25T15:29:17+08:00 ] SQL: SELECT * FROM `ch_diary` WHERE status=1 ORDER BY add_time DESC LIMIT 5   [ RunTime:0.002232s ]
[ 2013-04-25T15:29:17+08:00 ] SQL: SHOW COLUMNS FROM `ch_article` [ RunTime:0.000999s ]
[ 2013-04-25T15:29:17+08:00 ] SQL: SELECT * FROM `ch_article` WHERE status=1 ORDER BY sort DESC LIMIT 8   [ RunTime:0.000633s ]
[ 2013-04-25T15:29:17+08:00 ] NOTIC: [2] Invalid argument supplied for foreach() IndexAction.class.php 第 15 行.
[ 2013-04-25T15:29:17+08:00 ] SQL: SHOW COLUMNS FROM `ch_photo` [ RunTime:0.001372s ]
[ 2013-04-25T15:29:17+08:00 ] SQL: SELECT * FROM `ch_photo` WHERE status=1  [ RunTime:0.000139s ]
[ 2013-04-25T15:29:17+08:00 ] SQL: SHOW COLUMNS FROM `ch_photo` [ RunTime:0.000974s ]
[ 2013-04-25T15:29:17+08:00 ] SQL: SELECT `id`,`img`,`title` FROM `ch_photo` WHERE status=1 and img!='' ORDER BY id desc LIMIT 10   [ RunTime:0.000183s ]
[ 2013-04-25T15:29:17+08:00 ] SQL: SHOW COLUMNS FROM `ch_video` [ RunTime:0.001174s ]
[ 2013-04-25T15:29:17+08:00 ] NOTIC: [8] Undefined index: _type Model.class.php 第 690 行.
[ 2013-04-25T15:29:17+08:00 ] SQL: SELECT * FROM `ch_video` WHERE ( `id` = 1 ) LIMIT 1   [ RunTime:0.000372s ]
[ 2013-04-25T15:29:17+08:00 ] INFO: Tag[ view_template ] --START--
[ 2013-04-25T15:29:17+08:00 ] INFO: Run LocationTemplate Behavior [ RunTime:0.000221s ]
[ 2013-04-25T15:29:17+08:00 ] INFO: Tag[ view_template ] --END-- [ RunTime:0.000309s ]
[ 2013-04-25T15:29:17+08:00 ] INFO: Tag[ view_parse ] --START--
[ 2013-04-25T15:29:18+08:00 ] NOTIC: [8] Undefined index: link a1bd7ed7f2b77394a93d421be485691c.php 第 57 行.
[ 2013-04-25T15:29:18+08:00 ] NOTIC: [8] Undefined index: intro a1bd7ed7f2b77394a93d421be485691c.php 第 58 行.
[ 2013-04-25T15:29:18+08:00 ] NOTIC: [8] Undefined index: link a1bd7ed7f2b77394a93d421be485691c.php 第 57 行.
[ 2013-04-25T15:29:18+08:00 ] NOTIC: [8] Undefined index: intro a1bd7ed7f2b77394a93d421be485691c.php 第 58 行.
[ 2013-04-25T15:29:18+08:00 ] NOTIC: [8] Undefined index: link a1bd7ed7f2b77394a93d421be485691c.php 第 57 行.
[ 2013-04-25T15:29:18+08:00 ] NOTIC: [8] Undefined index: intro a1bd7ed7f2b77394a93d421be485691c.php 第 58 行.
[ 2013-04-25T15:29:18+08:00 ] NOTIC: [8] Undefined variable: keyword a1bd7ed7f2b77394a93d421be485691c.php 第 171 行.
[ 2013-04-25T15:29:18+08:00 ] SQL: SHOW COLUMNS FROM `ch_article` [ RunTime:0.001876s ]
[ 2013-04-25T15:29:18+08:00 ] NOTIC: [8] Undefined index: _type Model.class.php 第 690 行.
[ 2013-04-25T15:29:18+08:00 ] SQL: SELECT `title` FROM `ch_article` WHERE ( `id` = '1' ) LIMIT 1   [ RunTime:0.000142s ]
[ 2013-04-25T15:29:18+08:00 ] SQL: SHOW COLUMNS FROM `ch_article` [ RunTime:0.001093s ]
[ 2013-04-25T15:29:18+08:00 ] NOTIC: [8] Undefined index: _type Model.class.php 第 690 行.
[ 2013-04-25T15:29:18+08:00 ] SQL: SELECT `title` FROM `ch_article` WHERE ( `id` = '1' ) LIMIT 1   [ RunTime:0.000100s ]
[ 2013-04-25T15:29:18+08:00 ] INFO: Run ParseTemplate Behavior [ RunTime:0.608030s ]
[ 2013-04-25T15:29:18+08:00 ] INFO: Tag[ view_parse ] --END-- [ RunTime:0.608143s ]
[ 2013-04-25T15:29:18+08:00 ] INFO: Tag[ view_filter ] --START--
[ 2013-04-25T15:29:18+08:00 ] INFO: Run ContentReplace Behavior [ RunTime:0.000659s ]
[ 2013-04-25T15:29:18+08:00 ] INFO: Run TokenBuild Behavior [ RunTime:0.000387s ]
[ 2013-04-25T15:29:18+08:00 ] INFO: Run WriteHtmlCache Behavior [ RunTime:0.000200s ]
[ 2013-04-25T15:29:18+08:00 ] INFO: Run ShowRuntime Behavior [ RunTime:0.000363s ]
[ 2013-04-25T15:29:18+08:00 ] INFO: Tag[ view_filter ] --END-- [ RunTime:0.001899s ]
[ 2013-04-25T15:29:18+08:00 ] INFO: Tag[ view_end ] --START--
[ 2013-04-25T15:29:18+08:00 ] INFO: Run ShowPageTrace Behavior [ RunTime:0.000151s ]
[ 2013-04-25T15:29:18+08:00 ] INFO: Tag[ view_end ] --END-- [ RunTime:0.000214s ]

------218.17.160.143 REQUEST_URI:/index.php?/Article/index/id/4------

------218.17.160.143 REQUEST_URI:/index.php?/Article/index/id/4------
[ 2013-04-25T15:30:05+08:00 ] NOTIC: [8] Undefined index: HTTP_X_REQUESTED_WITH App.class.php 第 50 行.
[ 2013-04-25T15:30:05+08:00 ] INFO: Tag[ app_begin ] --START--
[ 2013-04-25T15:30:05+08:00 ] INFO: Run ReadHtmlCache Behavior [ RunTime:0.000265s ]
[ 2013-04-25T15:30:05+08:00 ] INFO: Tag[ app_begin ] --END-- [ RunTime:0.000384s ]
[ 2013-04-25T15:30:05+08:00 ] SQL: SHOW COLUMNS FROM `ch_category` [ RunTime:0.001187s ]
[ 2013-04-25T15:30:05+08:00 ] SQL: SELECT * FROM `ch_category` WHERE pid=0 AND status=1 ORDER BY sort DESC  [ RunTime:0.000316s ]
[ 2013-04-25T15:30:05+08:00 ] SQL: SHOW COLUMNS FROM `ch_category` [ RunTime:0.000867s ]
[ 2013-04-25T15:30:05+08:00 ] SQL: SELECT * FROM `ch_category` WHERE pid=1 AND status=1  [ RunTime:0.000244s ]
[ 2013-04-25T15:30:05+08:00 ] NOTIC: [2] Invalid argument supplied for foreach() CommonAction.class.php 第 14 行.
[ 2013-04-25T15:30:05+08:00 ] SQL: SHOW COLUMNS FROM `ch_article` [ RunTime:0.001079s ]
[ 2013-04-25T15:30:05+08:00 ] SQL: SELECT * FROM `ch_article` WHERE status=1 ORDER BY apv DESC LIMIT 8   [ RunTime:0.000121s ]
[ 2013-04-25T15:30:05+08:00 ] SQL: SHOW COLUMNS FROM `ch_article` [ RunTime:0.090896s ]
[ 2013-04-25T15:30:05+08:00 ] SQL: SELECT * FROM `ch_article` WHERE status=1 ORDER BY add_time DESC LIMIT 8   [ RunTime:0.000105s ]
[ 2013-04-25T15:30:05+08:00 ] SQL: SHOW COLUMNS FROM `ch_message` [ RunTime:0.000949s ]
[ 2013-04-25T15:30:05+08:00 ] SQL: SELECT * FROM `ch_message` WHERE status=1 AND pid=0 AND aid=0 ORDER BY add_time DESC LIMIT 5   [ RunTime:0.000104s ]
[ 2013-04-25T15:30:05+08:00 ] NOTIC: [2] Invalid argument supplied for foreach() CommonAction.class.php 第 40 行.
[ 2013-04-25T15:30:05+08:00 ] SQL: SHOW COLUMNS FROM `ch_message` [ RunTime:0.051604s ]
[ 2013-04-25T15:30:05+08:00 ] SQL: SELECT * FROM `ch_message` WHERE status=1 AND pid=0 AND aid!=0 ORDER BY add_time DESC LIMIT 5   [ RunTime:0.000183s ]
[ 2013-04-25T15:30:05+08:00 ] SQL: SHOW COLUMNS FROM `ch_link` [ RunTime:0.006298s ]
[ 2013-04-25T15:30:05+08:00 ] SQL: SELECT * FROM `ch_link` WHERE status=1 ORDER BY sort DESC LIMIT 8   [ RunTime:0.005446s ]
[ 2013-04-25T15:30:05+08:00 ] SQL: SHOW COLUMNS FROM `ch_diary` [ RunTime:0.005758s ]
[ 2013-04-25T15:30:06+08:00 ] SQL: SELECT * FROM `ch_diary` WHERE status=1 ORDER BY add_time DESC LIMIT 5   [ RunTime:0.015932s ]
[ 2013-04-25T15:30:06+08:00 ] SQL: SHOW COLUMNS FROM `ch_article` [ RunTime:0.001165s ]
[ 2013-04-25T15:30:06+08:00 ] SQL: SELECT * FROM `ch_article` WHERE status=1 ORDER BY sort DESC LIMIT 8   [ RunTime:0.000230s ]
[ 2013-04-25T15:30:06+08:00 ] NOTIC: [2] Invalid argument supplied for foreach() IndexAction.class.php 第 15 行.
[ 2013-04-25T15:30:06+08:00 ] SQL: SHOW COLUMNS FROM `ch_photo` [ RunTime:0.000944s ]
[ 2013-04-25T15:30:06+08:00 ] SQL: SELECT * FROM `ch_photo` WHERE status=1  [ RunTime:0.000099s ]
[ 2013-04-25T15:30:06+08:00 ] SQL: SHOW COLUMNS FROM `ch_video` [ RunTime:0.006640s ]
[ 2013-04-25T15:30:06+08:00 ] NOTIC: [8] Undefined index: _type Model.class.php 第 690 行.
[ 2013-04-25T15:30:06+08:00 ] SQL: SELECT * FROM `ch_video` WHERE ( `id` = 1 ) LIMIT 1   [ RunTime:0.000735s ]
[ 2013-04-25T15:30:06+08:00 ] INFO: Tag[ view_template ] --START--
[ 2013-04-25T15:30:06+08:00 ] INFO: Run LocationTemplate Behavior [ RunTime:0.000220s ]
[ 2013-04-25T15:30:06+08:00 ] INFO: Tag[ view_template ] --END-- [ RunTime:0.000283s ]
[ 2013-04-25T15:30:06+08:00 ] INFO: Tag[ view_parse ] --START--
[ 2013-04-25T15:30:06+08:00 ] NOTIC: [8] Undefined index: link a1bd7ed7f2b77394a93d421be485691c.php 第 57 行.
[ 2013-04-25T15:30:06+08:00 ] NOTIC: [8] Undefined index: intro a1bd7ed7f2b77394a93d421be485691c.php 第 58 行.
[ 2013-04-25T15:30:06+08:00 ] NOTIC: [8] Undefined index: link a1bd7ed7f2b77394a93d421be485691c.php 第 57 行.
[ 2013-04-25T15:30:06+08:00 ] NOTIC: [8] Undefined index: intro a1bd7ed7f2b77394a93d421be485691c.php 第 58 行.
[ 2013-04-25T15:30:06+08:00 ] NOTIC: [8] Undefined index: link a1bd7ed7f2b77394a93d421be485691c.php 第 57 行.
[ 2013-04-25T15:30:06+08:00 ] NOTIC: [8] Undefined index: intro a1bd7ed7f2b77394a93d421be485691c.php 第 58 行.
[ 2013-04-25T15:30:06+08:00 ] NOTIC: [8] Undefined variable: keyword a1bd7ed7f2b77394a93d421be485691c.php 第 171 行.
[ 2013-04-25T15:30:06+08:00 ] SQL: SHOW COLUMNS FROM `ch_article` [ RunTime:0.010458s ]
[ 2013-04-25T15:30:06+08:00 ] NOTIC: [8] Undefined index: _type Model.class.php 第 690 行.
[ 2013-04-25T15:30:06+08:00 ] SQL: SELECT `title` FROM `ch_article` WHERE ( `id` = '1' ) LIMIT 1   [ RunTime:0.002845s ]
[ 2013-04-25T15:30:06+08:00 ] SQL: SHOW COLUMNS FROM `ch_article` [ RunTime:0.001798s ]
[ 2013-04-25T15:30:06+08:00 ] NOTIC: [8] Undefined index: _type Model.class.php 第 690 行.
[ 2013-04-25T15:30:06+08:00 ] SQL: SELECT `title` FROM `ch_article` WHERE ( `id` = '1' ) LIMIT 1   [ RunTime:0.000170s ]
[ 2013-04-25T15:30:06+08:00 ] INFO: Run ParseTemplate Behavior [ RunTime:0.110176s ]
[ 2013-04-25T15:30:06+08:00 ] INFO: Tag[ view_parse ] --END-- [ RunTime:0.110240s ]
[ 2013-04-25T15:30:06+08:00 ] INFO: Tag[ view_filter ] --START--
[ 2013-04-25T15:30:06+08:00 ] INFO: Run ContentReplace Behavior [ RunTime:0.000322s ]
[ 2013-04-25T15:30:06+08:00 ] INFO: Run TokenBuild Behavior [ RunTime:0.039696s ]
[ 2013-04-25T15:30:06+08:00 ] INFO: Run WriteHtmlCache Behavior [ RunTime:0.000107s ]
[ 2013-04-25T15:30:06+08:00 ] INFO: Run ShowRuntime Behavior [ RunTime:0.000346s ]
[ 2013-04-25T15:30:06+08:00 ] INFO: Tag[ view_filter ] --END-- [ RunTime:0.040670s ]
[ 2013-04-25T15:30:06+08:00 ] INFO: Tag[ view_end ] --START--
[ 2013-04-25T15:30:06+08:00 ] INFO: Run ShowPageTrace Behavior [ RunTime:0.001603s ]
[ 2013-04-25T15:30:06+08:00 ] INFO: Tag[ view_end ] --END-- [ RunTime:0.001710s ]

------218.17.160.143 REQUEST_URI:/index.php?/Article/index/id/4------

------218.17.160.143 REQUEST_URI:/index.php?/Article/index/id/4------
[ 2013-04-25T15:31:01+08:00 ] NOTIC: [8] Undefined index: HTTP_X_REQUESTED_WITH App.class.php 第 50 行.
[ 2013-04-25T15:31:01+08:00 ] INFO: Tag[ app_begin ] --START--
[ 2013-04-25T15:31:01+08:00 ] INFO: Run ReadHtmlCache Behavior [ RunTime:0.000273s ]
[ 2013-04-25T15:31:01+08:00 ] INFO: Tag[ app_begin ] --END-- [ RunTime:0.000395s ]
[ 2013-04-25T15:31:01+08:00 ] SQL: SHOW COLUMNS FROM `ch_category` [ RunTime:0.001126s ]
[ 2013-04-25T15:31:01+08:00 ] SQL: SELECT * FROM `ch_category` WHERE pid=0 AND status=1 ORDER BY sort DESC  [ RunTime:0.000447s ]
[ 2013-04-25T15:31:01+08:00 ] SQL: SHOW COLUMNS FROM `ch_category` [ RunTime:0.000886s ]
[ 2013-04-25T15:31:01+08:00 ] SQL: SELECT * FROM `ch_category` WHERE pid=1 AND status=1  [ RunTime:0.000290s ]
[ 2013-04-25T15:31:01+08:00 ] SQL: SHOW COLUMNS FROM `ch_article` [ RunTime:0.000864s ]
[ 2013-04-25T15:31:01+08:00 ] SQL: SELECT * FROM `ch_article` WHERE status=1 ORDER BY apv DESC LIMIT 8   [ RunTime:0.001631s ]
[ 2013-04-25T15:31:01+08:00 ] SQL: SHOW COLUMNS FROM `ch_article` [ RunTime:0.001689s ]
[ 2013-04-25T15:31:01+08:00 ] SQL: SELECT * FROM `ch_article` WHERE status=1 ORDER BY add_time DESC LIMIT 8   [ RunTime:0.001151s ]
[ 2013-04-25T15:31:01+08:00 ] SQL: SHOW COLUMNS FROM `ch_message` [ RunTime:0.001185s ]
[ 2013-04-25T15:31:01+08:00 ] SQL: SELECT * FROM `ch_message` WHERE status=1 AND pid=0 AND aid=0 ORDER BY add_time DESC LIMIT 5   [ RunTime:0.000396s ]
[ 2013-04-25T15:31:01+08:00 ] NOTIC: [2] Invalid argument supplied for foreach() CommonAction.class.php 第 40 行.
[ 2013-04-25T15:31:01+08:00 ] SQL: SHOW COLUMNS FROM `ch_message` [ RunTime:0.000819s ]
[ 2013-04-25T15:31:01+08:00 ] SQL: SELECT * FROM `ch_message` WHERE status=1 AND pid=0 AND aid!=0 ORDER BY add_time DESC LIMIT 5   [ RunTime:0.000218s ]
[ 2013-04-25T15:31:01+08:00 ] SQL: SHOW COLUMNS FROM `ch_link` [ RunTime:0.002063s ]
[ 2013-04-25T15:31:01+08:00 ] SQL: SELECT * FROM `ch_link` WHERE status=1 ORDER BY sort DESC LIMIT 8   [ RunTime:0.000185s ]
[ 2013-04-25T15:31:01+08:00 ] SQL: SHOW COLUMNS FROM `ch_diary` [ RunTime:0.005851s ]
[ 2013-04-25T15:31:01+08:00 ] SQL: SELECT * FROM `ch_diary` WHERE status=1 ORDER BY add_time DESC LIMIT 5   [ RunTime:0.002909s ]
[ 2013-04-25T15:31:01+08:00 ] SQL: SHOW COLUMNS FROM `ch_article` [ RunTime:0.016143s ]
[ 2013-04-25T15:31:01+08:00 ] SQL: SELECT * FROM `ch_article` WHERE status=1 ORDER BY sort DESC LIMIT 8   [ RunTime:0.000152s ]
[ 2013-04-25T15:31:01+08:00 ] NOTIC: [2] Invalid argument supplied for foreach() IndexAction.class.php 第 15 行.
[ 2013-04-25T15:31:01+08:00 ] SQL: SHOW COLUMNS FROM `ch_photo` [ RunTime:0.000884s ]
[ 2013-04-25T15:31:01+08:00 ] SQL: SELECT * FROM `ch_photo` WHERE status=1  [ RunTime:0.000099s ]
[ 2013-04-25T15:31:01+08:00 ] SQL: SHOW COLUMNS FROM `ch_video` [ RunTime:0.000974s ]
[ 2013-04-25T15:31:01+08:00 ] NOTIC: [8] Undefined index: _type Model.class.php 第 690 行.
[ 2013-04-25T15:31:01+08:00 ] SQL: SELECT * FROM `ch_video` WHERE ( `id` = 1 ) LIMIT 1   [ RunTime:0.000428s ]
[ 2013-04-25T15:31:01+08:00 ] INFO: Tag[ view_template ] --START--
[ 2013-04-25T15:31:01+08:00 ] INFO: Run LocationTemplate Behavior [ RunTime:0.000178s ]
[ 2013-04-25T15:31:01+08:00 ] INFO: Tag[ view_template ] --END-- [ RunTime:0.000241s ]
[ 2013-04-25T15:31:01+08:00 ] INFO: Tag[ view_parse ] --START--
[ 2013-04-25T15:31:01+08:00 ] NOTIC: [8] Undefined index: link a1bd7ed7f2b77394a93d421be485691c.php 第 57 行.
[ 2013-04-25T15:31:01+08:00 ] NOTIC: [8] Undefined index: intro a1bd7ed7f2b77394a93d421be485691c.php 第 58 行.
[ 2013-04-25T15:31:01+08:00 ] NOTIC: [8] Undefined index: link a1bd7ed7f2b77394a93d421be485691c.php 第 57 行.
[ 2013-04-25T15:31:01+08:00 ] NOTIC: [8] Undefined index: intro a1bd7ed7f2b77394a93d421be485691c.php 第 58 行.
[ 2013-04-25T15:31:01+08:00 ] NOTIC: [8] Undefined index: link a1bd7ed7f2b77394a93d421be485691c.php 第 57 行.
[ 2013-04-25T15:31:01+08:00 ] NOTIC: [8] Undefined index: intro a1bd7ed7f2b77394a93d421be485691c.php 第 58 行.
[ 2013-04-25T15:31:01+08:00 ] NOTIC: [8] Undefined variable: keyword a1bd7ed7f2b77394a93d421be485691c.php 第 171 行.
[ 2013-04-25T15:31:01+08:00 ] SQL: SHOW COLUMNS FROM `ch_article` [ RunTime:0.002127s ]
[ 2013-04-25T15:31:01+08:00 ] NOTIC: [8] Undefined index: _type Model.class.php 第 690 行.
[ 2013-04-25T15:31:01+08:00 ] SQL: SELECT `title` FROM `ch_article` WHERE ( `id` = '1' ) LIMIT 1   [ RunTime:0.000181s ]
[ 2013-04-25T15:31:01+08:00 ] SQL: SHOW COLUMNS FROM `ch_article` [ RunTime:0.000992s ]
[ 2013-04-25T15:31:01+08:00 ] NOTIC: [8] Undefined index: _type Model.class.php 第 690 行.
[ 2013-04-25T15:31:01+08:00 ] SQL: SELECT `title` FROM `ch_article` WHERE ( `id` = '1' ) LIMIT 1   [ RunTime:0.017265s ]
[ 2013-04-25T15:31:01+08:00 ] INFO: Run ParseTemplate Behavior [ RunTime:0.086344s ]
[ 2013-04-25T15:31:01+08:00 ] INFO: Tag[ view_parse ] --END-- [ RunTime:0.086420s ]
[ 2013-04-25T15:31:01+08:00 ] INFO: Tag[ view_filter ] --START--
[ 2013-04-25T15:31:01+08:00 ] INFO: Run ContentReplace Behavior [ RunTime:0.001064s ]
[ 2013-04-25T15:31:01+08:00 ] INFO: Run TokenBuild Behavior [ RunTime:0.000298s ]
[ 2013-04-25T15:31:01+08:00 ] INFO: Run WriteHtmlCache Behavior [ RunTime:0.000108s ]
[ 2013-04-25T15:31:01+08:00 ] INFO: Run ShowRuntime Behavior [ RunTime:0.000284s ]
[ 2013-04-25T15:31:01+08:00 ] INFO: Tag[ view_filter ] --END-- [ RunTime:0.001977s ]
[ 2013-04-25T15:31:01+08:00 ] INFO: Tag[ view_end ] --START--
[ 2013-04-25T15:31:01+08:00 ] INFO: Run ShowPageTrace Behavior [ RunTime:0.000179s ]
[ 2013-04-25T15:31:01+08:00 ] INFO: Tag[ view_end ] --END-- [ RunTime:0.000247s ]

------218.17.160.143 REQUEST_URI:/index.php?/Article/index/id/4------

------218.17.160.143 REQUEST_URI:/index.php?/Article/index/id/4------
[ 2013-04-25T15:31:17+08:00 ] NOTIC: [8] Undefined index: HTTP_X_REQUESTED_WITH App.class.php 第 50 行.
[ 2013-04-25T15:31:17+08:00 ] INFO: Tag[ app_begin ] --START--
[ 2013-04-25T15:31:17+08:00 ] INFO: Run ReadHtmlCache Behavior [ RunTime:0.000322s ]
[ 2013-04-25T15:31:17+08:00 ] INFO: Tag[ app_begin ] --END-- [ RunTime:0.000576s ]
[ 2013-04-25T15:31:17+08:00 ] SQL: SHOW COLUMNS FROM `ch_category` [ RunTime:0.000938s ]
[ 2013-04-25T15:31:17+08:00 ] SQL: SELECT * FROM `ch_category` WHERE pid=0 AND status=1 ORDER BY sort DESC  [ RunTime:0.000190s ]
[ 2013-04-25T15:31:17+08:00 ] SQL: SHOW COLUMNS FROM `ch_category` [ RunTime:0.001222s ]
[ 2013-04-25T15:31:17+08:00 ] SQL: SELECT * FROM `ch_category` WHERE pid=1 AND status=1  [ RunTime:0.000189s ]
[ 2013-04-25T15:31:17+08:00 ] SQL: SHOW COLUMNS FROM `ch_article` [ RunTime:0.001072s ]
[ 2013-04-25T15:31:17+08:00 ] SQL: SELECT * FROM `ch_article` WHERE status=1 ORDER BY apv DESC LIMIT 8   [ RunTime:0.000417s ]
[ 2013-04-25T15:31:17+08:00 ] SQL: SHOW COLUMNS FROM `ch_article` [ RunTime:0.000951s ]
[ 2013-04-25T15:31:17+08:00 ] SQL: SELECT * FROM `ch_article` WHERE status=1 ORDER BY add_time DESC LIMIT 8   [ RunTime:0.000142s ]
[ 2013-04-25T15:31:17+08:00 ] SQL: SHOW COLUMNS FROM `ch_message` [ RunTime:0.000859s ]
[ 2013-04-25T15:31:17+08:00 ] SQL: SELECT * FROM `ch_message` WHERE status=1 AND pid=0 AND aid=0 ORDER BY add_time DESC LIMIT 5   [ RunTime:0.000969s ]
[ 2013-04-25T15:31:17+08:00 ] NOTIC: [2] Invalid argument supplied for foreach() CommonAction.class.php 第 40 行.
[ 2013-04-25T15:31:17+08:00 ] SQL: SHOW COLUMNS FROM `ch_message` [ RunTime:0.000940s ]
[ 2013-04-25T15:31:17+08:00 ] SQL: SELECT * FROM `ch_message` WHERE status=1 AND pid=0 AND aid!=0 ORDER BY add_time DESC LIMIT 5   [ RunTime:0.000142s ]
[ 2013-04-25T15:31:17+08:00 ] SQL: SHOW COLUMNS FROM `ch_link` [ RunTime:0.000871s ]
[ 2013-04-25T15:31:17+08:00 ] SQL: SELECT * FROM `ch_link` WHERE status=1 ORDER BY sort DESC LIMIT 8   [ RunTime:0.000362s ]
[ 2013-04-25T15:31:17+08:00 ] SQL: SHOW COLUMNS FROM `ch_diary` [ RunTime:0.001407s ]
[ 2013-04-25T15:31:17+08:00 ] SQL: SELECT * FROM `ch_diary` WHERE status=1 ORDER BY add_time DESC LIMIT 5   [ RunTime:0.000217s ]
[ 2013-04-25T15:31:17+08:00 ] SQL: SHOW COLUMNS FROM `ch_article` [ RunTime:0.000927s ]
[ 2013-04-25T15:31:17+08:00 ] SQL: SELECT * FROM `ch_article` WHERE status=1 ORDER BY sort DESC LIMIT 8   [ RunTime:0.000212s ]
[ 2013-04-25T15:31:17+08:00 ] NOTIC: [2] Invalid argument supplied for foreach() IndexAction.class.php 第 15 行.
[ 2013-04-25T15:31:17+08:00 ] SQL: SHOW COLUMNS FROM `ch_photo` [ RunTime:0.000807s ]
[ 2013-04-25T15:31:17+08:00 ] SQL: SELECT * FROM `ch_photo` WHERE status=1  [ RunTime:0.000184s ]
[ 2013-04-25T15:31:17+08:00 ] SQL: SHOW COLUMNS FROM `ch_video` [ RunTime:0.001403s ]
[ 2013-04-25T15:31:17+08:00 ] NOTIC: [8] Undefined index: _type Model.class.php 第 690 行.
[ 2013-04-25T15:31:17+08:00 ] SQL: SELECT * FROM `ch_video` WHERE ( `id` = 1 ) LIMIT 1   [ RunTime:0.001066s ]
[ 2013-04-25T15:31:17+08:00 ] INFO: Tag[ view_template ] --START--
[ 2013-04-25T15:31:17+08:00 ] INFO: Run LocationTemplate Behavior [ RunTime:0.000225s ]
[ 2013-04-25T15:31:17+08:00 ] INFO: Tag[ view_template ] --END-- [ RunTime:0.000290s ]
[ 2013-04-25T15:31:17+08:00 ] INFO: Tag[ view_parse ] --START--
[ 2013-04-25T15:31:17+08:00 ] NOTIC: [8] Undefined index: link a1bd7ed7f2b77394a93d421be485691c.php 第 57 行.
[ 2013-04-25T15:31:17+08:00 ] NOTIC: [8] Undefined index: intro a1bd7ed7f2b77394a93d421be485691c.php 第 58 行.
[ 2013-04-25T15:31:17+08:00 ] NOTIC: [8] Undefined index: link a1bd7ed7f2b77394a93d421be485691c.php 第 57 行.
[ 2013-04-25T15:31:17+08:00 ] NOTIC: [8] Undefined index: intro a1bd7ed7f2b77394a93d421be485691c.php 第 58 行.
[ 2013-04-25T15:31:17+08:00 ] NOTIC: [8] Undefined index: link a1bd7ed7f2b77394a93d421be485691c.php 第 57 行.
[ 2013-04-25T15:31:17+08:00 ] NOTIC: [8] Undefined index: intro a1bd7ed7f2b77394a93d421be485691c.php 第 58 行.
[ 2013-04-25T15:31:17+08:00 ] NOTIC: [8] Undefined variable: keyword a1bd7ed7f2b77394a93d421be485691c.php 第 171 行.
[ 2013-04-25T15:31:17+08:00 ] SQL: SHOW COLUMNS FROM `ch_article` [ RunTime:0.001515s ]
[ 2013-04-25T15:31:17+08:00 ] NOTIC: [8] Undefined index: _type Model.class.php 第 690 行.
[ 2013-04-25T15:31:17+08:00 ] SQL: SELECT `title` FROM `ch_article` WHERE ( `id` = '1' ) LIMIT 1   [ RunTime:0.000394s ]
[ 2013-04-25T15:31:17+08:00 ] SQL: SHOW COLUMNS FROM `ch_article` [ RunTime:0.001338s ]
[ 2013-04-25T15:31:17+08:00 ] NOTIC: [8] Undefined index: _type Model.class.php 第 690 行.
[ 2013-04-25T15:31:17+08:00 ] SQL: SELECT `title` FROM `ch_article` WHERE ( `id` = '1' ) LIMIT 1   [ RunTime:0.000183s ]
[ 2013-04-25T15:31:17+08:00 ] INFO: Run ParseTemplate Behavior [ RunTime:0.043202s ]
[ 2013-04-25T15:31:17+08:00 ] INFO: Tag[ view_parse ] --END-- [ RunTime:0.044185s ]
[ 2013-04-25T15:31:17+08:00 ] INFO: Tag[ view_filter ] --START--
[ 2013-04-25T15:31:17+08:00 ] INFO: Run ContentReplace Behavior [ RunTime:0.000337s ]
[ 2013-04-25T15:31:17+08:00 ] INFO: Run TokenBuild Behavior [ RunTime:0.000270s ]
[ 2013-04-25T15:31:17+08:00 ] INFO: Run WriteHtmlCache Behavior [ RunTime:0.000090s ]
[ 2013-04-25T15:31:17+08:00 ] INFO: Run ShowRuntime Behavior [ RunTime:0.000261s ]
[ 2013-04-25T15:31:17+08:00 ] INFO: Tag[ view_filter ] --END-- [ RunTime:0.001117s ]
[ 2013-04-25T15:31:17+08:00 ] INFO: Tag[ view_end ] --START--
[ 2013-04-25T15:31:17+08:00 ] INFO: Run ShowPageTrace Behavior [ RunTime:0.000316s ]
[ 2013-04-25T15:31:17+08:00 ] INFO: Tag[ view_end ] --END-- [ RunTime:0.000460s ]

------218.17.160.143 REQUEST_URI:/index.php?/Article/index/id/4------

------218.17.160.143 REQUEST_URI:/------
[ 2013-04-25T15:31:21+08:00 ] NOTIC: [8] Undefined index: HTTP_X_REQUESTED_WITH App.class.php 第 50 行.
[ 2013-04-25T15:31:21+08:00 ] INFO: Tag[ app_begin ] --START--
[ 2013-04-25T15:31:21+08:00 ] INFO: Run ReadHtmlCache Behavior [ RunTime:0.000125s ]
[ 2013-04-25T15:31:21+08:00 ] INFO: Tag[ app_begin ] --END-- [ RunTime:0.000193s ]
[ 2013-04-25T15:31:21+08:00 ] SQL: SHOW COLUMNS FROM `ch_category` [ RunTime:0.000913s ]
[ 2013-04-25T15:31:21+08:00 ] SQL: SELECT * FROM `ch_category` WHERE pid=0 AND status=1 ORDER BY sort DESC  [ RunTime:0.000500s ]
[ 2013-04-25T15:31:21+08:00 ] SQL: SHOW COLUMNS FROM `ch_category` [ RunTime:0.000792s ]
[ 2013-04-25T15:31:21+08:00 ] SQL: SELECT * FROM `ch_category` WHERE pid=1 AND status=1  [ RunTime:0.000332s ]
[ 2013-04-25T15:31:21+08:00 ] SQL: SHOW COLUMNS FROM `ch_article` [ RunTime:0.000947s ]
[ 2013-04-25T15:31:21+08:00 ] SQL: SELECT * FROM `ch_article` WHERE status=1 ORDER BY apv DESC LIMIT 8   [ RunTime:0.000148s ]
[ 2013-04-25T15:31:21+08:00 ] SQL: SHOW COLUMNS FROM `ch_article` [ RunTime:0.000881s ]
[ 2013-04-25T15:31:21+08:00 ] SQL: SELECT * FROM `ch_article` WHERE status=1 ORDER BY add_time DESC LIMIT 8   [ RunTime:0.000191s ]
[ 2013-04-25T15:31:21+08:00 ] SQL: SHOW COLUMNS FROM `ch_message` [ RunTime:0.000948s ]
[ 2013-04-25T15:31:21+08:00 ] SQL: SELECT * FROM `ch_message` WHERE status=1 AND pid=0 AND aid=0 ORDER BY add_time DESC LIMIT 5   [ RunTime:0.000158s ]
[ 2013-04-25T15:31:21+08:00 ] NOTIC: [2] Invalid argument supplied for foreach() CommonAction.class.php 第 40 行.
[ 2013-04-25T15:31:21+08:00 ] SQL: SHOW COLUMNS FROM `ch_message` [ RunTime:0.001043s ]
[ 2013-04-25T15:31:21+08:00 ] SQL: SELECT * FROM `ch_message` WHERE status=1 AND pid=0 AND aid!=0 ORDER BY add_time DESC LIMIT 5   [ RunTime:0.001220s ]
[ 2013-04-25T15:31:21+08:00 ] SQL: SHOW COLUMNS FROM `ch_link` [ RunTime:0.000756s ]
[ 2013-04-25T15:31:21+08:00 ] SQL: SELECT * FROM `ch_link` WHERE status=1 ORDER BY sort DESC LIMIT 8   [ RunTime:0.000149s ]
[ 2013-04-25T15:31:21+08:00 ] SQL: SHOW COLUMNS FROM `ch_diary` [ RunTime:0.000663s ]
[ 2013-04-25T15:31:21+08:00 ] SQL: SELECT * FROM `ch_diary` WHERE status=1 ORDER BY add_time DESC LIMIT 5   [ RunTime:0.000148s ]
[ 2013-04-25T15:31:21+08:00 ] SQL: SHOW COLUMNS FROM `ch_article` [ RunTime:0.001292s ]
[ 2013-04-25T15:31:21+08:00 ] SQL: SELECT * FROM `ch_article` WHERE status=1 ORDER BY sort DESC LIMIT 8   [ RunTime:0.000189s ]
[ 2013-04-25T15:31:21+08:00 ] NOTIC: [2] Invalid argument supplied for foreach() IndexAction.class.php 第 15 行.
[ 2013-04-25T15:31:21+08:00 ] SQL: SHOW COLUMNS FROM `ch_photo` [ RunTime:0.000885s ]
[ 2013-04-25T15:31:21+08:00 ] SQL: SELECT * FROM `ch_photo` WHERE status=1  [ RunTime:0.000318s ]
[ 2013-04-25T15:31:21+08:00 ] SQL: SHOW COLUMNS FROM `ch_video` [ RunTime:0.000951s ]
[ 2013-04-25T15:31:21+08:00 ] NOTIC: [8] Undefined index: _type Model.class.php 第 690 行.
[ 2013-04-25T15:31:21+08:00 ] SQL: SELECT * FROM `ch_video` WHERE ( `id` = 1 ) LIMIT 1   [ RunTime:0.000536s ]
[ 2013-04-25T15:31:21+08:00 ] INFO: Tag[ view_template ] --START--
[ 2013-04-25T15:31:21+08:00 ] INFO: Run LocationTemplate Behavior [ RunTime:0.000134s ]
[ 2013-04-25T15:31:21+08:00 ] INFO: Tag[ view_template ] --END-- [ RunTime:0.000191s ]
[ 2013-04-25T15:31:21+08:00 ] INFO: Tag[ view_parse ] --START--
[ 2013-04-25T15:31:21+08:00 ] NOTIC: [8] Undefined index: link a1bd7ed7f2b77394a93d421be485691c.php 第 57 行.
[ 2013-04-25T15:31:21+08:00 ] NOTIC: [8] Undefined index: intro a1bd7ed7f2b77394a93d421be485691c.php 第 58 行.
[ 2013-04-25T15:31:21+08:00 ] NOTIC: [8] Undefined index: link a1bd7ed7f2b77394a93d421be485691c.php 第 57 行.
[ 2013-04-25T15:31:21+08:00 ] NOTIC: [8] Undefined index: intro a1bd7ed7f2b77394a93d421be485691c.php 第 58 行.
[ 2013-04-25T15:31:21+08:00 ] NOTIC: [8] Undefined index: link a1bd7ed7f2b77394a93d421be485691c.php 第 57 行.
[ 2013-04-25T15:31:21+08:00 ] NOTIC: [8] Undefined index: intro a1bd7ed7f2b77394a93d421be485691c.php 第 58 行.
[ 2013-04-25T15:31:21+08:00 ] NOTIC: [8] Undefined variable: keyword a1bd7ed7f2b77394a93d421be485691c.php 第 171 行.
[ 2013-04-25T15:31:21+08:00 ] SQL: SHOW COLUMNS FROM `ch_article` [ RunTime:0.001045s ]
[ 2013-04-25T15:31:21+08:00 ] NOTIC: [8] Undefined index: _type Model.class.php 第 690 行.
[ 2013-04-25T15:31:21+08:00 ] SQL: SELECT `title` FROM `ch_article` WHERE ( `id` = '1' ) LIMIT 1   [ RunTime:0.000099s ]
[ 2013-04-25T15:31:21+08:00 ] SQL: SHOW COLUMNS FROM `ch_article` [ RunTime:0.000901s ]
[ 2013-04-25T15:31:21+08:00 ] NOTIC: [8] Undefined index: _type Model.class.php 第 690 行.
[ 2013-04-25T15:31:21+08:00 ] SQL: SELECT `title` FROM `ch_article` WHERE ( `id` = '1' ) LIMIT 1   [ RunTime:0.000221s ]
[ 2013-04-25T15:31:21+08:00 ] INFO: Run ParseTemplate Behavior [ RunTime:0.035543s ]
[ 2013-04-25T15:31:21+08:00 ] INFO: Tag[ view_parse ] --END-- [ RunTime:0.035606s ]
[ 2013-04-25T15:31:21+08:00 ] INFO: Tag[ view_filter ] --START--
[ 2013-04-25T15:31:21+08:00 ] INFO: Run ContentReplace Behavior [ RunTime:0.000312s ]
[ 2013-04-25T15:31:21+08:00 ] INFO: Run TokenBuild Behavior [ RunTime:0.000217s ]
[ 2013-04-25T15:31:21+08:00 ] INFO: Run WriteHtmlCache Behavior [ RunTime:0.000070s ]
[ 2013-04-25T15:31:21+08:00 ] INFO: Run ShowRuntime Behavior [ RunTime:0.000224s ]
[ 2013-04-25T15:31:21+08:00 ] INFO: Tag[ view_filter ] --END-- [ RunTime:0.000971s ]
[ 2013-04-25T15:31:21+08:00 ] INFO: Tag[ view_end ] --START--
[ 2013-04-25T15:31:21+08:00 ] INFO: Run ShowPageTrace Behavior [ RunTime:0.000098s ]
[ 2013-04-25T15:31:21+08:00 ] INFO: Tag[ view_end ] --END-- [ RunTime:0.000159s ]

------218.17.160.143 REQUEST_URI:/------

------218.17.160.143 REQUEST_URI:/------
[ 2013-04-25T15:33:51+08:00 ] NOTIC: [8] Undefined index: HTTP_X_REQUESTED_WITH App.class.php 第 50 行.
[ 2013-04-25T15:33:51+08:00 ] INFO: Tag[ app_begin ] --START--
[ 2013-04-25T15:33:51+08:00 ] INFO: Run ReadHtmlCache Behavior [ RunTime:0.000381s ]
[ 2013-04-25T15:33:51+08:00 ] INFO: Tag[ app_begin ] --END-- [ RunTime:0.000544s ]
[ 2013-04-25T15:33:51+08:00 ] SQL: SHOW COLUMNS FROM `ch_category` [ RunTime:0.000944s ]
[ 2013-04-25T15:33:51+08:00 ] SQL: SELECT * FROM `ch_category` WHERE pid=0 AND status=1 ORDER BY sort DESC  [ RunTime:0.000392s ]
[ 2013-04-25T15:33:51+08:00 ] SQL: SHOW COLUMNS FROM `ch_category` [ RunTime:0.001130s ]
[ 2013-04-25T15:33:51+08:00 ] SQL: SELECT * FROM `ch_category` WHERE pid=4 AND status=1  [ RunTime:0.000357s ]
[ 2013-04-25T15:33:51+08:00 ] NOTIC: [2] Invalid argument supplied for foreach() CommonAction.class.php 第 14 行.
[ 2013-04-25T15:33:51+08:00 ] SQL: SHOW COLUMNS FROM `ch_category` [ RunTime:0.000762s ]
[ 2013-04-25T15:33:51+08:00 ] SQL: SELECT * FROM `ch_category` WHERE pid=1 AND status=1  [ RunTime:0.000348s ]
[ 2013-04-25T15:33:51+08:00 ] SQL: SHOW COLUMNS FROM `ch_article` [ RunTime:0.000933s ]
[ 2013-04-25T15:33:51+08:00 ] SQL: SELECT * FROM `ch_article` WHERE status=1 ORDER BY apv DESC LIMIT 8   [ RunTime:0.000286s ]
[ 2013-04-25T15:33:51+08:00 ] SQL: SHOW COLUMNS FROM `ch_article` [ RunTime:0.001116s ]
[ 2013-04-25T15:33:51+08:00 ] SQL: SELECT * FROM `ch_article` WHERE status=1 ORDER BY add_time DESC LIMIT 8   [ RunTime:0.000223s ]
[ 2013-04-25T15:33:51+08:00 ] SQL: SHOW COLUMNS FROM `ch_message` [ RunTime:0.000799s ]
[ 2013-04-25T15:33:51+08:00 ] SQL: SELECT * FROM `ch_message` WHERE status=1 AND pid=0 AND aid=0 ORDER BY add_time DESC LIMIT 5   [ RunTime:0.000293s ]
[ 2013-04-25T15:33:51+08:00 ] NOTIC: [2] Invalid argument supplied for foreach() CommonAction.class.php 第 40 行.
[ 2013-04-25T15:33:51+08:00 ] SQL: SHOW COLUMNS FROM `ch_message` [ RunTime:0.000949s ]
[ 2013-04-25T15:33:51+08:00 ] SQL: SELECT * FROM `ch_message` WHERE status=1 AND pid=0 AND aid!=0 ORDER BY add_time DESC LIMIT 5   [ RunTime:0.000210s ]
[ 2013-04-25T15:33:51+08:00 ] SQL: SHOW COLUMNS FROM `ch_link` [ RunTime:0.000898s ]
[ 2013-04-25T15:33:51+08:00 ] SQL: SELECT * FROM `ch_link` WHERE status=1 ORDER BY sort DESC LIMIT 8   [ RunTime:0.000159s ]
[ 2013-04-25T15:33:51+08:00 ] SQL: SHOW COLUMNS FROM `ch_diary` [ RunTime:0.004435s ]
[ 2013-04-25T15:33:51+08:00 ] SQL: SELECT * FROM `ch_diary` WHERE status=1 ORDER BY add_time DESC LIMIT 5   [ RunTime:0.000128s ]
[ 2013-04-25T15:33:51+08:00 ] SQL: SHOW COLUMNS FROM `ch_article` [ RunTime:0.001066s ]
[ 2013-04-25T15:33:51+08:00 ] SQL: SELECT * FROM `ch_article` WHERE status=1 ORDER BY sort DESC LIMIT 8   [ RunTime:0.000163s ]
[ 2013-04-25T15:33:51+08:00 ] NOTIC: [2] Invalid argument supplied for foreach() IndexAction.class.php 第 15 行.
[ 2013-04-25T15:33:51+08:00 ] SQL: SHOW COLUMNS FROM `ch_photo` [ RunTime:0.001173s ]
[ 2013-04-25T15:33:51+08:00 ] SQL: SELECT * FROM `ch_photo` WHERE status=1  [ RunTime:0.000107s ]
[ 2013-04-25T15:33:51+08:00 ] SQL: SHOW COLUMNS FROM `ch_video` [ RunTime:0.000984s ]
[ 2013-04-25T15:33:51+08:00 ] NOTIC: [8] Undefined index: _type Model.class.php 第 690 行.
[ 2013-04-25T15:33:51+08:00 ] SQL: SELECT * FROM `ch_video` WHERE ( `id` = 1 ) LIMIT 1   [ RunTime:0.000190s ]
[ 2013-04-25T15:33:51+08:00 ] INFO: Tag[ view_template ] --START--
[ 2013-04-25T15:33:51+08:00 ] INFO: Run LocationTemplate Behavior [ RunTime:0.000157s ]
[ 2013-04-25T15:33:51+08:00 ] INFO: Tag[ view_template ] --END-- [ RunTime:0.000222s ]
[ 2013-04-25T15:33:51+08:00 ] INFO: Tag[ view_parse ] --START--
[ 2013-04-25T15:33:51+08:00 ] NOTIC: [8] Undefined index: link a1bd7ed7f2b77394a93d421be485691c.php 第 57 行.
[ 2013-04-25T15:33:51+08:00 ] NOTIC: [8] Undefined index: intro a1bd7ed7f2b77394a93d421be485691c.php 第 58 行.
[ 2013-04-25T15:33:51+08:00 ] NOTIC: [8] Undefined index: link a1bd7ed7f2b77394a93d421be485691c.php 第 57 行.
[ 2013-04-25T15:33:51+08:00 ] NOTIC: [8] Undefined index: intro a1bd7ed7f2b77394a93d421be485691c.php 第 58 行.
[ 2013-04-25T15:33:51+08:00 ] NOTIC: [8] Undefined index: link a1bd7ed7f2b77394a93d421be485691c.php 第 57 行.
[ 2013-04-25T15:33:51+08:00 ] NOTIC: [8] Undefined index: intro a1bd7ed7f2b77394a93d421be485691c.php 第 58 行.
[ 2013-04-25T15:33:51+08:00 ] NOTIC: [8] Undefined variable: keyword a1bd7ed7f2b77394a93d421be485691c.php 第 171 行.
[ 2013-04-25T15:33:51+08:00 ] SQL: SHOW COLUMNS FROM `ch_article` [ RunTime:0.001166s ]
[ 2013-04-25T15:33:51+08:00 ] NOTIC: [8] Undefined index: _type Model.class.php 第 690 行.
[ 2013-04-25T15:33:51+08:00 ] SQL: SELECT `title` FROM `ch_article` WHERE ( `id` = '1' ) LIMIT 1   [ RunTime:0.000214s ]
[ 2013-04-25T15:33:51+08:00 ] SQL: SHOW COLUMNS FROM `ch_article` [ RunTime:0.001849s ]
[ 2013-04-25T15:33:51+08:00 ] NOTIC: [8] Undefined index: _type Model.class.php 第 690 行.
[ 2013-04-25T15:33:51+08:00 ] SQL: SELECT `title` FROM `ch_article` WHERE ( `id` = '1' ) LIMIT 1   [ RunTime:0.000219s ]
[ 2013-04-25T15:33:51+08:00 ] INFO: Run ParseTemplate Behavior [ RunTime:0.038660s ]
[ 2013-04-25T15:33:51+08:00 ] INFO: Tag[ view_parse ] --END-- [ RunTime:0.038810s ]
[ 2013-04-25T15:33:51+08:00 ] INFO: Tag[ view_filter ] --START--
[ 2013-04-25T15:33:51+08:00 ] INFO: Run ContentReplace Behavior [ RunTime:0.000369s ]
[ 2013-04-25T15:33:51+08:00 ] INFO: Run TokenBuild Behavior [ RunTime:0.000267s ]
[ 2013-04-25T15:33:51+08:00 ] INFO: Run WriteHtmlCache Behavior [ RunTime:0.000085s ]
[ 2013-04-25T15:33:51+08:00 ] INFO: Run ShowRuntime Behavior [ RunTime:0.000337s ]
[ 2013-04-25T15:33:51+08:00 ] INFO: Tag[ view_filter ] --END-- [ RunTime:0.001222s ]
[ 2013-04-25T15:33:51+08:00 ] INFO: Tag[ view_end ] --START--
[ 2013-04-25T15:33:51+08:00 ] INFO: Run ShowPageTrace Behavior [ RunTime:0.000161s ]
[ 2013-04-25T15:33:51+08:00 ] INFO: Tag[ view_end ] --END-- [ RunTime:0.000266s ]

------218.17.160.143 REQUEST_URI:/------

