------210.83.232.226 REQUEST_URI:/------
[ 2013-04-26T10:45:41+08:00 ] NOTIC: [8] Undefined index: HTTP_X_REQUESTED_WITH App.class.php 第 50 行.
[ 2013-04-26T10:45:42+08:00 ] INFO: Tag[ app_begin ] --START--
[ 2013-04-26T10:45:42+08:00 ] INFO: Run ReadHtmlCache Behavior [ RunTime:0.196733s ]
[ 2013-04-26T10:45:42+08:00 ] INFO: Tag[ app_begin ] --END-- [ RunTime:0.196904s ]
[ 2013-04-26T10:45:44+08:00 ] SQL: SHOW COLUMNS FROM `ch_category` [ RunTime:0.005755s ]
[ 2013-04-26T10:45:44+08:00 ] SQL: SELECT * FROM `ch_category` WHERE pid=0 AND status=1 ORDER BY sort DESC  [ RunTime:0.000575s ]
[ 2013-04-26T10:45:44+08:00 ] SQL: SHOW COLUMNS FROM `ch_category` [ RunTime:0.191060s ]
[ 2013-04-26T10:45:44+08:00 ] SQL: SELECT * FROM `ch_category` WHERE pid=1 AND status=1  [ RunTime:0.005185s ]
[ 2013-04-26T10:45:44+08:00 ] NOTIC: [2] Invalid argument supplied for foreach() CommonAction.class.php 第 14 行.
[ 2013-04-26T10:45:44+08:00 ] SQL: SHOW COLUMNS FROM `ch_category` [ RunTime:0.000844s ]
[ 2013-04-26T10:45:44+08:00 ] SQL: SELECT * FROM `ch_category` WHERE pid=2 AND status=1  [ RunTime:0.000276s ]
[ 2013-04-26T10:45:44+08:00 ] NOTIC: [2] Invalid argument supplied for foreach() CommonAction.class.php 第 14 行.
[ 2013-04-26T10:45:44+08:00 ] SQL: SHOW COLUMNS FROM `ch_category` [ RunTime:0.036057s ]
[ 2013-04-26T10:45:44+08:00 ] SQL: SELECT * FROM `ch_category` WHERE pid=3 AND status=1  [ RunTime:0.024228s ]
[ 2013-04-26T10:45:44+08:00 ] NOTIC: [2] Invalid argument supplied for foreach() CommonAction.class.php 第 14 行.
[ 2013-04-26T10:45:44+08:00 ] SQL: SHOW COLUMNS FROM `ch_category` [ RunTime:0.020892s ]
[ 2013-04-26T10:45:44+08:00 ] SQL: SELECT * FROM `ch_category` WHERE pid=4 AND status=1  [ RunTime:0.000926s ]
[ 2013-04-26T10:45:44+08:00 ] NOTIC: [2] Invalid argument supplied for foreach() CommonAction.class.php 第 14 行.
[ 2013-04-26T10:45:44+08:00 ] SQL: SHOW COLUMNS FROM `ch_category` [ RunTime:0.000940s ]
[ 2013-04-26T10:45:44+08:00 ] SQL: SELECT * FROM `ch_category` WHERE pid=5 AND status=1  [ RunTime:0.000267s ]
[ 2013-04-26T10:45:44+08:00 ] NOTIC: [2] Invalid argument supplied for foreach() CommonAction.class.php 第 14 行.
[ 2013-04-26T10:45:44+08:00 ] SQL: SHOW COLUMNS FROM `ch_category` [ RunTime:0.000895s ]
[ 2013-04-26T10:45:44+08:00 ] SQL: SELECT * FROM `ch_category` WHERE pid=6 AND status=1  [ RunTime:0.000271s ]
[ 2013-04-26T10:45:44+08:00 ] NOTIC: [2] Invalid argument supplied for foreach() CommonAction.class.php 第 14 行.
[ 2013-04-26T10:45:45+08:00 ] SQL: SHOW COLUMNS FROM `ch_category` [ RunTime:0.010534s ]
[ 2013-04-26T10:45:45+08:00 ] SQL: SELECT * FROM `ch_category` WHERE pid=7 AND status=1  [ RunTime:0.004319s ]
[ 2013-04-26T10:45:45+08:00 ] NOTIC: [2] Invalid argument supplied for foreach() CommonAction.class.php 第 14 行.
[ 2013-04-26T10:45:45+08:00 ] SQL: SHOW COLUMNS FROM `ch_category` [ RunTime:0.000996s ]
[ 2013-04-26T10:45:45+08:00 ] SQL: SELECT * FROM `ch_category` WHERE pid=8 AND status=1  [ RunTime:0.000277s ]
[ 2013-04-26T10:45:45+08:00 ] NOTIC: [2] Invalid argument supplied for foreach() CommonAction.class.php 第 14 行.
[ 2013-04-26T10:45:45+08:00 ] SQL: SHOW COLUMNS FROM `ch_category` [ RunTime:0.004751s ]
[ 2013-04-26T10:45:45+08:00 ] SQL: SELECT * FROM `ch_category` WHERE pid=9 AND status=1  [ RunTime:0.000361s ]
[ 2013-04-26T10:45:45+08:00 ] NOTIC: [2] Invalid argument supplied for foreach() CommonAction.class.php 第 14 行.
[ 2013-04-26T10:45:45+08:00 ] SQL: SHOW COLUMNS FROM `ch_category` [ RunTime:0.006462s ]
[ 2013-04-26T10:45:45+08:00 ] SQL: SELECT * FROM `ch_category` WHERE pid=10 AND status=1  [ RunTime:0.000486s ]
[ 2013-04-26T10:45:45+08:00 ] NOTIC: [2] Invalid argument supplied for foreach() CommonAction.class.php 第 14 行.
[ 2013-04-26T10:45:45+08:00 ] SQL: SHOW COLUMNS FROM `ch_article` [ RunTime:0.004577s ]
[ 2013-04-26T10:45:45+08:00 ] SQL: SELECT * FROM `ch_article` WHERE status=1 ORDER BY apv DESC LIMIT 8   [ RunTime:0.026579s ]
[ 2013-04-26T10:45:45+08:00 ] SQL: SHOW COLUMNS FROM `ch_article` [ RunTime:0.052935s ]
[ 2013-04-26T10:45:45+08:00 ] SQL: SELECT * FROM `ch_article` WHERE status=1 ORDER BY add_time DESC LIMIT 8   [ RunTime:0.027697s ]
[ 2013-04-26T10:45:45+08:00 ] SQL: SHOW COLUMNS FROM `ch_message` [ RunTime:0.002489s ]
[ 2013-04-26T10:45:45+08:00 ] SQL: SELECT * FROM `ch_message` WHERE status=1 AND pid=0 AND aid=0 ORDER BY add_time DESC LIMIT 5   [ RunTime:0.000325s ]
[ 2013-04-26T10:45:45+08:00 ] NOTIC: [2] Invalid argument supplied for foreach() CommonAction.class.php 第 40 行.
[ 2013-04-26T10:45:45+08:00 ] SQL: SHOW COLUMNS FROM `ch_message` [ RunTime:0.001730s ]
[ 2013-04-26T10:45:45+08:00 ] SQL: SELECT * FROM `ch_message` WHERE status=1 AND pid=0 AND aid!=0 ORDER BY add_time DESC LIMIT 5   [ RunTime:0.001497s ]
[ 2013-04-26T10:45:45+08:00 ] SQL: SHOW COLUMNS FROM `ch_link` [ RunTime:0.003577s ]
[ 2013-04-26T10:45:45+08:00 ] SQL: SELECT * FROM `ch_link` WHERE status=1 ORDER BY sort DESC LIMIT 8   [ RunTime:0.003081s ]
[ 2013-04-26T10:45:45+08:00 ] SQL: SHOW COLUMNS FROM `ch_diary` [ RunTime:0.000806s ]
[ 2013-04-26T10:45:45+08:00 ] SQL: SELECT * FROM `ch_diary` WHERE status=1 ORDER BY add_time DESC LIMIT 5   [ RunTime:0.000093s ]
[ 2013-04-26T10:45:45+08:00 ] SQL: SHOW COLUMNS FROM `ch_article` [ RunTime:0.001200s ]
[ 2013-04-26T10:45:45+08:00 ] SQL: SELECT * FROM `ch_article` WHERE status=1 ORDER BY sort DESC LIMIT 8   [ RunTime:0.023058s ]
[ 2013-04-26T10:45:45+08:00 ] NOTIC: [2] Invalid argument supplied for foreach() IndexAction.class.php 第 15 行.
[ 2013-04-26T10:45:45+08:00 ] SQL: SHOW COLUMNS FROM `ch_photo` [ RunTime:0.000918s ]
[ 2013-04-26T10:45:45+08:00 ] SQL: SELECT * FROM `ch_photo` WHERE status=1  [ RunTime:0.000170s ]
[ 2013-04-26T10:45:46+08:00 ] SQL: SHOW COLUMNS FROM `ch_photo` [ RunTime:0.007937s ]
[ 2013-04-26T10:45:46+08:00 ] SQL: SELECT `id`,`img`,`title` FROM `ch_photo` WHERE status=1 and img!='' ORDER BY id desc LIMIT 10   [ RunTime:0.007242s ]
[ 2013-04-26T10:45:46+08:00 ] SQL: SHOW COLUMNS FROM `ch_video` [ RunTime:0.001409s ]
[ 2013-04-26T10:45:46+08:00 ] NOTIC: [8] Undefined index: _type Model.class.php 第 690 行.
[ 2013-04-26T10:45:46+08:00 ] SQL: SELECT * FROM `ch_video` WHERE ( `id` = 1 ) LIMIT 1   [ RunTime:0.000223s ]
[ 2013-04-26T10:45:46+08:00 ] INFO: Tag[ view_template ] --START--
[ 2013-04-26T10:45:46+08:00 ] INFO: Run LocationTemplate Behavior [ RunTime:0.020926s ]
[ 2013-04-26T10:45:46+08:00 ] INFO: Tag[ view_template ] --END-- [ RunTime:0.021188s ]
[ 2013-04-26T10:45:46+08:00 ] INFO: Tag[ view_parse ] --START--
[ 2013-04-26T10:45:48+08:00 ] NOTIC: [8] Undefined index: link a1bd7ed7f2b77394a93d421be485691c.php 第 57 行.
[ 2013-04-26T10:45:48+08:00 ] NOTIC: [8] Undefined index: intro a1bd7ed7f2b77394a93d421be485691c.php 第 58 行.
[ 2013-04-26T10:45:48+08:00 ] NOTIC: [8] Undefined index: link a1bd7ed7f2b77394a93d421be485691c.php 第 57 行.
[ 2013-04-26T10:45:48+08:00 ] NOTIC: [8] Undefined index: intro a1bd7ed7f2b77394a93d421be485691c.php 第 58 行.
[ 2013-04-26T10:45:48+08:00 ] NOTIC: [8] Undefined index: link a1bd7ed7f2b77394a93d421be485691c.php 第 57 行.
[ 2013-04-26T10:45:48+08:00 ] NOTIC: [8] Undefined index: intro a1bd7ed7f2b77394a93d421be485691c.php 第 58 行.
[ 2013-04-26T10:45:48+08:00 ] NOTIC: [8] Undefined variable: keyword a1bd7ed7f2b77394a93d421be485691c.php 第 171 行.
[ 2013-04-26T10:45:48+08:00 ] SQL: SHOW COLUMNS FROM `ch_article` [ RunTime:0.005997s ]
[ 2013-04-26T10:45:48+08:00 ] NOTIC: [8] Undefined index: _type Model.class.php 第 690 行.
[ 2013-04-26T10:45:48+08:00 ] SQL: SELECT `title` FROM `ch_article` WHERE ( `id` = '1' ) LIMIT 1   [ RunTime:0.024780s ]
[ 2013-04-26T10:45:48+08:00 ] SQL: SHOW COLUMNS FROM `ch_article` [ RunTime:0.049146s ]
[ 2013-04-26T10:45:48+08:00 ] NOTIC: [8] Undefined index: _type Model.class.php 第 690 行.
[ 2013-04-26T10:45:48+08:00 ] SQL: SELECT `title` FROM `ch_article` WHERE ( `id` = '1' ) LIMIT 1   [ RunTime:0.000181s ]
[ 2013-04-26T10:45:48+08:00 ] INFO: Run ParseTemplate Behavior [ RunTime:1.938688s ]
[ 2013-04-26T10:45:48+08:00 ] INFO: Tag[ view_parse ] --END-- [ RunTime:1.938757s ]
[ 2013-04-26T10:45:48+08:00 ] INFO: Tag[ view_filter ] --START--
[ 2013-04-26T10:45:48+08:00 ] INFO: Run ContentReplace Behavior [ RunTime:0.000557s ]
[ 2013-04-26T10:45:48+08:00 ] INFO: Run TokenBuild Behavior [ RunTime:0.097862s ]
[ 2013-04-26T10:45:48+08:00 ] INFO: Run WriteHtmlCache Behavior [ RunTime:0.000199s ]
[ 2013-04-26T10:45:48+08:00 ] INFO: Run ShowRuntime Behavior [ RunTime:0.034167s ]
[ 2013-04-26T10:45:48+08:00 ] INFO: Tag[ view_filter ] --END-- [ RunTime:0.133029s ]
[ 2013-04-26T10:45:48+08:00 ] INFO: Tag[ view_end ] --START--
[ 2013-04-26T10:45:48+08:00 ] INFO: Run ShowPageTrace Behavior [ RunTime:0.000219s ]
[ 2013-04-26T10:45:48+08:00 ] INFO: Tag[ view_end ] --END-- [ RunTime:0.000366s ]

------210.83.232.226 REQUEST_URI:/------

------210.83.232.226 REQUEST_URI:/------
[ 2013-04-26T16:58:34+08:00 ] NOTIC: [8] Undefined index: HTTP_X_REQUESTED_WITH App.class.php 第 50 行.
[ 2013-04-26T16:58:34+08:00 ] INFO: Tag[ app_begin ] --START--
[ 2013-04-26T16:58:34+08:00 ] INFO: Run ReadHtmlCache Behavior [ RunTime:0.030098s ]
[ 2013-04-26T16:58:34+08:00 ] INFO: Tag[ app_begin ] --END-- [ RunTime:0.030259s ]
[ 2013-04-26T16:58:35+08:00 ] SQL: SHOW COLUMNS FROM `ch_category` [ RunTime:0.116112s ]
[ 2013-04-26T16:58:35+08:00 ] SQL: SELECT * FROM `ch_category` WHERE pid=0 AND status=1 ORDER BY sort DESC  [ RunTime:0.001150s ]
[ 2013-04-26T16:58:35+08:00 ] SQL: SHOW COLUMNS FROM `ch_category` [ RunTime:0.000976s ]
[ 2013-04-26T16:58:35+08:00 ] SQL: SELECT * FROM `ch_category` WHERE pid=1 AND status=1  [ RunTime:0.001200s ]
[ 2013-04-26T16:58:35+08:00 ] NOTIC: [2] Invalid argument supplied for foreach() CommonAction.class.php 第 14 行.
[ 2013-04-26T16:58:35+08:00 ] SQL: SHOW COLUMNS FROM `ch_category` [ RunTime:0.060076s ]
[ 2013-04-26T16:58:35+08:00 ] SQL: SELECT * FROM `ch_category` WHERE pid=2 AND status=1  [ RunTime:0.000389s ]
[ 2013-04-26T16:58:35+08:00 ] NOTIC: [2] Invalid argument supplied for foreach() CommonAction.class.php 第 14 行.
[ 2013-04-26T16:58:35+08:00 ] SQL: SHOW COLUMNS FROM `ch_category` [ RunTime:0.001364s ]
[ 2013-04-26T16:58:35+08:00 ] SQL: SELECT * FROM `ch_category` WHERE pid=3 AND status=1  [ RunTime:0.000829s ]
[ 2013-04-26T16:58:35+08:00 ] NOTIC: [2] Invalid argument supplied for foreach() CommonAction.class.php 第 14 行.
[ 2013-04-26T16:58:35+08:00 ] SQL: SHOW COLUMNS FROM `ch_category` [ RunTime:0.001287s ]
[ 2013-04-26T16:58:35+08:00 ] SQL: SELECT * FROM `ch_category` WHERE pid=4 AND status=1  [ RunTime:0.001039s ]
[ 2013-04-26T16:58:35+08:00 ] NOTIC: [2] Invalid argument supplied for foreach() CommonAction.class.php 第 14 行.
[ 2013-04-26T16:58:35+08:00 ] SQL: SHOW COLUMNS FROM `ch_category` [ RunTime:0.002452s ]
[ 2013-04-26T16:58:35+08:00 ] SQL: SELECT * FROM `ch_category` WHERE pid=5 AND status=1  [ RunTime:0.002731s ]
[ 2013-04-26T16:58:35+08:00 ] NOTIC: [2] Invalid argument supplied for foreach() CommonAction.class.php 第 14 行.
[ 2013-04-26T16:58:35+08:00 ] SQL: SHOW COLUMNS FROM `ch_category` [ RunTime:0.002058s ]
[ 2013-04-26T16:58:35+08:00 ] SQL: SELECT * FROM `ch_category` WHERE pid=6 AND status=1  [ RunTime:0.000169s ]
[ 2013-04-26T16:58:35+08:00 ] NOTIC: [2] Invalid argument supplied for foreach() CommonAction.class.php 第 14 行.
[ 2013-04-26T16:58:35+08:00 ] SQL: SHOW COLUMNS FROM `ch_category` [ RunTime:0.000828s ]
[ 2013-04-26T16:58:35+08:00 ] SQL: SELECT * FROM `ch_category` WHERE pid=7 AND status=1  [ RunTime:0.000295s ]
[ 2013-04-26T16:58:35+08:00 ] NOTIC: [2] Invalid argument supplied for foreach() CommonAction.class.php 第 14 行.
[ 2013-04-26T16:58:35+08:00 ] SQL: SHOW COLUMNS FROM `ch_category` [ RunTime:0.000822s ]
[ 2013-04-26T16:58:35+08:00 ] SQL: SELECT * FROM `ch_category` WHERE pid=8 AND status=1  [ RunTime:0.000150s ]
[ 2013-04-26T16:58:35+08:00 ] NOTIC: [2] Invalid argument supplied for foreach() CommonAction.class.php 第 14 行.
[ 2013-04-26T16:58:35+08:00 ] SQL: SHOW COLUMNS FROM `ch_category` [ RunTime:0.025025s ]
[ 2013-04-26T16:58:35+08:00 ] SQL: SELECT * FROM `ch_category` WHERE pid=9 AND status=1  [ RunTime:0.000097s ]
[ 2013-04-26T16:58:35+08:00 ] NOTIC: [2] Invalid argument supplied for foreach() CommonAction.class.php 第 14 行.
[ 2013-04-26T16:58:35+08:00 ] SQL: SHOW COLUMNS FROM `ch_category` [ RunTime:0.000971s ]
[ 2013-04-26T16:58:35+08:00 ] SQL: SELECT * FROM `ch_category` WHERE pid=10 AND status=1  [ RunTime:0.000089s ]
[ 2013-04-26T16:58:35+08:00 ] NOTIC: [2] Invalid argument supplied for foreach() CommonAction.class.php 第 14 行.
[ 2013-04-26T16:58:35+08:00 ] SQL: SHOW COLUMNS FROM `ch_article` [ RunTime:0.001056s ]
[ 2013-04-26T16:58:35+08:00 ] SQL: SELECT * FROM `ch_article` WHERE status=1 ORDER BY apv DESC LIMIT 8   [ RunTime:0.000088s ]
[ 2013-04-26T16:58:35+08:00 ] SQL: SHOW COLUMNS FROM `ch_article` [ RunTime:0.001616s ]
[ 2013-04-26T16:58:35+08:00 ] SQL: SELECT * FROM `ch_article` WHERE status=1 ORDER BY add_time DESC LIMIT 8   [ RunTime:0.000133s ]
[ 2013-04-26T16:58:35+08:00 ] SQL: SHOW COLUMNS FROM `ch_message` [ RunTime:0.000850s ]
[ 2013-04-26T16:58:35+08:00 ] SQL: SELECT * FROM `ch_message` WHERE status=1 AND pid=0 AND aid=0 ORDER BY add_time DESC LIMIT 5   [ RunTime:0.000093s ]
[ 2013-04-26T16:58:35+08:00 ] NOTIC: [2] Invalid argument supplied for foreach() CommonAction.class.php 第 40 行.
[ 2013-04-26T16:58:35+08:00 ] SQL: SHOW COLUMNS FROM `ch_message` [ RunTime:0.002776s ]
[ 2013-04-26T16:58:35+08:00 ] SQL: SELECT * FROM `ch_message` WHERE status=1 AND pid=0 AND aid!=0 ORDER BY add_time DESC LIMIT 5   [ RunTime:0.000210s ]
[ 2013-04-26T16:58:35+08:00 ] SQL: SHOW COLUMNS FROM `ch_link` [ RunTime:0.000659s ]
[ 2013-04-26T16:58:35+08:00 ] SQL: SELECT * FROM `ch_link` WHERE status=1 ORDER BY sort DESC LIMIT 8   [ RunTime:0.000078s ]
[ 2013-04-26T16:58:35+08:00 ] SQL: SHOW COLUMNS FROM `ch_diary` [ RunTime:0.000603s ]
[ 2013-04-26T16:58:35+08:00 ] SQL: SELECT * FROM `ch_diary` WHERE status=1 ORDER BY add_time DESC LIMIT 5   [ RunTime:0.000078s ]
[ 2013-04-26T16:58:35+08:00 ] SQL: SHOW COLUMNS FROM `ch_article` [ RunTime:0.016474s ]
[ 2013-04-26T16:58:35+08:00 ] SQL: SELECT * FROM `ch_article` WHERE status=1 ORDER BY sort DESC LIMIT 8   [ RunTime:0.000196s ]
[ 2013-04-26T16:58:35+08:00 ] NOTIC: [2] Invalid argument supplied for foreach() IndexAction.class.php 第 15 行.
[ 2013-04-26T16:58:35+08:00 ] SQL: SHOW COLUMNS FROM `ch_photo` [ RunTime:0.001169s ]
[ 2013-04-26T16:58:35+08:00 ] SQL: SELECT * FROM `ch_photo` WHERE status=1  [ RunTime:0.001643s ]
[ 2013-04-26T16:58:35+08:00 ] SQL: SHOW COLUMNS FROM `ch_photo` [ RunTime:0.000940s ]
[ 2013-04-26T16:58:35+08:00 ] SQL: SELECT `id`,`img`,`title` FROM `ch_photo` WHERE status=1 and img!='' ORDER BY id desc LIMIT 10   [ RunTime:0.000086s ]
[ 2013-04-26T16:58:35+08:00 ] SQL: SHOW COLUMNS FROM `ch_video` [ RunTime:0.000900s ]
[ 2013-04-26T16:58:35+08:00 ] NOTIC: [8] Undefined index: _type Model.class.php 第 690 行.
[ 2013-04-26T16:58:35+08:00 ] SQL: SELECT * FROM `ch_video` WHERE ( `id` = 1 ) LIMIT 1   [ RunTime:0.000097s ]
[ 2013-04-26T16:58:35+08:00 ] INFO: Tag[ view_template ] --START--
[ 2013-04-26T16:58:35+08:00 ] INFO: Run LocationTemplate Behavior [ RunTime:0.019805s ]
[ 2013-04-26T16:58:35+08:00 ] INFO: Tag[ view_template ] --END-- [ RunTime:0.019941s ]
[ 2013-04-26T16:58:35+08:00 ] INFO: Tag[ view_parse ] --START--
[ 2013-04-26T16:58:38+08:00 ] NOTIC: [8] Undefined index: link a1bd7ed7f2b77394a93d421be485691c.php 第 57 行.
[ 2013-04-26T16:58:38+08:00 ] NOTIC: [8] Undefined index: intro a1bd7ed7f2b77394a93d421be485691c.php 第 58 行.
[ 2013-04-26T16:58:38+08:00 ] NOTIC: [8] Undefined index: link a1bd7ed7f2b77394a93d421be485691c.php 第 57 行.
[ 2013-04-26T16:58:38+08:00 ] NOTIC: [8] Undefined index: intro a1bd7ed7f2b77394a93d421be485691c.php 第 58 行.
[ 2013-04-26T16:58:38+08:00 ] NOTIC: [8] Undefined index: link a1bd7ed7f2b77394a93d421be485691c.php 第 57 行.
[ 2013-04-26T16:58:38+08:00 ] NOTIC: [8] Undefined index: intro a1bd7ed7f2b77394a93d421be485691c.php 第 58 行.
[ 2013-04-26T16:58:38+08:00 ] NOTIC: [8] Undefined variable: keyword a1bd7ed7f2b77394a93d421be485691c.php 第 171 行.
[ 2013-04-26T16:58:38+08:00 ] SQL: SHOW COLUMNS FROM `ch_article` [ RunTime:0.001396s ]
[ 2013-04-26T16:58:38+08:00 ] NOTIC: [8] Undefined index: _type Model.class.php 第 690 行.
[ 2013-04-26T16:58:38+08:00 ] SQL: SELECT `title` FROM `ch_article` WHERE ( `id` = '1' ) LIMIT 1   [ RunTime:0.000191s ]
[ 2013-04-26T16:58:38+08:00 ] SQL: SHOW COLUMNS FROM `ch_article` [ RunTime:0.000937s ]
[ 2013-04-26T16:58:38+08:00 ] NOTIC: [8] Undefined index: _type Model.class.php 第 690 行.
[ 2013-04-26T16:58:38+08:00 ] SQL: SELECT `title` FROM `ch_article` WHERE ( `id` = '1' ) LIMIT 1   [ RunTime:0.000173s ]
[ 2013-04-26T16:58:38+08:00 ] INFO: Run ParseTemplate Behavior [ RunTime:2.674514s ]
[ 2013-04-26T16:58:38+08:00 ] INFO: Tag[ view_parse ] --END-- [ RunTime:2.674625s ]
[ 2013-04-26T16:58:38+08:00 ] INFO: Tag[ view_filter ] --START--
[ 2013-04-26T16:58:38+08:00 ] INFO: Run ContentReplace Behavior [ RunTime:0.016370s ]
[ 2013-04-26T16:58:38+08:00 ] INFO: Run TokenBuild Behavior [ RunTime:0.011397s ]
[ 2013-04-26T16:58:38+08:00 ] INFO: Run WriteHtmlCache Behavior [ RunTime:0.004980s ]
[ 2013-04-26T16:58:38+08:00 ] INFO: Run ShowRuntime Behavior [ RunTime:0.002263s ]
[ 2013-04-26T16:58:38+08:00 ] INFO: Tag[ view_filter ] --END-- [ RunTime:0.035271s ]
[ 2013-04-26T16:58:38+08:00 ] INFO: Tag[ view_end ] --START--
[ 2013-04-26T16:58:38+08:00 ] INFO: Run ShowPageTrace Behavior [ RunTime:0.003185s ]
[ 2013-04-26T16:58:38+08:00 ] INFO: Tag[ view_end ] --END-- [ RunTime:0.003294s ]

------210.83.232.226 REQUEST_URI:/------

